[25/Aug/2025:15:10:40 +0300] 0:0:0:0:0:0:0:1 "POST /api/order/stripe-client-secret HTTP/1.1" 401 146 375592 ms
[25/Aug/2025:15:10:48 +0300] 0:0:0:0:0:0:0:1 "POST /api/auth/signin HTTP/1.1" 200 78 1318745 ms
[25/Aug/2025:15:10:56 +0300] 0:0:0:0:0:0:0:1 "POST /api/order/stripe-client-secret HTTP/1.1" 201 60 3545452 ms
[25/Aug/2025:16:07:20 +0300] 0:0:0:0:0:0:0:1 "GET /api/public/products?undefined HTTP/1.1" 200 1716 3066259 ms
[25/Aug/2025:16:07:20 +0300] 0:0:0:0:0:0:0:1 "GET /images/7217fa9e-a5ee-453c-8771-c339405aac81.png HTTP/1.1" 304 - 71540 ms
[25/Aug/2025:16:07:20 +0300] 0:0:0:0:0:0:0:1 "GET /images/59208c14-6454-492c-9ab8-d0e81c109be1.jpg HTTP/1.1" 304 - 71485 ms
[25/Aug/2025:16:07:20 +0300] 0:0:0:0:0:0:0:1 "GET /images/default.png HTTP/1.1" 401 121 156003 ms
[25/Aug/2025:16:07:44 +0300] 0:0:0:0:0:0:0:1 "GET /api/users/addresses HTTP/1.1" 401 135 6750 ms
[25/Aug/2025:16:07:44 +0300] 0:0:0:0:0:0:0:1 "GET /api/users/addresses HTTP/1.1" 401 135 6154 ms
[25/Aug/2025:16:07:50 +0300] 0:0:0:0:0:0:0:1 "GET /api/public/products?undefined HTTP/1.1" 200 1716 48341 ms
[25/Aug/2025:16:07:50 +0300] 0:0:0:0:0:0:0:1 "GET /api/public/products?undefined HTTP/1.1" 200 1716 31779 ms
[25/Aug/2025:16:07:50 +0300] 0:0:0:0:0:0:0:1 "GET /images/default.png HTTP/1.1" 401 121 20017 ms
[25/Aug/2025:16:08:28 +0300] 0:0:0:0:0:0:0:1 "GET /api/public/products?undefined HTTP/1.1" 200 1716 73392 ms
[25/Aug/2025:16:08:29 +0300] 0:0:0:0:0:0:0:1 "GET /images/default.png HTTP/1.1" 401 121 18255 ms
[25/Aug/2025:16:08:40 +0300] 0:0:0:0:0:0:0:1 "OPTIONS /api/auth/signin HTTP/1.1" 200 - 41424 ms
[25/Aug/2025:16:08:41 +0300] 0:0:0:0:0:0:0:1 "POST /api/auth/signin HTTP/1.1" 200 78 894614 ms
[25/Aug/2025:16:08:41 +0300] 0:0:0:0:0:0:0:1 "GET /images/default.png HTTP/1.1" 401 121 10425 ms
[25/Aug/2025:16:08:41 +0300] 0:0:0:0:0:0:0:1 "GET /api/public/products?undefined HTTP/1.1" 200 1716 202643 ms
[25/Aug/2025:16:08:41 +0300] 0:0:0:0:0:0:0:1 "GET /api/public/products?undefined HTTP/1.1" 200 1716 87654 ms
[25/Aug/2025:16:08:42 +0300] 0:0:0:0:0:0:0:1 "GET /images/default.png HTTP/1.1" 401 121 12787 ms
[25/Aug/2025:16:08:47 +0300] 0:0:0:0:0:0:0:1 "GET /images/http://localhost:8080/images/59208c14-6454-492c-9ab8-d0e81c109be1.jpg HTTP/1.1" 401 121 8201 ms
[25/Aug/2025:16:09:01 +0300] 0:0:0:0:0:0:0:1 "GET /api/users/addresses HTTP/1.1" 200 3166 87433 ms
[25/Aug/2025:16:09:01 +0300] 0:0:0:0:0:0:0:1 "GET /api/users/addresses HTTP/1.1" 200 3166 39288 ms
[25/Aug/2025:16:09:03 +0300] 0:0:0:0:0:0:0:1 "OPTIONS /api/cart/create HTTP/1.1" 200 - 3619 ms
[25/Aug/2025:16:09:03 +0300] 0:0:0:0:0:0:0:1 "OPTIONS /api/cart/create HTTP/1.1" 200 - 2920 ms
[25/Aug/2025:16:09:04 +0300] 0:0:0:0:0:0:0:1 "POST /api/cart/create HTTP/1.1" 201 25 210045 ms
[25/Aug/2025:16:09:04 +0300] 0:0:0:0:0:0:0:1 "POST /api/cart/create HTTP/1.1" 201 25 236800 ms
[25/Aug/2025:16:09:04 +0300] 0:0:0:0:0:0:0:1 "GET /api/carts/users/cart HTTP/1.1" 200 414 85680 ms
[25/Aug/2025:16:09:04 +0300] 0:0:0:0:0:0:0:1 "GET /api/carts/users/cart HTTP/1.1" 200 414 42469 ms
[25/Aug/2025:16:09:45 +0300] 0:0:0:0:0:0:0:1 "GET /api/users/addresses HTTP/1.1" 200 3166 2122821 ms
[25/Aug/2025:16:10:00 +0300] 0:0:0:0:0:0:0:1 "GET /api/users/addresses HTTP/1.1" 200 3166 83642 ms
[25/Aug/2025:16:10:04 +0300] 0:0:0:0:0:0:0:1 "POST /api/cart/create HTTP/1.1" 201 25 109662 ms
[25/Aug/2025:16:10:04 +0300] 0:0:0:0:0:0:0:1 "POST /api/cart/create HTTP/1.1" 201 25 144121 ms
[25/Aug/2025:16:10:04 +0300] 0:0:0:0:0:0:0:1 "GET /api/carts/users/cart HTTP/1.1" 200 414 44536 ms
[25/Aug/2025:16:10:04 +0300] 0:0:0:0:0:0:0:1 "GET /api/carts/users/cart HTTP/1.1" 200 414 41126 ms
[25/Aug/2025:16:11:15 +0300] 0:0:0:0:0:0:0:1 "GET /api/users/addresses HTTP/1.1" 200 3166 135401 ms
[25/Aug/2025:16:12:53 +0300] 0:0:0:0:0:0:0:1 "GET /api/users/addresses HTTP/1.1" 200 3166 399587 ms
[25/Aug/2025:16:13:05 +0300] 0:0:0:0:0:0:0:1 "GET /api/users/addresses HTTP/1.1" 200 3166 121698 ms
[25/Aug/2025:16:13:11 +0300] 0:0:0:0:0:0:0:1 "POST /api/cart/create HTTP/1.1" 201 25 816430 ms
[25/Aug/2025:16:13:12 +0300] 0:0:0:0:0:0:0:1 "POST /api/cart/create HTTP/1.1" 201 25 1055353 ms
[25/Aug/2025:16:13:12 +0300] 0:0:0:0:0:0:0:1 "GET /api/carts/users/cart HTTP/1.1" 200 414 212024 ms
[25/Aug/2025:16:13:12 +0300] 0:0:0:0:0:0:0:1 "GET /api/carts/users/cart HTTP/1.1" 200 414 73363 ms
[25/Aug/2025:16:13:42 +0300] 0:0:0:0:0:0:0:1 "GET /api/users/addresses HTTP/1.1" 200 3166 565923 ms
[25/Aug/2025:16:14:30 +0300] 0:0:0:0:0:0:0:1 "GET /api/users/addresses HTTP/1.1" 200 3166 222597 ms
[25/Aug/2025:16:14:32 +0300] 0:0:0:0:0:0:0:1 "POST /api/cart/create HTTP/1.1" 201 25 193217 ms
[25/Aug/2025:16:14:32 +0300] 0:0:0:0:0:0:0:1 "POST /api/cart/create HTTP/1.1" 201 25 250473 ms
[25/Aug/2025:16:14:32 +0300] 0:0:0:0:0:0:0:1 "GET /api/carts/users/cart HTTP/1.1" 200 414 87146 ms
[25/Aug/2025:16:14:32 +0300] 0:0:0:0:0:0:0:1 "GET /api/carts/users/cart HTTP/1.1" 200 414 69666 ms
[25/Aug/2025:16:14:34 +0300] 0:0:0:0:0:0:0:1 "OPTIONS /api/order/stripe-client-secret HTTP/1.1" 200 - 26945 ms
[25/Aug/2025:16:14:34 +0300] 0:0:0:0:0:0:0:1 "OPTIONS /api/order/stripe-client-secret HTTP/1.1" 200 - 117486 ms
[25/Aug/2025:16:14:38 +0300] 0:0:0:0:0:0:0:1 "POST /api/order/stripe-client-secret HTTP/1.1" 201 60 3687661 ms
[25/Aug/2025:16:14:38 +0300] 0:0:0:0:0:0:0:1 "POST /api/order/stripe-client-secret HTTP/1.1" 201 60 3791502 ms
[25/Aug/2025:16:17:37 +0300] 0:0:0:0:0:0:0:1 "GET /api/public/products?undefined HTTP/1.1" 200 1716 5857143 ms
[25/Aug/2025:16:17:38 +0300] 0:0:0:0:0:0:0:1 "GET /images/default.png HTTP/1.1" 401 121 233456 ms
[25/Aug/2025:16:17:41 +0300] 0:0:0:0:0:0:0:1 "GET /api/users/addresses HTTP/1.1" 200 3166 58008 ms
[25/Aug/2025:16:17:41 +0300] 0:0:0:0:0:0:0:1 "GET /api/users/addresses HTTP/1.1" 200 3166 71523 ms
[25/Aug/2025:16:17:43 +0300] 0:0:0:0:0:0:0:1 "POST /api/cart/create HTTP/1.1" 201 25 118541 ms
[25/Aug/2025:16:17:43 +0300] 0:0:0:0:0:0:0:1 "POST /api/cart/create HTTP/1.1" 201 25 139591 ms
[25/Aug/2025:16:17:43 +0300] 0:0:0:0:0:0:0:1 "GET /api/carts/users/cart HTTP/1.1" 200 414 44833 ms
[25/Aug/2025:16:17:43 +0300] 0:0:0:0:0:0:0:1 "GET /api/carts/users/cart HTTP/1.1" 200 414 34664 ms
[25/Aug/2025:16:17:48 +0300] 0:0:0:0:0:0:0:1 "POST /api/order/stripe-client-secret HTTP/1.1" 201 60 715225 ms
[25/Aug/2025:16:17:48 +0300] 0:0:0:0:0:0:0:1 "POST /api/order/stripe-client-secret HTTP/1.1" 201 60 715621 ms
[25/Aug/2025:16:19:42 +0300] 0:0:0:0:0:0:0:1 "GET /api/users/addresses HTTP/1.1" 200 3166 614460 ms
[25/Aug/2025:16:19:45 +0300] 0:0:0:0:0:0:0:1 "POST /api/cart/create HTTP/1.1" 201 25 250714 ms
[25/Aug/2025:16:19:45 +0300] 0:0:0:0:0:0:0:1 "POST /api/cart/create HTTP/1.1" 201 25 288590 ms
[25/Aug/2025:16:19:45 +0300] 0:0:0:0:0:0:0:1 "GET /api/carts/users/cart HTTP/1.1" 200 414 83271 ms
[25/Aug/2025:16:19:45 +0300] 0:0:0:0:0:0:0:1 "GET /api/carts/users/cart HTTP/1.1" 200 414 179593 ms
[25/Aug/2025:16:19:48 +0300] 0:0:0:0:0:0:0:1 "POST /api/order/stripe-client-secret HTTP/1.1" 201 60 669934 ms
[25/Aug/2025:16:19:48 +0300] 0:0:0:0:0:0:0:1 "POST /api/order/stripe-client-secret HTTP/1.1" 201 60 670242 ms
[25/Aug/2025:16:20:55 +0300] 0:0:0:0:0:0:0:1 "GET /api/users/addresses HTTP/1.1" 200 3166 138798 ms
[25/Aug/2025:16:24:59 +0300] 0:0:0:0:0:0:0:1 "POST /api/cart/create HTTP/1.1" 201 25 452305 ms
[25/Aug/2025:16:24:59 +0300] 0:0:0:0:0:0:0:1 "POST /api/cart/create HTTP/1.1" 201 25 464155 ms
[25/Aug/2025:16:24:59 +0300] 0:0:0:0:0:0:0:1 "GET /api/carts/users/cart HTTP/1.1" 200 414 60347 ms
[25/Aug/2025:16:24:59 +0300] 0:0:0:0:0:0:0:1 "GET /api/carts/users/cart HTTP/1.1" 200 414 53957 ms
[25/Aug/2025:16:25:33 +0300] 0:0:0:0:0:0:0:1 "GET /api/users/addresses HTTP/1.1" 200 3166 35651 ms
[25/Aug/2025:16:25:36 +0300] 0:0:0:0:0:0:0:1 "POST /api/cart/create HTTP/1.1" 201 25 59678 ms
[25/Aug/2025:16:25:36 +0300] 0:0:0:0:0:0:0:1 "POST /api/cart/create HTTP/1.1" 201 25 87790 ms
[25/Aug/2025:16:25:36 +0300] 0:0:0:0:0:0:0:1 "GET /api/carts/users/cart HTTP/1.1" 200 414 34330 ms
[25/Aug/2025:16:25:36 +0300] 0:0:0:0:0:0:0:1 "GET /api/carts/users/cart HTTP/1.1" 200 414 36899 ms
[25/Aug/2025:16:25:50 +0300] 0:0:0:0:0:0:0:1 "GET /api/users/addresses HTTP/1.1" 200 3166 51327 ms
[25/Aug/2025:16:25:57 +0300] 0:0:0:0:0:0:0:1 "POST /api/order/stripe-client-secret HTTP/1.1" 201 60 2596357 ms
[25/Aug/2025:16:25:57 +0300] 0:0:0:0:0:0:0:1 "POST /api/order/stripe-client-secret HTTP/1.1" 201 60 2599812 ms
[25/Aug/2025:18:20:11 +0300] 0:0:0:0:0:0:0:1 "POST /api/auth/signin HTTP/1.1" 200 78 1634528 ms
[25/Aug/2025:18:24:37 +0300] 0:0:0:0:0:0:0:1 "GET /api/public/products?undefined HTTP/1.1" 200 1716 11817350 ms
[25/Aug/2025:18:24:37 +0300] 0:0:0:0:0:0:0:1 "GET /images/7217fa9e-a5ee-453c-8771-c339405aac81.png HTTP/1.1" 304 - 81801 ms
[25/Aug/2025:18:24:37 +0300] 0:0:0:0:0:0:0:1 "GET /images/59208c14-6454-492c-9ab8-d0e81c109be1.jpg HTTP/1.1" 304 - 90473 ms
[25/Aug/2025:18:24:37 +0300] 0:0:0:0:0:0:0:1 "GET /images/default.png HTTP/1.1" 401 121 209102 ms
[25/Aug/2025:18:25:31 +0300] 0:0:0:0:0:0:0:1 "GET /api/public/products?undefined HTTP/1.1" 200 1716 57255 ms
[25/Aug/2025:18:25:31 +0300] 0:0:0:0:0:0:0:1 "GET /images/default.png HTTP/1.1" 401 121 36912 ms
[25/Aug/2025:18:25:36 +0300] 0:0:0:0:0:0:0:1 "GET /api/public/products?undefined HTTP/1.1" 200 1716 351918 ms
[25/Aug/2025:18:25:36 +0300] 0:0:0:0:0:0:0:1 "GET /images/default.png HTTP/1.1" 401 121 16833 ms
[25/Aug/2025:18:26:16 +0300] 0:0:0:0:0:0:0:1 "OPTIONS /api/auth/signin HTTP/1.1" 200 - 145298 ms
[25/Aug/2025:18:26:16 +0300] 0:0:0:0:0:0:0:1 "POST /api/auth/signin HTTP/1.1" 200 78 173634 ms
[25/Aug/2025:18:26:16 +0300] 0:0:0:0:0:0:0:1 "GET /images/default.png HTTP/1.1" 401 121 19707 ms
[25/Aug/2025:18:26:16 +0300] 0:0:0:0:0:0:0:1 "GET /api/public/products?undefined HTTP/1.1" 200 1716 108660 ms
[25/Aug/2025:18:26:16 +0300] 0:0:0:0:0:0:0:1 "GET /api/public/products?undefined HTTP/1.1" 200 1716 41105 ms
[25/Aug/2025:18:26:17 +0300] 0:0:0:0:0:0:0:1 "GET /images/default.png HTTP/1.1" 401 121 9352 ms
[25/Aug/2025:18:26:56 +0300] 0:0:0:0:0:0:0:1 "GET /images/http://localhost:8080/images/59208c14-6454-492c-9ab8-d0e81c109be1.jpg HTTP/1.1" 401 121 18735 ms
[25/Aug/2025:18:26:58 +0300] 0:0:0:0:0:0:0:1 "GET /api/users/addresses HTTP/1.1" 200 3166 140862 ms
[25/Aug/2025:18:26:58 +0300] 0:0:0:0:0:0:0:1 "GET /api/users/addresses HTTP/1.1" 200 3166 39175 ms
[25/Aug/2025:18:27:00 +0300] 0:0:0:0:0:0:0:1 "OPTIONS /api/cart/create HTTP/1.1" 200 - 3823 ms
[25/Aug/2025:18:27:00 +0300] 0:0:0:0:0:0:0:1 "OPTIONS /api/cart/create HTTP/1.1" 200 - 3835 ms
[25/Aug/2025:18:27:01 +0300] 0:0:0:0:0:0:0:1 "POST /api/cart/create HTTP/1.1" 201 25 421259 ms
[25/Aug/2025:18:27:01 +0300] 0:0:0:0:0:0:0:1 "POST /api/cart/create HTTP/1.1" 201 25 442848 ms
[25/Aug/2025:18:27:01 +0300] 0:0:0:0:0:0:0:1 "GET /api/carts/users/cart HTTP/1.1" 200 414 63028 ms
[25/Aug/2025:18:27:01 +0300] 0:0:0:0:0:0:0:1 "GET /api/carts/users/cart HTTP/1.1" 200 414 47041 ms
[25/Aug/2025:18:27:07 +0300] 0:0:0:0:0:0:0:1 "OPTIONS /api/order/stripe-client-secret HTTP/1.1" 200 - 3051 ms
[25/Aug/2025:18:27:07 +0300] 0:0:0:0:0:0:0:1 "OPTIONS /api/order/stripe-client-secret HTTP/1.1" 200 - 3914 ms
[25/Aug/2025:18:27:08 +0300] 0:0:0:0:0:0:0:1 "POST /api/order/stripe-client-secret HTTP/1.1" 201 60 1408308 ms
[25/Aug/2025:18:27:08 +0300] 0:0:0:0:0:0:0:1 "POST /api/order/stripe-client-secret HTTP/1.1" 201 60 1408959 ms
[25/Aug/2025:18:29:37 +0300] 0:0:0:0:0:0:0:1 "POST /api/order/users/payments/online HTTP/1.1" 401 121 9312003 ms
[25/Aug/2025:18:29:47 +0300] 0:0:0:0:0:0:0:1 "GET /api/public/products?undefined HTTP/1.1" 200 1716 1790716 ms
[25/Aug/2025:18:29:47 +0300] 0:0:0:0:0:0:0:1 "GET /api/public/products?undefined HTTP/1.1" 200 1716 202081 ms
[25/Aug/2025:18:29:51 +0300] 0:0:0:0:0:0:0:1 "GET /images/default.png HTTP/1.1" 401 121 2819614 ms
[25/Aug/2025:18:50:47 +0300] 0:0:0:0:0:0:0:1 "GET /api/users/addresses HTTP/1.1" 200 3166 912727 ms
[25/Aug/2025:18:50:47 +0300] 0:0:0:0:0:0:0:1 "GET /api/users/addresses HTTP/1.1" 200 3166 49848 ms
[25/Aug/2025:18:50:58 +0300] 0:0:0:0:0:0:0:1 "POST /api/cart/create HTTP/1.1" 201 25 2161711 ms
[25/Aug/2025:18:50:58 +0300] 0:0:0:0:0:0:0:1 "POST /api/cart/create HTTP/1.1" 201 25 2194674 ms
[25/Aug/2025:18:50:58 +0300] 0:0:0:0:0:0:0:1 "GET /api/carts/users/cart HTTP/1.1" 200 414 63145 ms
[25/Aug/2025:18:50:58 +0300] 0:0:0:0:0:0:0:1 "GET /api/carts/users/cart HTTP/1.1" 200 414 40460 ms
[25/Aug/2025:18:51:25 +0300] 0:0:0:0:0:0:0:1 "POST /api/order/stripe-client-secret HTTP/1.1" 201 60 1014882 ms
[25/Aug/2025:18:51:25 +0300] 0:0:0:0:0:0:0:1 "POST /api/order/stripe-client-secret HTTP/1.1" 201 60 1296004 ms
[25/Aug/2025:18:54:50 +0300] 0:0:0:0:0:0:0:1 "GET /api/public/products?undefined HTTP/1.1" 200 1716 8669617 ms
[25/Aug/2025:18:54:51 +0300] 0:0:0:0:0:0:0:1 "GET /images/default.png HTTP/1.1" 401 121 222797 ms
[25/Aug/2025:18:55:18 +0300] 0:0:0:0:0:0:0:1 "GET /api/public/products?undefined HTTP/1.1" 200 1716 104042 ms
[25/Aug/2025:18:55:19 +0300] 0:0:0:0:0:0:0:1 "GET /images/default.png HTTP/1.1" 401 121 22558 ms
[25/Aug/2025:18:55:30 +0300] 0:0:0:0:0:0:0:1 "POST /api/auth/signin HTTP/1.1" 200 78 198908 ms
[25/Aug/2025:18:55:30 +0300] 0:0:0:0:0:0:0:1 "GET /images/default.png HTTP/1.1" 401 121 11967 ms
[25/Aug/2025:18:55:30 +0300] 0:0:0:0:0:0:0:1 "GET /api/public/products?undefined HTTP/1.1" 200 1716 58362 ms
[25/Aug/2025:18:55:30 +0300] 0:0:0:0:0:0:0:1 "GET /api/public/products?undefined HTTP/1.1" 200 1716 52653 ms
[25/Aug/2025:18:55:31 +0300] 0:0:0:0:0:0:0:1 "GET /images/default.png HTTP/1.1" 401 121 6616 ms
[25/Aug/2025:18:55:45 +0300] 0:0:0:0:0:0:0:1 "GET /images/http://localhost:8080/images/59208c14-6454-492c-9ab8-d0e81c109be1.jpg HTTP/1.1" 401 121 6268 ms
[25/Aug/2025:18:55:48 +0300] 0:0:0:0:0:0:0:1 "GET /api/users/addresses HTTP/1.1" 200 3166 54739 ms
[25/Aug/2025:18:55:48 +0300] 0:0:0:0:0:0:0:1 "GET /api/users/addresses HTTP/1.1" 200 3166 51979 ms
[25/Aug/2025:21:29:36 +0300] 0:0:0:0:0:0:0:1 "GET /api/users/addresses HTTP/1.1" 401 135 1388929 ms
[25/Aug/2025:21:29:40 +0300] 0:0:0:0:0:0:0:1 "GET /api/users/addresses HTTP/1.1" 401 135 18101 ms
[25/Aug/2025:21:29:44 +0300] 0:0:0:0:0:0:0:1 "GET /api/users/addresses HTTP/1.1" 401 135 409480 ms
[25/Aug/2025:21:30:03 +0300] 0:0:0:0:0:0:0:1 "GET /api/users/addresses HTTP/1.1" 401 135 11952 ms
[25/Aug/2025:21:33:16 +0300] 0:0:0:0:0:0:0:1 "GET /api/public/products?undefined HTTP/1.1" 200 1716 6092074 ms
[25/Aug/2025:21:33:16 +0300] 0:0:0:0:0:0:0:1 "GET /images/59208c14-6454-492c-9ab8-d0e81c109be1.jpg HTTP/1.1" 304 - 113867 ms
[25/Aug/2025:21:33:16 +0300] 0:0:0:0:0:0:0:1 "GET /images/7217fa9e-a5ee-453c-8771-c339405aac81.png HTTP/1.1" 304 - 109148 ms
[25/Aug/2025:21:33:16 +0300] 0:0:0:0:0:0:0:1 "GET /images/default.png HTTP/1.1" 401 121 277320 ms
[25/Aug/2025:21:33:39 +0300] 0:0:0:0:0:0:0:1 "GET /api/public/products?undefined HTTP/1.1" 200 1716 58943 ms
[25/Aug/2025:21:33:40 +0300] 0:0:0:0:0:0:0:1 "GET /images/default.png HTTP/1.1" 401 121 21188 ms
[25/Aug/2025:21:33:53 +0300] 0:0:0:0:0:0:0:1 "OPTIONS /api/auth/signin HTTP/1.1" 200 - 20747 ms
[25/Aug/2025:21:33:54 +0300] 0:0:0:0:0:0:0:1 "POST /api/auth/signin HTTP/1.1" 200 78 207141 ms
[25/Aug/2025:21:33:54 +0300] 0:0:0:0:0:0:0:1 "GET /images/default.png HTTP/1.1" 401 121 6539 ms
[25/Aug/2025:21:33:54 +0300] 0:0:0:0:0:0:0:1 "GET /api/public/products?undefined HTTP/1.1" 200 1716 85255 ms
[25/Aug/2025:21:33:54 +0300] 0:0:0:0:0:0:0:1 "GET /api/public/products?undefined HTTP/1.1" 200 1716 33453 ms
[25/Aug/2025:21:33:54 +0300] 0:0:0:0:0:0:0:1 "GET /images/default.png HTTP/1.1" 401 121 17617 ms
[25/Aug/2025:21:34:12 +0300] 0:0:0:0:0:0:0:1 "GET /images/http://localhost:8080/images/59208c14-6454-492c-9ab8-d0e81c109be1.jpg HTTP/1.1" 401 121 7695 ms
[25/Aug/2025:21:34:15 +0300] 0:0:0:0:0:0:0:1 "GET /api/users/addresses HTTP/1.1" 200 3166 88526 ms
[25/Aug/2025:21:34:15 +0300] 0:0:0:0:0:0:0:1 "GET /api/users/addresses HTTP/1.1" 200 3166 47148 ms
[25/Aug/2025:21:34:17 +0300] 0:0:0:0:0:0:0:1 "OPTIONS /api/cart/create HTTP/1.1" 200 - 5073 ms
[25/Aug/2025:21:34:17 +0300] 0:0:0:0:0:0:0:1 "OPTIONS /api/cart/create HTTP/1.1" 200 - 25920 ms
[25/Aug/2025:21:34:17 +0300] 0:0:0:0:0:0:0:1 "POST /api/cart/create HTTP/1.1" 201 25 226043 ms
[25/Aug/2025:21:34:17 +0300] 0:0:0:0:0:0:0:1 "POST /api/cart/create HTTP/1.1" 201 25 249742 ms
[25/Aug/2025:21:34:17 +0300] 0:0:0:0:0:0:0:1 "GET /api/carts/users/cart HTTP/1.1" 200 414 63644 ms
[25/Aug/2025:21:34:18 +0300] 0:0:0:0:0:0:0:1 "GET /api/carts/users/cart HTTP/1.1" 200 414 52792 ms
[25/Aug/2025:21:34:27 +0300] 0:0:0:0:0:0:0:1 "OPTIONS /api/order/stripe-client-secret HTTP/1.1" 200 - 5707 ms
[25/Aug/2025:21:34:27 +0300] 0:0:0:0:0:0:0:1 "OPTIONS /api/order/stripe-client-secret HTTP/1.1" 200 - 3621 ms
[25/Aug/2025:21:34:28 +0300] 0:0:0:0:0:0:0:1 "POST /api/order/stripe-client-secret HTTP/1.1" 201 60 836215 ms
[25/Aug/2025:21:34:28 +0300] 0:0:0:0:0:0:0:1 "POST /api/order/stripe-client-secret HTTP/1.1" 201 60 830782 ms
[25/Aug/2025:21:35:19 +0300] 0:0:0:0:0:0:0:1 "OPTIONS /api/order/users/payments/online HTTP/1.1" 200 - 20129 ms
[25/Aug/2025:21:35:19 +0300] 0:0:0:0:0:0:0:1 "POST /api/order/users/payments/online HTTP/1.1" 401 121 370912 ms
[25/Aug/2025:21:36:03 +0300] 0:0:0:0:0:0:0:1 "POST /api/order/users/payments/online HTTP/1.1" 401 121 77213 ms
[25/Aug/2025:21:36:06 +0300] 0:0:0:0:0:0:0:1 "POST /api/order/users/payments/online HTTP/1.1" 401 121 79303 ms
[25/Aug/2025:21:36:09 +0300] 0:0:0:0:0:0:0:1 "POST /api/order/users/payments/online HTTP/1.1" 401 121 55182 ms
[25/Aug/2025:21:36:31 +0300] 0:0:0:0:0:0:0:1 "POST /api/order/users/payments/online HTTP/1.1" 401 121 584973 ms
[25/Aug/2025:21:36:51 +0300] 0:0:0:0:0:0:0:1 "GET /api/public/products?undefined HTTP/1.1" 200 1716 238391 ms
[25/Aug/2025:21:36:51 +0300] 0:0:0:0:0:0:0:1 "GET /api/public/products?undefined HTTP/1.1" 200 1716 264698 ms
[25/Aug/2025:21:36:51 +0300] 0:0:0:0:0:0:0:1 "GET /images/default.png HTTP/1.1" 401 121 204969 ms
[25/Aug/2025:21:37:27 +0300] 0:0:0:0:0:0:0:1 "GET /api/public/products?undefined HTTP/1.1" 200 1716 158149 ms
[25/Aug/2025:21:37:29 +0300] 0:0:0:0:0:0:0:1 "GET /images/default.png HTTP/1.1" 401 121 34569 ms
[25/Aug/2025:21:37:35 +0300] 0:0:0:0:0:0:0:1 "GET /images/http://localhost:8080/images/59208c14-6454-492c-9ab8-d0e81c109be1.jpg HTTP/1.1" 401 121 13453 ms
[25/Aug/2025:21:37:40 +0300] 0:0:0:0:0:0:0:1 "GET /api/users/addresses HTTP/1.1" 200 3166 50882 ms
[25/Aug/2025:21:37:40 +0300] 0:0:0:0:0:0:0:1 "GET /api/users/addresses HTTP/1.1" 200 3166 33708 ms
[25/Aug/2025:21:37:42 +0300] 0:0:0:0:0:0:0:1 "POST /api/cart/create HTTP/1.1" 201 25 192734 ms
[25/Aug/2025:21:37:42 +0300] 0:0:0:0:0:0:0:1 "POST /api/cart/create HTTP/1.1" 201 25 217193 ms
[25/Aug/2025:21:37:42 +0300] 0:0:0:0:0:0:0:1 "GET /api/carts/users/cart HTTP/1.1" 200 414 74765 ms
[25/Aug/2025:21:37:42 +0300] 0:0:0:0:0:0:0:1 "GET /api/carts/users/cart HTTP/1.1" 200 414 48843 ms
[25/Aug/2025:21:37:50 +0300] 0:0:0:0:0:0:0:1 "POST /api/order/stripe-client-secret HTTP/1.1" 201 60 654101 ms
[25/Aug/2025:21:37:50 +0300] 0:0:0:0:0:0:0:1 "POST /api/order/stripe-client-secret HTTP/1.1" 201 60 663575 ms
[25/Aug/2025:21:38:32 +0300] 0:0:0:0:0:0:0:1 "POST /api/order/users/payments/online HTTP/1.1" 401 121 48078 ms
[25/Aug/2025:21:45:02 +0300] 0:0:0:0:0:0:0:1 "GET /api/public/products?undefined HTTP/1.1" 200 1716 3739276 ms
[25/Aug/2025:21:45:02 +0300] 0:0:0:0:0:0:0:1 "GET /api/public/products?undefined HTTP/1.1" 200 1716 48147 ms
[25/Aug/2025:21:45:02 +0300] 0:0:0:0:0:0:0:1 "GET /images/default.png HTTP/1.1" 401 121 36049 ms
[25/Aug/2025:21:45:18 +0300] 0:0:0:0:0:0:0:1 "GET /images/http://localhost:8080/images/59208c14-6454-492c-9ab8-d0e81c109be1.jpg HTTP/1.1" 401 121 13013 ms
[25/Aug/2025:21:45:22 +0300] 0:0:0:0:0:0:0:1 "GET /images/default.png HTTP/1.1" 401 121 7533 ms
[25/Aug/2025:21:45:22 +0300] 0:0:0:0:0:0:0:1 "GET /images/default.png HTTP/1.1" 401 121 6134 ms
[25/Aug/2025:21:45:22 +0300] 0:0:0:0:0:0:0:1 "GET /api/public/products?pageNumber=0&sortBy=price&sortOrder=asc HTTP/1.1" 200 1716 81319 ms
[25/Aug/2025:21:45:22 +0300] 0:0:0:0:0:0:0:1 "GET /api/public/products?pageNumber=0&sortBy=price&sortOrder=asc HTTP/1.1" 200 1716 70235 ms
[25/Aug/2025:21:45:22 +0300] 0:0:0:0:0:0:0:1 "GET /images/default.png HTTP/1.1" 401 121 18113 ms
[25/Aug/2025:21:45:22 +0300] 0:0:0:0:0:0:0:1 "GET /api/public/categories HTTP/1.1" 200 269 320710 ms
[25/Aug/2025:21:45:22 +0300] 0:0:0:0:0:0:0:1 "GET /api/public/categories HTTP/1.1" 200 269 31413 ms
[25/Aug/2025:21:45:27 +0300] 0:0:0:0:0:0:0:1 "GET /images/http://localhost:8080/images/59208c14-6454-492c-9ab8-d0e81c109be1.jpg HTTP/1.1" 401 121 3969 ms
[25/Aug/2025:21:45:27 +0300] 0:0:0:0:0:0:0:1 "GET /images/http://localhost:8080/images/default.png HTTP/1.1" 401 121 3113 ms
[25/Aug/2025:21:45:30 +0300] 0:0:0:0:0:0:0:1 "GET /images/default.png HTTP/1.1" 401 121 6988 ms
[25/Aug/2025:21:45:30 +0300] 0:0:0:0:0:0:0:1 "GET /api/public/products?undefined HTTP/1.1" 200 1716 45964 ms
[25/Aug/2025:21:45:30 +0300] 0:0:0:0:0:0:0:1 "GET /images/default.png HTTP/1.1" 401 121 8616 ms
[25/Aug/2025:21:45:30 +0300] 0:0:0:0:0:0:0:1 "GET /api/public/products?undefined HTTP/1.1" 200 1716 73746 ms
[25/Aug/2025:21:45:34 +0300] 0:0:0:0:0:0:0:1 "GET /api/public/products?undefined HTTP/1.1" 200 1716 76460 ms
[25/Aug/2025:21:45:35 +0300] 0:0:0:0:0:0:0:1 "GET /images/default.png HTTP/1.1" 401 121 10150 ms
[25/Aug/2025:21:45:42 +0300] 0:0:0:0:0:0:0:1 "GET /images/http://localhost:8080/images/default.png HTTP/1.1" 401 121 3897 ms
[25/Aug/2025:21:45:42 +0300] 0:0:0:0:0:0:0:1 "GET /images/http://localhost:8080/images/59208c14-6454-492c-9ab8-d0e81c109be1.jpg HTTP/1.1" 401 121 3967 ms
[25/Aug/2025:21:45:45 +0300] 0:0:0:0:0:0:0:1 "GET /api/users/addresses HTTP/1.1" 200 3166 44610 ms
[25/Aug/2025:21:45:45 +0300] 0:0:0:0:0:0:0:1 "GET /api/users/addresses HTTP/1.1" 200 3166 27338 ms
[25/Aug/2025:21:45:49 +0300] 0:0:0:0:0:0:0:1 "POST /api/cart/create HTTP/1.1" 201 25 258058 ms
[25/Aug/2025:21:45:49 +0300] 0:0:0:0:0:0:0:1 "POST /api/cart/create HTTP/1.1" 201 25 289986 ms
[25/Aug/2025:21:45:49 +0300] 0:0:0:0:0:0:0:1 "GET /api/carts/users/cart HTTP/1.1" 200 624 48334 ms
[25/Aug/2025:21:45:49 +0300] 0:0:0:0:0:0:0:1 "GET /api/carts/users/cart HTTP/1.1" 200 624 31916 ms
[25/Aug/2025:21:45:53 +0300] 0:0:0:0:0:0:0:1 "POST /api/order/stripe-client-secret HTTP/1.1" 201 60 709738 ms
[25/Aug/2025:21:45:53 +0300] 0:0:0:0:0:0:0:1 "POST /api/order/stripe-client-secret HTTP/1.1" 201 60 729075 ms
[25/Aug/2025:21:46:14 +0300] 0:0:0:0:0:0:0:1 "POST /api/order/users/payments/online HTTP/1.1" 201 1074 555702 ms
[25/Aug/2025:21:52:43 +0300] 0:0:0:0:0:0:0:1 "GET /api/public/products?undefined HTTP/1.1" 200 1716 12775730 ms
[25/Aug/2025:21:52:43 +0300] 0:0:0:0:0:0:0:1 "GET /api/public/products?undefined HTTP/1.1" 200 1716 60871 ms
[25/Aug/2025:21:52:44 +0300] 0:0:0:0:0:0:0:1 "GET /images/default.png HTTP/1.1" 401 121 109401 ms
[25/Aug/2025:21:53:48 +0300] 0:0:0:0:0:0:0:1 "GET /images/default.png HTTP/1.1" 401 121 10062 ms
[25/Aug/2025:21:53:55 +0300] 0:0:0:0:0:0:0:1 "GET /api/users/addresses HTTP/1.1" 200 3166 55325 ms
[25/Aug/2025:21:53:55 +0300] 0:0:0:0:0:0:0:1 "GET /api/users/addresses HTTP/1.1" 200 3166 110849 ms
[25/Aug/2025:21:54:28 +0300] 0:0:0:0:0:0:0:1 "POST /api/cart/create HTTP/1.1" 201 25 145335 ms
[25/Aug/2025:21:54:28 +0300] 0:0:0:0:0:0:0:1 "GET /api/carts/users/cart HTTP/1.1" 200 624 40218 ms
[25/Aug/2025:21:54:29 +0300] 0:0:0:0:0:0:0:1 "POST /api/cart/create HTTP/1.1" 401 121 1159108 ms
[25/Aug/2025:21:54:39 +0300] 0:0:0:0:0:0:0:1 "POST /api/order/stripe-client-secret HTTP/1.1" 201 60 717693 ms
[25/Aug/2025:21:54:39 +0300] 0:0:0:0:0:0:0:1 "POST /api/order/stripe-client-secret HTTP/1.1" 201 60 737337 ms
[25/Aug/2025:21:55:01 +0300] 0:0:0:0:0:0:0:1 "OPTIONS /api/order/users/payments/Stripe HTTP/1.1" 200 - 6962 ms
[25/Aug/2025:21:55:01 +0300] 0:0:0:0:0:0:0:1 "POST /api/order/users/payments/Stripe HTTP/1.1" 201 1074 173117 ms
[25/Aug/2025:22:06:28 +0300] 0:0:0:0:0:0:0:1 "POST /api/order/users/payments/Stripe HTTP/1.1" 404 85 1072489 ms
[25/Aug/2025:22:08:44 +0300] 0:0:0:0:0:0:0:1 "GET /api/public/products?undefined HTTP/1.1" 200 1716 12215401 ms
[25/Aug/2025:22:08:45 +0300] 0:0:0:0:0:0:0:1 "GET /images/default.png HTTP/1.1" 401 121 188616 ms
[25/Aug/2025:22:09:50 +0300] 0:0:0:0:0:0:0:1 "GET /api/public/products?undefined HTTP/1.1" 200 1716 200587 ms
[25/Aug/2025:22:09:51 +0300] 0:0:0:0:0:0:0:1 "GET /images/default.png HTTP/1.1" 401 121 49041 ms
[25/Aug/2025:22:10:05 +0300] 0:0:0:0:0:0:0:1 "OPTIONS /api/auth/signin HTTP/1.1" 200 - 8736 ms
[25/Aug/2025:22:10:06 +0300] 0:0:0:0:0:0:0:1 "POST /api/auth/signin HTTP/1.1" 200 78 258088 ms
[25/Aug/2025:22:10:06 +0300] 0:0:0:0:0:0:0:1 "GET /images/default.png HTTP/1.1" 401 121 8206 ms
[25/Aug/2025:22:10:06 +0300] 0:0:0:0:0:0:0:1 "GET /api/public/products?undefined HTTP/1.1" 200 1716 79216 ms
[25/Aug/2025:22:10:06 +0300] 0:0:0:0:0:0:0:1 "GET /api/public/products?undefined HTTP/1.1" 200 1716 50165 ms
[25/Aug/2025:22:10:07 +0300] 0:0:0:0:0:0:0:1 "GET /images/default.png HTTP/1.1" 401 121 12894 ms
[25/Aug/2025:22:10:12 +0300] 0:0:0:0:0:0:0:1 "GET /images/http://localhost:8080/images/59208c14-6454-492c-9ab8-d0e81c109be1.jpg HTTP/1.1" 401 121 8254 ms
[25/Aug/2025:22:10:14 +0300] 0:0:0:0:0:0:0:1 "GET /api/users/addresses HTTP/1.1" 200 3166 77153 ms
[25/Aug/2025:22:10:14 +0300] 0:0:0:0:0:0:0:1 "GET /api/users/addresses HTTP/1.1" 200 3166 46068 ms
[25/Aug/2025:22:10:18 +0300] 0:0:0:0:0:0:0:1 "OPTIONS /api/cart/create HTTP/1.1" 200 - 7824 ms
[25/Aug/2025:22:10:18 +0300] 0:0:0:0:0:0:0:1 "OPTIONS /api/cart/create HTTP/1.1" 200 - 7709 ms
[25/Aug/2025:22:10:18 +0300] 0:0:0:0:0:0:0:1 "POST /api/cart/create HTTP/1.1" 201 25 256127 ms
[25/Aug/2025:22:10:18 +0300] 0:0:0:0:0:0:0:1 "GET /api/carts/users/cart HTTP/1.1" 200 414 39631 ms
[25/Aug/2025:22:10:18 +0300] 0:0:0:0:0:0:0:1 "POST /api/cart/create HTTP/1.1" 401 121 330692 ms
[25/Aug/2025:22:10:20 +0300] 0:0:0:0:0:0:0:1 "OPTIONS /api/api/order/stripe-client-secret HTTP/1.1" 200 - 12113 ms
[25/Aug/2025:22:10:20 +0300] 0:0:0:0:0:0:0:1 "OPTIONS /api/api/order/stripe-client-secret HTTP/1.1" 200 - 11950 ms
[25/Aug/2025:22:10:21 +0300] 0:0:0:0:0:0:0:1 "POST /api/api/order/stripe-client-secret HTTP/1.1" 401 121 134620 ms
[25/Aug/2025:22:10:21 +0300] 0:0:0:0:0:0:0:1 "POST /api/api/order/stripe-client-secret HTTP/1.1" 401 121 135748 ms
[25/Aug/2025:22:23:02 +0300] 0:0:0:0:0:0:0:1 "GET /api/public/products?undefined HTTP/1.1" 200 1716 3419500 ms
[25/Aug/2025:22:23:02 +0300] 0:0:0:0:0:0:0:1 "GET /images/default.png HTTP/1.1" 401 121 61230 ms
[25/Aug/2025:22:23:20 +0300] 0:0:0:0:0:0:0:1 "GET /api/public/products?undefined HTTP/1.1" 200 1716 109249 ms
[25/Aug/2025:22:23:21 +0300] 0:0:0:0:0:0:0:1 "GET /images/default.png HTTP/1.1" 401 121 33423 ms
[25/Aug/2025:22:23:30 +0300] 0:0:0:0:0:0:0:1 "POST /api/auth/signin HTTP/1.1" 200 78 436230 ms
[25/Aug/2025:22:23:30 +0300] 0:0:0:0:0:0:0:1 "GET /images/default.png HTTP/1.1" 401 121 119915 ms
[25/Aug/2025:22:23:31 +0300] 0:0:0:0:0:0:0:1 "GET /api/public/products?undefined HTTP/1.1" 200 1716 335583 ms
[25/Aug/2025:22:23:31 +0300] 0:0:0:0:0:0:0:1 "GET /images/default.png HTTP/1.1" 401 121 12095 ms
[25/Aug/2025:22:23:31 +0300] 0:0:0:0:0:0:0:1 "GET /api/public/products?undefined HTTP/1.1" 200 1716 62475 ms
[25/Aug/2025:22:23:35 +0300] 0:0:0:0:0:0:0:1 "GET /images/http://localhost:8080/images/59208c14-6454-492c-9ab8-d0e81c109be1.jpg HTTP/1.1" 401 121 7674 ms
[25/Aug/2025:22:23:36 +0300] 0:0:0:0:0:0:0:1 "GET /api/users/addresses HTTP/1.1" 200 3166 75767 ms
[25/Aug/2025:22:23:36 +0300] 0:0:0:0:0:0:0:1 "GET /api/users/addresses HTTP/1.1" 200 3166 32957 ms
[25/Aug/2025:22:23:39 +0300] 0:0:0:0:0:0:0:1 "POST /api/cart/create HTTP/1.1" 201 25 181806 ms
[25/Aug/2025:22:23:39 +0300] 0:0:0:0:0:0:0:1 "POST /api/cart/create HTTP/1.1" 201 25 203698 ms
[25/Aug/2025:22:23:39 +0300] 0:0:0:0:0:0:0:1 "GET /api/carts/users/cart HTTP/1.1" 200 414 57216 ms
[25/Aug/2025:22:23:39 +0300] 0:0:0:0:0:0:0:1 "GET /api/carts/users/cart HTTP/1.1" 200 414 34309 ms
[25/Aug/2025:22:23:44 +0300] 0:0:0:0:0:0:0:1 "OPTIONS /api/order/stripe-client-secret HTTP/1.1" 200 - 7851 ms
[25/Aug/2025:22:23:44 +0300] 0:0:0:0:0:0:0:1 "OPTIONS /api/order/stripe-client-secret HTTP/1.1" 200 - 7847 ms
[25/Aug/2025:22:23:45 +0300] 0:0:0:0:0:0:0:1 "POST /api/order/stripe-client-secret HTTP/1.1" 201 60 1154937 ms
[25/Aug/2025:22:23:45 +0300] 0:0:0:0:0:0:0:1 "POST /api/order/stripe-client-secret HTTP/1.1" 201 60 1155560 ms
[25/Aug/2025:22:24:05 +0300] 0:0:0:0:0:0:0:1 "POST /api/order/users/payments/Stripe HTTP/1.1" 201 780 164087 ms
[25/Aug/2025:22:24:14 +0300] 0:0:0:0:0:0:0:1 "GET /api/public/products?undefined HTTP/1.1" 200 1716 77124 ms
[25/Aug/2025:22:24:14 +0300] 0:0:0:0:0:0:0:1 "GET /images/default.png HTTP/1.1" 401 121 7999 ms
[25/Aug/2025:22:24:14 +0300] 0:0:0:0:0:0:0:1 "GET /api/public/products?undefined HTTP/1.1" 200 1716 66929 ms
[25/Aug/2025:22:24:17 +0300] 0:0:0:0:0:0:0:1 "GET /api/public/products?undefined HTTP/1.1" 200 1716 64218 ms
[25/Aug/2025:22:24:17 +0300] 0:0:0:0:0:0:0:1 "GET /images/default.png HTTP/1.1" 401 121 9897 ms
