[29/Aug/2025:18:19:03 +0300] 0:0:0:0:0:0:0:1 "POST /api/auth/signin HTTP/1.1" 200 367 5459452 ms
[29/Aug/2025:18:20:44 +0300] 0:0:0:0:0:0:0:1 "GET /api/admin/app/analytics HTTP/1.1" 200 74 494873 ms
[29/Aug/2025:18:26:36 +0300] 0:0:0:0:0:0:0:1 "GET /api/public/products?undefined HTTP/1.1" 200 1716 6611187 ms
[29/Aug/2025:18:26:36 +0300] 0:0:0:0:0:0:0:1 "GET /images/7217fa9e-a5ee-453c-8771-c339405aac81.png HTTP/1.1" 304 - 22600 ms
[29/Aug/2025:18:26:36 +0300] 0:0:0:0:0:0:0:1 "GET /images/59208c14-6454-492c-9ab8-d0e81c109be1.jpg HTTP/1.1" 304 - 32379 ms
[29/Aug/2025:18:26:36 +0300] 0:0:0:0:0:0:0:1 "GET /images/default.png HTTP/1.1" 401 121 62538 ms
[29/Aug/2025:18:45:32 +0300] 0:0:0:0:0:0:0:1 "GET /api/public/products?undefined HTTP/1.1" 200 1716 4967003 ms
[29/Aug/2025:18:45:35 +0300] 0:0:0:0:0:0:0:1 "GET /images/default.png HTTP/1.1" 401 121 71048 ms
[29/Aug/2025:18:46:24 +0300] 0:0:0:0:0:0:0:1 "GET /api/admin/app/analytics HTTP/1.1" 200 74 143527 ms
[29/Aug/2025:18:59:06 +0300] 0:0:0:0:0:0:0:1 "POST /api/auth/signin HTTP/1.1" 200 367 1558296 ms
[29/Aug/2025:18:59:14 +0300] 0:0:0:0:0:0:0:1 "GET /api/admin/orders HTTP/1.1" 401 121 128838 ms
[29/Aug/2025:19:04:31 +0300] 0:0:0:0:0:0:0:1 "GET /api/admin/orders HTTP/1.1" 200 7520 790137 ms
[29/Aug/2025:19:53:22 +0300] 0:0:0:0:0:0:0:1 "POST /api/auth/signin HTTP/1.1" 200 367 1408870 ms
[29/Aug/2025:19:53:54 +0300] 0:0:0:0:0:0:0:1 "GET /api/admin/orders/12/status HTTP/1.1" 401 121 591756 ms
[29/Aug/2025:19:54:10 +0300] 0:0:0:0:0:0:0:1 "PUT /api/admin/orders/12/status HTTP/1.1" 404 73 100195 ms
[29/Aug/2025:19:54:18 +0300] 0:0:0:0:0:0:0:1 "PUT /api/admin/orders/3/status HTTP/1.1" 200 771 321719 ms
[29/Aug/2025:20:05:07 +0300] 0:0:0:0:0:0:0:1 "GET /api/public/products?undefined HTTP/1.1" 200 1715 2167434 ms
[29/Aug/2025:20:05:07 +0300] 0:0:0:0:0:0:0:1 "GET /images/59208c14-6454-492c-9ab8-d0e81c109be1.jpg HTTP/1.1" 304 - 23769 ms
[29/Aug/2025:20:05:07 +0300] 0:0:0:0:0:0:0:1 "GET /images/7217fa9e-a5ee-453c-8771-c339405aac81.png HTTP/1.1" 304 - 24537 ms
[29/Aug/2025:20:05:07 +0300] 0:0:0:0:0:0:0:1 "GET /images/default.png HTTP/1.1" 401 121 58908 ms
[29/Aug/2025:20:05:40 +0300] 0:0:0:0:0:0:0:1 "GET /api/admin/app/analytics HTTP/1.1" 200 74 148306 ms
[29/Aug/2025:20:05:48 +0300] 0:0:0:0:0:0:0:1 "GET /api/admin/orders?pageNumber=0 HTTP/1.1" 200 3651 169539 ms
[29/Aug/2025:20:05:49 +0300] 0:0:0:0:0:0:0:1 "GET /api/admin/orders?pageNumber=0 HTTP/1.1" 200 3651 53787 ms
[29/Aug/2025:20:06:03 +0300] 0:0:0:0:0:0:0:1 "OPTIONS /api/admin/orders/26/status HTTP/1.1" 200 - 11956 ms
[29/Aug/2025:20:06:04 +0300] 0:0:0:0:0:0:0:1 "PUT /api/admin/orders/26/status HTTP/1.1" 200 626 305864 ms
[29/Aug/2025:20:06:04 +0300] 0:0:0:0:0:0:0:1 "GET /api/admin/orders?undefined HTTP/1.1" 200 3643 58595 ms
[29/Aug/2025:20:07:00 +0300] 0:0:0:0:0:0:0:1 "GET /api/admin/orders?pageNumber=1 HTTP/1.1" 200 3964 71251 ms
[29/Aug/2025:20:07:05 +0300] 0:0:0:0:0:0:0:1 "GET /api/admin/orders?pageNumber=2 HTTP/1.1" 200 3906 65036 ms
[29/Aug/2025:20:07:06 +0300] 0:0:0:0:0:0:0:1 "GET /api/admin/orders?pageNumber=3 HTTP/1.1" 200 4547 59927 ms
[29/Aug/2025:20:07:16 +0300] 0:0:0:0:0:0:0:1 "OPTIONS /api/admin/orders/25/status HTTP/1.1" 200 - 4186 ms
[29/Aug/2025:20:07:16 +0300] 0:0:0:0:0:0:0:1 "PUT /api/admin/orders/25/status HTTP/1.1" 200 774 91488 ms
[29/Aug/2025:20:07:16 +0300] 0:0:0:0:0:0:0:1 "GET /api/admin/orders?undefined HTTP/1.1" 200 3643 53001 ms
[29/Aug/2025:20:07:19 +0300] 0:0:0:0:0:0:0:1 "PUT /api/admin/orders/25/status HTTP/1.1" 200 776 35779 ms
[29/Aug/2025:20:07:20 +0300] 0:0:0:0:0:0:0:1 "GET /api/admin/orders?undefined HTTP/1.1" 200 3643 36575 ms
[29/Aug/2025:20:07:23 +0300] 0:0:0:0:0:0:0:1 "PUT /api/admin/orders/25/status HTTP/1.1" 200 774 39206 ms
[29/Aug/2025:20:07:24 +0300] 0:0:0:0:0:0:0:1 "GET /api/admin/orders?undefined HTTP/1.1" 200 3643 43447 ms
[29/Aug/2025:20:07:42 +0300] 0:0:0:0:0:0:0:1 "GET /api/admin/app/analytics HTTP/1.1" 200 74 23158 ms
[29/Aug/2025:20:07:42 +0300] 0:0:0:0:0:0:0:1 "GET /api/admin/app/analytics HTTP/1.1" 200 74 15685 ms
[29/Aug/2025:20:07:43 +0300] 0:0:0:0:0:0:0:1 "GET /api/admin/orders?pageNumber=0 HTTP/1.1" 200 3643 44619 ms
[29/Aug/2025:20:07:43 +0300] 0:0:0:0:0:0:0:1 "GET /api/admin/orders?pageNumber=0 HTTP/1.1" 200 3643 46291 ms
[29/Aug/2025:20:07:49 +0300] 0:0:0:0:0:0:0:1 "GET /api/admin/app/analytics HTTP/1.1" 200 74 17334 ms
[29/Aug/2025:20:07:49 +0300] 0:0:0:0:0:0:0:1 "GET /api/admin/app/analytics HTTP/1.1" 200 74 13103 ms
