[21/Aug/2025:05:04:14 +0300] 0:0:0:0:0:0:0:1 "GET /api/public/products?undefined HTTP/1.1" 200 1716 2031280 ms
[21/Aug/2025:05:04:15 +0300] 0:0:0:0:0:0:0:1 "GET /images/default.png HTTP/1.1" 401 121 80778 ms
[21/Aug/2025:05:04:28 +0300] 0:0:0:0:0:0:0:1 "OPTIONS /api/auth/signin HTTP/1.1" 200 - 18756 ms
[21/Aug/2025:05:04:29 +0300] 0:0:0:0:0:0:0:1 "POST /api/auth/signin HTTP/1.1" 200 78 764455 ms
[21/Aug/2025:05:04:29 +0300] 0:0:0:0:0:0:0:1 "GET /api/public/products?undefined HTTP/1.1" 200 1716 143677 ms
[21/Aug/2025:05:04:29 +0300] 0:0:0:0:0:0:0:1 "GET /images/default.png HTTP/1.1" 401 121 139012 ms
[21/Aug/2025:05:04:29 +0300] 0:0:0:0:0:0:0:1 "GET /api/public/products?undefined HTTP/1.1" 200 1716 50705 ms
[21/Aug/2025:05:04:30 +0300] 0:0:0:0:0:0:0:1 "GET /images/default.png HTTP/1.1" 401 121 64315 ms
[21/Aug/2025:05:09:04 +0300] 0:0:0:0:0:0:0:1 "GET /api/public/products?undefined HTTP/1.1" 200 1716 553553 ms
[21/Aug/2025:05:09:04 +0300] 0:0:0:0:0:0:0:1 "GET /images/default.png HTTP/1.1" 401 121 35037 ms
[21/Aug/2025:05:09:23 +0300] 0:0:0:0:0:0:0:1 "GET /api/public/products?undefined HTTP/1.1" 200 1716 59316 ms
[21/Aug/2025:05:09:23 +0300] 0:0:0:0:0:0:0:1 "GET /images/default.png HTTP/1.1" 401 121 17561 ms
[21/Aug/2025:05:09:33 +0300] 0:0:0:0:0:0:0:1 "POST /api/auth/signin HTTP/1.1" 200 78 711325 ms
[21/Aug/2025:05:09:34 +0300] 0:0:0:0:0:0:0:1 "GET /images/default.png HTTP/1.1" 401 121 13813 ms
[21/Aug/2025:05:09:34 +0300] 0:0:0:0:0:0:0:1 "GET /api/public/products?undefined HTTP/1.1" 200 1716 168176 ms
[21/Aug/2025:05:09:34 +0300] 0:0:0:0:0:0:0:1 "GET /api/public/products?undefined HTTP/1.1" 200 1716 50822 ms
[21/Aug/2025:05:09:34 +0300] 0:0:0:0:0:0:0:1 "GET /images/default.png HTTP/1.1" 401 121 9574 ms
[21/Aug/2025:05:22:00 +0300] 0:0:0:0:0:0:0:1 "GET /api/public/products?undefined HTTP/1.1" 200 1716 806003 ms
[21/Aug/2025:05:22:00 +0300] 0:0:0:0:0:0:0:1 "GET /images/default.png HTTP/1.1" 401 121 30673 ms
[21/Aug/2025:05:23:35 +0300] 0:0:0:0:0:0:0:1 "GET /api/public/products?undefined HTTP/1.1" 200 1716 458686 ms
[21/Aug/2025:05:23:36 +0300] 0:0:0:0:0:0:0:1 "GET /images/default.png HTTP/1.1" 401 121 26645 ms
[21/Aug/2025:05:24:05 +0300] 0:0:0:0:0:0:0:1 "GET /api/public/products?undefined HTTP/1.1" 200 1716 361152 ms
[21/Aug/2025:05:24:05 +0300] 0:0:0:0:0:0:0:1 "GET /images/default.png HTTP/1.1" 401 121 37788 ms
[21/Aug/2025:05:24:55 +0300] 0:0:0:0:0:0:0:1 "GET /api/public/products?undefined HTTP/1.1" 200 1716 2414428 ms
[21/Aug/2025:05:24:58 +0300] 0:0:0:0:0:0:0:1 "GET /images/default.png HTTP/1.1" 401 121 46779 ms
[21/Aug/2025:05:25:42 +0300] 0:0:0:0:0:0:0:1 "POST /api/auth/signin HTTP/1.1" 200 78 443018 ms
[21/Aug/2025:05:25:43 +0300] 0:0:0:0:0:0:0:1 "GET /images/default.png HTTP/1.1" 401 121 89111 ms
[21/Aug/2025:05:25:43 +0300] 0:0:0:0:0:0:0:1 "GET /api/public/products?undefined HTTP/1.1" 200 1716 155905 ms
[21/Aug/2025:05:25:43 +0300] 0:0:0:0:0:0:0:1 "GET /api/public/products?undefined HTTP/1.1" 200 1716 54275 ms
[21/Aug/2025:05:25:43 +0300] 0:0:0:0:0:0:0:1 "GET /images/default.png HTTP/1.1" 401 121 15322 ms
[21/Aug/2025:05:25:58 +0300] 0:0:0:0:0:0:0:1 "GET /images/http://localhost:8080/images/59208c14-6454-492c-9ab8-d0e81c109be1.jpg HTTP/1.1" 401 121 16408 ms
[21/Aug/2025:05:26:13 +0300] 0:0:0:0:0:0:0:1 "OPTIONS /api/addresses HTTP/1.1" 401 129 8104 ms
[21/Aug/2025:05:33:31 +0300] 0:0:0:0:0:0:0:1 "GET /api/public/products?undefined HTTP/1.1" 200 1716 5753056 ms
[21/Aug/2025:05:33:31 +0300] 0:0:0:0:0:0:0:1 "GET /images/default.png HTTP/1.1" 401 121 43251 ms
[21/Aug/2025:05:33:40 +0300] 0:0:0:0:0:0:0:1 "POST /api/auth/signin HTTP/1.1" 200 78 722573 ms
[21/Aug/2025:05:33:40 +0300] 0:0:0:0:0:0:0:1 "GET /images/default.png HTTP/1.1" 401 121 16136 ms
[21/Aug/2025:05:33:40 +0300] 0:0:0:0:0:0:0:1 "GET /api/public/products?undefined HTTP/1.1" 200 1716 106887 ms
[21/Aug/2025:05:33:40 +0300] 0:0:0:0:0:0:0:1 "GET /api/public/products?undefined HTTP/1.1" 200 1716 47200 ms
[21/Aug/2025:05:33:41 +0300] 0:0:0:0:0:0:0:1 "GET /images/default.png HTTP/1.1" 401 121 11280 ms
[21/Aug/2025:05:33:48 +0300] 0:0:0:0:0:0:0:1 "GET /images/http://localhost:8080/images/59208c14-6454-492c-9ab8-d0e81c109be1.jpg HTTP/1.1" 401 121 16815 ms
[21/Aug/2025:05:34:03 +0300] 0:0:0:0:0:0:0:1 "OPTIONS /api/addresses HTTP/1.1" 200 - 13026 ms
[21/Aug/2025:05:34:03 +0300] 0:0:0:0:0:0:0:1 "POST /api/addresses HTTP/1.1" 201 163 214194 ms
[21/Aug/2025:05:34:31 +0300] 0:0:0:0:0:0:0:1 "POST /api/addresses HTTP/1.1" 201 163 49435 ms
[21/Aug/2025:05:34:35 +0300] 0:0:0:0:0:0:0:1 "GET /api/public/products?undefined HTTP/1.1" 200 1716 65074 ms
[21/Aug/2025:05:34:35 +0300] 0:0:0:0:0:0:0:1 "GET /images/default.png HTTP/1.1" 401 121 12874 ms
[21/Aug/2025:05:34:35 +0300] 0:0:0:0:0:0:0:1 "GET /api/public/products?undefined HTTP/1.1" 200 1716 65138 ms
[21/Aug/2025:05:34:40 +0300] 0:0:0:0:0:0:0:1 "GET /api/public/products?undefined HTTP/1.1" 200 1716 168784 ms
[21/Aug/2025:05:34:41 +0300] 0:0:0:0:0:0:0:1 "GET /images/default.png HTTP/1.1" 401 121 22325 ms
[21/Aug/2025:05:36:01 +0300] 0:0:0:0:0:0:0:1 "GET /api/public/products?undefined HTTP/1.1" 200 1716 624385 ms
[21/Aug/2025:05:36:01 +0300] 0:0:0:0:0:0:0:1 "GET /images/default.png HTTP/1.1" 401 121 45295 ms
[21/Aug/2025:05:36:11 +0300] 0:0:0:0:0:0:0:1 "OPTIONS /api/auth/signin HTTP/1.1" 200 - 9503 ms
[21/Aug/2025:05:36:11 +0300] 0:0:0:0:0:0:0:1 "POST /api/auth/signin HTTP/1.1" 200 78 279542 ms
[21/Aug/2025:05:36:11 +0300] 0:0:0:0:0:0:0:1 "GET /images/default.png HTTP/1.1" 401 121 14199 ms
[21/Aug/2025:05:36:11 +0300] 0:0:0:0:0:0:0:1 "GET /api/public/products?undefined HTTP/1.1" 200 1716 58579 ms
[21/Aug/2025:05:36:11 +0300] 0:0:0:0:0:0:0:1 "GET /api/public/products?undefined HTTP/1.1" 200 1716 34901 ms
[21/Aug/2025:05:36:11 +0300] 0:0:0:0:0:0:0:1 "GET /images/default.png HTTP/1.1" 401 121 7998 ms
[21/Aug/2025:05:36:16 +0300] 0:0:0:0:0:0:0:1 "GET /images/http://localhost:8080/images/59208c14-6454-492c-9ab8-d0e81c109be1.jpg HTTP/1.1" 401 121 10888 ms
[21/Aug/2025:05:36:27 +0300] 0:0:0:0:0:0:0:1 "POST /api/addresses HTTP/1.1" 201 163 144802 ms
[21/Aug/2025:05:36:48 +0300] 0:0:0:0:0:0:0:1 "POST /api/addresses HTTP/1.1" 201 163 42405 ms
[21/Aug/2025:05:39:26 +0300] 0:0:0:0:0:0:0:1 "POST /api/addresses HTTP/1.1" 201 163 195660 ms
[21/Aug/2025:05:39:41 +0300] 0:0:0:0:0:0:0:1 "GET /api/public/products?undefined HTTP/1.1" 200 1716 86657 ms
[21/Aug/2025:05:39:41 +0300] 0:0:0:0:0:0:0:1 "GET /api/public/products?undefined HTTP/1.1" 200 1716 73202 ms
[21/Aug/2025:05:39:41 +0300] 0:0:0:0:0:0:0:1 "GET /images/default.png HTTP/1.1" 401 121 45178 ms
[21/Aug/2025:05:39:55 +0300] 0:0:0:0:0:0:0:1 "GET /api/public/products?undefined HTTP/1.1" 200 1716 224305 ms
[21/Aug/2025:05:39:55 +0300] 0:0:0:0:0:0:0:1 "GET /images/default.png HTTP/1.1" 401 121 11046 ms
[21/Aug/2025:05:40:03 +0300] 0:0:0:0:0:0:0:1 "POST /api/auth/signin HTTP/1.1" 200 78 228156 ms
[21/Aug/2025:05:40:03 +0300] 0:0:0:0:0:0:0:1 "GET /images/default.png HTTP/1.1" 401 121 11842 ms
[21/Aug/2025:05:40:03 +0300] 0:0:0:0:0:0:0:1 "GET /api/public/products?undefined HTTP/1.1" 200 1716 59325 ms
[21/Aug/2025:05:40:03 +0300] 0:0:0:0:0:0:0:1 "GET /api/public/products?undefined HTTP/1.1" 200 1716 47597 ms
[21/Aug/2025:05:40:03 +0300] 0:0:0:0:0:0:0:1 "GET /images/default.png HTTP/1.1" 401 121 8653 ms
[21/Aug/2025:05:40:09 +0300] 0:0:0:0:0:0:0:1 "GET /images/http://localhost:8080/images/59208c14-6454-492c-9ab8-d0e81c109be1.jpg HTTP/1.1" 401 121 15390 ms
[21/Aug/2025:05:40:20 +0300] 0:0:0:0:0:0:0:1 "POST /api/addresses HTTP/1.1" 201 163 58319 ms
[21/Aug/2025:05:45:08 +0300] 0:0:0:0:0:0:0:1 "GET /api/public/products?undefined HTTP/1.1" 200 1716 3341271 ms
[21/Aug/2025:05:45:08 +0300] 0:0:0:0:0:0:0:1 "GET /api/public/products?undefined HTTP/1.1" 200 1716 60922 ms
[21/Aug/2025:05:45:08 +0300] 0:0:0:0:0:0:0:1 "GET /images/default.png HTTP/1.1" 401 121 57729 ms
[21/Aug/2025:05:45:13 +0300] 0:0:0:0:0:0:0:1 "GET /api/public/products?undefined HTTP/1.1" 200 1716 75384 ms
[21/Aug/2025:05:45:13 +0300] 0:0:0:0:0:0:0:1 "GET /images/7217fa9e-a5ee-453c-8771-c339405aac81.png HTTP/1.1" 304 - 9370 ms
[21/Aug/2025:05:45:13 +0300] 0:0:0:0:0:0:0:1 "GET /images/59208c14-6454-492c-9ab8-d0e81c109be1.jpg HTTP/1.1" 304 - 13982 ms
[21/Aug/2025:05:45:13 +0300] 0:0:0:0:0:0:0:1 "GET /images/default.png HTTP/1.1" 401 121 20803 ms
[21/Aug/2025:05:45:31 +0300] 0:0:0:0:0:0:0:1 "POST /api/auth/signin HTTP/1.1" 404 55 270482 ms
[21/Aug/2025:05:45:36 +0300] 0:0:0:0:0:0:0:1 "POST /api/auth/signin HTTP/1.1" 404 55 117834 ms
[21/Aug/2025:05:45:42 +0300] 0:0:0:0:0:0:0:1 "POST /api/auth/signin HTTP/1.1" 200 78 165987 ms
[21/Aug/2025:05:45:42 +0300] 0:0:0:0:0:0:0:1 "GET /images/default.png HTTP/1.1" 401 121 16452 ms
[21/Aug/2025:05:45:42 +0300] 0:0:0:0:0:0:0:1 "GET /api/public/products?undefined HTTP/1.1" 200 1716 83363 ms
[21/Aug/2025:05:45:42 +0300] 0:0:0:0:0:0:0:1 "GET /api/public/products?undefined HTTP/1.1" 200 1716 65123 ms
[21/Aug/2025:05:45:42 +0300] 0:0:0:0:0:0:0:1 "GET /images/default.png HTTP/1.1" 401 121 7631 ms
[21/Aug/2025:05:46:02 +0300] 0:0:0:0:0:0:0:1 "GET /images/http://localhost:8080/images/59208c14-6454-492c-9ab8-d0e81c109be1.jpg HTTP/1.1" 401 121 14439 ms
[21/Aug/2025:05:46:13 +0300] 0:0:0:0:0:0:0:1 "POST /api/addresses HTTP/1.1" 201 163 153991 ms
[21/Aug/2025:05:46:31 +0300] 0:0:0:0:0:0:0:1 "GET /api/public/products?undefined HTTP/1.1" 200 1716 44340 ms
[21/Aug/2025:05:46:31 +0300] 0:0:0:0:0:0:0:1 "GET /images/default.png HTTP/1.1" 401 121 5497 ms
[21/Aug/2025:05:46:37 +0300] 0:0:0:0:0:0:0:1 "GET /api/public/products?undefined HTTP/1.1" 200 1716 27322 ms
[21/Aug/2025:05:46:37 +0300] 0:0:0:0:0:0:0:1 "GET /images/7217fa9e-a5ee-453c-8771-c339405aac81.png HTTP/1.1" 200 21571 20477 ms
[21/Aug/2025:05:46:37 +0300] 0:0:0:0:0:0:0:1 "GET /images/59208c14-6454-492c-9ab8-d0e81c109be1.jpg HTTP/1.1" 200 236960 24873 ms
[21/Aug/2025:05:46:37 +0300] 0:0:0:0:0:0:0:1 "GET /images/default.png HTTP/1.1" 401 121 23020 ms
[21/Aug/2025:05:46:57 +0300] 0:0:0:0:0:0:0:1 "OPTIONS /api/auth/signin HTTP/1.1" 200 - 10223 ms
[21/Aug/2025:05:46:58 +0300] 0:0:0:0:0:0:0:1 "POST /api/auth/signin HTTP/1.1" 200 78 143070 ms
[21/Aug/2025:05:46:58 +0300] 0:0:0:0:0:0:0:1 "GET /images/default.png HTTP/1.1" 401 121 16449 ms
[21/Aug/2025:05:46:58 +0300] 0:0:0:0:0:0:0:1 "GET /api/public/products?undefined HTTP/1.1" 200 1716 55719 ms
[21/Aug/2025:05:46:58 +0300] 0:0:0:0:0:0:0:1 "GET /api/public/products?undefined HTTP/1.1" 200 1716 43007 ms
[21/Aug/2025:05:46:58 +0300] 0:0:0:0:0:0:0:1 "GET /images/default.png HTTP/1.1" 401 121 7096 ms
[21/Aug/2025:05:47:03 +0300] 0:0:0:0:0:0:0:1 "GET /images/http://localhost:8080/images/59208c14-6454-492c-9ab8-d0e81c109be1.jpg HTTP/1.1" 401 121 4980 ms
[21/Aug/2025:05:47:17 +0300] 0:0:0:0:0:0:0:1 "OPTIONS /api/addresses HTTP/1.1" 401 129 4055 ms
[21/Aug/2025:05:47:44 +0300] 0:0:0:0:0:0:0:1 "OPTIONS /api/addresses HTTP/1.1" 401 129 3767 ms
[21/Aug/2025:05:48:21 +0300] 0:0:0:0:0:0:0:1 "GET /api/public/products?undefined HTTP/1.1" 200 1716 620670 ms
[21/Aug/2025:05:48:21 +0300] 0:0:0:0:0:0:0:1 "GET /images/default.png HTTP/1.1" 401 121 39958 ms
[21/Aug/2025:05:48:49 +0300] 0:0:0:0:0:0:0:1 "GET /api/public/products?undefined HTTP/1.1" 200 1716 96208 ms
[21/Aug/2025:05:48:49 +0300] 0:0:0:0:0:0:0:1 "GET /images/default.png HTTP/1.1" 401 121 15239 ms
[21/Aug/2025:05:49:02 +0300] 0:0:0:0:0:0:0:1 "POST /api/auth/signin HTTP/1.1" 200 78 430808 ms
[21/Aug/2025:05:49:02 +0300] 0:0:0:0:0:0:0:1 "GET /images/default.png HTTP/1.1" 401 121 20628 ms
[21/Aug/2025:05:49:02 +0300] 0:0:0:0:0:0:0:1 "GET /api/public/products?undefined HTTP/1.1" 200 1716 63747 ms
[21/Aug/2025:05:49:02 +0300] 0:0:0:0:0:0:0:1 "GET /api/public/products?undefined HTTP/1.1" 200 1716 51279 ms
[21/Aug/2025:05:49:03 +0300] 0:0:0:0:0:0:0:1 "GET /images/default.png HTTP/1.1" 401 121 13758 ms
[21/Aug/2025:05:49:16 +0300] 0:0:0:0:0:0:0:1 "GET /images/http://localhost:8080/images/59208c14-6454-492c-9ab8-d0e81c109be1.jpg HTTP/1.1" 401 121 11926 ms
[21/Aug/2025:05:49:27 +0300] 0:0:0:0:0:0:0:1 "OPTIONS /api/addresses HTTP/1.1" 200 - 11037 ms
[21/Aug/2025:05:49:27 +0300] 0:0:0:0:0:0:0:1 "POST /api/addresses HTTP/1.1" 201 163 192433 ms
[21/Aug/2025:05:56:37 +0300] 0:0:0:0:0:0:0:1 "GET /images/http://localhost:8080/images/59208c14-6454-492c-9ab8-d0e81c109be1.jpg HTTP/1.1" 401 121 175274 ms
[21/Aug/2025:05:56:50 +0300] 0:0:0:0:0:0:0:1 "POST /api/addresses HTTP/1.1" 201 163 588481 ms
[21/Aug/2025:05:59:22 +0300] 0:0:0:0:0:0:0:1 "POST /api/addresses HTTP/1.1" 201 163 175105 ms
[21/Aug/2025:06:00:27 +0300] 0:0:0:0:0:0:0:1 "GET /api/public/products?undefined HTTP/1.1" 200 1716 319738 ms
[21/Aug/2025:06:00:27 +0300] 0:0:0:0:0:0:0:1 "GET /images/default.png HTTP/1.1" 401 121 53453 ms
[21/Aug/2025:06:00:31 +0300] 0:0:0:0:0:0:0:1 "GET /images/http://localhost:8080/images/59208c14-6454-492c-9ab8-d0e81c109be1.jpg HTTP/1.1" 401 121 84519 ms
[21/Aug/2025:06:00:52 +0300] 0:0:0:0:0:0:0:1 "POST /api/addresses HTTP/1.1" 201 163 59266 ms
[21/Aug/2025:06:13:13 +0300] 0:0:0:0:0:0:0:1 "GET /images/http://localhost:8080/images/59208c14-6454-492c-9ab8-d0e81c109be1.jpg HTTP/1.1" 401 121 250385 ms
[21/Aug/2025:06:13:27 +0300] 0:0:0:0:0:0:0:1 "OPTIONS /api/addresses HTTP/1.1" 200 - 69870 ms
[21/Aug/2025:06:13:27 +0300] 0:0:0:0:0:0:0:1 "POST /api/addresses HTTP/1.1" 201 163 570478 ms
[21/Aug/2025:06:16:11 +0300] 0:0:0:0:0:0:0:1 "POST /api/addresses HTTP/1.1" 201 163 313819 ms
[21/Aug/2025:06:20:32 +0300] 0:0:0:0:0:0:0:1 "POST /api/addresses HTTP/1.1" 201 163 275731 ms
[21/Aug/2025:06:24:44 +0300] 0:0:0:0:0:0:0:1 "POST /api/addresses HTTP/1.1" 401 121 553267 ms
[21/Aug/2025:06:25:28 +0300] 0:0:0:0:0:0:0:1 "GET /api/public/products?undefined HTTP/1.1" 200 1716 1066042 ms
[21/Aug/2025:06:25:28 +0300] 0:0:0:0:0:0:0:1 "GET /api/public/products?undefined HTTP/1.1" 200 1716 113354 ms
[21/Aug/2025:06:25:28 +0300] 0:0:0:0:0:0:0:1 "GET /images/default.png HTTP/1.1" 401 121 622213 ms
[21/Aug/2025:06:25:30 +0300] 0:0:0:0:0:0:0:1 "GET /api/public/products?undefined HTTP/1.1" 200 1716 807679 ms
[21/Aug/2025:06:25:31 +0300] 0:0:0:0:0:0:0:1 "GET /images/default.png HTTP/1.1" 401 121 289018 ms
[21/Aug/2025:06:25:38 +0300] 0:0:0:0:0:0:0:1 "OPTIONS /api/auth/signin HTTP/1.1" 200 - 9981 ms
[21/Aug/2025:06:25:39 +0300] 0:0:0:0:0:0:0:1 "POST /api/auth/signin HTTP/1.1" 200 78 805559 ms
[21/Aug/2025:06:25:39 +0300] 0:0:0:0:0:0:0:1 "GET /images/default.png HTTP/1.1" 401 121 18482 ms
[21/Aug/2025:06:25:39 +0300] 0:0:0:0:0:0:0:1 "GET /api/public/products?undefined HTTP/1.1" 200 1716 71652 ms
[21/Aug/2025:06:25:39 +0300] 0:0:0:0:0:0:0:1 "GET /api/public/products?undefined HTTP/1.1" 200 1716 67792 ms
[21/Aug/2025:06:25:40 +0300] 0:0:0:0:0:0:0:1 "GET /images/default.png HTTP/1.1" 401 121 16474 ms
[21/Aug/2025:06:25:47 +0300] 0:0:0:0:0:0:0:1 "GET /images/http://localhost:8080/images/59208c14-6454-492c-9ab8-d0e81c109be1.jpg HTTP/1.1" 401 121 6451 ms
[21/Aug/2025:06:27:06 +0300] 0:0:0:0:0:0:0:1 "POST /api/addresses HTTP/1.1" 401 121 63651 ms
[21/Aug/2025:06:27:34 +0300] 0:0:0:0:0:0:0:1 "GET /api/public/products?undefined HTTP/1.1" 200 1716 87702 ms
[21/Aug/2025:06:27:34 +0300] 0:0:0:0:0:0:0:1 "GET /images/default.png HTTP/1.1" 401 121 10383 ms
[21/Aug/2025:06:27:40 +0300] 0:0:0:0:0:0:0:1 "GET /images/http://localhost:8080/images/59208c14-6454-492c-9ab8-d0e81c109be1.jpg HTTP/1.1" 401 121 6515 ms
[21/Aug/2025:06:27:52 +0300] 0:0:0:0:0:0:0:1 "POST /api/addresses HTTP/1.1" 201 151 116311 ms
[21/Aug/2025:06:28:17 +0300] 0:0:0:0:0:0:0:1 "GET /api/public/products?undefined HTTP/1.1" 200 1716 77164 ms
[21/Aug/2025:06:28:18 +0300] 0:0:0:0:0:0:0:1 "GET /images/default.png HTTP/1.1" 401 121 10187 ms
[21/Aug/2025:06:28:28 +0300] 0:0:0:0:0:0:0:1 "GET /api/public/products?undefined HTTP/1.1" 200 1716 51309 ms
[21/Aug/2025:06:28:29 +0300] 0:0:0:0:0:0:0:1 "GET /images/default.png HTTP/1.1" 401 121 16110 ms
[21/Aug/2025:06:28:37 +0300] 0:0:0:0:0:0:0:1 "POST /api/auth/signin HTTP/1.1" 200 78 178145 ms
[21/Aug/2025:06:28:37 +0300] 0:0:0:0:0:0:0:1 "GET /images/default.png HTTP/1.1" 401 121 13163 ms
[21/Aug/2025:06:28:37 +0300] 0:0:0:0:0:0:0:1 "GET /api/public/products?undefined HTTP/1.1" 200 1716 70119 ms
[21/Aug/2025:06:28:37 +0300] 0:0:0:0:0:0:0:1 "GET /api/public/products?undefined HTTP/1.1" 200 1716 38448 ms
[21/Aug/2025:06:28:37 +0300] 0:0:0:0:0:0:0:1 "GET /images/default.png HTTP/1.1" 401 121 25280 ms
[21/Aug/2025:06:28:44 +0300] 0:0:0:0:0:0:0:1 "GET /images/http://localhost:8080/images/59208c14-6454-492c-9ab8-d0e81c109be1.jpg HTTP/1.1" 401 121 6921 ms
[21/Aug/2025:06:28:58 +0300] 0:0:0:0:0:0:0:1 "POST /api/addresses HTTP/1.1" 401 121 40162 ms
[21/Aug/2025:06:29:13 +0300] 0:0:0:0:0:0:0:1 "POST /api/addresses HTTP/1.1" 201 147 43405 ms
[21/Aug/2025:06:30:12 +0300] 0:0:0:0:0:0:0:1 "POST /api/addresses HTTP/1.1" 201 141 146892 ms
[21/Aug/2025:06:30:23 +0300] 0:0:0:0:0:0:0:1 "POST /api/addresses HTTP/1.1" 401 121 44565 ms
[21/Aug/2025:06:31:33 +0300] 0:0:0:0:0:0:0:1 "POST /api/addresses HTTP/1.1" 201 117 648932 ms
[21/Aug/2025:06:54:48 +0300] 0:0:0:0:0:0:0:1 "GET /api/public/products?undefined HTTP/1.1" 200 1716 5131371 ms
[21/Aug/2025:06:54:50 +0300] 0:0:0:0:0:0:0:1 "GET /images/59208c14-6454-492c-9ab8-d0e81c109be1.jpg HTTP/1.1" 304 - 18636 ms
[21/Aug/2025:06:54:50 +0300] 0:0:0:0:0:0:0:1 "GET /images/7217fa9e-a5ee-453c-8771-c339405aac81.png HTTP/1.1" 304 - 18662 ms
[21/Aug/2025:06:54:50 +0300] 0:0:0:0:0:0:0:1 "GET /images/default.png HTTP/1.1" 401 121 47099 ms
[21/Aug/2025:06:54:51 +0300] 0:0:0:0:0:0:0:1 "GET /images/http://localhost:8080/images/59208c14-6454-492c-9ab8-d0e81c109be1.jpg HTTP/1.1" 401 121 12630 ms
[21/Aug/2025:06:54:53 +0300] 0:0:0:0:0:0:0:1 "GET /api/users/addresses HTTP/1.1" 200 3048 65478 ms
[21/Aug/2025:06:54:53 +0300] 0:0:0:0:0:0:0:1 "GET /api/users/addresses HTTP/1.1" 200 3048 49353 ms
[21/Aug/2025:06:55:01 +0300] 0:0:0:0:0:0:0:1 "OPTIONS /api/addresses HTTP/1.1" 200 - 6299 ms
[21/Aug/2025:06:55:01 +0300] 0:0:0:0:0:0:0:1 "POST /api/addresses HTTP/1.1" 201 128 288777 ms
[21/Aug/2025:06:55:51 +0300] 0:0:0:0:0:0:0:1 "GET /api/addresses HTTP/1.1" 200 4389 54240 ms
[21/Aug/2025:06:56:38 +0300] 0:0:0:0:0:0:0:1 "GET /api/users/addresses HTTP/1.1" 200 3166 57651 ms
