[06/Sep/2025:09:04:36 +0300] 0:0:0:0:0:0:0:1 "GET /swagger-ui/index.html HTTP/1.1" 200 734 97926 ms
[06/Sep/2025:09:04:36 +0300] 0:0:0:0:0:0:0:1 "GET /swagger-ui/swagger-ui.css HTTP/1.1" 200 154986 48709 ms
[06/Sep/2025:09:04:36 +0300] 0:0:0:0:0:0:0:1 "GET /swagger-ui/index.css HTTP/1.1" 200 202 402244 ms
[06/Sep/2025:09:04:36 +0300] 0:0:0:0:0:0:0:1 "GET /swagger-ui/swagger-ui-standalone-preset.js HTTP/1.1" 200 229223 316931 ms
[06/Sep/2025:09:04:36 +0300] 0:0:0:0:0:0:0:1 "GET /swagger-ui/swagger-ui-bundle.js HTTP/1.1" 200 1468326 344479 ms
[06/Sep/2025:09:04:36 +0300] 0:0:0:0:0:0:0:1 "GET /swagger-ui/swagger-initializer.js HTTP/1.1" 200 615 369128 ms
[06/Sep/2025:09:04:36 +0300] 0:0:0:0:0:0:0:1 "GET /swagger-ui/favicon-32x32.png HTTP/1.1" 200 628 8920 ms
[06/Sep/2025:09:04:36 +0300] 0:0:0:0:0:0:0:1 "GET /v3/api-docs/swagger-config HTTP/1.1" 200 378 112498 ms
[06/Sep/2025:09:04:37 +0300] 0:0:0:0:0:0:0:1 "GET /v3/api-docs/Admin HTTP/1.1" 200 7623 786928 ms
[06/Sep/2025:09:08:01 +0300] 0:0:0:0:0:0:0:1 "POST /api/auth/signin HTTP/1.1" 200 367 1147164 ms
[06/Sep/2025:09:08:29 +0300] 0:0:0:0:0:0:0:1 "GET /swagger-ui/index.html HTTP/1.1" 200 734 12931 ms
[06/Sep/2025:09:08:29 +0300] 0:0:0:0:0:0:0:1 "GET /swagger-ui/swagger-ui.css HTTP/1.1" 200 154986 9871 ms
[06/Sep/2025:09:08:29 +0300] 0:0:0:0:0:0:0:1 "GET /swagger-ui/index.css HTTP/1.1" 200 202 7768 ms
[06/Sep/2025:09:08:29 +0300] 0:0:0:0:0:0:0:1 "GET /swagger-ui/swagger-initializer.js HTTP/1.1" 200 615 7109 ms
[06/Sep/2025:09:08:29 +0300] 0:0:0:0:0:0:0:1 "GET /swagger-ui/swagger-ui-standalone-preset.js HTTP/1.1" 200 229223 23387 ms
[06/Sep/2025:09:08:29 +0300] 0:0:0:0:0:0:0:1 "GET /swagger-ui/swagger-ui-bundle.js HTTP/1.1" 200 1468326 34739 ms
[06/Sep/2025:09:08:30 +0300] 0:0:0:0:0:0:0:1 "GET /v3/api-docs/swagger-config HTTP/1.1" 200 378 11677 ms
[06/Sep/2025:09:08:30 +0300] 0:0:0:0:0:0:0:1 "GET /swagger-ui/favicon-32x32.png HTTP/1.1" 200 628 10979 ms
[06/Sep/2025:09:08:30 +0300] 0:0:0:0:0:0:0:1 "GET /v3/api-docs/Admin HTTP/1.1" 200 7623 20769 ms
[06/Sep/2025:09:27:57 +0300] 0:0:0:0:0:0:0:1 "GET /v3/api-docs HTTP/1.1" 200 23136 1834407 ms
[06/Sep/2025:09:27:58 +0300] 0:0:0:0:0:0:0:1 "GET /favicon.ico HTTP/1.1" 401 127 9294 ms
[06/Sep/2025:09:29:35 +0300] 0:0:0:0:0:0:0:1 "GET /.well-known/appspecific/com.chrome.devtools.json HTTP/1.1" 401 164 4716 ms
[06/Sep/2025:09:29:35 +0300] 0:0:0:0:0:0:0:1 "GET /swagger-ui/index.css HTTP/1.1" 200 202 5304 ms
[06/Sep/2025:09:29:35 +0300] 0:0:0:0:0:0:0:1 "GET /swagger-ui/swagger-ui.css HTTP/1.1" 200 154986 9051 ms
[06/Sep/2025:09:29:35 +0300] 0:0:0:0:0:0:0:1 "GET /swagger-ui/swagger-ui.css.map HTTP/1.1" 200 258848 33243 ms
[06/Sep/2025:09:37:19 +0300] 0:0:0:0:0:0:0:1 "GET /swagger-ui/index.html HTTP/1.1" 200 734 302760 ms
[06/Sep/2025:09:37:19 +0300] 0:0:0:0:0:0:0:1 "GET /swagger-ui/index.css HTTP/1.1" 200 202 11784 ms
[06/Sep/2025:09:37:19 +0300] 0:0:0:0:0:0:0:1 "GET /swagger-ui/swagger-ui.css HTTP/1.1" 200 154986 16554 ms
[06/Sep/2025:09:37:19 +0300] 0:0:0:0:0:0:0:1 "GET /swagger-ui/swagger-ui-standalone-preset.js HTTP/1.1" 200 229223 18871 ms
[06/Sep/2025:09:37:19 +0300] 0:0:0:0:0:0:0:1 "GET /swagger-ui/swagger-ui-bundle.js HTTP/1.1" 200 1468326 33098 ms
[06/Sep/2025:09:37:19 +0300] 0:0:0:0:0:0:0:1 "GET /swagger-ui/swagger-initializer.js HTTP/1.1" 200 615 58638 ms
[06/Sep/2025:09:37:19 +0300] 0:0:0:0:0:0:0:1 "GET /swagger-ui/favicon-32x32.png HTTP/1.1" 200 628 9515 ms
[06/Sep/2025:09:37:19 +0300] 0:0:0:0:0:0:0:1 "GET /v3/api-docs/swagger-config HTTP/1.1" 200 378 119102 ms
[06/Sep/2025:09:37:20 +0300] 0:0:0:0:0:0:0:1 "GET /v3/api-docs/Admin HTTP/1.1" 200 7623 903214 ms
[06/Sep/2025:09:38:51 +0300] 0:0:0:0:0:0:0:1 "GET /v3/api-docs HTTP/1.1" 200 23136 614642 ms
[06/Sep/2025:09:38:51 +0300] 0:0:0:0:0:0:0:1 "GET /favicon.ico HTTP/1.1" 401 127 8063 ms
[06/Sep/2025:09:54:50 +0300] 0:0:0:0:0:0:0:1 "GET /v3/api-docs/User HTTP/1.1" 200 7860 328900 ms
[06/Sep/2025:09:56:17 +0300] 0:0:0:0:0:0:0:1 "GET /v3/api-docs/Public HTTP/1.1" 200 4632 214052 ms
[06/Sep/2025:09:56:21 +0300] 0:0:0:0:0:0:0:1 "GET /v3/api-docs/Admin HTTP/1.1" 200 7623 8622 ms
[06/Sep/2025:10:10:07 +0300] 0:0:0:0:0:0:0:1 "GET /swagger-ui/index.html HTTP/1.1" 200 734 178962 ms
[06/Sep/2025:10:10:07 +0300] 0:0:0:0:0:0:0:1 "GET /swagger-ui/swagger-ui.css HTTP/1.1" 200 154986 15445 ms
[06/Sep/2025:10:10:07 +0300] 0:0:0:0:0:0:0:1 "GET /swagger-ui/index.css HTTP/1.1" 200 202 10456 ms
[06/Sep/2025:10:10:07 +0300] 0:0:0:0:0:0:0:1 "GET /swagger-ui/swagger-initializer.js HTTP/1.1" 200 615 47180 ms
[06/Sep/2025:10:10:07 +0300] 0:0:0:0:0:0:0:1 "GET /swagger-ui/swagger-ui-standalone-preset.js HTTP/1.1" 200 229223 57833 ms
[06/Sep/2025:10:10:07 +0300] 0:0:0:0:0:0:0:1 "GET /swagger-ui/swagger-ui-bundle.js HTTP/1.1" 200 1468326 70403 ms
[06/Sep/2025:10:10:07 +0300] 0:0:0:0:0:0:0:1 "GET /v3/api-docs/swagger-config HTTP/1.1" 200 294 112198 ms
[06/Sep/2025:10:10:08 +0300] 0:0:0:0:0:0:0:1 "GET /v3/api-docs/Admin HTTP/1.1" 200 7722 719497 ms
[06/Sep/2025:10:10:17 +0300] 0:0:0:0:0:0:0:1 "GET /v3/api-docs/Public HTTP/1.1" 200 14506 379619 ms
[06/Sep/2025:10:10:29 +0300] 0:0:0:0:0:0:0:1 "GET /v3/api-docs/Seller HTTP/1.1" 200 6193 186015 ms
[06/Sep/2025:10:10:36 +0300] 0:0:0:0:0:0:0:1 "GET /v3/api-docs/Admin HTTP/1.1" 200 7722 5742 ms
[06/Sep/2025:10:13:50 +0300] 0:0:0:0:0:0:0:1 "GET /api/admin/orders?pageNumber=0&pageSize=5&sortBy=totalAmount&sortOrder=asc HTTP/1.1" 401 132 7118 ms
[06/Sep/2025:10:14:05 +0300] 0:0:0:0:0:0:0:1 "GET /v3/api-docs/Public HTTP/1.1" 200 14506 8580 ms
[06/Sep/2025:10:14:37 +0300] 0:0:0:0:0:0:0:1 "GET /api/addresses HTTP/1.1" 401 129 4645 ms
[06/Sep/2025:10:20:52 +0300] 0:0:0:0:0:0:0:1 "GET /swagger-ui/index.html?urls.primaryName=Public HTTP/1.1" 200 734 101225 ms
[06/Sep/2025:10:20:52 +0300] 0:0:0:0:0:0:0:1 "GET /swagger-ui/swagger-ui.css HTTP/1.1" 200 154986 9363 ms
[06/Sep/2025:10:20:52 +0300] 0:0:0:0:0:0:0:1 "GET /swagger-ui/index.css HTTP/1.1" 200 202 8185 ms
[06/Sep/2025:10:20:52 +0300] 0:0:0:0:0:0:0:1 "GET /swagger-ui/swagger-ui-standalone-preset.js HTTP/1.1" 200 229223 52428 ms
[06/Sep/2025:10:20:52 +0300] 0:0:0:0:0:0:0:1 "GET /swagger-ui/swagger-ui-bundle.js HTTP/1.1" 200 1468326 70311 ms
[06/Sep/2025:10:20:52 +0300] 0:0:0:0:0:0:0:1 "GET /swagger-ui/swagger-initializer.js HTTP/1.1" 200 615 50874 ms
[06/Sep/2025:10:20:52 +0300] 0:0:0:0:0:0:0:1 "GET /swagger-ui/favicon-32x32.png HTTP/1.1" 200 628 9388 ms
[06/Sep/2025:10:20:52 +0300] 0:0:0:0:0:0:0:1 "GET /v3/api-docs/swagger-config HTTP/1.1" 200 294 73183 ms
[06/Sep/2025:10:20:53 +0300] 0:0:0:0:0:0:0:1 "GET /v3/api-docs/Public HTTP/1.1" 200 20307 572201 ms
[06/Sep/2025:10:40:33 +0300] 0:0:0:0:0:0:0:1 "GET /swagger-ui/index.html?urls.primaryName=Public HTTP/1.1" 200 734 123289 ms
[06/Sep/2025:10:40:33 +0300] 0:0:0:0:0:0:0:1 "GET /swagger-ui/swagger-ui.css HTTP/1.1" 200 154986 9460 ms
[06/Sep/2025:10:40:33 +0300] 0:0:0:0:0:0:0:1 "GET /swagger-ui/index.css HTTP/1.1" 200 202 11182 ms
[06/Sep/2025:10:40:33 +0300] 127.0.0.1 "GET /swagger-ui/swagger-ui-standalone-preset.js HTTP/1.1" 200 229223 24222 ms
[06/Sep/2025:10:40:33 +0300] 0:0:0:0:0:0:0:1 "GET /swagger-ui/swagger-ui-bundle.js HTTP/1.1" 200 1468326 36682 ms
[06/Sep/2025:10:40:33 +0300] 0:0:0:0:0:0:0:1 "GET /swagger-ui/swagger-initializer.js HTTP/1.1" 200 615 52924 ms
[06/Sep/2025:10:40:33 +0300] 0:0:0:0:0:0:0:1 "GET /swagger-ui/favicon-32x32.png HTTP/1.1" 200 628 16643 ms
[06/Sep/2025:10:40:34 +0300] 0:0:0:0:0:0:0:1 "GET /v3/api-docs/swagger-config HTTP/1.1" 200 294 130614 ms
[06/Sep/2025:10:40:34 +0300] 0:0:0:0:0:0:0:1 "GET /v3/api-docs/Public HTTP/1.1" 200 17215 665336 ms
[06/Sep/2025:10:41:18 +0300] 0:0:0:0:0:0:0:1 "GET /api/public/categories?pageNumber=0&pageSize=10&sortBy=categoryId&sortOrder=asc HTTP/1.1" 400 59 37242 ms
[06/Sep/2025:10:42:02 +0300] 0:0:0:0:0:0:0:1 "POST /api/auth/signin HTTP/1.1" 200 340 534390 ms
[06/Sep/2025:10:42:24 +0300] 0:0:0:0:0:0:0:1 "GET /api/public/products?keyword=iphone&category=Phones&pageNumber=0&pageSize=12&sortBy=productId&sortOrder=asc HTTP/1.1" 200 103 125641 ms
[06/Sep/2025:10:42:38 +0300] 0:0:0:0:0:0:0:1 "GET /v3/api-docs/Admin HTTP/1.1" 200 9606 280885 ms
[06/Sep/2025:10:42:45 +0300] 0:0:0:0:0:0:0:1 "GET /api/admin/products?pageNumber=0&pageSize=12&sortBy=productId&sortOrder=asc HTTP/1.1" 401 121 32336 ms
[06/Sep/2025:10:43:11 +0300] 0:0:0:0:0:0:0:1 "PUT /api/admin/products/101 HTTP/1.1" 401 121 21518 ms
[06/Sep/2025:10:43:17 +0300] 0:0:0:0:0:0:0:1 "GET /v3/api-docs/Seller HTTP/1.1" 200 7536 191758 ms
[06/Sep/2025:10:43:44 +0300] 0:0:0:0:0:0:0:1 "PUT /api/seller/products/1 HTTP/1.1" 401 121 15130 ms
[06/Sep/2025:10:43:53 +0300] 0:0:0:0:0:0:0:1 "GET /v3/api-docs/Public HTTP/1.1" 200 17215 7130 ms
[06/Sep/2025:10:43:59 +0300] 0:0:0:0:0:0:0:1 "POST /api/auth/signout HTTP/1.1" 200 49 30331 ms
[06/Sep/2025:10:44:22 +0300] 0:0:0:0:0:0:0:1 "POST /api/auth/signin HTTP/1.1" 200 367 161874 ms
[06/Sep/2025:10:44:28 +0300] 0:0:0:0:0:0:0:1 "GET /v3/api-docs/Admin HTTP/1.1" 200 9606 5757 ms
[06/Sep/2025:10:48:17 +0300] 0:0:0:0:0:0:0:1 "GET /swagger-ui/index.html HTTP/1.1" 200 734 92193 ms
[06/Sep/2025:10:48:17 +0300] 0:0:0:0:0:0:0:1 "GET /swagger-ui/index.css HTTP/1.1" 200 202 19610 ms
[06/Sep/2025:10:48:17 +0300] 0:0:0:0:0:0:0:1 "GET /swagger-ui/swagger-ui.css HTTP/1.1" 200 154986 29254 ms
[06/Sep/2025:10:48:17 +0300] 0:0:0:0:0:0:0:1 "GET /swagger-ui/swagger-ui-standalone-preset.js HTTP/1.1" 200 229223 30274 ms
[06/Sep/2025:10:48:17 +0300] 0:0:0:0:0:0:0:1 "GET /swagger-ui/swagger-initializer.js HTTP/1.1" 200 615 49600 ms
[06/Sep/2025:10:48:17 +0300] 0:0:0:0:0:0:0:1 "GET /swagger-ui/swagger-ui-bundle.js HTTP/1.1" 200 1468326 73498 ms
[06/Sep/2025:10:48:17 +0300] 0:0:0:0:0:0:0:1 "GET /swagger-ui/favicon-32x32.png HTTP/1.1" 200 628 8747 ms
[06/Sep/2025:10:48:17 +0300] 0:0:0:0:0:0:0:1 "GET /v3/api-docs/swagger-config HTTP/1.1" 200 294 55336 ms
[06/Sep/2025:10:48:18 +0300] 0:0:0:0:0:0:0:1 "GET /v3/api-docs/Admin HTTP/1.1" 200 9606 392779 ms
[06/Sep/2025:10:54:04 +0300] 0:0:0:0:0:0:0:1 "POST /api/admin/categories HTTP/1.1" 201 51 450659 ms
[06/Sep/2025:10:55:06 +0300] 0:0:0:0:0:0:0:1 "POST /api/admin/categories/1/product HTTP/1.1" 201 156 166721 ms
[06/Sep/2025:10:55:45 +0300] 0:0:0:0:0:0:0:1 "GET /api/public/products?undefined HTTP/1.1" 200 277 145628 ms
[06/Sep/2025:10:55:45 +0300] 0:0:0:0:0:0:0:1 "GET /images/default.png HTTP/1.1" 401 121 92823 ms
[06/Sep/2025:10:56:49 +0300] 0:0:0:0:0:0:0:1 "GET /api/admin/app/analytics HTTP/1.1" 200 70 463806 ms
[06/Sep/2025:10:56:49 +0300] 0:0:0:0:0:0:0:1 "GET /api/admin/app/analytics HTTP/1.1" 200 70 43070 ms
[06/Sep/2025:10:56:52 +0300] 0:0:0:0:0:0:0:1 "GET /api/admin/products?pageNumber=0&sortBy=price&sortOrder=asc HTTP/1.1" 200 277 80482 ms
[06/Sep/2025:10:56:52 +0300] 0:0:0:0:0:0:0:1 "GET /api/admin/products?pageNumber=0&sortBy=price&sortOrder=asc HTTP/1.1" 200 277 46491 ms
[06/Sep/2025:10:56:56 +0300] 0:0:0:0:0:0:0:1 "GET /api/admin/app/analytics HTTP/1.1" 200 70 46949 ms
[06/Sep/2025:10:56:56 +0300] 0:0:0:0:0:0:0:1 "GET /api/admin/app/analytics HTTP/1.1" 200 70 40955 ms
[06/Sep/2025:10:56:59 +0300] 0:0:0:0:0:0:0:1 "GET /api/admin/products?pageNumber=0&sortBy=price&sortOrder=asc HTTP/1.1" 200 277 48839 ms
[06/Sep/2025:10:56:59 +0300] 0:0:0:0:0:0:0:1 "GET /api/admin/products?pageNumber=0&sortBy=price&sortOrder=asc HTTP/1.1" 200 277 43695 ms
[06/Sep/2025:10:57:03 +0300] 0:0:0:0:0:0:0:1 "GET /images/default.png HTTP/1.1" 401 121 33401 ms
[06/Sep/2025:10:57:03 +0300] 0:0:0:0:0:0:0:1 "GET /api/public/products?undefined HTTP/1.1" 200 277 59788 ms
[06/Sep/2025:10:57:03 +0300] 0:0:0:0:0:0:0:1 "GET /api/public/products?undefined HTTP/1.1" 200 277 49573 ms
[06/Sep/2025:10:57:03 +0300] 0:0:0:0:0:0:0:1 "GET /images/default.png HTTP/1.1" 401 121 11442 ms
[06/Sep/2025:10:57:08 +0300] 0:0:0:0:0:0:0:1 "GET /images/http://localhost:8080/images/default.png HTTP/1.1" 401 121 9124 ms
[06/Sep/2025:10:57:10 +0300] 0:0:0:0:0:0:0:1 "GET /api/users/addresses HTTP/1.1" 200 12 145639 ms
[06/Sep/2025:10:57:10 +0300] 0:0:0:0:0:0:0:1 "GET /api/users/addresses HTTP/1.1" 200 12 66439 ms
[06/Sep/2025:10:57:17 +0300] 0:0:0:0:0:0:0:1 "OPTIONS /api/addresses HTTP/1.1" 200 - 4407 ms
[06/Sep/2025:10:57:17 +0300] 0:0:0:0:0:0:0:1 "POST /api/addresses HTTP/1.1" 201 170 138829 ms
[06/Sep/2025:10:57:17 +0300] 0:0:0:0:0:0:0:1 "GET /api/users/addresses HTTP/1.1" 200 172 35656 ms
[06/Sep/2025:10:57:20 +0300] 0:0:0:0:0:0:0:1 "OPTIONS /api/cart/create HTTP/1.1" 200 - 2012 ms
[06/Sep/2025:10:57:20 +0300] 0:0:0:0:0:0:0:1 "OPTIONS /api/cart/create HTTP/1.1" 200 - 1355 ms
[06/Sep/2025:10:57:20 +0300] 0:0:0:0:0:0:0:1 "POST /api/cart/create HTTP/1.1" 201 25 96847 ms
[06/Sep/2025:10:57:20 +0300] 0:0:0:0:0:0:0:1 "GET /api/carts/users/cart HTTP/1.1" 200 199 49939 ms
[06/Sep/2025:10:57:20 +0300] 0:0:0:0:0:0:0:1 "POST /api/cart/create HTTP/1.1" 401 121 153469 ms
[06/Sep/2025:10:58:16 +0300] 0:0:0:0:0:0:0:1 "OPTIONS /api/order/stripe-client-secret HTTP/1.1" 200 - 3306 ms
[06/Sep/2025:10:58:18 +0300] 0:0:0:0:0:0:0:1 "POST /api/order/stripe-client-secret HTTP/1.1" 201 60 2250786 ms
[06/Sep/2025:10:58:30 +0300] 0:0:0:0:0:0:0:1 "OPTIONS /api/order/users/payments/Stripe HTTP/1.1" 200 - 3077 ms
[06/Sep/2025:10:58:31 +0300] 0:0:0:0:0:0:0:1 "POST /api/order/users/payments/Stripe HTTP/1.1" 201 556 250464 ms
[06/Sep/2025:10:58:49 +0300] 0:0:0:0:0:0:0:1 "GET /api/public/products?undefined HTTP/1.1" 200 277 51325 ms
[06/Sep/2025:10:58:50 +0300] 0:0:0:0:0:0:0:1 "GET /api/public/products?undefined HTTP/1.1" 200 277 54237 ms
[06/Sep/2025:10:58:50 +0300] 0:0:0:0:0:0:0:1 "GET /images/default.png HTTP/1.1" 401 121 7220 ms
[06/Sep/2025:10:58:52 +0300] 0:0:0:0:0:0:0:1 "GET /images/default.png HTTP/1.1" 401 121 7192 ms
[06/Sep/2025:10:58:55 +0300] 0:0:0:0:0:0:0:1 "GET /api/admin/app/analytics HTTP/1.1" 200 70 44596 ms
[06/Sep/2025:10:58:55 +0300] 0:0:0:0:0:0:0:1 "GET /api/admin/app/analytics HTTP/1.1" 200 70 34580 ms
[06/Sep/2025:10:58:59 +0300] 0:0:0:0:0:0:0:1 "GET /images/default.png HTTP/1.1" 401 121 6347 ms
[06/Sep/2025:10:58:59 +0300] 0:0:0:0:0:0:0:1 "GET /api/public/products?pageNumber=0&sortBy=price&sortOrder=asc HTTP/1.1" 200 277 43012 ms
[06/Sep/2025:10:58:59 +0300] 0:0:0:0:0:0:0:1 "GET /api/public/categories HTTP/1.1" 200 142 45270 ms
[06/Sep/2025:10:58:59 +0300] 0:0:0:0:0:0:0:1 "GET /api/public/categories HTTP/1.1" 200 142 23097 ms
[06/Sep/2025:10:58:59 +0300] 0:0:0:0:0:0:0:1 "GET /images/default.png HTTP/1.1" 401 121 5289 ms
[06/Sep/2025:10:58:59 +0300] 0:0:0:0:0:0:0:1 "GET /api/public/products?pageNumber=0&sortBy=price&sortOrder=asc HTTP/1.1" 200 277 29153 ms
[06/Sep/2025:10:59:02 +0300] 0:0:0:0:0:0:0:1 "GET /images/http://localhost:8080/images/default.png HTTP/1.1" 401 121 3801 ms
[06/Sep/2025:10:59:33 +0300] 0:0:0:0:0:0:0:1 "GET /api/users/addresses HTTP/1.1" 200 172 31916 ms
[06/Sep/2025:10:59:33 +0300] 0:0:0:0:0:0:0:1 "GET /api/users/addresses HTTP/1.1" 200 172 32730 ms
[06/Sep/2025:10:59:34 +0300] 0:0:0:0:0:0:0:1 "GET /images/default.png HTTP/1.1" 401 121 6810 ms
[06/Sep/2025:10:59:34 +0300] 0:0:0:0:0:0:0:1 "GET /api/public/products?undefined HTTP/1.1" 200 277 49478 ms
[06/Sep/2025:10:59:34 +0300] 0:0:0:0:0:0:0:1 "GET /api/public/products?undefined HTTP/1.1" 200 277 41081 ms
[06/Sep/2025:10:59:34 +0300] 0:0:0:0:0:0:0:1 "GET /images/default.png HTTP/1.1" 401 121 10644 ms
[06/Sep/2025:10:59:49 +0300] 0:0:0:0:0:0:0:1 "GET /api/admin/app/analytics HTTP/1.1" 200 70 44749 ms
[06/Sep/2025:10:59:49 +0300] 0:0:0:0:0:0:0:1 "GET /api/admin/app/analytics HTTP/1.1" 200 70 25291 ms
[06/Sep/2025:11:00:11 +0300] 0:0:0:0:0:0:0:1 "GET /api/auth/sellers?pageNumber=0 HTTP/1.1" 200 636 72949 ms
[06/Sep/2025:11:00:11 +0300] 0:0:0:0:0:0:0:1 "GET /api/auth/sellers?pageNumber=0 HTTP/1.1" 200 636 34104 ms
[06/Sep/2025:11:00:19 +0300] 0:0:0:0:0:0:0:1 "GET /api/admin/orders?pageNumber=0 HTTP/1.1" 200 647 44604 ms
[06/Sep/2025:11:00:19 +0300] 0:0:0:0:0:0:0:1 "GET /api/admin/orders?pageNumber=0 HTTP/1.1" 200 647 32478 ms
[06/Sep/2025:11:00:31 +0300] 0:0:0:0:0:0:0:1 "OPTIONS /api/admin/orders/1/status HTTP/1.1" 200 - 1318 ms
[06/Sep/2025:11:00:31 +0300] 0:0:0:0:0:0:0:1 "PUT /api/admin/orders/1/status HTTP/1.1" 200 557 50375 ms
[06/Sep/2025:11:00:31 +0300] 0:0:0:0:0:0:0:1 "GET /api/seller/orders?undefined HTTP/1.1" 200 648 33164 ms
[06/Sep/2025:11:00:35 +0300] 0:0:0:0:0:0:0:1 "GET /api/admin/app/analytics HTTP/1.1" 200 70 46196 ms
[06/Sep/2025:11:00:35 +0300] 0:0:0:0:0:0:0:1 "GET /api/admin/app/analytics HTTP/1.1" 200 70 23271 ms
[06/Sep/2025:11:00:36 +0300] 0:0:0:0:0:0:0:1 "GET /api/admin/products?pageNumber=0&sortBy=price&sortOrder=asc HTTP/1.1" 200 277 28055 ms
[06/Sep/2025:11:00:36 +0300] 0:0:0:0:0:0:0:1 "GET /api/admin/products?pageNumber=0&sortBy=price&sortOrder=asc HTTP/1.1" 200 277 27463 ms
[06/Sep/2025:11:00:42 +0300] 0:0:0:0:0:0:0:1 "GET /images/default.png HTTP/1.1" 401 121 4962 ms
[06/Sep/2025:11:00:48 +0300] 0:0:0:0:0:0:0:1 "GET /images/default.png HTTP/1.1" 401 121 9136 ms
[06/Sep/2025:11:00:48 +0300] 0:0:0:0:0:0:0:1 "GET /api/public/products?undefined HTTP/1.1" 200 277 29971 ms
[06/Sep/2025:11:00:48 +0300] 0:0:0:0:0:0:0:1 "GET /images/default.png HTTP/1.1" 401 121 27721 ms
[06/Sep/2025:11:00:48 +0300] 0:0:0:0:0:0:0:1 "GET /api/public/products?undefined HTTP/1.1" 200 277 42804 ms
[06/Sep/2025:11:02:58 +0300] 0:0:0:0:0:0:0:1 "POST /api/auth/signout HTTP/1.1" 200 49 169722 ms
