[12/Sep/2025:11:06:39 +0300] 0:0:0:0:0:0:0:1 "POST /api/auth/signout HTTP/1.1" 200 49 809073 ms
[12/Sep/2025:11:07:08 +0300] 0:0:0:0:0:0:0:1 "OPTIONS /api/auth/signin HTTP/1.1" 200 - 6726 ms
[12/Sep/2025:11:07:10 +0300] 0:0:0:0:0:0:0:1 "POST /api/auth/signin HTTP/1.1" 200 367 1344447 ms
[12/Sep/2025:11:07:10 +0300] 0:0:0:0:0:0:0:1 "GET /api/public/products?undefined HTTP/1.1" 200 102 343462 ms
[12/Sep/2025:11:07:10 +0300] 0:0:0:0:0:0:0:1 "GET /api/public/products?undefined HTTP/1.1" 200 102 49681 ms
[12/Sep/2025:11:07:22 +0300] 0:0:0:0:0:0:0:1 "GET /api/public/categories HTTP/1.1" 400 59 72838 ms
[12/Sep/2025:11:07:22 +0300] 0:0:0:0:0:0:0:1 "GET /api/public/products?pageNumber=0&sortBy=price&sortOrder=asc HTTP/1.1" 200 102 100387 ms
[12/Sep/2025:11:07:22 +0300] 0:0:0:0:0:0:0:1 "GET /api/public/categories HTTP/1.1" 400 59 51278 ms
[12/Sep/2025:11:07:22 +0300] 0:0:0:0:0:0:0:1 "GET /api/public/products?pageNumber=0&sortBy=price&sortOrder=asc HTTP/1.1" 200 102 40780 ms
[12/Sep/2025:11:28:08 +0300] 0:0:0:0:0:0:0:1 "GET /api/admin/app/analytics HTTP/1.1" 200 70 1889733 ms
[12/Sep/2025:11:28:08 +0300] 0:0:0:0:0:0:0:1 "GET /api/admin/app/analytics HTTP/1.1" 200 70 258144 ms
[12/Sep/2025:11:28:09 +0300] 0:0:0:0:0:0:0:1 "GET /api/admin/products?pageNumber=0&sortBy=price&sortOrder=asc HTTP/1.1" 200 102 109051 ms
[12/Sep/2025:11:28:09 +0300] 0:0:0:0:0:0:0:1 "GET /api/admin/products?pageNumber=0&sortBy=price&sortOrder=asc HTTP/1.1" 200 102 45792 ms
[12/Sep/2025:11:28:12 +0300] 0:0:0:0:0:0:0:1 "GET /api/public/categories HTTP/1.1" 400 59 73809 ms
[12/Sep/2025:11:28:12 +0300] 0:0:0:0:0:0:0:1 "GET /api/public/categories HTTP/1.1" 400 59 273008 ms
[12/Sep/2025:11:28:26 +0300] 0:0:0:0:0:0:0:1 "GET /api/public/products?undefined HTTP/1.1" 200 102 57104 ms
[12/Sep/2025:11:28:26 +0300] 0:0:0:0:0:0:0:1 "GET /api/public/products?undefined HTTP/1.1" 200 102 107472 ms
[12/Sep/2025:11:28:30 +0300] 0:0:0:0:0:0:0:1 "POST /api/auth/signout HTTP/1.1" 200 49 58950 ms
[12/Sep/2025:11:28:52 +0300] 0:0:0:0:0:0:0:1 "POST /api/auth/signin HTTP/1.1" 200 367 166503 ms
[12/Sep/2025:11:28:52 +0300] 0:0:0:0:0:0:0:1 "GET /api/public/products?undefined HTTP/1.1" 200 102 65866 ms
[12/Sep/2025:11:28:52 +0300] 0:0:0:0:0:0:0:1 "GET /api/public/products?undefined HTTP/1.1" 200 102 100004 ms
[12/Sep/2025:11:28:56 +0300] 0:0:0:0:0:0:0:1 "GET /api/admin/app/analytics HTTP/1.1" 200 70 173923 ms
[12/Sep/2025:11:28:56 +0300] 0:0:0:0:0:0:0:1 "GET /api/admin/app/analytics HTTP/1.1" 200 70 45506 ms
[12/Sep/2025:11:28:58 +0300] 0:0:0:0:0:0:0:1 "GET /api/admin/products?pageNumber=0&sortBy=price&sortOrder=asc HTTP/1.1" 200 102 61325 ms
[12/Sep/2025:11:28:58 +0300] 0:0:0:0:0:0:0:1 "GET /api/admin/products?pageNumber=0&sortBy=price&sortOrder=asc HTTP/1.1" 200 102 52449 ms
[12/Sep/2025:11:29:00 +0300] 0:0:0:0:0:0:0:1 "GET /api/public/categories HTTP/1.1" 400 59 40347 ms
[12/Sep/2025:11:29:00 +0300] 0:0:0:0:0:0:0:1 "GET /api/public/categories HTTP/1.1" 400 59 44067 ms
[12/Sep/2025:11:29:11 +0300] 0:0:0:0:0:0:0:1 "GET /api/public/products?undefined HTTP/1.1" 200 102 100530 ms
[12/Sep/2025:11:29:11 +0300] 0:0:0:0:0:0:0:1 "GET /api/public/products?undefined HTTP/1.1" 200 102 64379 ms
[12/Sep/2025:11:29:15 +0300] 0:0:0:0:0:0:0:1 "GET /api/public/categories HTTP/1.1" 400 59 44767 ms
[12/Sep/2025:11:29:15 +0300] 0:0:0:0:0:0:0:1 "GET /api/public/products?pageNumber=0&sortBy=price&sortOrder=asc HTTP/1.1" 200 102 57824 ms
[12/Sep/2025:11:29:15 +0300] 0:0:0:0:0:0:0:1 "GET /api/public/categories HTTP/1.1" 400 59 47993 ms
[12/Sep/2025:11:29:15 +0300] 0:0:0:0:0:0:0:1 "GET /api/public/products?pageNumber=0&sortBy=price&sortOrder=asc HTTP/1.1" 200 102 55923 ms
