[26/Aug/2025:08:27:38 +0300] 0:0:0:0:0:0:0:1 "GET /api/public/products?undefined HTTP/1.1" 200 1716 286978 ms
[26/Aug/2025:08:27:38 +0300] 0:0:0:0:0:0:0:1 "GET /images/7217fa9e-a5ee-453c-8771-c339405aac81.png HTTP/1.1" 304 - 12377 ms
[26/Aug/2025:08:27:38 +0300] 0:0:0:0:0:0:0:1 "GET /images/59208c14-6454-492c-9ab8-d0e81c109be1.jpg HTTP/1.1" 304 - 12378 ms
[26/Aug/2025:08:27:38 +0300] 0:0:0:0:0:0:0:1 "GET /images/default.png HTTP/1.1" 401 121 30264 ms
[26/Aug/2025:08:39:28 +0300] 0:0:0:0:0:0:0:1 "OPTIONS /api/auth/signin HTTP/1.1" 200 - 428558 ms
[26/Aug/2025:08:39:29 +0300] 0:0:0:0:0:0:0:1 "POST /api/auth/signin HTTP/1.1" 200 78 1047189 ms
[26/Aug/2025:08:39:29 +0300] 0:0:0:0:0:0:0:1 "GET /images/default.png HTTP/1.1" 401 121 21061 ms
[26/Aug/2025:08:39:29 +0300] 0:0:0:0:0:0:0:1 "GET /api/public/products?undefined HTTP/1.1" 200 1716 141341 ms
[26/Aug/2025:08:39:29 +0300] 0:0:0:0:0:0:0:1 "GET /images/default.png HTTP/1.1" 401 121 11888 ms
[26/Aug/2025:08:39:29 +0300] 0:0:0:0:0:0:0:1 "GET /api/public/products?undefined HTTP/1.1" 200 1716 61232 ms
[26/Aug/2025:08:39:49 +0300] 0:0:0:0:0:0:0:1 "GET /images/http://localhost:8080/images/59208c14-6454-492c-9ab8-d0e81c109be1.jpg HTTP/1.1" 401 121 6608 ms
[26/Aug/2025:08:39:51 +0300] 0:0:0:0:0:0:0:1 "GET /api/users/addresses HTTP/1.1" 200 3166 63448 ms
[26/Aug/2025:08:39:51 +0300] 0:0:0:0:0:0:0:1 "GET /api/users/addresses HTTP/1.1" 200 3166 37285 ms
[26/Aug/2025:08:39:53 +0300] 0:0:0:0:0:0:0:1 "OPTIONS /api/cart/create HTTP/1.1" 200 - 2279 ms
[26/Aug/2025:08:39:53 +0300] 0:0:0:0:0:0:0:1 "OPTIONS /api/cart/create HTTP/1.1" 200 - 3229 ms
[26/Aug/2025:08:39:54 +0300] 0:0:0:0:0:0:0:1 "POST /api/cart/create HTTP/1.1" 201 25 563249 ms
[26/Aug/2025:08:39:54 +0300] 0:0:0:0:0:0:0:1 "GET /api/carts/users/cart HTTP/1.1" 200 415 41403 ms
[26/Aug/2025:08:39:54 +0300] 0:0:0:0:0:0:0:1 "POST /api/cart/create HTTP/1.1" 401 121 710967 ms
[26/Aug/2025:08:39:57 +0300] 0:0:0:0:0:0:0:1 "OPTIONS /api/order/stripe-client-secret HTTP/1.1" 200 - 2756 ms
[26/Aug/2025:08:39:57 +0300] 0:0:0:0:0:0:0:1 "OPTIONS /api/order/stripe-client-secret HTTP/1.1" 200 - 2862 ms
[26/Aug/2025:08:39:59 +0300] 0:0:0:0:0:0:0:1 "POST /api/order/stripe-client-secret HTTP/1.1" 201 60 2388823 ms
[26/Aug/2025:08:39:59 +0300] 0:0:0:0:0:0:0:1 "POST /api/order/stripe-client-secret HTTP/1.1" 201 60 2389239 ms
[26/Aug/2025:08:41:22 +0300] 0:0:0:0:0:0:0:1 "OPTIONS /api/order/users/payments/Stripe HTTP/1.1" 200 - 5076 ms
[26/Aug/2025:08:41:22 +0300] 0:0:0:0:0:0:0:1 "POST /api/order/users/payments/Stripe HTTP/1.1" 201 781 172958 ms
[26/Aug/2025:08:42:47 +0300] 0:0:0:0:0:0:0:1 "GET /api/public/products?undefined HTTP/1.1" 200 1716 72956 ms
[26/Aug/2025:08:42:47 +0300] 0:0:0:0:0:0:0:1 "GET /api/public/products?undefined HTTP/1.1" 200 1716 46562 ms
[26/Aug/2025:08:42:48 +0300] 0:0:0:0:0:0:0:1 "GET /images/default.png HTTP/1.1" 401 121 7513 ms
[26/Aug/2025:09:10:50 +0300] 0:0:0:0:0:0:0:1 "GET /api/public/products?undefined HTTP/1.1" 200 1716 670739 ms
[26/Aug/2025:09:10:50 +0300] 0:0:0:0:0:0:0:1 "GET /images/default.png HTTP/1.1" 401 121 93411 ms
[26/Aug/2025:09:11:01 +0300] 0:0:0:0:0:0:0:1 "GET /images/http://localhost:8080/images/59208c14-6454-492c-9ab8-d0e81c109be1.jpg HTTP/1.1" 401 121 7642 ms
[26/Aug/2025:09:11:04 +0300] 0:0:0:0:0:0:0:1 "GET /api/users/addresses HTTP/1.1" 200 3166 404181 ms
[26/Aug/2025:09:11:04 +0300] 0:0:0:0:0:0:0:1 "GET /api/users/addresses HTTP/1.1" 200 3166 62722 ms
[26/Aug/2025:09:11:06 +0300] 0:0:0:0:0:0:0:1 "OPTIONS /api/cart/create HTTP/1.1" 200 - 7899 ms
[26/Aug/2025:09:11:06 +0300] 0:0:0:0:0:0:0:1 "OPTIONS /api/cart/create HTTP/1.1" 200 - 6928 ms
[26/Aug/2025:09:11:07 +0300] 0:0:0:0:0:0:0:1 "POST /api/cart/create HTTP/1.1" 201 25 558897 ms
[26/Aug/2025:09:11:07 +0300] 0:0:0:0:0:0:0:1 "GET /api/carts/users/cart HTTP/1.1" 200 414 61193 ms
[26/Aug/2025:09:11:07 +0300] 0:0:0:0:0:0:0:1 "POST /api/cart/create HTTP/1.1" 401 121 680123 ms
[26/Aug/2025:09:11:15 +0300] 0:0:0:0:0:0:0:1 "OPTIONS /api/order/stripe-client-secret HTTP/1.1" 200 - 2682 ms
[26/Aug/2025:09:11:15 +0300] 0:0:0:0:0:0:0:1 "OPTIONS /api/order/stripe-client-secret HTTP/1.1" 200 - 2954 ms
[26/Aug/2025:09:11:16 +0300] 0:0:0:0:0:0:0:1 "POST /api/order/stripe-client-secret HTTP/1.1" 201 60 1168130 ms
[26/Aug/2025:09:11:16 +0300] 0:0:0:0:0:0:0:1 "POST /api/order/stripe-client-secret HTTP/1.1" 201 60 1168073 ms
[26/Aug/2025:09:14:12 +0300] 0:0:0:0:0:0:0:1 "GET /images/default.png HTTP/1.1" 401 121 214613 ms
[26/Aug/2025:09:14:13 +0300] 0:0:0:0:0:0:0:1 "GET /api/public/products?undefined HTTP/1.1" 200 1716 664650 ms
[26/Aug/2025:09:14:13 +0300] 0:0:0:0:0:0:0:1 "GET /images/default.png HTTP/1.1" 401 121 14347 ms
[26/Aug/2025:09:14:13 +0300] 0:0:0:0:0:0:0:1 "GET /api/public/products?undefined HTTP/1.1" 200 1716 74511 ms
[26/Aug/2025:09:14:34 +0300] 0:0:0:0:0:0:0:1 "GET /api/public/products?undefined HTTP/1.1" 200 1716 6832075 ms
[26/Aug/2025:09:14:34 +0300] 0:0:0:0:0:0:0:1 "GET /images/default.png HTTP/1.1" 401 121 13177 ms
[26/Aug/2025:09:14:38 +0300] 0:0:0:0:0:0:0:1 "GET /images/http://localhost:8080/images/7217fa9e-a5ee-453c-8771-c339405aac81.png HTTP/1.1" 401 121 7111 ms
[26/Aug/2025:09:14:40 +0300] 0:0:0:0:0:0:0:1 "GET /api/users/addresses HTTP/1.1" 200 3166 88052 ms
[26/Aug/2025:09:14:40 +0300] 0:0:0:0:0:0:0:1 "GET /api/users/addresses HTTP/1.1" 200 3166 36678 ms
[26/Aug/2025:09:14:51 +0300] 0:0:0:0:0:0:0:1 "POST /api/cart/create HTTP/1.1" 201 25 390763 ms
[26/Aug/2025:09:14:51 +0300] 0:0:0:0:0:0:0:1 "POST /api/cart/create HTTP/1.1" 201 25 426884 ms
[26/Aug/2025:09:14:51 +0300] 0:0:0:0:0:0:0:1 "GET /api/carts/users/cart HTTP/1.1" 200 771 73997 ms
[26/Aug/2025:09:14:51 +0300] 0:0:0:0:0:0:0:1 "GET /api/carts/users/cart HTTP/1.1" 200 771 48290 ms
[26/Aug/2025:09:14:56 +0300] 0:0:0:0:0:0:0:1 "POST /api/order/stripe-client-secret HTTP/1.1" 201 60 1306855 ms
[26/Aug/2025:09:14:56 +0300] 0:0:0:0:0:0:0:1 "POST /api/order/stripe-client-secret HTTP/1.1" 201 60 1307686 ms
[26/Aug/2025:09:27:02 +0300] 0:0:0:0:0:0:0:1 "GET /images/default.png HTTP/1.1" 401 121 155212 ms
[26/Aug/2025:09:27:02 +0300] 0:0:0:0:0:0:0:1 "GET /api/public/products?undefined HTTP/1.1" 200 1716 555852 ms
[26/Aug/2025:09:27:02 +0300] 0:0:0:0:0:0:0:1 "GET /images/default.png HTTP/1.1" 401 121 19245 ms
[26/Aug/2025:09:27:02 +0300] 0:0:0:0:0:0:0:1 "GET /api/public/products?undefined HTTP/1.1" 200 1716 65159 ms
[26/Aug/2025:09:27:09 +0300] 0:0:0:0:0:0:0:1 "GET /api/public/products?undefined HTTP/1.1" 200 1716 83033 ms
[26/Aug/2025:09:27:10 +0300] 0:0:0:0:0:0:0:1 "GET /images/default.png HTTP/1.1" 401 121 8367 ms
[26/Aug/2025:09:27:20 +0300] 0:0:0:0:0:0:0:1 "GET /api/users/addresses HTTP/1.1" 200 3166 54914 ms
[26/Aug/2025:09:27:20 +0300] 0:0:0:0:0:0:0:1 "GET /api/users/addresses HTTP/1.1" 200 3166 37626 ms
[26/Aug/2025:09:27:24 +0300] 0:0:0:0:0:0:0:1 "POST /api/cart/create HTTP/1.1" 201 25 175624 ms
[26/Aug/2025:09:27:24 +0300] 0:0:0:0:0:0:0:1 "POST /api/cart/create HTTP/1.1" 201 25 210723 ms
[26/Aug/2025:09:27:24 +0300] 0:0:0:0:0:0:0:1 "GET /api/carts/users/cart HTTP/1.1" 200 771 50587 ms
[26/Aug/2025:09:27:24 +0300] 0:0:0:0:0:0:0:1 "GET /api/carts/users/cart HTTP/1.1" 200 771 41652 ms
[26/Aug/2025:09:27:27 +0300] 0:0:0:0:0:0:0:1 "POST /api/order/stripe-client-secret HTTP/1.1" 201 60 1141555 ms
[26/Aug/2025:09:27:27 +0300] 0:0:0:0:0:0:0:1 "POST /api/order/stripe-client-secret HTTP/1.1" 201 60 1141319 ms
[26/Aug/2025:09:27:37 +0300] 0:0:0:0:0:0:0:1 "GET /images/default.png HTTP/1.1" 401 121 10635 ms
[26/Aug/2025:09:27:37 +0300] 0:0:0:0:0:0:0:1 "GET /api/public/products?undefined HTTP/1.1" 200 1716 69853 ms
[26/Aug/2025:09:27:37 +0300] 0:0:0:0:0:0:0:1 "GET /images/default.png HTTP/1.1" 401 121 6524 ms
[26/Aug/2025:09:27:37 +0300] 0:0:0:0:0:0:0:1 "GET /api/public/products?undefined HTTP/1.1" 200 1716 70186 ms
[26/Aug/2025:09:28:07 +0300] 0:0:0:0:0:0:0:1 "GET /api/public/products?undefined HTTP/1.1" 200 1716 80924 ms
[26/Aug/2025:09:28:07 +0300] 0:0:0:0:0:0:0:1 "GET /images/59208c14-6454-492c-9ab8-d0e81c109be1.jpg HTTP/1.1" 304 - 16978 ms
[26/Aug/2025:09:28:07 +0300] 0:0:0:0:0:0:0:1 "GET /images/7217fa9e-a5ee-453c-8771-c339405aac81.png HTTP/1.1" 304 - 10971 ms
[26/Aug/2025:09:28:07 +0300] 0:0:0:0:0:0:0:1 "GET /images/default.png HTTP/1.1" 401 121 12541 ms
[26/Aug/2025:09:28:20 +0300] 0:0:0:0:0:0:0:1 "OPTIONS /api/auth/signin HTTP/1.1" 200 - 41640 ms
[26/Aug/2025:09:28:21 +0300] 0:0:0:0:0:0:0:1 "POST /api/auth/signin HTTP/1.1" 200 340 377831 ms
[26/Aug/2025:09:28:21 +0300] 0:0:0:0:0:0:0:1 "GET /images/default.png HTTP/1.1" 401 121 14040 ms
[26/Aug/2025:09:28:21 +0300] 0:0:0:0:0:0:0:1 "GET /api/public/products?undefined HTTP/1.1" 200 1716 61977 ms
[26/Aug/2025:09:28:21 +0300] 0:0:0:0:0:0:0:1 "GET /api/public/products?undefined HTTP/1.1" 200 1716 45068 ms
[26/Aug/2025:09:28:21 +0300] 0:0:0:0:0:0:0:1 "GET /images/default.png HTTP/1.1" 401 121 5989 ms
[26/Aug/2025:09:28:28 +0300] 0:0:0:0:0:0:0:1 "GET /images/http://localhost:8080/images/59208c14-6454-492c-9ab8-d0e81c109be1.jpg HTTP/1.1" 401 121 6394 ms
[26/Aug/2025:09:28:30 +0300] 0:0:0:0:0:0:0:1 "GET /api/users/addresses HTTP/1.1" 200 3166 62836 ms
[26/Aug/2025:09:28:31 +0300] 0:0:0:0:0:0:0:1 "GET /api/users/addresses HTTP/1.1" 200 3166 25759 ms
[26/Aug/2025:09:28:33 +0300] 0:0:0:0:0:0:0:1 "POST /api/cart/create HTTP/1.1" 201 25 119737 ms
[26/Aug/2025:09:28:33 +0300] 0:0:0:0:0:0:0:1 "POST /api/cart/create HTTP/1.1" 201 25 149259 ms
[26/Aug/2025:09:28:33 +0300] 0:0:0:0:0:0:0:1 "GET /api/carts/users/cart HTTP/1.1" 200 414 35827 ms
[26/Aug/2025:09:28:33 +0300] 0:0:0:0:0:0:0:1 "GET /api/carts/users/cart HTTP/1.1" 200 414 27835 ms
[26/Aug/2025:09:28:38 +0300] 0:0:0:0:0:0:0:1 "POST /api/order/stripe-client-secret HTTP/1.1" 201 60 2191873 ms
[26/Aug/2025:09:28:38 +0300] 0:0:0:0:0:0:0:1 "POST /api/order/stripe-client-secret HTTP/1.1" 201 60 2194757 ms
[26/Aug/2025:10:39:37 +0300] 0:0:0:0:0:0:0:1 "GET /images/59208c14-6454-492c-9ab8-d0e81c109be1.jpg HTTP/1.1" 304 - 86341 ms
[26/Aug/2025:10:39:37 +0300] 0:0:0:0:0:0:0:1 "GET /images/7217fa9e-a5ee-453c-8771-c339405aac81.png HTTP/1.1" 304 - 4887 ms
[26/Aug/2025:10:39:37 +0300] 0:0:0:0:0:0:0:1 "GET /images/default.png HTTP/1.1" 401 121 54226 ms
[26/Aug/2025:10:39:37 +0300] 0:0:0:0:0:0:0:1 "GET /api/public/products?undefined HTTP/1.1" 200 1716 411968 ms
[26/Aug/2025:10:39:37 +0300] 0:0:0:0:0:0:0:1 "GET /api/public/products?undefined HTTP/1.1" 200 1716 32722 ms
[26/Aug/2025:10:39:38 +0300] 0:0:0:0:0:0:0:1 "GET /images/default.png HTTP/1.1" 401 121 23928 ms
[26/Aug/2025:10:39:59 +0300] 0:0:0:0:0:0:0:1 "GET /api/public/products?undefined HTTP/1.1" 200 1716 42306 ms
[26/Aug/2025:10:39:59 +0300] 0:0:0:0:0:0:0:1 "GET /images/default.png HTTP/1.1" 401 121 14000 ms
[26/Aug/2025:10:40:11 +0300] 0:0:0:0:0:0:0:1 "OPTIONS /api/auth/signin HTTP/1.1" 200 - 19299 ms
[26/Aug/2025:10:40:11 +0300] 0:0:0:0:0:0:0:1 "POST /api/auth/signin HTTP/1.1" 200 340 368013 ms
[26/Aug/2025:10:40:11 +0300] 0:0:0:0:0:0:0:1 "GET /images/default.png HTTP/1.1" 401 121 9948 ms
[26/Aug/2025:10:40:11 +0300] 0:0:0:0:0:0:0:1 "GET /api/public/products?undefined HTTP/1.1" 200 1716 61303 ms
[26/Aug/2025:10:40:11 +0300] 0:0:0:0:0:0:0:1 "GET /api/public/products?undefined HTTP/1.1" 200 1716 36831 ms
[26/Aug/2025:10:40:12 +0300] 0:0:0:0:0:0:0:1 "GET /images/default.png HTTP/1.1" 401 121 7566 ms
[26/Aug/2025:10:40:17 +0300] 0:0:0:0:0:0:0:1 "GET /images/http://localhost:8080/images/59208c14-6454-492c-9ab8-d0e81c109be1.jpg HTTP/1.1" 401 121 5458 ms
[26/Aug/2025:10:40:20 +0300] 0:0:0:0:0:0:0:1 "GET /api/users/addresses HTTP/1.1" 200 3166 65480 ms
[26/Aug/2025:10:40:20 +0300] 0:0:0:0:0:0:0:1 "GET /api/users/addresses HTTP/1.1" 200 3166 32121 ms
[26/Aug/2025:10:40:25 +0300] 0:0:0:0:0:0:0:1 "OPTIONS /api/cart/create HTTP/1.1" 200 - 2989 ms
[26/Aug/2025:10:40:25 +0300] 0:0:0:0:0:0:0:1 "OPTIONS /api/cart/create HTTP/1.1" 200 - 2363 ms
[26/Aug/2025:10:40:25 +0300] 0:0:0:0:0:0:0:1 "POST /api/cart/create HTTP/1.1" 201 25 213140 ms
[26/Aug/2025:10:40:25 +0300] 0:0:0:0:0:0:0:1 "POST /api/cart/create HTTP/1.1" 201 25 235628 ms
[26/Aug/2025:10:40:25 +0300] 0:0:0:0:0:0:0:1 "GET /api/carts/users/cart HTTP/1.1" 200 414 49990 ms
[26/Aug/2025:10:40:25 +0300] 0:0:0:0:0:0:0:1 "GET /api/carts/users/cart HTTP/1.1" 200 414 39017 ms
[26/Aug/2025:10:40:27 +0300] 0:0:0:0:0:0:0:1 "OPTIONS /api/order/stripe-client-secret HTTP/1.1" 200 - 4127 ms
[26/Aug/2025:10:40:27 +0300] 0:0:0:0:0:0:0:1 "OPTIONS /api/order/stripe-client-secret HTTP/1.1" 200 - 5358 ms
[26/Aug/2025:10:40:29 +0300] 0:0:0:0:0:0:0:1 "POST /api/order/stripe-client-secret HTTP/1.1" 201 60 1967927 ms
[26/Aug/2025:10:40:29 +0300] 0:0:0:0:0:0:0:1 "POST /api/order/stripe-client-secret HTTP/1.1" 201 60 2015022 ms
[26/Aug/2025:10:41:37 +0300] 0:0:0:0:0:0:0:1 "GET /images/default.png HTTP/1.1" 401 121 38733 ms
[26/Aug/2025:10:41:37 +0300] 0:0:0:0:0:0:0:1 "GET /api/public/products?undefined HTTP/1.1" 200 1716 213100 ms
[26/Aug/2025:10:41:37 +0300] 0:0:0:0:0:0:0:1 "GET /api/public/products?undefined HTTP/1.1" 200 1716 113953 ms
[26/Aug/2025:10:41:38 +0300] 0:0:0:0:0:0:0:1 "GET /images/default.png HTTP/1.1" 401 121 12316 ms
[26/Aug/2025:10:41:42 +0300] 0:0:0:0:0:0:0:1 "GET /api/public/products?undefined HTTP/1.1" 200 1716 60546 ms
[26/Aug/2025:10:41:42 +0300] 0:0:0:0:0:0:0:1 "GET /images/default.png HTTP/1.1" 401 121 6472 ms
[26/Aug/2025:10:42:11 +0300] 0:0:0:0:0:0:0:1 "GET /api/public/products?undefined HTTP/1.1" 200 1716 172112 ms
[26/Aug/2025:10:42:11 +0300] 0:0:0:0:0:0:0:1 "GET /images/default.png HTTP/1.1" 401 121 12576 ms
[26/Aug/2025:10:42:23 +0300] 0:0:0:0:0:0:0:1 "POST /api/auth/signin HTTP/1.1" 200 340 136075 ms
[26/Aug/2025:10:42:24 +0300] 0:0:0:0:0:0:0:1 "GET /images/default.png HTTP/1.1" 401 121 15359 ms
[26/Aug/2025:10:42:24 +0300] 0:0:0:0:0:0:0:1 "GET /api/public/products?undefined HTTP/1.1" 200 1716 62565 ms
[26/Aug/2025:10:42:24 +0300] 0:0:0:0:0:0:0:1 "GET /api/public/products?undefined HTTP/1.1" 200 1716 45316 ms
[26/Aug/2025:10:42:24 +0300] 0:0:0:0:0:0:0:1 "GET /images/default.png HTTP/1.1" 401 121 4153 ms
[26/Aug/2025:10:42:32 +0300] 0:0:0:0:0:0:0:1 "GET /images/default.png HTTP/1.1" 401 121 7186 ms
[26/Aug/2025:10:42:32 +0300] 0:0:0:0:0:0:0:1 "GET /api/public/products?pageNumber=0&sortBy=price&sortOrder=asc HTTP/1.1" 200 1716 43581 ms
[26/Aug/2025:10:42:32 +0300] 0:0:0:0:0:0:0:1 "GET /api/public/categories HTTP/1.1" 200 269 51590 ms
[26/Aug/2025:10:42:32 +0300] 0:0:0:0:0:0:0:1 "GET /api/public/categories HTTP/1.1" 200 269 24859 ms
[26/Aug/2025:10:42:32 +0300] 0:0:0:0:0:0:0:1 "GET /images/default.png HTTP/1.1" 401 121 8063 ms
[26/Aug/2025:10:42:32 +0300] 0:0:0:0:0:0:0:1 "GET /api/public/products?pageNumber=0&sortBy=price&sortOrder=asc HTTP/1.1" 200 1716 40809 ms
[26/Aug/2025:10:42:42 +0300] 0:0:0:0:0:0:0:1 "GET /images/http://localhost:8080/images/default.png HTTP/1.1" 401 121 2831 ms
[26/Aug/2025:10:42:45 +0300] 0:0:0:0:0:0:0:1 "GET /api/users/addresses HTTP/1.1" 200 3166 37215 ms
[26/Aug/2025:10:42:45 +0300] 0:0:0:0:0:0:0:1 "GET /api/users/addresses HTTP/1.1" 200 3166 22764 ms
[26/Aug/2025:10:42:47 +0300] 0:0:0:0:0:0:0:1 "POST /api/cart/create HTTP/1.1" 201 25 137439 ms
[26/Aug/2025:10:42:47 +0300] 0:0:0:0:0:0:0:1 "POST /api/cart/create HTTP/1.1" 201 25 162044 ms
[26/Aug/2025:10:42:47 +0300] 0:0:0:0:0:0:0:1 "GET /api/carts/users/cart HTTP/1.1" 200 474 48762 ms
[26/Aug/2025:10:42:47 +0300] 0:0:0:0:0:0:0:1 "GET /api/carts/users/cart HTTP/1.1" 200 474 37874 ms
[26/Aug/2025:10:42:51 +0300] 0:0:0:0:0:0:0:1 "POST /api/order/stripe-client-secret HTTP/1.1" 201 60 926915 ms
[26/Aug/2025:10:42:51 +0300] 0:0:0:0:0:0:0:1 "POST /api/order/stripe-client-secret HTTP/1.1" 201 60 1002646 ms
[26/Aug/2025:10:50:36 +0300] 0:0:0:0:0:0:0:1 "OPTIONS /api/order/users/payments/Stripe HTTP/1.1" 200 - 166301 ms
[26/Aug/2025:10:50:37 +0300] 0:0:0:0:0:0:0:1 "POST /api/order/users/payments/Stripe HTTP/1.1" 201 925 1595960 ms
[26/Aug/2025:11:14:16 +0300] 0:0:0:0:0:0:0:1 "GET /api/public/products?undefined HTTP/1.1" 200 1716 1787714 ms
[26/Aug/2025:11:14:19 +0300] 0:0:0:0:0:0:0:1 "GET /api/public/products?undefined HTTP/1.1" 200 1716 3380485 ms
[26/Aug/2025:11:14:20 +0300] 0:0:0:0:0:0:0:1 "GET /images/default.png HTTP/1.1" 401 121 2585466 ms
[26/Aug/2025:11:14:30 +0300] 0:0:0:0:0:0:0:1 "GET /api/public/products?undefined HTTP/1.1" 200 1716 5397050 ms
[26/Aug/2025:11:14:30 +0300] 0:0:0:0:0:0:0:1 "GET /images/default.png HTTP/1.1" 401 121 30736 ms
[26/Aug/2025:11:14:55 +0300] 0:0:0:0:0:0:0:1 "GET /api/public/products?undefined HTTP/1.1" 200 1716 97074 ms
[26/Aug/2025:11:14:55 +0300] 0:0:0:0:0:0:0:1 "GET /images/default.png HTTP/1.1" 401 121 18309 ms
[26/Aug/2025:11:15:06 +0300] 0:0:0:0:0:0:0:1 "OPTIONS /api/auth/signin HTTP/1.1" 200 - 49016 ms
[26/Aug/2025:11:15:07 +0300] 0:0:0:0:0:0:0:1 "POST /api/auth/signin HTTP/1.1" 200 340 546612 ms
[26/Aug/2025:11:15:07 +0300] 0:0:0:0:0:0:0:1 "GET /images/default.png HTTP/1.1" 401 121 18226 ms
[26/Aug/2025:11:15:07 +0300] 0:0:0:0:0:0:0:1 "GET /api/public/products?undefined HTTP/1.1" 200 1716 80509 ms
[26/Aug/2025:11:15:07 +0300] 0:0:0:0:0:0:0:1 "GET /api/public/products?undefined HTTP/1.1" 200 1716 57369 ms
[26/Aug/2025:11:15:07 +0300] 0:0:0:0:0:0:0:1 "GET /images/default.png HTTP/1.1" 401 121 8183 ms
[26/Aug/2025:11:15:16 +0300] 0:0:0:0:0:0:0:1 "GET /images/default.png HTTP/1.1" 401 121 7769 ms
[26/Aug/2025:11:15:16 +0300] 0:0:0:0:0:0:0:1 "GET /api/public/products?pageNumber=0&sortBy=price&sortOrder=asc HTTP/1.1" 200 1716 49630 ms
[26/Aug/2025:11:15:16 +0300] 0:0:0:0:0:0:0:1 "GET /images/default.png HTTP/1.1" 401 121 6146 ms
[26/Aug/2025:11:15:16 +0300] 0:0:0:0:0:0:0:1 "GET /api/public/products?pageNumber=0&sortBy=price&sortOrder=asc HTTP/1.1" 200 1716 49824 ms
[26/Aug/2025:11:15:16 +0300] 0:0:0:0:0:0:0:1 "GET /api/public/categories HTTP/1.1" 200 269 105031 ms
[26/Aug/2025:11:15:16 +0300] 0:0:0:0:0:0:0:1 "GET /api/public/categories HTTP/1.1" 200 269 29874 ms
[26/Aug/2025:11:15:21 +0300] 0:0:0:0:0:0:0:1 "GET /images/http://localhost:8080/images/default.png HTTP/1.1" 401 121 4435 ms
[26/Aug/2025:11:15:30 +0300] 0:0:0:0:0:0:0:1 "GET /api/users/addresses HTTP/1.1" 200 3166 54608 ms
[26/Aug/2025:11:15:30 +0300] 0:0:0:0:0:0:0:1 "GET /api/users/addresses HTTP/1.1" 200 3166 29423 ms
[26/Aug/2025:11:15:34 +0300] 0:0:0:0:0:0:0:1 "OPTIONS /api/cart/create HTTP/1.1" 200 - 2748 ms
[26/Aug/2025:11:15:34 +0300] 0:0:0:0:0:0:0:1 "OPTIONS /api/cart/create HTTP/1.1" 200 - 2726 ms
[26/Aug/2025:11:15:35 +0300] 0:0:0:0:0:0:0:1 "POST /api/cart/create HTTP/1.1" 201 25 503825 ms
[26/Aug/2025:11:15:35 +0300] 0:0:0:0:0:0:0:1 "GET /api/carts/users/cart HTTP/1.1" 200 264 44684 ms
[26/Aug/2025:11:15:35 +0300] 0:0:0:0:0:0:0:1 "POST /api/cart/create HTTP/1.1" 401 121 639766 ms
[26/Aug/2025:11:15:40 +0300] 0:0:0:0:0:0:0:1 "OPTIONS /api/order/stripe-client-secret HTTP/1.1" 200 - 2732 ms
[26/Aug/2025:11:15:41 +0300] 0:0:0:0:0:0:0:1 "POST /api/order/stripe-client-secret HTTP/1.1" 201 60 1685223 ms
[26/Aug/2025:11:22:36 +0300] 0:0:0:0:0:0:0:1 "GET /images/default.png HTTP/1.1" 401 121 323550 ms
[26/Aug/2025:11:22:36 +0300] 0:0:0:0:0:0:0:1 "GET /api/public/products?undefined HTTP/1.1" 200 1716 860583 ms
[26/Aug/2025:11:22:36 +0300] 0:0:0:0:0:0:0:1 "GET /api/public/products?undefined HTTP/1.1" 200 1716 47472 ms
[26/Aug/2025:11:22:36 +0300] 0:0:0:0:0:0:0:1 "GET /images/default.png HTTP/1.1" 401 121 10418 ms
[26/Aug/2025:11:22:49 +0300] 0:0:0:0:0:0:0:1 "GET /api/public/products?undefined HTTP/1.1" 200 1716 161781 ms
[26/Aug/2025:11:22:49 +0300] 0:0:0:0:0:0:0:1 "GET /images/default.png HTTP/1.1" 401 121 11355 ms
[26/Aug/2025:11:22:56 +0300] 0:0:0:0:0:0:0:1 "GET /images/default.png HTTP/1.1" 401 121 7796 ms
[26/Aug/2025:11:22:56 +0300] 0:0:0:0:0:0:0:1 "GET /api/public/categories HTTP/1.1" 200 269 37782 ms
[26/Aug/2025:11:22:56 +0300] 0:0:0:0:0:0:0:1 "GET /api/public/products?pageNumber=0&sortBy=price&sortOrder=asc HTTP/1.1" 200 1716 60882 ms
[26/Aug/2025:11:22:56 +0300] 0:0:0:0:0:0:0:1 "GET /api/public/categories HTTP/1.1" 200 269 27224 ms
[26/Aug/2025:11:22:56 +0300] 0:0:0:0:0:0:0:1 "GET /images/default.png HTTP/1.1" 401 121 4138 ms
[26/Aug/2025:11:22:56 +0300] 0:0:0:0:0:0:0:1 "GET /api/public/products?pageNumber=0&sortBy=price&sortOrder=asc HTTP/1.1" 200 1716 35887 ms
[26/Aug/2025:11:23:06 +0300] 0:0:0:0:0:0:0:1 "POST /api/auth/signin HTTP/1.1" 200 340 144296 ms
[26/Aug/2025:11:23:06 +0300] 0:0:0:0:0:0:0:1 "GET /images/default.png HTTP/1.1" 401 121 10269 ms
[26/Aug/2025:11:23:06 +0300] 0:0:0:0:0:0:0:1 "GET /api/public/products?undefined HTTP/1.1" 200 1716 67458 ms
[26/Aug/2025:11:23:06 +0300] 0:0:0:0:0:0:0:1 "GET /api/public/products?undefined HTTP/1.1" 200 1716 57851 ms
[26/Aug/2025:11:23:06 +0300] 0:0:0:0:0:0:0:1 "GET /images/default.png HTTP/1.1" 401 121 5306 ms
[26/Aug/2025:11:23:11 +0300] 0:0:0:0:0:0:0:1 "GET /images/http://localhost:8080/images/default.png HTTP/1.1" 401 121 3826 ms
[26/Aug/2025:11:23:11 +0300] 0:0:0:0:0:0:0:1 "GET /images/http://localhost:8080/images/59208c14-6454-492c-9ab8-d0e81c109be1.jpg HTTP/1.1" 401 121 5705 ms
[26/Aug/2025:11:23:14 +0300] 0:0:0:0:0:0:0:1 "GET /api/users/addresses HTTP/1.1" 200 3166 41942 ms
[26/Aug/2025:11:23:14 +0300] 0:0:0:0:0:0:0:1 "GET /api/users/addresses HTTP/1.1" 200 3166 27971 ms
[26/Aug/2025:11:23:16 +0300] 0:0:0:0:0:0:0:1 "POST /api/cart/create HTTP/1.1" 201 25 139595 ms
[26/Aug/2025:11:23:16 +0300] 0:0:0:0:0:0:0:1 "POST /api/cart/create HTTP/1.1" 201 25 164889 ms
[26/Aug/2025:11:23:16 +0300] 0:0:0:0:0:0:0:1 "GET /api/carts/users/cart HTTP/1.1" 200 624 40787 ms
[26/Aug/2025:11:23:17 +0300] 0:0:0:0:0:0:0:1 "GET /api/carts/users/cart HTTP/1.1" 200 624 35212 ms
[26/Aug/2025:11:23:20 +0300] 0:0:0:0:0:0:0:1 "POST /api/order/stripe-client-secret HTTP/1.1" 201 60 1308378 ms
[26/Aug/2025:11:24:16 +0300] 0:0:0:0:0:0:0:1 "OPTIONS /api/order/users/payments/Stripe HTTP/1.1" 200 - 42893 ms
[26/Aug/2025:11:24:17 +0300] 0:0:0:0:0:0:0:1 "POST /api/order/users/payments/Stripe HTTP/1.1" 201 1075 420825 ms
[26/Aug/2025:11:25:26 +0300] 0:0:0:0:0:0:0:1 "GET /api/public/products?undefined HTTP/1.1" 200 1716 155723 ms
[26/Aug/2025:11:25:26 +0300] 0:0:0:0:0:0:0:1 "GET /api/public/products?undefined HTTP/1.1" 200 1716 48860 ms
[26/Aug/2025:11:25:26 +0300] 0:0:0:0:0:0:0:1 "GET /images/default.png HTTP/1.1" 401 121 58549 ms
[26/Aug/2025:11:34:41 +0300] 0:0:0:0:0:0:0:1 "GET /images/http://localhost:8080/images/59208c14-6454-492c-9ab8-d0e81c109be1.jpg HTTP/1.1" 401 121 40002 ms
[26/Aug/2025:11:34:42 +0300] 0:0:0:0:0:0:0:1 "GET /api/users/addresses HTTP/1.1" 200 3166 101814 ms
[26/Aug/2025:11:34:42 +0300] 0:0:0:0:0:0:0:1 "GET /api/users/addresses HTTP/1.1" 200 3166 45713 ms
[26/Aug/2025:11:34:44 +0300] 0:0:0:0:0:0:0:1 "POST /api/cart/create HTTP/1.1" 201 25 110151 ms
[26/Aug/2025:11:34:44 +0300] 0:0:0:0:0:0:0:1 "GET /api/carts/users/cart HTTP/1.1" 200 414 31041 ms
[26/Aug/2025:11:34:44 +0300] 0:0:0:0:0:0:0:1 "POST /api/cart/create HTTP/1.1" 401 121 161333 ms
[26/Aug/2025:11:34:46 +0300] 0:0:0:0:0:0:0:1 "POST /api/order/stripe-client-secret HTTP/1.1" 401 121 839692 ms
[26/Aug/2025:11:35:05 +0300] 0:0:0:0:0:0:0:1 "GET /api/public/products?undefined HTTP/1.1" 200 1716 57481 ms
[26/Aug/2025:11:35:05 +0300] 0:0:0:0:0:0:0:1 "GET /images/default.png HTTP/1.1" 401 121 15351 ms
[26/Aug/2025:11:35:05 +0300] 0:0:0:0:0:0:0:1 "GET /api/public/products?undefined HTTP/1.1" 200 1716 78638 ms
[26/Aug/2025:11:35:32 +0300] 0:0:0:0:0:0:0:1 "GET /images/http://localhost:8080/images/59208c14-6454-492c-9ab8-d0e81c109be1.jpg HTTP/1.1" 401 121 37544 ms
[26/Aug/2025:11:35:34 +0300] 0:0:0:0:0:0:0:1 "GET /api/users/addresses HTTP/1.1" 200 3166 243997 ms
[26/Aug/2025:11:35:34 +0300] 0:0:0:0:0:0:0:1 "GET /api/users/addresses HTTP/1.1" 200 3166 50412 ms
[26/Aug/2025:11:35:38 +0300] 0:0:0:0:0:0:0:1 "POST /api/order/stripe-client-secret HTTP/1.1" 401 121 832406 ms
[26/Aug/2025:11:35:44 +0300] 0:0:0:0:0:0:0:1 "GET /api/users/addresses HTTP/1.1" 200 3166 49224 ms
[26/Aug/2025:12:46:38 +0300] 0:0:0:0:0:0:0:1 "GET /api/public/products?undefined HTTP/1.1" 200 1716 3184646 ms
[26/Aug/2025:12:46:38 +0300] 0:0:0:0:0:0:0:1 "GET /images/default.png HTTP/1.1" 401 121 53561 ms
[26/Aug/2025:12:46:52 +0300] 0:0:0:0:0:0:0:1 "GET /api/public/products?undefined HTTP/1.1" 200 1716 42454 ms
[26/Aug/2025:12:46:52 +0300] 0:0:0:0:0:0:0:1 "GET /images/default.png HTTP/1.1" 401 121 30090 ms
[26/Aug/2025:12:47:06 +0300] 0:0:0:0:0:0:0:1 "OPTIONS /api/auth/signin HTTP/1.1" 200 - 24653 ms
[26/Aug/2025:12:47:06 +0300] 0:0:0:0:0:0:0:1 "POST /api/auth/signin HTTP/1.1" 200 340 558593 ms
[26/Aug/2025:12:47:07 +0300] 0:0:0:0:0:0:0:1 "GET /images/default.png HTTP/1.1" 401 121 11041 ms
[26/Aug/2025:12:47:07 +0300] 0:0:0:0:0:0:0:1 "GET /api/public/products?undefined HTTP/1.1" 200 1716 162394 ms
[26/Aug/2025:12:47:07 +0300] 0:0:0:0:0:0:0:1 "GET /api/public/products?undefined HTTP/1.1" 200 1716 44356 ms
[26/Aug/2025:12:47:07 +0300] 0:0:0:0:0:0:0:1 "GET /images/default.png HTTP/1.1" 401 121 11357 ms
[26/Aug/2025:12:47:10 +0300] 0:0:0:0:0:0:0:1 "GET /images/http://localhost:8080/images/59208c14-6454-492c-9ab8-d0e81c109be1.jpg HTTP/1.1" 401 121 8664 ms
[26/Aug/2025:12:47:12 +0300] 0:0:0:0:0:0:0:1 "GET /api/users/addresses HTTP/1.1" 200 3166 60921 ms
[26/Aug/2025:12:47:12 +0300] 0:0:0:0:0:0:0:1 "GET /api/users/addresses HTTP/1.1" 200 3166 32184 ms
[26/Aug/2025:12:47:14 +0300] 0:0:0:0:0:0:0:1 "OPTIONS /api/cart/create HTTP/1.1" 200 - 2763 ms
[26/Aug/2025:12:47:14 +0300] 0:0:0:0:0:0:0:1 "OPTIONS /api/cart/create HTTP/1.1" 200 - 4037 ms
[26/Aug/2025:12:47:14 +0300] 0:0:0:0:0:0:0:1 "POST /api/cart/create HTTP/1.1" 201 25 277547 ms
[26/Aug/2025:12:47:14 +0300] 0:0:0:0:0:0:0:1 "POST /api/cart/create HTTP/1.1" 201 25 305316 ms
[26/Aug/2025:12:47:14 +0300] 0:0:0:0:0:0:0:1 "GET /api/carts/users/cart HTTP/1.1" 200 414 56662 ms
[26/Aug/2025:12:47:14 +0300] 0:0:0:0:0:0:0:1 "GET /api/carts/users/cart HTTP/1.1" 200 414 41062 ms
[26/Aug/2025:12:47:16 +0300] 0:0:0:0:0:0:0:1 "OPTIONS /api/order/stripe-client-secret HTTP/1.1" 200 - 3328 ms
[26/Aug/2025:12:47:17 +0300] 0:0:0:0:0:0:0:1 "POST /api/order/stripe-client-secret HTTP/1.1" 201 60 1592762 ms
[26/Aug/2025:12:47:31 +0300] 0:0:0:0:0:0:0:1 "OPTIONS /api/order/users/payments/Stripe HTTP/1.1" 200 - 4570 ms
[26/Aug/2025:12:47:32 +0300] 0:0:0:0:0:0:0:1 "POST /api/order/users/payments/Stripe HTTP/1.1" 201 781 184262 ms
[26/Aug/2025:12:48:04 +0300] 0:0:0:0:0:0:0:1 "GET /api/public/products?undefined HTTP/1.1" 200 1716 122679 ms
[26/Aug/2025:12:48:04 +0300] 0:0:0:0:0:0:0:1 "GET /api/public/products?undefined HTTP/1.1" 200 1716 88037 ms
[26/Aug/2025:12:48:06 +0300] 0:0:0:0:0:0:0:1 "GET /images/default.png HTTP/1.1" 401 121 773237 ms
[26/Aug/2025:12:48:08 +0300] 0:0:0:0:0:0:0:1 "GET /api/public/products?undefined HTTP/1.1" 200 1716 99896 ms
[26/Aug/2025:12:48:09 +0300] 0:0:0:0:0:0:0:1 "GET /images/default.png HTTP/1.1" 401 121 27175 ms
[26/Aug/2025:12:48:20 +0300] 0:0:0:0:0:0:0:1 "POST /api/auth/signin HTTP/1.1" 404 55 165317 ms
[26/Aug/2025:12:48:25 +0300] 0:0:0:0:0:0:0:1 "POST /api/auth/signin HTTP/1.1" 200 336 171125 ms
[26/Aug/2025:12:48:26 +0300] 0:0:0:0:0:0:0:1 "GET /images/default.png HTTP/1.1" 401 121 13057 ms
[26/Aug/2025:12:48:26 +0300] 0:0:0:0:0:0:0:1 "GET /api/public/products?undefined HTTP/1.1" 200 1716 75633 ms
[26/Aug/2025:12:48:26 +0300] 0:0:0:0:0:0:0:1 "GET /api/public/products?undefined HTTP/1.1" 200 1716 193317 ms
[26/Aug/2025:12:48:26 +0300] 0:0:0:0:0:0:0:1 "GET /images/default.png HTTP/1.1" 401 121 89403 ms
[26/Aug/2025:12:48:29 +0300] 0:0:0:0:0:0:0:1 "GET /images/default.png HTTP/1.1" 401 121 10557 ms
[26/Aug/2025:12:48:29 +0300] 0:0:0:0:0:0:0:1 "GET /api/public/products?pageNumber=0&sortBy=price&sortOrder=asc HTTP/1.1" 200 1716 61349 ms
[26/Aug/2025:12:48:29 +0300] 0:0:0:0:0:0:0:1 "GET /api/public/categories HTTP/1.1" 200 269 64093 ms
[26/Aug/2025:12:48:29 +0300] 0:0:0:0:0:0:0:1 "GET /api/public/categories HTTP/1.1" 200 269 30216 ms
[26/Aug/2025:12:48:29 +0300] 0:0:0:0:0:0:0:1 "GET /images/default.png HTTP/1.1" 401 121 6564 ms
[26/Aug/2025:12:48:29 +0300] 0:0:0:0:0:0:0:1 "GET /api/public/products?pageNumber=0&sortBy=price&sortOrder=asc HTTP/1.1" 200 1716 43678 ms
[26/Aug/2025:12:48:35 +0300] 0:0:0:0:0:0:0:1 "GET /images/http://localhost:8080/images/default.png HTTP/1.1" 401 121 3878 ms
[26/Aug/2025:12:48:35 +0300] 0:0:0:0:0:0:0:1 "GET /images/http://localhost:8080/images/default.png HTTP/1.1" 401 121 3517 ms
[26/Aug/2025:12:48:38 +0300] 0:0:0:0:0:0:0:1 "GET /api/users/addresses HTTP/1.1" 200 166 65362 ms
[26/Aug/2025:12:48:38 +0300] 0:0:0:0:0:0:0:1 "GET /api/users/addresses HTTP/1.1" 200 166 28570 ms
[26/Aug/2025:12:48:42 +0300] 0:0:0:0:0:0:0:1 "POST /api/cart/create HTTP/1.1" 201 25 122575 ms
[26/Aug/2025:12:48:43 +0300] 0:0:0:0:0:0:0:1 "GET /api/carts/users/cart HTTP/1.1" 200 804 341829 ms
[26/Aug/2025:12:48:43 +0300] 0:0:0:0:0:0:0:1 "POST /api/cart/create HTTP/1.1" 401 121 672421 ms
[26/Aug/2025:12:48:47 +0300] 0:0:0:0:0:0:0:1 "POST /api/order/stripe-client-secret HTTP/1.1" 401 121 1064932 ms
[26/Aug/2025:12:49:00 +0300] 0:0:0:0:0:0:0:1 "GET /api/users/addresses HTTP/1.1" 200 166 30402 ms
[26/Aug/2025:12:49:05 +0300] 0:0:0:0:0:0:0:1 "POST /api/cart/create HTTP/1.1" 201 25 56424 ms
[26/Aug/2025:12:49:05 +0300] 0:0:0:0:0:0:0:1 "POST /api/cart/create HTTP/1.1" 201 25 86306 ms
[26/Aug/2025:12:49:05 +0300] 0:0:0:0:0:0:0:1 "GET /api/carts/users/cart HTTP/1.1" 200 804 33421 ms
[26/Aug/2025:12:49:05 +0300] 0:0:0:0:0:0:0:1 "GET /api/carts/users/cart HTTP/1.1" 200 804 32004 ms
[26/Aug/2025:12:49:08 +0300] 0:0:0:0:0:0:0:1 "POST /api/order/stripe-client-secret HTTP/1.1" 401 121 683262 ms
[26/Aug/2025:12:49:16 +0300] 0:0:0:0:0:0:0:1 "GET /api/public/products?undefined HTTP/1.1" 200 1716 54402 ms
[26/Aug/2025:12:49:16 +0300] 0:0:0:0:0:0:0:1 "GET /api/public/products?undefined HTTP/1.1" 200 1716 50940 ms
[26/Aug/2025:12:49:16 +0300] 0:0:0:0:0:0:0:1 "GET /images/default.png HTTP/1.1" 401 121 5889 ms
[26/Aug/2025:12:49:18 +0300] 0:0:0:0:0:0:0:1 "GET /api/public/products?undefined HTTP/1.1" 200 1716 366558 ms
[26/Aug/2025:12:49:18 +0300] 0:0:0:0:0:0:0:1 "GET /images/default.png HTTP/1.1" 401 121 9695 ms
[26/Aug/2025:12:49:28 +0300] 0:0:0:0:0:0:0:1 "GET /images/default.png HTTP/1.1" 401 121 11197 ms
[26/Aug/2025:12:49:29 +0300] 0:0:0:0:0:0:0:1 "GET /api/users/addresses HTTP/1.1" 200 166 56904 ms
[26/Aug/2025:12:49:29 +0300] 0:0:0:0:0:0:0:1 "GET /api/users/addresses HTTP/1.1" 200 166 23110 ms
[26/Aug/2025:12:49:31 +0300] 0:0:0:0:0:0:0:1 "POST /api/cart/create HTTP/1.1" 201 25 65298 ms
[26/Aug/2025:12:49:31 +0300] 0:0:0:0:0:0:0:1 "POST /api/cart/create HTTP/1.1" 201 25 95670 ms
[26/Aug/2025:12:49:31 +0300] 0:0:0:0:0:0:0:1 "GET /api/carts/users/cart HTTP/1.1" 200 804 31054 ms
[26/Aug/2025:12:49:31 +0300] 0:0:0:0:0:0:0:1 "GET /api/carts/users/cart HTTP/1.1" 200 804 28415 ms
[26/Aug/2025:12:49:34 +0300] 0:0:0:0:0:0:0:1 "POST /api/order/stripe-client-secret HTTP/1.1" 401 121 705844 ms
[26/Aug/2025:12:54:38 +0300] 0:0:0:0:0:0:0:1 "GET /api/public/products?undefined HTTP/1.1" 200 1716 587562 ms
[26/Aug/2025:12:54:39 +0300] 0:0:0:0:0:0:0:1 "GET /images/default.png HTTP/1.1" 401 121 44654 ms
[26/Aug/2025:12:55:10 +0300] 0:0:0:0:0:0:0:1 "POST /api/auth/signin HTTP/1.1" 200 340 478009 ms
[26/Aug/2025:12:55:10 +0300] 0:0:0:0:0:0:0:1 "GET /images/default.png HTTP/1.1" 401 121 17700 ms
[26/Aug/2025:12:55:10 +0300] 0:0:0:0:0:0:0:1 "GET /api/public/products?undefined HTTP/1.1" 200 1716 81893 ms
[26/Aug/2025:12:55:10 +0300] 0:0:0:0:0:0:0:1 "GET /api/public/products?undefined HTTP/1.1" 200 1716 47531 ms
[26/Aug/2025:12:55:11 +0300] 0:0:0:0:0:0:0:1 "GET /images/default.png HTTP/1.1" 401 121 9703 ms
[26/Aug/2025:12:56:20 +0300] 0:0:0:0:0:0:0:1 "GET /api/public/products?undefined HTTP/1.1" 200 1716 654585 ms
[26/Aug/2025:12:56:20 +0300] 0:0:0:0:0:0:0:1 "GET /images/default.png HTTP/1.1" 401 121 74300 ms
[26/Aug/2025:12:56:46 +0300] 0:0:0:0:0:0:0:1 "POST /api/auth/signin HTTP/1.1" 200 340 223737 ms
[26/Aug/2025:12:56:46 +0300] 0:0:0:0:0:0:0:1 "GET /api/public/products?undefined HTTP/1.1" 200 1716 99395 ms
[26/Aug/2025:12:56:46 +0300] 0:0:0:0:0:0:0:1 "GET /api/public/products?undefined HTTP/1.1" 200 1716 76920 ms
[26/Aug/2025:12:56:46 +0300] 0:0:0:0:0:0:0:1 "GET /images/default.png HTTP/1.1" 401 121 10152 ms
[26/Aug/2025:12:57:12 +0300] 0:0:0:0:0:0:0:1 "GET /api/public/products?undefined HTTP/1.1" 200 1716 90636 ms
[26/Aug/2025:12:57:13 +0300] 0:0:0:0:0:0:0:1 "GET /api/public/products?undefined HTTP/1.1" 200 1716 54282 ms
[26/Aug/2025:12:57:13 +0300] 0:0:0:0:0:0:0:1 "GET /images/default.png HTTP/1.1" 401 121 19739 ms
[26/Aug/2025:12:57:16 +0300] 0:0:0:0:0:0:0:1 "GET /api/public/products?undefined HTTP/1.1" 200 1716 623731 ms
[26/Aug/2025:12:57:17 +0300] 0:0:0:0:0:0:0:1 "GET /images/default.png HTTP/1.1" 401 121 8580 ms
[26/Aug/2025:12:57:24 +0300] 0:0:0:0:0:0:0:1 "POST /api/auth/signin HTTP/1.1" 200 340 226839 ms
[26/Aug/2025:12:57:24 +0300] 0:0:0:0:0:0:0:1 "GET /images/default.png HTTP/1.1" 401 121 14068 ms
[26/Aug/2025:12:57:24 +0300] 0:0:0:0:0:0:0:1 "GET /api/public/products?undefined HTTP/1.1" 200 1716 71239 ms
[26/Aug/2025:12:57:24 +0300] 0:0:0:0:0:0:0:1 "GET /api/public/products?undefined HTTP/1.1" 200 1716 46716 ms
[26/Aug/2025:12:57:25 +0300] 0:0:0:0:0:0:0:1 "GET /images/default.png HTTP/1.1" 401 121 12107 ms
