[24/Aug/2025:00:49:45 +0300] 0:0:0:0:0:0:0:1 "GET /api/public/products?undefined HTTP/1.1" 200 1716 8490388 ms
[24/Aug/2025:00:49:46 +0300] 0:0:0:0:0:0:0:1 "GET /images/7217fa9e-a5ee-453c-8771-c339405aac81.png HTTP/1.1" 304 - 342624 ms
[24/Aug/2025:00:49:46 +0300] 0:0:0:0:0:0:0:1 "GET /images/59208c14-6454-492c-9ab8-d0e81c109be1.jpg HTTP/1.1" 304 - 412648 ms
[24/Aug/2025:00:49:46 +0300] 0:0:0:0:0:0:0:1 "GET /images/default.png HTTP/1.1" 401 121 682346 ms
[24/Aug/2025:00:50:01 +0300] 0:0:0:0:0:0:0:1 "GET /images/http://localhost:8080/images/59208c14-6454-492c-9ab8-d0e81c109be1.jpg HTTP/1.1" 401 121 21211 ms
[24/Aug/2025:00:50:39 +0300] 0:0:0:0:0:0:0:1 "GET /api/users/addresses HTTP/1.1" 401 135 6598 ms
[24/Aug/2025:00:50:44 +0300] 0:0:0:0:0:0:0:1 "GET /api/users/addresses HTTP/1.1" 401 135 8503 ms
[24/Aug/2025:00:50:56 +0300] 0:0:0:0:0:0:0:1 "GET /api/users/addresses HTTP/1.1" 401 135 10045 ms
[24/Aug/2025:00:51:06 +0300] 0:0:0:0:0:0:0:1 "GET /api/public/products?undefined HTTP/1.1" 200 1716 82737 ms
[24/Aug/2025:00:51:06 +0300] 0:0:0:0:0:0:0:1 "GET /api/public/products?undefined HTTP/1.1" 200 1716 44391 ms
[24/Aug/2025:00:51:06 +0300] 0:0:0:0:0:0:0:1 "GET /images/default.png HTTP/1.1" 401 121 169035 ms
[24/Aug/2025:00:51:28 +0300] 0:0:0:0:0:0:0:1 "GET /api/public/products?undefined HTTP/1.1" 200 1716 68259 ms
[24/Aug/2025:00:51:29 +0300] 0:0:0:0:0:0:0:1 "GET /images/default.png HTTP/1.1" 401 121 26370 ms
[24/Aug/2025:00:51:35 +0300] 0:0:0:0:0:0:0:1 "OPTIONS /api/auth/signin HTTP/1.1" 200 - 69997 ms
[24/Aug/2025:00:51:36 +0300] 0:0:0:0:0:0:0:1 "POST /api/auth/signin HTTP/1.1" 200 78 1153815 ms
[24/Aug/2025:00:51:36 +0300] 0:0:0:0:0:0:0:1 "GET /images/default.png HTTP/1.1" 401 121 9128 ms
[24/Aug/2025:00:51:36 +0300] 0:0:0:0:0:0:0:1 "GET /api/public/products?undefined HTTP/1.1" 200 1716 157391 ms
[24/Aug/2025:00:51:36 +0300] 0:0:0:0:0:0:0:1 "GET /api/public/products?undefined HTTP/1.1" 200 1716 40523 ms
[24/Aug/2025:00:51:36 +0300] 0:0:0:0:0:0:0:1 "GET /images/default.png HTTP/1.1" 401 121 7367 ms
[24/Aug/2025:00:51:41 +0300] 0:0:0:0:0:0:0:1 "GET /images/http://localhost:8080/images/59208c14-6454-492c-9ab8-d0e81c109be1.jpg HTTP/1.1" 401 121 9037 ms
[24/Aug/2025:00:51:43 +0300] 0:0:0:0:0:0:0:1 "GET /api/users/addresses HTTP/1.1" 200 3166 78965 ms
[24/Aug/2025:00:51:43 +0300] 0:0:0:0:0:0:0:1 "GET /api/users/addresses HTTP/1.1" 200 3166 41250 ms
[24/Aug/2025:00:53:11 +0300] 0:0:0:0:0:0:0:1 "GET /api/users/addresses HTTP/1.1" 200 3166 151192 ms
[24/Aug/2025:00:53:16 +0300] 0:0:0:0:0:0:0:1 "GET /api/users/addresses HTTP/1.1" 200 3166 97351 ms
[24/Aug/2025:00:53:55 +0300] 0:0:0:0:0:0:0:1 "GET /api/users/addresses HTTP/1.1" 200 3166 74854 ms
[24/Aug/2025:01:01:01 +0300] 0:0:0:0:0:0:0:1 "GET /api/users/addresses HTTP/1.1" 200 3166 380507 ms
[24/Aug/2025:01:06:38 +0300] 0:0:0:0:0:0:0:1 "GET /api/users/addresses HTTP/1.1" 200 3166 173366 ms
[24/Aug/2025:01:22:29 +0300] 0:0:0:0:0:0:0:1 "GET /api/users/addresses HTTP/1.1" 200 3166 700695 ms
[24/Aug/2025:01:25:58 +0300] 0:0:0:0:0:0:0:1 "GET /api/users/addresses HTTP/1.1" 200 3166 203864 ms
[24/Aug/2025:01:26:11 +0300] 0:0:0:0:0:0:0:1 "GET /api/users/addresses HTTP/1.1" 200 3166 99592 ms
[24/Aug/2025:01:27:34 +0300] 0:0:0:0:0:0:0:1 "GET /api/users/addresses HTTP/1.1" 200 3166 86289 ms
[24/Aug/2025:01:27:38 +0300] 0:0:0:0:0:0:0:1 "GET /api/users/addresses HTTP/1.1" 200 3166 74617 ms
[24/Aug/2025:01:28:14 +0300] 0:0:0:0:0:0:0:1 "GET /api/users/addresses HTTP/1.1" 200 3166 69834 ms
[24/Aug/2025:01:38:37 +0300] 0:0:0:0:0:0:0:1 "GET /api/users/addresses HTTP/1.1" 200 3166 546114 ms
[24/Aug/2025:01:38:42 +0300] 0:0:0:0:0:0:0:1 "GET /api/users/addresses HTTP/1.1" 200 3166 102500 ms
[24/Aug/2025:01:39:05 +0300] 0:0:0:0:0:0:0:1 "GET /api/users/addresses HTTP/1.1" 200 3166 141354 ms
[24/Aug/2025:01:40:24 +0300] 0:0:0:0:0:0:0:1 "GET /api/users/addresses HTTP/1.1" 200 3166 48502 ms
[24/Aug/2025:01:46:28 +0300] 0:0:0:0:0:0:0:1 "GET /api/users/addresses HTTP/1.1" 401 135 473948 ms
[24/Aug/2025:01:46:38 +0300] 0:0:0:0:0:0:0:1 "GET /api/public/products?undefined HTTP/1.1" 200 1716 617790 ms
[24/Aug/2025:01:46:38 +0300] 0:0:0:0:0:0:0:1 "GET /api/public/products?undefined HTTP/1.1" 200 1716 49640 ms
[24/Aug/2025:01:46:38 +0300] 0:0:0:0:0:0:0:1 "GET /images/default.png HTTP/1.1" 401 121 76262 ms
[24/Aug/2025:01:46:43 +0300] 0:0:0:0:0:0:0:1 "GET /images/http://localhost:8080/images/59208c14-6454-492c-9ab8-d0e81c109be1.jpg HTTP/1.1" 401 121 78061 ms
[24/Aug/2025:01:47:05 +0300] 0:0:0:0:0:0:0:1 "GET /api/public/products?undefined HTTP/1.1" 200 1716 32999 ms
[24/Aug/2025:01:47:05 +0300] 0:0:0:0:0:0:0:1 "GET /images/default.png HTTP/1.1" 401 121 17931 ms
[24/Aug/2025:01:47:05 +0300] 0:0:0:0:0:0:0:1 "GET /api/public/products?undefined HTTP/1.1" 200 1716 39588 ms
[24/Aug/2025:01:47:08 +0300] 0:0:0:0:0:0:0:1 "GET /api/public/products?undefined HTTP/1.1" 200 1716 320926 ms
[24/Aug/2025:01:47:08 +0300] 0:0:0:0:0:0:0:1 "GET /images/default.png HTTP/1.1" 401 121 15071 ms
[24/Aug/2025:01:47:18 +0300] 0:0:0:0:0:0:0:1 "OPTIONS /api/auth/signin HTTP/1.1" 200 - 15728 ms
[24/Aug/2025:01:47:18 +0300] 0:0:0:0:0:0:0:1 "POST /api/auth/signin HTTP/1.1" 200 78 197254 ms
[24/Aug/2025:01:47:18 +0300] 0:0:0:0:0:0:0:1 "GET /images/default.png HTTP/1.1" 401 121 7533 ms
[24/Aug/2025:01:47:18 +0300] 0:0:0:0:0:0:0:1 "GET /api/public/products?undefined HTTP/1.1" 200 1716 48855 ms
[24/Aug/2025:01:47:18 +0300] 0:0:0:0:0:0:0:1 "GET /api/public/products?undefined HTTP/1.1" 200 1716 48418 ms
[24/Aug/2025:01:47:18 +0300] 0:0:0:0:0:0:0:1 "GET /images/default.png HTTP/1.1" 401 121 7422 ms
[24/Aug/2025:01:47:24 +0300] 0:0:0:0:0:0:0:1 "GET /images/http://localhost:8080/images/59208c14-6454-492c-9ab8-d0e81c109be1.jpg HTTP/1.1" 401 121 8385 ms
[24/Aug/2025:01:47:25 +0300] 0:0:0:0:0:0:0:1 "GET /api/users/addresses HTTP/1.1" 200 1235 44331 ms
[24/Aug/2025:01:47:25 +0300] 0:0:0:0:0:0:0:1 "GET /api/users/addresses HTTP/1.1" 200 1235 31040 ms
[24/Aug/2025:02:00:18 +0300] 0:0:0:0:0:0:0:1 "OPTIONS /api/addresses HTTP/1.1" 200 - 127197 ms
[24/Aug/2025:02:00:20 +0300] 0:0:0:0:0:0:0:1 "POST /api/addresses HTTP/1.1" 201 164 1119213 ms
[24/Aug/2025:02:03:28 +0300] 0:0:0:0:0:0:0:1 "GET /api/users/addresses HTTP/1.1" 200 1389 107292 ms
[24/Aug/2025:02:03:43 +0300] 0:0:0:0:0:0:0:1 "GET /api/users/addresses HTTP/1.1" 200 1389 63069 ms
[24/Aug/2025:02:03:46 +0300] 0:0:0:0:0:0:0:1 "GET /api/users/addresses HTTP/1.1" 200 1389 65795 ms
[24/Aug/2025:02:09:28 +0300] 0:0:0:0:0:0:0:1 "OPTIONS /api/addresses/1 HTTP/1.1" 200 - 77076 ms
[24/Aug/2025:02:09:29 +0300] 0:0:0:0:0:0:0:1 "PUT /api/addresses/1 HTTP/1.1" 200 163 664379 ms
[24/Aug/2025:02:10:14 +0300] 0:0:0:0:0:0:0:1 "GET /api/users/addresses HTTP/1.1" 200 1390 51924 ms
[24/Aug/2025:02:12:45 +0300] 0:0:0:0:0:0:0:1 "PUT /api/addresses/1 HTTP/1.1" 200 164 66502 ms
[24/Aug/2025:02:12:45 +0300] 0:0:0:0:0:0:0:1 "GET /api/users/addresses HTTP/1.1" 200 1391 48734 ms
[24/Aug/2025:02:35:02 +0300] 0:0:0:0:0:0:0:1 "GET /api/users/addresses HTTP/1.1" 200 1391 791531 ms
[24/Aug/2025:02:35:07 +0300] 0:0:0:0:0:0:0:1 "GET /api/users/addresses HTTP/1.1" 200 1391 61469 ms
[24/Aug/2025:02:39:25 +0300] 0:0:0:0:0:0:0:1 "GET /api/users/addresses HTTP/1.1" 401 135 147152 ms
[24/Aug/2025:02:39:36 +0300] 0:0:0:0:0:0:0:1 "GET /api/public/products?undefined HTTP/1.1" 200 1716 6099264 ms
[24/Aug/2025:02:39:37 +0300] 0:0:0:0:0:0:0:1 "GET /api/public/products?undefined HTTP/1.1" 200 1716 1573707 ms
[24/Aug/2025:02:39:37 +0300] 0:0:0:0:0:0:0:1 "GET /images/7217fa9e-a5ee-453c-8771-c339405aac81.png HTTP/1.1" 304 - 66423 ms
[24/Aug/2025:02:39:38 +0300] 0:0:0:0:0:0:0:1 "GET /images/59208c14-6454-492c-9ab8-d0e81c109be1.jpg HTTP/1.1" 304 - 362748 ms
[24/Aug/2025:02:39:38 +0300] 0:0:0:0:0:0:0:1 "GET /images/default.png HTTP/1.1" 401 121 578173 ms
[24/Aug/2025:02:39:52 +0300] 0:0:0:0:0:0:0:1 "GET /api/public/products?undefined HTTP/1.1" 200 1716 46847 ms
[24/Aug/2025:02:39:52 +0300] 0:0:0:0:0:0:0:1 "GET /images/default.png HTTP/1.1" 401 121 12138 ms
[24/Aug/2025:02:40:00 +0300] 0:0:0:0:0:0:0:1 "OPTIONS /api/auth/signin HTTP/1.1" 200 - 18313 ms
[24/Aug/2025:02:40:00 +0300] 0:0:0:0:0:0:0:1 "POST /api/auth/signin HTTP/1.1" 200 78 180575 ms
[24/Aug/2025:02:40:00 +0300] 0:0:0:0:0:0:0:1 "GET /images/default.png HTTP/1.1" 401 121 12704 ms
[24/Aug/2025:02:40:00 +0300] 0:0:0:0:0:0:0:1 "GET /api/public/products?undefined HTTP/1.1" 200 1716 51693 ms
[24/Aug/2025:02:40:00 +0300] 0:0:0:0:0:0:0:1 "GET /api/public/products?undefined HTTP/1.1" 200 1716 44818 ms
[24/Aug/2025:02:40:01 +0300] 0:0:0:0:0:0:0:1 "GET /images/default.png HTTP/1.1" 401 121 6798 ms
[24/Aug/2025:02:40:14 +0300] 0:0:0:0:0:0:0:1 "GET /images/http://localhost:8080/images/59208c14-6454-492c-9ab8-d0e81c109be1.jpg HTTP/1.1" 401 121 49076 ms
[24/Aug/2025:02:40:15 +0300] 0:0:0:0:0:0:0:1 "GET /api/users/addresses HTTP/1.1" 200 1391 36704 ms
[24/Aug/2025:02:40:15 +0300] 0:0:0:0:0:0:0:1 "GET /api/users/addresses HTTP/1.1" 200 1391 29909 ms
[24/Aug/2025:02:41:14 +0300] 0:0:0:0:0:0:0:1 "GET /api/users/addresses HTTP/1.1" 200 1391 41231 ms
[24/Aug/2025:02:41:20 +0300] 0:0:0:0:0:0:0:1 "OPTIONS /api/addresses/1 HTTP/1.1" 200 - 3971 ms
[24/Aug/2025:02:41:21 +0300] 0:0:0:0:0:0:0:1 "DELETE /api/addresses/1 HTTP/1.1" 200 49 273970 ms
[24/Aug/2025:02:41:21 +0300] 0:0:0:0:0:0:0:1 "GET /api/users/addresses HTTP/1.1" 200 1237 24750 ms
[24/Aug/2025:02:41:24 +0300] 0:0:0:0:0:0:0:1 "OPTIONS /api/addresses/4 HTTP/1.1" 200 - 5752 ms
[24/Aug/2025:02:41:24 +0300] 0:0:0:0:0:0:0:1 "DELETE /api/addresses/4 HTTP/1.1" 200 49 47056 ms
[24/Aug/2025:02:41:24 +0300] 0:0:0:0:0:0:0:1 "GET /api/users/addresses HTTP/1.1" 200 1085 32338 ms
[24/Aug/2025:02:41:27 +0300] 0:0:0:0:0:0:0:1 "OPTIONS /api/addresses/10 HTTP/1.1" 200 - 5422 ms
[24/Aug/2025:02:41:27 +0300] 0:0:0:0:0:0:0:1 "DELETE /api/addresses/10 HTTP/1.1" 200 50 37602 ms
[24/Aug/2025:02:41:27 +0300] 0:0:0:0:0:0:0:1 "GET /api/users/addresses HTTP/1.1" 200 932 29194 ms
[24/Aug/2025:02:41:30 +0300] 0:0:0:0:0:0:0:1 "OPTIONS /api/addresses/11 HTTP/1.1" 200 - 8619 ms
[24/Aug/2025:02:41:30 +0300] 0:0:0:0:0:0:0:1 "DELETE /api/addresses/11 HTTP/1.1" 200 50 40305 ms
[24/Aug/2025:02:41:30 +0300] 0:0:0:0:0:0:0:1 "GET /api/users/addresses HTTP/1.1" 200 779 28497 ms
[24/Aug/2025:02:41:32 +0300] 0:0:0:0:0:0:0:1 "OPTIONS /api/addresses/14 HTTP/1.1" 200 - 4111 ms
[24/Aug/2025:02:41:32 +0300] 0:0:0:0:0:0:0:1 "DELETE /api/addresses/14 HTTP/1.1" 200 50 46636 ms
[24/Aug/2025:02:41:32 +0300] 0:0:0:0:0:0:0:1 "GET /api/users/addresses HTTP/1.1" 200 626 29076 ms
[24/Aug/2025:02:41:35 +0300] 0:0:0:0:0:0:0:1 "OPTIONS /api/addresses/15 HTTP/1.1" 200 - 3406 ms
[24/Aug/2025:02:41:35 +0300] 0:0:0:0:0:0:0:1 "DELETE /api/addresses/15 HTTP/1.1" 200 50 39397 ms
[24/Aug/2025:02:41:35 +0300] 0:0:0:0:0:0:0:1 "GET /api/users/addresses HTTP/1.1" 200 473 30624 ms
[24/Aug/2025:02:41:38 +0300] 0:0:0:0:0:0:0:1 "OPTIONS /api/addresses/16 HTTP/1.1" 200 - 3710 ms
[24/Aug/2025:02:41:38 +0300] 0:0:0:0:0:0:0:1 "DELETE /api/addresses/16 HTTP/1.1" 200 50 41953 ms
[24/Aug/2025:02:41:38 +0300] 0:0:0:0:0:0:0:1 "GET /api/users/addresses HTTP/1.1" 200 320 32781 ms
[24/Aug/2025:02:41:42 +0300] 0:0:0:0:0:0:0:1 "OPTIONS /api/addresses/17 HTTP/1.1" 200 - 5977 ms
[24/Aug/2025:02:41:42 +0300] 0:0:0:0:0:0:0:1 "DELETE /api/addresses/17 HTTP/1.1" 200 50 45714 ms
[24/Aug/2025:02:41:42 +0300] 0:0:0:0:0:0:0:1 "GET /api/users/addresses HTTP/1.1" 200 166 26888 ms
[24/Aug/2025:02:44:18 +0300] 0:0:0:0:0:0:0:1 "GET /api/users/addresses HTTP/1.1" 200 166 207222 ms
[24/Aug/2025:02:44:30 +0300] 0:0:0:0:0:0:0:1 "GET /api/users/addresses HTTP/1.1" 200 166 43782 ms
[24/Aug/2025:02:45:16 +0300] 0:0:0:0:0:0:0:1 "GET /api/users/addresses HTTP/1.1" 200 166 62155 ms
[24/Aug/2025:02:49:52 +0300] 0:0:0:0:0:0:0:1 "GET /api/users/addresses HTTP/1.1" 200 166 101300 ms
[24/Aug/2025:02:49:52 +0300] 0:0:0:0:0:0:0:1 "GET /api/users/addresses HTTP/1.1" 200 166 97679 ms
[24/Aug/2025:02:50:14 +0300] 0:0:0:0:0:0:0:1 "GET /api/users/addresses HTTP/1.1" 200 166 35263 ms
[24/Aug/2025:02:50:19 +0300] 0:0:0:0:0:0:0:1 "GET /api/public/products?undefined HTTP/1.1" 200 1716 137240 ms
[24/Aug/2025:02:50:19 +0300] 0:0:0:0:0:0:0:1 "GET /api/public/products?undefined HTTP/1.1" 200 1716 58202 ms
[24/Aug/2025:02:50:20 +0300] 0:0:0:0:0:0:0:1 "GET /images/default.png HTTP/1.1" 401 121 58480 ms
[24/Aug/2025:02:50:44 +0300] 0:0:0:0:0:0:0:1 "GET /api/users/addresses HTTP/1.1" 200 166 52752 ms
[24/Aug/2025:02:50:46 +0300] 0:0:0:0:0:0:0:1 "GET /api/public/products?undefined HTTP/1.1" 200 1716 47627 ms
[24/Aug/2025:02:50:46 +0300] 0:0:0:0:0:0:0:1 "GET /api/public/products?undefined HTTP/1.1" 200 1716 40656 ms
[24/Aug/2025:02:50:47 +0300] 0:0:0:0:0:0:0:1 "GET /images/default.png HTTP/1.1" 401 121 14291 ms
[24/Aug/2025:02:51:01 +0300] 0:0:0:0:0:0:0:1 "GET /api/public/products?undefined HTTP/1.1" 200 1716 56300 ms
[24/Aug/2025:02:51:01 +0300] 0:0:0:0:0:0:0:1 "GET /images/default.png HTTP/1.1" 401 121 10985 ms
[24/Aug/2025:02:51:26 +0300] 0:0:0:0:0:0:0:1 "POST /api/auth/signin HTTP/1.1" 200 78 159243 ms
[24/Aug/2025:02:51:26 +0300] 0:0:0:0:0:0:0:1 "GET /api/public/products?undefined HTTP/1.1" 200 1716 58382 ms
[24/Aug/2025:02:51:26 +0300] 0:0:0:0:0:0:0:1 "GET /api/public/products?undefined HTTP/1.1" 200 1716 59087 ms
[24/Aug/2025:02:51:27 +0300] 0:0:0:0:0:0:0:1 "GET /images/default.png HTTP/1.1" 401 121 10880 ms
[24/Aug/2025:02:51:33 +0300] 0:0:0:0:0:0:0:1 "GET /api/users/addresses HTTP/1.1" 200 166 29548 ms
[24/Aug/2025:02:56:01 +0300] 0:0:0:0:0:0:0:1 "GET /api/users/addresses HTTP/1.1" 200 166 417749 ms
[24/Aug/2025:02:57:58 +0300] 0:0:0:0:0:0:0:1 "GET /api/users/addresses HTTP/1.1" 200 166 59859 ms
[24/Aug/2025:02:58:31 +0300] 0:0:0:0:0:0:0:1 "GET /api/users/addresses HTTP/1.1" 200 166 30321 ms
[24/Aug/2025:03:01:41 +0300] 0:0:0:0:0:0:0:1 "GET /api/users/addresses HTTP/1.1" 200 166 365293 ms
[24/Aug/2025:03:10:52 +0300] 0:0:0:0:0:0:0:1 "GET /api/users/addresses HTTP/1.1" 200 166 764421 ms
[24/Aug/2025:03:15:37 +0300] 0:0:0:0:0:0:0:1 "GET /api/users/addresses HTTP/1.1" 200 166 441893 ms
[24/Aug/2025:03:19:17 +0300] 0:0:0:0:0:0:0:1 "GET /api/users/addresses HTTP/1.1" 200 166 283714 ms
[24/Aug/2025:03:20:25 +0300] 0:0:0:0:0:0:0:1 "GET /api/users/addresses HTTP/1.1" 200 166 45318 ms
[24/Aug/2025:03:25:08 +0300] 0:0:0:0:0:0:0:1 "GET /api/users/addresses HTTP/1.1" 200 166 609543 ms
[24/Aug/2025:03:25:08 +0300] 0:0:0:0:0:0:0:1 "GET /api/users/addresses HTTP/1.1" 200 166 20997 ms
[24/Aug/2025:04:05:46 +0300] 0:0:0:0:0:0:0:1 "GET /api/users/addresses HTTP/1.1" 401 135 463859 ms
[24/Aug/2025:04:06:07 +0300] 0:0:0:0:0:0:0:1 "GET /api/public/products?undefined HTTP/1.1" 200 1716 1111025 ms
[24/Aug/2025:04:06:07 +0300] 0:0:0:0:0:0:0:1 "GET /api/public/products?undefined HTTP/1.1" 200 1716 31877 ms
[24/Aug/2025:04:06:07 +0300] 0:0:0:0:0:0:0:1 "GET /images/59208c14-6454-492c-9ab8-d0e81c109be1.jpg HTTP/1.1" 304 - 37747 ms
[24/Aug/2025:04:06:07 +0300] 0:0:0:0:0:0:0:1 "GET /images/7217fa9e-a5ee-453c-8771-c339405aac81.png HTTP/1.1" 304 - 35106 ms
[24/Aug/2025:04:06:09 +0300] 0:0:0:0:0:0:0:1 "GET /images/default.png HTTP/1.1" 401 121 1806360 ms
[24/Aug/2025:04:06:34 +0300] 0:0:0:0:0:0:0:1 "GET /api/public/products?undefined HTTP/1.1" 200 1716 34101 ms
[24/Aug/2025:04:06:34 +0300] 0:0:0:0:0:0:0:1 "GET /images/default.png HTTP/1.1" 401 121 19373 ms
[24/Aug/2025:04:06:52 +0300] 0:0:0:0:0:0:0:1 "OPTIONS /api/auth/signin HTTP/1.1" 200 - 23618 ms
[24/Aug/2025:04:06:53 +0300] 0:0:0:0:0:0:0:1 "POST /api/auth/signin HTTP/1.1" 200 78 572997 ms
[24/Aug/2025:04:06:53 +0300] 0:0:0:0:0:0:0:1 "GET /images/default.png HTTP/1.1" 401 121 9446 ms
[24/Aug/2025:04:06:53 +0300] 0:0:0:0:0:0:0:1 "GET /api/public/products?undefined HTTP/1.1" 200 1716 44753 ms
[24/Aug/2025:04:06:53 +0300] 0:0:0:0:0:0:0:1 "GET /api/public/products?undefined HTTP/1.1" 200 1716 26435 ms
[24/Aug/2025:04:06:53 +0300] 0:0:0:0:0:0:0:1 "GET /images/default.png HTTP/1.1" 401 121 6029 ms
[24/Aug/2025:04:07:00 +0300] 0:0:0:0:0:0:0:1 "GET /images/http://localhost:8080/images/59208c14-6454-492c-9ab8-d0e81c109be1.jpg HTTP/1.1" 401 121 11637 ms
[24/Aug/2025:04:07:02 +0300] 0:0:0:0:0:0:0:1 "GET /api/users/addresses HTTP/1.1" 200 166 48740 ms
[24/Aug/2025:04:07:02 +0300] 0:0:0:0:0:0:0:1 "GET /api/users/addresses HTTP/1.1" 200 166 29680 ms
[24/Aug/2025:04:07:23 +0300] 0:0:0:0:0:0:0:1 "GET /api/users/addresses HTTP/1.1" 200 166 45574 ms
[24/Aug/2025:04:10:20 +0300] 0:0:0:0:0:0:0:1 "GET /api/users/addresses HTTP/1.1" 200 166 181996 ms
[24/Aug/2025:04:12:48 +0300] 0:0:0:0:0:0:0:1 "GET /api/users/addresses HTTP/1.1" 200 166 90387 ms
[24/Aug/2025:04:14:34 +0300] 0:0:0:0:0:0:0:1 "GET /api/users/addresses HTTP/1.1" 200 166 82438 ms
[24/Aug/2025:04:15:06 +0300] 0:0:0:0:0:0:0:1 "GET /api/users/addresses HTTP/1.1" 200 166 34003 ms
[24/Aug/2025:04:16:23 +0300] 0:0:0:0:0:0:0:1 "GET /api/users/addresses HTTP/1.1" 200 166 63459 ms
[24/Aug/2025:04:19:15 +0300] 0:0:0:0:0:0:0:1 "GET /api/users/addresses HTTP/1.1" 200 166 102544 ms
[24/Aug/2025:04:21:18 +0300] 0:0:0:0:0:0:0:1 "GET /api/users/addresses HTTP/1.1" 200 166 206403 ms
[24/Aug/2025:04:22:14 +0300] 0:0:0:0:0:0:0:1 "GET /api/users/addresses HTTP/1.1" 200 166 39283 ms
[24/Aug/2025:04:27:12 +0300] 0:0:0:0:0:0:0:1 "GET /api/users/addresses HTTP/1.1" 200 166 83221 ms
[24/Aug/2025:05:24:58 +0300] 0:0:0:0:0:0:0:1 "GET /api/users/addresses HTTP/1.1" 401 135 1406524 ms
[24/Aug/2025:05:25:09 +0300] 0:0:0:0:0:0:0:1 "GET /api/public/products?undefined HTTP/1.1" 200 1716 5460222 ms
[24/Aug/2025:05:25:09 +0300] 0:0:0:0:0:0:0:1 "GET /api/public/products?undefined HTTP/1.1" 200 1716 202932 ms
[24/Aug/2025:05:25:11 +0300] 0:0:0:0:0:0:0:1 "GET /images/7217fa9e-a5ee-453c-8771-c339405aac81.png HTTP/1.1" 304 - 685518 ms
[24/Aug/2025:05:25:10 +0300] 0:0:0:0:0:0:0:1 "GET /images/59208c14-6454-492c-9ab8-d0e81c109be1.jpg HTTP/1.1" 304 - 193810 ms
[24/Aug/2025:05:25:11 +0300] 0:0:0:0:0:0:0:1 "GET /images/default.png HTTP/1.1" 401 121 905560 ms
[24/Aug/2025:05:25:43 +0300] 0:0:0:0:0:0:0:1 "GET /api/public/products?undefined HTTP/1.1" 200 1716 1364140 ms
[24/Aug/2025:05:25:44 +0300] 0:0:0:0:0:0:0:1 "GET /images/default.png HTTP/1.1" 401 121 93261 ms
[24/Aug/2025:05:26:09 +0300] 0:0:0:0:0:0:0:1 "OPTIONS /api/auth/signin HTTP/1.1" 200 - 119461 ms
[24/Aug/2025:05:26:10 +0300] 0:0:0:0:0:0:0:1 "POST /api/auth/signin HTTP/1.1" 200 78 1055910 ms
[24/Aug/2025:05:26:11 +0300] 0:0:0:0:0:0:0:1 "GET /images/default.png HTTP/1.1" 401 121 24938 ms
[24/Aug/2025:05:26:11 +0300] 0:0:0:0:0:0:0:1 "GET /api/public/products?undefined HTTP/1.1" 200 1716 98704 ms
[24/Aug/2025:05:26:11 +0300] 0:0:0:0:0:0:0:1 "GET /api/public/products?undefined HTTP/1.1" 200 1716 73668 ms
[24/Aug/2025:05:26:11 +0300] 0:0:0:0:0:0:0:1 "GET /images/default.png HTTP/1.1" 401 121 10757 ms
[24/Aug/2025:05:28:33 +0300] 0:0:0:0:0:0:0:1 "POST /api/auth/signin HTTP/1.1" 200 78 676853 ms
[24/Aug/2025:05:28:39 +0300] 0:0:0:0:0:0:0:1 "GET /api/carts/users/cart HTTP/1.1" 404 - 211351 ms
[24/Aug/2025:05:29:39 +0300] 0:0:0:0:0:0:0:1 "GET /api/carts HTTP/1.1" 400 54 322981 ms
[24/Aug/2025:05:30:02 +0300] 0:0:0:0:0:0:0:1 "GET /images/http://localhost:8080/images/59208c14-6454-492c-9ab8-d0e81c109be1.jpg HTTP/1.1" 401 121 594074 ms
[24/Aug/2025:05:30:04 +0300] 0:0:0:0:0:0:0:1 "GET /api/users/addresses HTTP/1.1" 200 3166 213081 ms
[24/Aug/2025:05:30:04 +0300] 0:0:0:0:0:0:0:1 "GET /api/users/addresses HTTP/1.1" 200 3166 65771 ms
[24/Aug/2025:05:30:28 +0300] 0:0:0:0:0:0:0:1 "GET /api/users/addresses HTTP/1.1" 200 3166 90986 ms
[24/Aug/2025:05:30:41 +0300] 0:0:0:0:0:0:0:1 "OPTIONS /api/cart/create HTTP/1.1" 200 - 17932 ms
[24/Aug/2025:05:30:41 +0300] 0:0:0:0:0:0:0:1 "OPTIONS /api/cart/create HTTP/1.1" 200 - 18128 ms
[24/Aug/2025:05:30:42 +0300] 0:0:0:0:0:0:0:1 "POST /api/cart/create HTTP/1.1" 201 25 867299 ms
[24/Aug/2025:05:30:42 +0300] 0:0:0:0:0:0:0:1 "GET /api/carts/users/cart HTTP/1.1" 200 414 90253 ms
[24/Aug/2025:05:30:44 +0300] 0:0:0:0:0:0:0:1 "POST /api/cart/create HTTP/1.1" 401 121 3019563 ms
[24/Aug/2025:05:30:57 +0300] 0:0:0:0:0:0:0:1 "GET /api/users/addresses HTTP/1.1" 200 3166 45615 ms
[24/Aug/2025:05:31:02 +0300] 0:0:0:0:0:0:0:1 "POST /api/cart/create HTTP/1.1" 201 25 118015 ms
[24/Aug/2025:05:31:02 +0300] 0:0:0:0:0:0:0:1 "POST /api/cart/create HTTP/1.1" 201 25 150167 ms
[24/Aug/2025:05:31:03 +0300] 0:0:0:0:0:0:0:1 "GET /api/carts/users/cart HTTP/1.1" 200 414 57835 ms
[24/Aug/2025:05:31:03 +0300] 0:0:0:0:0:0:0:1 "GET /api/carts/users/cart HTTP/1.1" 200 414 53993 ms
[24/Aug/2025:05:31:11 +0300] 0:0:0:0:0:0:0:1 "GET /api/carts/users/cart HTTP/1.1" 200 414 48750 ms
[24/Aug/2025:05:31:19 +0300] 0:0:0:0:0:0:0:1 "GET /api/carts HTTP/1.1" 200 416 93752 ms
[24/Aug/2025:06:03:24 +0300] 0:0:0:0:0:0:0:1 "GET /api/users/addresses HTTP/1.1" 200 3166 640340 ms
[24/Aug/2025:06:04:17 +0300] 0:0:0:0:0:0:0:1 "GET /api/users/addresses HTTP/1.1" 200 3166 152356 ms
[24/Aug/2025:06:04:24 +0300] 0:0:0:0:0:0:0:1 "OPTIONS /api/cart/create HTTP/1.1" 200 - 19017 ms
[24/Aug/2025:06:04:24 +0300] 0:0:0:0:0:0:0:1 "OPTIONS /api/cart/create HTTP/1.1" 200 - 55719 ms
[24/Aug/2025:06:04:24 +0300] 0:0:0:0:0:0:0:1 "POST /api/cart/create HTTP/1.1" 201 25 209076 ms
[24/Aug/2025:06:04:24 +0300] 0:0:0:0:0:0:0:1 "POST /api/cart/create HTTP/1.1" 201 25 275783 ms
[24/Aug/2025:06:04:24 +0300] 0:0:0:0:0:0:0:1 "GET /api/carts/users/cart HTTP/1.1" 200 414 60458 ms
[24/Aug/2025:06:04:24 +0300] 0:0:0:0:0:0:0:1 "GET /api/carts/users/cart HTTP/1.1" 200 414 54092 ms
[24/Aug/2025:06:04:35 +0300] 0:0:0:0:0:0:0:1 "GET /api/users/addresses HTTP/1.1" 200 3166 63132 ms
[24/Aug/2025:06:16:23 +0300] 0:0:0:0:0:0:0:1 "GET /api/users/addresses HTTP/1.1" 401 135 355703 ms
[24/Aug/2025:06:16:27 +0300] 0:0:0:0:0:0:0:1 "GET /api/users/addresses HTTP/1.1" 401 135 33602 ms
[24/Aug/2025:06:16:39 +0300] 0:0:0:0:0:0:0:1 "GET /api/public/products?undefined HTTP/1.1" 200 1716 3210805 ms
[24/Aug/2025:06:16:39 +0300] 0:0:0:0:0:0:0:1 "GET /api/public/products?undefined HTTP/1.1" 200 1716 114898 ms
[24/Aug/2025:06:16:39 +0300] 0:0:0:0:0:0:0:1 "GET /images/default.png HTTP/1.1" 401 121 224592 ms
[24/Aug/2025:06:16:54 +0300] 0:0:0:0:0:0:0:1 "GET /api/public/products?undefined HTTP/1.1" 200 1716 161604 ms
[24/Aug/2025:06:16:55 +0300] 0:0:0:0:0:0:0:1 "GET /images/default.png HTTP/1.1" 401 121 12841 ms
[24/Aug/2025:06:17:03 +0300] 0:0:0:0:0:0:0:1 "OPTIONS /api/auth/signin HTTP/1.1" 200 - 5850 ms
[24/Aug/2025:06:17:03 +0300] 0:0:0:0:0:0:0:1 "POST /api/auth/signin HTTP/1.1" 200 78 120189 ms
[24/Aug/2025:06:17:03 +0300] 0:0:0:0:0:0:0:1 "GET /images/default.png HTTP/1.1" 401 121 7612 ms
[24/Aug/2025:06:17:03 +0300] 0:0:0:0:0:0:0:1 "GET /api/public/products?undefined HTTP/1.1" 200 1716 45568 ms
[24/Aug/2025:06:17:03 +0300] 0:0:0:0:0:0:0:1 "GET /api/public/products?undefined HTTP/1.1" 200 1716 29395 ms
[24/Aug/2025:06:17:04 +0300] 0:0:0:0:0:0:0:1 "GET /images/default.png HTTP/1.1" 401 121 7026 ms
[24/Aug/2025:06:17:14 +0300] 0:0:0:0:0:0:0:1 "GET /images/http://localhost:8080/images/59208c14-6454-492c-9ab8-d0e81c109be1.jpg HTTP/1.1" 401 121 332059 ms
[24/Aug/2025:06:17:33 +0300] 0:0:0:0:0:0:0:1 "GET /api/users/addresses HTTP/1.1" 200 3166 79493 ms
[24/Aug/2025:06:17:33 +0300] 0:0:0:0:0:0:0:1 "GET /api/users/addresses HTTP/1.1" 200 3166 46480 ms
[24/Aug/2025:06:17:36 +0300] 0:0:0:0:0:0:0:1 "POST /api/cart/create HTTP/1.1" 201 25 115048 ms
[24/Aug/2025:06:17:36 +0300] 0:0:0:0:0:0:0:1 "POST /api/cart/create HTTP/1.1" 201 25 141415 ms
[24/Aug/2025:06:17:37 +0300] 0:0:0:0:0:0:0:1 "GET /api/carts/users/cart HTTP/1.1" 200 414 46889 ms
[24/Aug/2025:06:17:37 +0300] 0:0:0:0:0:0:0:1 "GET /api/carts/users/cart HTTP/1.1" 200 414 36223 ms
[24/Aug/2025:06:18:03 +0300] 0:0:0:0:0:0:0:1 "GET /api/users/addresses HTTP/1.1" 200 3166 36864 ms
[24/Aug/2025:06:18:06 +0300] 0:0:0:0:0:0:0:1 "POST /api/cart/create HTTP/1.1" 201 25 45025 ms
[24/Aug/2025:06:18:07 +0300] 0:0:0:0:0:0:0:1 "POST /api/cart/create HTTP/1.1" 201 25 82449 ms
[24/Aug/2025:06:18:07 +0300] 0:0:0:0:0:0:0:1 "GET /api/carts/users/cart HTTP/1.1" 200 414 46979 ms
[24/Aug/2025:06:18:07 +0300] 0:0:0:0:0:0:0:1 "GET /api/carts/users/cart HTTP/1.1" 200 414 35990 ms
[24/Aug/2025:06:19:37 +0300] 0:0:0:0:0:0:0:1 "GET /api/users/addresses HTTP/1.1" 200 3166 566999 ms
[24/Aug/2025:06:32:57 +0300] 0:0:0:0:0:0:0:1 "GET /api/users/addresses HTTP/1.1" 200 3166 670542 ms
[24/Aug/2025:06:33:01 +0300] 0:0:0:0:0:0:0:1 "POST /api/cart/create HTTP/1.1" 201 25 240517 ms
[24/Aug/2025:06:33:01 +0300] 0:0:0:0:0:0:0:1 "GET /api/carts/users/cart HTTP/1.1" 200 414 88723 ms
[24/Aug/2025:06:33:01 +0300] 0:0:0:0:0:0:0:1 "POST /api/cart/create HTTP/1.1" 201 25 434803 ms
[24/Aug/2025:06:33:01 +0300] 0:0:0:0:0:0:0:1 "GET /api/carts/users/cart HTTP/1.1" 200 414 74201 ms
[24/Aug/2025:06:37:18 +0300] 0:0:0:0:0:0:0:1 "GET /api/users/addresses HTTP/1.1" 200 3166 1266876 ms
[24/Aug/2025:06:38:29 +0300] 0:0:0:0:0:0:0:1 "GET /api/users/addresses HTTP/1.1" 200 3166 518672 ms
[24/Aug/2025:06:38:47 +0300] 0:0:0:0:0:0:0:1 "GET /api/users/addresses HTTP/1.1" 200 3166 80969 ms
[24/Aug/2025:06:39:05 +0300] 0:0:0:0:0:0:0:1 "GET /api/users/addresses HTTP/1.1" 200 3166 138454 ms
[24/Aug/2025:06:39:11 +0300] 0:0:0:0:0:0:0:1 "OPTIONS /api/cart/create HTTP/1.1" 200 - 1552585 ms
[24/Aug/2025:06:39:12 +0300] 0:0:0:0:0:0:0:1 "OPTIONS /api/cart/create HTTP/1.1" 200 - 1923084 ms
[24/Aug/2025:06:39:12 +0300] 0:0:0:0:0:0:0:1 "POST /api/cart/create HTTP/1.1" 201 25 440373 ms
[24/Aug/2025:06:39:12 +0300] 0:0:0:0:0:0:0:1 "POST /api/cart/create HTTP/1.1" 201 25 234223 ms
[24/Aug/2025:06:39:12 +0300] 0:0:0:0:0:0:0:1 "GET /api/carts/users/cart HTTP/1.1" 200 414 69174 ms
[24/Aug/2025:06:39:12 +0300] 0:0:0:0:0:0:0:1 "GET /api/carts/users/cart HTTP/1.1" 200 414 45622 ms
