[04/Sep/2025:21:40:55 +0300] 0:0:0:0:0:0:0:1 "GET /api/public/products?undefined HTTP/1.1" 200 103 6272856 ms
[04/Sep/2025:21:41:12 +0300] 0:0:0:0:0:0:0:1 "POST /api/auth/signin HTTP/1.1" 200 340 1539083 ms
[04/Sep/2025:21:41:19 +0300] 0:0:0:0:0:0:0:1 "POST /api/admin/categories HTTP/1.1" 401 121 161557 ms
[04/Sep/2025:21:41:28 +0300] 0:0:0:0:0:0:0:1 "POST /api/admin/categories HTTP/1.1" 401 121 47203 ms
[04/Sep/2025:21:41:37 +0300] 0:0:0:0:0:0:0:1 "POST /api/admin/categories HTTP/1.1" 401 121 46096 ms
[04/Sep/2025:21:43:01 +0300] 0:0:0:0:0:0:0:1 "GET /api/public/products?undefined HTTP/1.1" 200 103 2031997 ms
[04/Sep/2025:21:43:21 +0300] 0:0:0:0:0:0:0:1 "POST /api/auth/signin HTTP/1.1" 200 340 860453 ms
[04/Sep/2025:21:43:29 +0300] 0:0:0:0:0:0:0:1 "POST /api/admin/categories HTTP/1.1" 401 121 177665 ms
[04/Sep/2025:21:43:35 +0300] 0:0:0:0:0:0:0:1 "POST /api/public/categories HTTP/1.1" 201 52 259540 ms
[04/Sep/2025:21:43:48 +0300] 0:0:0:0:0:0:0:1 "POST /api/admin/categories/1/product HTTP/1.1" 201 221 224633 ms
[04/Sep/2025:21:43:56 +0300] 0:0:0:0:0:0:0:1 "POST /api/auth/signout HTTP/1.1" 200 24 87799 ms
[04/Sep/2025:21:44:05 +0300] 0:0:0:0:0:0:0:1 "POST /api/auth/signin HTTP/1.1" 200 340 215132 ms
[04/Sep/2025:21:44:05 +0300] 0:0:0:0:0:0:0:1 "GET /api/public/products?undefined HTTP/1.1" 200 343 63548 ms
[04/Sep/2025:21:44:05 +0300] 0:0:0:0:0:0:0:1 "GET /api/public/products?undefined HTTP/1.1" 200 343 39739 ms
[04/Sep/2025:21:44:06 +0300] 0:0:0:0:0:0:0:1 "GET /images/default.png HTTP/1.1" 401 121 13146 ms
[04/Sep/2025:21:44:10 +0300] 0:0:0:0:0:0:0:1 "GET /images/http://localhost:8080/images/default.png HTTP/1.1" 401 121 8684 ms
[04/Sep/2025:21:44:11 +0300] 0:0:0:0:0:0:0:1 "GET /api/users/addresses HTTP/1.1" 200 12 58201 ms
[04/Sep/2025:21:44:11 +0300] 0:0:0:0:0:0:0:1 "GET /api/users/addresses HTTP/1.1" 200 12 95430 ms
[04/Sep/2025:21:44:22 +0300] 0:0:0:0:0:0:0:1 "POST /api/addresses HTTP/1.1" 201 166 116922 ms
[04/Sep/2025:21:44:22 +0300] 0:0:0:0:0:0:0:1 "GET /api/users/addresses HTTP/1.1" 200 168 38309 ms
[04/Sep/2025:21:44:23 +0300] 0:0:0:0:0:0:0:1 "POST /api/cart/create HTTP/1.1" 201 25 86451 ms
[04/Sep/2025:21:44:24 +0300] 0:0:0:0:0:0:0:1 "GET /api/carts/users/cart HTTP/1.1" 200 264 77738 ms
[04/Sep/2025:21:44:24 +0300] 0:0:0:0:0:0:0:1 "POST /api/cart/create HTTP/1.1" 401 121 805530 ms
[04/Sep/2025:21:44:28 +0300] 0:0:0:0:0:0:0:1 "POST /api/order/stripe-client-secret HTTP/1.1" 201 60 2245150 ms
[04/Sep/2025:21:44:45 +0300] 0:0:0:0:0:0:0:1 "POST /api/order/users/payments/Stripe HTTP/1.1" 201 630 242037 ms
[04/Sep/2025:21:45:03 +0300] 0:0:0:0:0:0:0:1 "GET /api/public/products?undefined HTTP/1.1" 200 343 58362 ms
[04/Sep/2025:21:45:03 +0300] 0:0:0:0:0:0:0:1 "GET /images/default.png HTTP/1.1" 401 121 23567 ms
[04/Sep/2025:21:45:03 +0300] 0:0:0:0:0:0:0:1 "GET /api/public/products?undefined HTTP/1.1" 200 343 52852 ms
[04/Sep/2025:21:45:13 +0300] 0:0:0:0:0:0:0:1 "GET /images/default.png HTTP/1.1" 401 121 7296 ms
