[03/Sep/2025:20:29:49 +0300] 0:0:0:0:0:0:0:1 "GET /api/public/products?undefined HTTP/1.1" 200 102 587815 ms
[03/Sep/2025:20:30:44 +0300] 0:0:0:0:0:0:0:1 "GET /api/public/products?undefined HTTP/1.1" 200 102 1434354 ms
[03/Sep/2025:20:30:58 +0300] 0:0:0:0:0:0:0:1 "OPTIONS /api/auth/signin HTTP/1.1" 200 - 401718 ms
[03/Sep/2025:20:30:59 +0300] 0:0:0:0:0:0:0:1 "POST /api/auth/signin HTTP/1.1" 200 367 1143170 ms
[03/Sep/2025:20:30:59 +0300] 0:0:0:0:0:0:0:1 "GET /api/public/products?undefined HTTP/1.1" 200 102 84021 ms
[03/Sep/2025:20:30:59 +0300] 0:0:0:0:0:0:0:1 "GET /api/public/products?undefined HTTP/1.1" 200 102 42856 ms
[03/Sep/2025:20:32:06 +0300] 0:0:0:0:0:0:0:1 "GET /api/admin/app/analytics HTTP/1.1" 200 70 594159 ms
[03/Sep/2025:20:32:08 +0300] 0:0:0:0:0:0:0:1 "GET /api/auth/sellers?pageNumber=0 HTTP/1.1" 200 597 497040 ms
[03/Sep/2025:20:32:08 +0300] 0:0:0:0:0:0:0:1 "GET /api/auth/sellers?pageNumber=0 HTTP/1.1" 200 597 53993 ms
[03/Sep/2025:20:32:40 +0300] 0:0:0:0:0:0:0:1 "GET /api/auth/sellers?pageNumber=0 HTTP/1.1" 200 597 60974 ms
[03/Sep/2025:20:33:13 +0300] 0:0:0:0:0:0:0:1 "OPTIONS /api/auth/signup HTTP/1.1" 200 - 4229 ms
[03/Sep/2025:20:33:13 +0300] 0:0:0:0:0:0:0:1 "POST /api/auth/signup HTTP/1.1" 200 54 384217 ms
[03/Sep/2025:20:33:13 +0300] 0:0:0:0:0:0:0:1 "GET /api/auth/sellers?undefined HTTP/1.1" 200 597 46015 ms
[03/Sep/2025:20:37:13 +0300] 0:0:0:0:0:0:0:1 "GET /api/auth/sellers?pageNumber=0 HTTP/1.1" 200 597 771753 ms
[03/Sep/2025:20:37:26 +0300] 0:0:0:0:0:0:0:1 "GET /api/auth/sellers?pageNumber=0 HTTP/1.1" 200 597 54671 ms
[03/Sep/2025:20:37:28 +0300] 0:0:0:0:0:0:0:1 "GET /api/auth/sellers?pageNumber=0 HTTP/1.1" 200 597 50260 ms
[03/Sep/2025:20:37:35 +0300] 0:0:0:0:0:0:0:1 "GET /api/auth/sellers?pageNumber=0 HTTP/1.1" 200 597 69319 ms
[03/Sep/2025:20:37:48 +0300] 0:0:0:0:0:0:0:1 "GET /api/auth/sellers?pageNumber=0 HTTP/1.1" 200 597 65232 ms
[03/Sep/2025:20:39:29 +0300] 0:0:0:0:0:0:0:1 "GET /api/auth/sellers?pageNumber=0 HTTP/1.1" 200 597 159644 ms
[03/Sep/2025:20:39:29 +0300] 0:0:0:0:0:0:0:1 "GET /favicon.ico HTTP/1.1" 401 127 149279 ms
[03/Sep/2025:20:39:56 +0300] 0:0:0:0:0:0:0:1 "POST /api/auth/signup HTTP/1.1" 200 54 319347 ms
[03/Sep/2025:20:39:56 +0300] 0:0:0:0:0:0:0:1 "GET /api/auth/sellers?undefined HTTP/1.1" 200 597 72686 ms
[03/Sep/2025:20:40:26 +0300] 0:0:0:0:0:0:0:1 "POST /api/auth/signin HTTP/1.1" 200 367 432117 ms
[03/Sep/2025:20:41:15 +0300] 0:0:0:0:0:0:0:1 "GET /api/auth/sellers HTTP/1.1" 200 597 71122 ms
[03/Sep/2025:20:41:28 +0300] 0:0:0:0:0:0:0:1 "GET /api/auth/signup HTTP/1.1" 401 121 537762 ms
[03/Sep/2025:20:41:28 +0300] 0:0:0:0:0:0:0:1 "GET /favicon.ico HTTP/1.1" 401 127 8184 ms
[03/Sep/2025:20:42:32 +0300] 0:0:0:0:0:0:0:1 "POST /api/auth/signup HTTP/1.1" 200 54 48413 ms
[03/Sep/2025:20:42:39 +0300] 0:0:0:0:0:0:0:1 "GET /api/auth/sellers HTTP/1.1" 200 597 40908 ms
[03/Sep/2025:20:43:01 +0300] 0:0:0:0:0:0:0:1 "GET /api/auth/sellers/1 HTTP/1.1" 401 121 75760 ms
[03/Sep/2025:20:43:05 +0300] 0:0:0:0:0:0:0:1 "GET /api/auth/sellers/0 HTTP/1.1" 401 121 48377 ms
[03/Sep/2025:20:43:07 +0300] 0:0:0:0:0:0:0:1 "GET /api/auth/sellers/0 HTTP/1.1" 401 121 64660 ms
[03/Sep/2025:20:43:11 +0300] 0:0:0:0:0:0:0:1 "GET /api/auth/sellers HTTP/1.1" 200 597 36635 ms
[03/Sep/2025:20:43:49 +0300] 0:0:0:0:0:0:0:1 "POST /api/auth/signin HTTP/1.1" 200 339 123412 ms
[03/Sep/2025:20:44:30 +0300] 0:0:0:0:0:0:0:1 "POST /api/auth/signup HTTP/1.1" 200 54 519311 ms
[03/Sep/2025:20:44:38 +0300] 0:0:0:0:0:0:0:1 "POST /api/auth/signin HTTP/1.1" 200 340 139464 ms
[03/Sep/2025:20:50:47 +0300] 0:0:0:0:0:0:0:1 "POST /api/auth/signup HTTP/1.1" 200 54 141357395 ms
[03/Sep/2025:20:51:27 +0300] 0:0:0:0:0:0:0:1 "POST /api/auth/signup HTTP/1.1" 200 54 480783 ms
[03/Sep/2025:20:51:41 +0300] 0:0:0:0:0:0:0:1 "POST /api/auth/signin HTTP/1.1" 200 342 255193 ms
[03/Sep/2025:20:53:47 +0300] 0:0:0:0:0:0:0:1 "GET /api/public/products?undefined HTTP/1.1" 200 102 525377 ms
[03/Sep/2025:20:53:58 +0300] 0:0:0:0:0:0:0:1 "POST /api/auth/signin HTTP/1.1" 200 367 466380 ms
[03/Sep/2025:20:53:58 +0300] 0:0:0:0:0:0:0:1 "GET /api/public/products?undefined HTTP/1.1" 200 102 36419 ms
[03/Sep/2025:20:53:58 +0300] 0:0:0:0:0:0:0:1 "GET /api/public/products?undefined HTTP/1.1" 200 102 38409 ms
[03/Sep/2025:20:54:21 +0300] 0:0:0:0:0:0:0:1 "GET /api/admin/app/analytics HTTP/1.1" 200 70 147157 ms
[03/Sep/2025:20:54:24 +0300] 0:0:0:0:0:0:0:1 "GET /api/auth/sellers?pageNumber=0 HTTP/1.1" 200 597 149947 ms
[03/Sep/2025:20:54:24 +0300] 0:0:0:0:0:0:0:1 "GET /api/auth/sellers?pageNumber=0 HTTP/1.1" 200 597 50781 ms
[03/Sep/2025:20:54:47 +0300] 0:0:0:0:0:0:0:1 "POST /api/auth/signup HTTP/1.1" 200 54 273537 ms
[03/Sep/2025:20:54:47 +0300] 0:0:0:0:0:0:0:1 "GET /api/auth/sellers?undefined HTTP/1.1" 200 808 34851 ms
[03/Sep/2025:20:55:58 +0300] 0:0:0:0:0:0:0:1 "GET /api/auth/signup HTTP/1.1" 401 121 109125 ms
[03/Sep/2025:20:55:58 +0300] 0:0:0:0:0:0:0:1 "GET /favicon.ico HTTP/1.1" 401 127 4010 ms
[03/Sep/2025:20:55:58 +0300] 0:0:0:0:0:0:0:1 "GET /api/auth/sellers?pageNumber=0 HTTP/1.1" 200 808 54139 ms
[03/Sep/2025:20:55:58 +0300] 0:0:0:0:0:0:0:1 "GET /favicon.ico HTTP/1.1" 401 127 4300 ms
[03/Sep/2025:21:08:47 +0300] 0:0:0:0:0:0:0:1 "GET /api/auth/sellers?pageNumber=0 HTTP/1.1" 200 808 739628 ms
[03/Sep/2025:21:10:01 +0300] 0:0:0:0:0:0:0:1 "GET /api/public/products?undefined HTTP/1.1" 200 102 380700 ms
[03/Sep/2025:21:10:01 +0300] 0:0:0:0:0:0:0:1 "GET /api/public/products?undefined HTTP/1.1" 200 102 117804 ms
[03/Sep/2025:21:10:09 +0300] 0:0:0:0:0:0:0:1 "GET /api/admin/app/analytics HTTP/1.1" 200 70 111018 ms
[03/Sep/2025:21:10:09 +0300] 0:0:0:0:0:0:0:1 "GET /api/admin/app/analytics HTTP/1.1" 200 70 54107 ms
[03/Sep/2025:21:12:19 +0300] 0:0:0:0:0:0:0:1 "GET /api/admin/app/analytics HTTP/1.1" 200 70 467666 ms
[03/Sep/2025:21:13:17 +0300] 0:0:0:0:0:0:0:1 "POST /api/auth/signout HTTP/1.1" 200 49 163747 ms
[03/Sep/2025:21:13:17 +0300] 0:0:0:0:0:0:0:1 "GET /api/public/products?undefined HTTP/1.1" 200 102 54642 ms
[03/Sep/2025:21:13:17 +0300] 0:0:0:0:0:0:0:1 "GET /api/public/products?undefined HTTP/1.1" 200 102 30258 ms
[03/Sep/2025:21:13:26 +0300] 0:0:0:0:0:0:0:1 "OPTIONS /api/auth/signin HTTP/1.1" 200 - 176217 ms
[03/Sep/2025:21:13:27 +0300] 0:0:0:0:0:0:0:1 "POST /api/auth/signin HTTP/1.1" 200 340 458704 ms
[03/Sep/2025:21:13:27 +0300] 0:0:0:0:0:0:0:1 "GET /api/public/products?undefined HTTP/1.1" 200 102 37713 ms
[03/Sep/2025:21:13:27 +0300] 0:0:0:0:0:0:0:1 "GET /api/public/products?undefined HTTP/1.1" 200 102 24427 ms
[03/Sep/2025:21:13:40 +0300] 0:0:0:0:0:0:0:1 "POST /api/auth/signout HTTP/1.1" 200 49 36028 ms
[03/Sep/2025:21:13:45 +0300] 0:0:0:0:0:0:0:1 "POST /api/auth/signin HTTP/1.1" 200 367 118377 ms
[03/Sep/2025:21:13:45 +0300] 0:0:0:0:0:0:0:1 "GET /api/public/products?undefined HTTP/1.1" 200 102 36872 ms
[03/Sep/2025:21:13:45 +0300] 0:0:0:0:0:0:0:1 "GET /api/public/products?undefined HTTP/1.1" 200 102 57653 ms
[03/Sep/2025:21:14:46 +0300] 0:0:0:0:0:0:0:1 "GET /api/admin/app/analytics HTTP/1.1" 200 70 715094 ms
[03/Sep/2025:21:14:46 +0300] 0:0:0:0:0:0:0:1 "GET /api/admin/app/analytics HTTP/1.1" 200 70 73858 ms
[03/Sep/2025:21:14:50 +0300] 0:0:0:0:0:0:0:1 "GET /api/admin/orders?pageNumber=0 HTTP/1.1" 200 102 298399 ms
[03/Sep/2025:21:14:50 +0300] 0:0:0:0:0:0:0:1 "GET /api/admin/orders?pageNumber=0 HTTP/1.1" 200 102 39627 ms
[03/Sep/2025:21:15:00 +0300] 0:0:0:0:0:0:0:1 "GET /api/admin/app/analytics HTTP/1.1" 200 70 55655 ms
[03/Sep/2025:21:15:00 +0300] 0:0:0:0:0:0:0:1 "GET /api/admin/app/analytics HTTP/1.1" 200 70 40013 ms
[03/Sep/2025:21:15:06 +0300] 0:0:0:0:0:0:0:1 "GET /api/admin/orders?pageNumber=0 HTTP/1.1" 200 102 30471 ms
[03/Sep/2025:21:15:06 +0300] 0:0:0:0:0:0:0:1 "GET /api/admin/orders?pageNumber=0 HTTP/1.1" 200 102 29008 ms
[03/Sep/2025:21:15:09 +0300] 0:0:0:0:0:0:0:1 "GET /api/public/products?pageNumber=0&sortBy=price&sortOrder=asc HTTP/1.1" 200 102 32243 ms
[03/Sep/2025:21:15:09 +0300] 0:0:0:0:0:0:0:1 "GET /api/public/products?pageNumber=0&sortBy=price&sortOrder=asc HTTP/1.1" 200 102 25142 ms
[03/Sep/2025:21:15:09 +0300] 0:0:0:0:0:0:0:1 "GET /api/public/categories HTTP/1.1" 400 59 97400 ms
[03/Sep/2025:21:15:10 +0300] 0:0:0:0:0:0:0:1 "GET /api/public/categories HTTP/1.1" 400 59 36557 ms
[03/Sep/2025:21:15:11 +0300] 0:0:0:0:0:0:0:1 "GET /api/public/products?undefined HTTP/1.1" 200 102 40731 ms
[03/Sep/2025:21:15:11 +0300] 0:0:0:0:0:0:0:1 "GET /api/public/products?undefined HTTP/1.1" 200 102 32123 ms
[03/Sep/2025:21:15:14 +0300] 0:0:0:0:0:0:0:1 "GET /api/admin/app/analytics HTTP/1.1" 200 70 38678 ms
[03/Sep/2025:21:15:14 +0300] 0:0:0:0:0:0:0:1 "GET /api/admin/app/analytics HTTP/1.1" 200 70 35948 ms
[03/Sep/2025:21:15:17 +0300] 0:0:0:0:0:0:0:1 "GET /api/public/categories HTTP/1.1" 400 59 38275 ms
[03/Sep/2025:21:15:17 +0300] 0:0:0:0:0:0:0:1 "GET /api/public/categories HTTP/1.1" 400 59 61157 ms
[03/Sep/2025:21:19:28 +0300] 0:0:0:0:0:0:0:1 "POST /api/auth/signout HTTP/1.1" 200 49 291766 ms
[03/Sep/2025:21:19:28 +0300] 0:0:0:0:0:0:0:1 "GET /api/public/products?undefined HTTP/1.1" 200 102 37595 ms
[03/Sep/2025:21:19:28 +0300] 0:0:0:0:0:0:0:1 "GET /api/public/products?undefined HTTP/1.1" 200 102 17587 ms
[03/Sep/2025:21:19:39 +0300] 0:0:0:0:0:0:0:1 "POST /api/auth/signin HTTP/1.1" 200 348 201576 ms
[03/Sep/2025:21:19:39 +0300] 0:0:0:0:0:0:0:1 "GET /api/public/products?undefined HTTP/1.1" 200 102 71628 ms
[03/Sep/2025:21:19:39 +0300] 0:0:0:0:0:0:0:1 "GET /api/public/products?undefined HTTP/1.1" 200 102 34885 ms
[03/Sep/2025:21:19:45 +0300] 0:0:0:0:0:0:0:1 "GET /api/public/products?undefined HTTP/1.1" 200 102 40673 ms
[03/Sep/2025:21:19:45 +0300] 0:0:0:0:0:0:0:1 "GET /api/public/products?undefined HTTP/1.1" 200 102 33349 ms
[03/Sep/2025:21:31:36 +0300] 0:0:0:0:0:0:0:1 "GET /api/public/products?undefined HTTP/1.1" 200 102 874597 ms
[03/Sep/2025:21:31:36 +0300] 0:0:0:0:0:0:0:1 "GET /api/public/products?undefined HTTP/1.1" 200 102 70891 ms
[03/Sep/2025:21:31:44 +0300] 0:0:0:0:0:0:0:1 "GET /api/public/products?undefined HTTP/1.1" 200 102 98523 ms
[03/Sep/2025:21:31:44 +0300] 0:0:0:0:0:0:0:1 "GET /api/public/products?undefined HTTP/1.1" 200 102 44267 ms
[03/Sep/2025:21:33:11 +0300] 0:0:0:0:0:0:0:1 "GET /api/public/products?undefined HTTP/1.1" 200 102 206050 ms
[03/Sep/2025:21:33:18 +0300] 0:0:0:0:0:0:0:1 "GET /api/admin/app/analytics HTTP/1.1" 200 70 272811 ms
[03/Sep/2025:21:33:25 +0300] 0:0:0:0:0:0:0:1 "GET /api/public/products?pageNumber=0&sortBy=price&sortOrder=asc HTTP/1.1" 200 102 40859 ms
[03/Sep/2025:21:33:25 +0300] 0:0:0:0:0:0:0:1 "GET /api/public/products?pageNumber=0&sortBy=price&sortOrder=asc HTTP/1.1" 200 102 27519 ms
[03/Sep/2025:21:33:29 +0300] 0:0:0:0:0:0:0:1 "GET /api/public/categories HTTP/1.1" 400 59 33875 ms
[03/Sep/2025:21:33:29 +0300] 0:0:0:0:0:0:0:1 "GET /api/public/categories HTTP/1.1" 400 59 26400 ms
[03/Sep/2025:21:33:39 +0300] 0:0:0:0:0:0:0:1 "GET /api/public/products?undefined HTTP/1.1" 200 102 46782 ms
[03/Sep/2025:21:33:39 +0300] 0:0:0:0:0:0:0:1 "GET /api/public/products?undefined HTTP/1.1" 200 102 39876 ms
[03/Sep/2025:21:34:16 +0300] 0:0:0:0:0:0:0:1 "GET /api/public/products?undefined HTTP/1.1" 200 102 63263 ms
[03/Sep/2025:21:34:22 +0300] 0:0:0:0:0:0:0:1 "GET /api/public/products?undefined HTTP/1.1" 200 102 45089 ms
[03/Sep/2025:21:34:22 +0300] 0:0:0:0:0:0:0:1 "GET /api/public/products?undefined HTTP/1.1" 200 102 37603 ms
[03/Sep/2025:21:34:33 +0300] 0:0:0:0:0:0:0:1 "GET /api/public/products?undefined HTTP/1.1" 200 102 32628 ms
[03/Sep/2025:21:34:33 +0300] 0:0:0:0:0:0:0:1 "GET /api/public/products?undefined HTTP/1.1" 200 102 25172 ms
[03/Sep/2025:21:35:44 +0300] 0:0:0:0:0:0:0:1 "GET /api/seller/orders?pageNumber=0 HTTP/1.1" 401 121 448179 ms
[03/Sep/2025:21:35:52 +0300] 0:0:0:0:0:0:0:1 "GET /api/public/products?pageNumber=0&sortBy=price&sortOrder=asc HTTP/1.1" 200 102 40657 ms
[03/Sep/2025:21:35:52 +0300] 0:0:0:0:0:0:0:1 "GET /api/public/products?pageNumber=0&sortBy=price&sortOrder=asc HTTP/1.1" 200 102 28088 ms
[03/Sep/2025:21:35:56 +0300] 0:0:0:0:0:0:0:1 "GET /api/admin/app/analytics HTTP/1.1" 200 70 69188 ms
[03/Sep/2025:21:35:56 +0300] 0:0:0:0:0:0:0:1 "GET /api/admin/app/analytics HTTP/1.1" 200 70 22631 ms
[03/Sep/2025:21:36:04 +0300] 0:0:0:0:0:0:0:1 "GET /api/public/products?undefined HTTP/1.1" 200 102 43575 ms
[03/Sep/2025:21:36:04 +0300] 0:0:0:0:0:0:0:1 "GET /api/public/products?undefined HTTP/1.1" 200 102 44586 ms
[03/Sep/2025:21:36:12 +0300] 0:0:0:0:0:0:0:1 "GET /api/public/products?undefined HTTP/1.1" 200 102 36347 ms
[03/Sep/2025:21:36:12 +0300] 0:0:0:0:0:0:0:1 "GET /api/public/products?undefined HTTP/1.1" 200 102 44741 ms
[03/Sep/2025:21:36:16 +0300] 0:0:0:0:0:0:0:1 "GET /api/public/products?undefined HTTP/1.1" 200 102 40224 ms
[03/Sep/2025:21:36:16 +0300] 0:0:0:0:0:0:0:1 "GET /api/public/products?undefined HTTP/1.1" 200 102 26291 ms
[03/Sep/2025:21:36:17 +0300] 0:0:0:0:0:0:0:1 "GET /api/seller/orders?pageNumber=0 HTTP/1.1" 401 121 80760 ms
[03/Sep/2025:21:36:21 +0300] 0:0:0:0:0:0:0:1 "GET /api/admin/app/analytics HTTP/1.1" 200 70 32841 ms
[03/Sep/2025:21:36:21 +0300] 0:0:0:0:0:0:0:1 "GET /api/admin/app/analytics HTTP/1.1" 200 70 31874 ms
[03/Sep/2025:21:36:29 +0300] 0:0:0:0:0:0:0:1 "GET /api/auth/sellers?pageNumber=0 HTTP/1.1" 200 808 94104 ms
[03/Sep/2025:21:36:29 +0300] 0:0:0:0:0:0:0:1 "GET /api/auth/sellers?pageNumber=0 HTTP/1.1" 200 808 34169 ms
[03/Sep/2025:21:36:46 +0300] 0:0:0:0:0:0:0:1 "GET /api/public/products?undefined HTTP/1.1" 200 102 41279 ms
[03/Sep/2025:21:36:46 +0300] 0:0:0:0:0:0:0:1 "GET /api/public/products?undefined HTTP/1.1" 200 102 48190 ms
[03/Sep/2025:21:36:55 +0300] 0:0:0:0:0:0:0:1 "GET /api/public/products?undefined HTTP/1.1" 200 102 31339 ms
[03/Sep/2025:21:36:55 +0300] 0:0:0:0:0:0:0:1 "GET /api/public/products?undefined HTTP/1.1" 200 102 27569 ms
[03/Sep/2025:21:36:58 +0300] 0:0:0:0:0:0:0:1 "GET /api/seller/orders?pageNumber=0 HTTP/1.1" 401 121 40463 ms
[03/Sep/2025:21:37:02 +0300] 0:0:0:0:0:0:0:1 "GET /api/public/products?pageNumber=0&sortBy=price&sortOrder=asc HTTP/1.1" 200 102 35074 ms
[03/Sep/2025:21:37:02 +0300] 0:0:0:0:0:0:0:1 "GET /api/public/products?pageNumber=0&sortBy=price&sortOrder=asc HTTP/1.1" 200 102 35605 ms
[03/Sep/2025:21:37:05 +0300] 0:0:0:0:0:0:0:1 "GET /api/public/categories HTTP/1.1" 400 59 50759 ms
[03/Sep/2025:21:37:05 +0300] 0:0:0:0:0:0:0:1 "GET /api/public/categories HTTP/1.1" 400 59 23618 ms
[03/Sep/2025:21:37:10 +0300] 0:0:0:0:0:0:0:1 "GET /api/admin/app/analytics HTTP/1.1" 200 70 39510 ms
[03/Sep/2025:21:37:10 +0300] 0:0:0:0:0:0:0:1 "GET /api/admin/app/analytics HTTP/1.1" 200 70 28211 ms
[03/Sep/2025:21:37:35 +0300] 0:0:0:0:0:0:0:1 "GET /api/public/products?undefined HTTP/1.1" 200 102 46231 ms
[03/Sep/2025:21:37:35 +0300] 0:0:0:0:0:0:0:1 "GET /api/public/products?undefined HTTP/1.1" 200 102 54799 ms
[03/Sep/2025:21:38:23 +0300] 0:0:0:0:0:0:0:1 "GET /api/public/categories HTTP/1.1" 400 59 461901 ms
[03/Sep/2025:21:38:23 +0300] 0:0:0:0:0:0:0:1 "GET /api/public/products?pageNumber=0&sortBy=price&sortOrder=asc HTTP/1.1" 200 102 464932 ms
[03/Sep/2025:21:38:23 +0300] 0:0:0:0:0:0:0:1 "GET /api/public/categories HTTP/1.1" 400 59 33245 ms
[03/Sep/2025:21:38:23 +0300] 0:0:0:0:0:0:0:1 "GET /api/public/products?pageNumber=0&sortBy=price&sortOrder=asc HTTP/1.1" 200 102 40704 ms
[03/Sep/2025:21:38:23 +0300] 0:0:0:0:0:0:0:1 "GET /api/public/products?undefined HTTP/1.1" 200 102 41021 ms
[03/Sep/2025:21:38:23 +0300] 0:0:0:0:0:0:0:1 "GET /api/public/products?undefined HTTP/1.1" 200 102 40348 ms
[03/Sep/2025:21:38:30 +0300] 0:0:0:0:0:0:0:1 "GET /api/seller/orders?pageNumber=0 HTTP/1.1" 401 121 58364 ms
[03/Sep/2025:21:38:32 +0300] 0:0:0:0:0:0:0:1 "GET /api/public/products?undefined HTTP/1.1" 200 102 46608 ms
[03/Sep/2025:21:38:32 +0300] 0:0:0:0:0:0:0:1 "GET /api/public/products?undefined HTTP/1.1" 200 102 31395 ms
[03/Sep/2025:21:42:00 +0300] 0:0:0:0:0:0:0:1 "GET /api/seller/orders?pageNumber=0 HTTP/1.1" 401 121 291815 ms
[03/Sep/2025:21:42:00 +0300] 0:0:0:0:0:0:0:1 "GET /api/seller/orders?pageNumber=0 HTTP/1.1" 401 121 24763 ms
[03/Sep/2025:21:42:05 +0300] 0:0:0:0:0:0:0:1 "GET /api/public/products?pageNumber=0&sortBy=price&sortOrder=asc HTTP/1.1" 200 102 79773 ms
[03/Sep/2025:21:42:05 +0300] 0:0:0:0:0:0:0:1 "GET /api/public/products?pageNumber=0&sortBy=price&sortOrder=asc HTTP/1.1" 200 102 23122 ms
[03/Sep/2025:21:42:09 +0300] 0:0:0:0:0:0:0:1 "GET /api/public/products?undefined HTTP/1.1" 200 102 34846 ms
[03/Sep/2025:21:42:09 +0300] 0:0:0:0:0:0:0:1 "GET /api/public/products?undefined HTTP/1.1" 200 102 29948 ms
[03/Sep/2025:21:42:12 +0300] 0:0:0:0:0:0:0:1 "POST /api/auth/signout HTTP/1.1" 200 49 68037 ms
[03/Sep/2025:21:42:17 +0300] 0:0:0:0:0:0:0:1 "POST /api/auth/signin HTTP/1.1" 200 367 202723 ms
[03/Sep/2025:21:42:17 +0300] 0:0:0:0:0:0:0:1 "GET /api/public/products?undefined HTTP/1.1" 200 102 41006 ms
[03/Sep/2025:21:42:17 +0300] 0:0:0:0:0:0:0:1 "GET /api/public/products?undefined HTTP/1.1" 200 102 37114 ms
[03/Sep/2025:21:42:32 +0300] 0:0:0:0:0:0:0:1 "GET /api/admin/app/analytics HTTP/1.1" 200 70 66452 ms
[03/Sep/2025:21:42:32 +0300] 0:0:0:0:0:0:0:1 "GET /api/admin/app/analytics HTTP/1.1" 200 70 30627 ms
[03/Sep/2025:21:42:36 +0300] 0:0:0:0:0:0:0:1 "GET /api/public/products?pageNumber=0&sortBy=price&sortOrder=asc HTTP/1.1" 200 102 54003 ms
[03/Sep/2025:21:42:36 +0300] 0:0:0:0:0:0:0:1 "GET /api/public/products?pageNumber=0&sortBy=price&sortOrder=asc HTTP/1.1" 200 102 26960 ms
[03/Sep/2025:21:42:39 +0300] 0:0:0:0:0:0:0:1 "GET /api/public/categories HTTP/1.1" 400 59 30950 ms
[03/Sep/2025:21:42:39 +0300] 0:0:0:0:0:0:0:1 "GET /api/public/categories HTTP/1.1" 400 59 50905 ms
[03/Sep/2025:21:42:41 +0300] 0:0:0:0:0:0:0:1 "GET /api/auth/sellers?pageNumber=0 HTTP/1.1" 200 808 58152 ms
[03/Sep/2025:21:42:42 +0300] 0:0:0:0:0:0:0:1 "GET /api/auth/sellers?pageNumber=0 HTTP/1.1" 200 808 32621 ms
[03/Sep/2025:21:42:44 +0300] 0:0:0:0:0:0:0:1 "GET /api/admin/orders?pageNumber=0 HTTP/1.1" 200 102 35697 ms
[03/Sep/2025:21:42:44 +0300] 0:0:0:0:0:0:0:1 "GET /api/admin/orders?pageNumber=0 HTTP/1.1" 200 102 21649 ms
[03/Sep/2025:21:42:59 +0300] 0:0:0:0:0:0:0:1 "POST /api/auth/signout HTTP/1.1" 200 49 28389 ms
[03/Sep/2025:21:42:59 +0300] 0:0:0:0:0:0:0:1 "GET /api/public/products?undefined HTTP/1.1" 200 102 15447 ms
[03/Sep/2025:21:42:59 +0300] 0:0:0:0:0:0:0:1 "GET /api/public/products?undefined HTTP/1.1" 200 102 12519 ms
[03/Sep/2025:21:43:05 +0300] 0:0:0:0:0:0:0:1 "POST /api/auth/signin HTTP/1.1" 200 340 133557 ms
[03/Sep/2025:21:43:05 +0300] 0:0:0:0:0:0:0:1 "GET /api/public/products?undefined HTTP/1.1" 200 102 28192 ms
[03/Sep/2025:21:43:05 +0300] 0:0:0:0:0:0:0:1 "GET /api/public/products?undefined HTTP/1.1" 200 102 30729 ms
[03/Sep/2025:21:43:13 +0300] 0:0:0:0:0:0:0:1 "GET /api/public/products?undefined HTTP/1.1" 200 102 106183 ms
[03/Sep/2025:21:43:13 +0300] 0:0:0:0:0:0:0:1 "GET /api/public/products?undefined HTTP/1.1" 200 102 36745 ms
[03/Sep/2025:21:43:26 +0300] 0:0:0:0:0:0:0:1 "GET /api/public/products?undefined HTTP/1.1" 200 102 33065 ms
[03/Sep/2025:21:43:26 +0300] 0:0:0:0:0:0:0:1 "GET /api/public/products?undefined HTTP/1.1" 200 102 26087 ms
[03/Sep/2025:21:43:27 +0300] 0:0:0:0:0:0:0:1 "GET /api/public/products?undefined HTTP/1.1" 200 102 27526 ms
[03/Sep/2025:21:43:28 +0300] 0:0:0:0:0:0:0:1 "GET /api/public/products?undefined HTTP/1.1" 200 102 21452 ms
[03/Sep/2025:21:51:43 +0300] 0:0:0:0:0:0:0:1 "POST /api/auth/signout HTTP/1.1" 200 49 365046 ms
[03/Sep/2025:21:51:49 +0300] 0:0:0:0:0:0:0:1 "OPTIONS /api/auth/signin HTTP/1.1" 200 - 22062 ms
[03/Sep/2025:21:51:49 +0300] 0:0:0:0:0:0:0:1 "POST /api/auth/signin HTTP/1.1" 401 91 317527 ms
[03/Sep/2025:21:51:55 +0300] 0:0:0:0:0:0:0:1 "POST /api/auth/signin HTTP/1.1" 200 348 120620 ms
[03/Sep/2025:21:51:55 +0300] 0:0:0:0:0:0:0:1 "GET /api/public/products?undefined HTTP/1.1" 200 102 42142 ms
[03/Sep/2025:21:51:55 +0300] 0:0:0:0:0:0:0:1 "GET /api/public/products?undefined HTTP/1.1" 200 102 29176 ms
[03/Sep/2025:21:52:00 +0300] 0:0:0:0:0:0:0:1 "GET /api/seller/orders?pageNumber=0 HTTP/1.1" 401 121 75028 ms
[03/Sep/2025:21:52:00 +0300] 0:0:0:0:0:0:0:1 "GET /api/seller/orders?pageNumber=0 HTTP/1.1" 401 121 20102 ms
[03/Sep/2025:21:52:06 +0300] 0:0:0:0:0:0:0:1 "GET /api/public/products?pageNumber=0&sortBy=price&sortOrder=asc HTTP/1.1" 200 102 26047 ms
[03/Sep/2025:21:52:06 +0300] 0:0:0:0:0:0:0:1 "GET /api/public/products?pageNumber=0&sortBy=price&sortOrder=asc HTTP/1.1" 200 102 20652 ms
[03/Sep/2025:21:53:01 +0300] 0:0:0:0:0:0:0:1 "POST /api/auth/signout HTTP/1.1" 200 49 44234 ms
[03/Sep/2025:21:53:01 +0300] 0:0:0:0:0:0:0:1 "GET /api/public/products?undefined HTTP/1.1" 200 102 12143 ms
[03/Sep/2025:21:53:01 +0300] 0:0:0:0:0:0:0:1 "GET /api/public/products?undefined HTTP/1.1" 200 102 12526 ms
[03/Sep/2025:21:53:09 +0300] 0:0:0:0:0:0:0:1 "POST /api/auth/signin HTTP/1.1" 200 367 156820 ms
[03/Sep/2025:21:53:09 +0300] 0:0:0:0:0:0:0:1 "GET /api/public/products?undefined HTTP/1.1" 200 102 34332 ms
[03/Sep/2025:21:53:09 +0300] 0:0:0:0:0:0:0:1 "GET /api/public/products?undefined HTTP/1.1" 200 102 32721 ms
[03/Sep/2025:21:53:13 +0300] 0:0:0:0:0:0:0:1 "GET /api/admin/app/analytics HTTP/1.1" 200 70 65137 ms
[03/Sep/2025:21:53:13 +0300] 0:0:0:0:0:0:0:1 "GET /api/admin/app/analytics HTTP/1.1" 200 70 21541 ms
[03/Sep/2025:21:53:17 +0300] 0:0:0:0:0:0:0:1 "GET /api/auth/sellers?pageNumber=0 HTTP/1.1" 200 808 77450 ms
[03/Sep/2025:21:53:17 +0300] 0:0:0:0:0:0:0:1 "GET /api/auth/sellers?pageNumber=0 HTTP/1.1" 200 808 28089 ms
