[28/Aug/2025:04:19:59 +0300] 0:0:0:0:0:0:0:1 "GET /api/public/products?undefined HTTP/1.1" 200 1716 5296506 ms
[28/Aug/2025:04:19:59 +0300] 0:0:0:0:0:0:0:1 "GET /images/59208c14-6454-492c-9ab8-d0e81c109be1.jpg HTTP/1.1" 304 - 67764 ms
[28/Aug/2025:04:19:59 +0300] 0:0:0:0:0:0:0:1 "GET /images/7217fa9e-a5ee-453c-8771-c339405aac81.png HTTP/1.1" 304 - 68971 ms
[28/Aug/2025:04:19:59 +0300] 0:0:0:0:0:0:0:1 "GET /images/default.png HTTP/1.1" 401 121 151539 ms
[28/Aug/2025:04:20:18 +0300] 0:0:0:0:0:0:0:1 "GET /images/default.png HTTP/1.1" 401 121 20818 ms
[28/Aug/2025:04:20:18 +0300] 0:0:0:0:0:0:0:1 "GET /api/public/products?pageNumber=0&sortBy=price&sortOrder=asc HTTP/1.1" 200 1716 54066 ms
[28/Aug/2025:04:20:18 +0300] 0:0:0:0:0:0:0:1 "GET /api/public/categories HTTP/1.1" 200 269 60419 ms
[28/Aug/2025:04:20:18 +0300] 0:0:0:0:0:0:0:1 "GET /images/default.png HTTP/1.1" 401 121 8073 ms
[28/Aug/2025:04:20:28 +0300] 0:0:0:0:0:0:0:1 "GET /images/default.png HTTP/1.1" 401 121 9795 ms
[28/Aug/2025:04:20:28 +0300] 0:0:0:0:0:0:0:1 "GET /api/public/products?undefined HTTP/1.1" 200 1716 50767 ms
[28/Aug/2025:04:20:28 +0300] 0:0:0:0:0:0:0:1 "GET /images/default.png HTTP/1.1" 401 121 7817 ms
[28/Aug/2025:04:20:34 +0300] 0:0:0:0:0:0:0:1 "OPTIONS /api/auth/signin HTTP/1.1" 200 - 16118 ms
[28/Aug/2025:04:20:35 +0300] 0:0:0:0:0:0:0:1 "POST /api/auth/signin HTTP/1.1" 200 340 691676 ms
[28/Aug/2025:04:20:35 +0300] 0:0:0:0:0:0:0:1 "GET /images/default.png HTTP/1.1" 401 121 8898 ms
[28/Aug/2025:04:20:35 +0300] 0:0:0:0:0:0:0:1 "GET /api/public/products?undefined HTTP/1.1" 200 1716 61140 ms
[28/Aug/2025:04:20:35 +0300] 0:0:0:0:0:0:0:1 "GET /images/default.png HTTP/1.1" 401 121 8868 ms
[28/Aug/2025:04:20:41 +0300] 0:0:0:0:0:0:0:1 "GET /images/http://localhost:8080/images/59208c14-6454-492c-9ab8-d0e81c109be1.jpg HTTP/1.1" 401 121 7113 ms
[28/Aug/2025:04:20:42 +0300] 0:0:0:0:0:0:0:1 "GET /images/default.png HTTP/1.1" 401 121 9754 ms
[28/Aug/2025:04:20:42 +0300] 0:0:0:0:0:0:0:1 "GET /api/public/products?undefined HTTP/1.1" 200 1716 92991 ms
[28/Aug/2025:04:20:43 +0300] 0:0:0:0:0:0:0:1 "GET /images/default.png HTTP/1.1" 401 121 5996 ms
[28/Aug/2025:04:20:46 +0300] 0:0:0:0:0:0:0:1 "GET /images/http://localhost:8080/images/59208c14-6454-492c-9ab8-d0e81c109be1.jpg HTTP/1.1" 401 121 7860 ms
[28/Aug/2025:04:20:48 +0300] 0:0:0:0:0:0:0:1 "GET /images/default.png HTTP/1.1" 401 121 10263 ms
[28/Aug/2025:04:20:48 +0300] 0:0:0:0:0:0:0:1 "GET /api/public/products?undefined HTTP/1.1" 200 1716 77009 ms
[28/Aug/2025:04:20:49 +0300] 0:0:0:0:0:0:0:1 "GET /images/default.png HTTP/1.1" 401 121 6653 ms
