[30/Aug/2025:20:18:17 +0300] 0:0:0:0:0:0:0:1 "GET /api/public/products?undefined HTTP/1.1" 200 1676 9472234 ms
[30/Aug/2025:20:18:17 +0300] 0:0:0:0:0:0:0:1 "GET /images/7217fa9e-a5ee-453c-8771-c339405aac81.png HTTP/1.1" 304 - 93125 ms
[30/Aug/2025:20:18:17 +0300] 0:0:0:0:0:0:0:1 "GET /images/default.png HTTP/1.1" 401 121 261364 ms
[30/Aug/2025:20:18:17 +0300] 0:0:0:0:0:0:0:1 "GET /images/null HTTP/1.1" 401 121 272049 ms
[30/Aug/2025:20:18:44 +0300] 0:0:0:0:0:0:0:1 "GET /api/public/products?undefined HTTP/1.1" 200 1676 163205 ms
[30/Aug/2025:20:18:44 +0300] 0:0:0:0:0:0:0:1 "GET /images/null HTTP/1.1" 401 121 34289 ms
[30/Aug/2025:20:18:44 +0300] 0:0:0:0:0:0:0:1 "GET /images/default.png HTTP/1.1" 401 121 31461 ms
[30/Aug/2025:20:18:55 +0300] 0:0:0:0:0:0:0:1 "OPTIONS /api/auth/signin HTTP/1.1" 200 - 42889 ms
[30/Aug/2025:20:18:56 +0300] 0:0:0:0:0:0:0:1 "POST /api/auth/signin HTTP/1.1" 200 367 832017 ms
[30/Aug/2025:20:18:56 +0300] 0:0:0:0:0:0:0:1 "GET /images/null HTTP/1.1" 401 121 11158 ms
[30/Aug/2025:20:18:56 +0300] 0:0:0:0:0:0:0:1 "GET /images/default.png HTTP/1.1" 401 121 12955 ms
[30/Aug/2025:20:18:56 +0300] 0:0:0:0:0:0:0:1 "GET /api/public/products?undefined HTTP/1.1" 200 1676 62085 ms
[30/Aug/2025:20:18:56 +0300] 0:0:0:0:0:0:0:1 "GET /api/public/products?undefined HTTP/1.1" 200 1676 60609 ms
[30/Aug/2025:20:18:56 +0300] 0:0:0:0:0:0:0:1 "GET /images/default.png HTTP/1.1" 401 121 8729 ms
[30/Aug/2025:20:18:56 +0300] 0:0:0:0:0:0:0:1 "GET /images/null HTTP/1.1" 401 121 8752 ms
[30/Aug/2025:20:19:01 +0300] 0:0:0:0:0:0:0:1 "GET /api/admin/app/analytics HTTP/1.1" 200 74 221948 ms
[30/Aug/2025:20:19:04 +0300] 0:0:0:0:0:0:0:1 "GET /api/public/products?pageNumber=0&sortBy=price&sortOrder=asc HTTP/1.1" 200 1676 67231 ms
[30/Aug/2025:20:19:04 +0300] 0:0:0:0:0:0:0:1 "GET /api/public/products?pageNumber=0&sortBy=price&sortOrder=asc HTTP/1.1" 200 1676 70707 ms
[30/Aug/2025:20:19:21 +0300] 0:0:0:0:0:0:0:1 "OPTIONS /api/admin/products/1 HTTP/1.1" 200 - 11808 ms
[30/Aug/2025:20:19:21 +0300] 0:0:0:0:0:0:0:1 "PUT /api/admin/products/1 HTTP/1.1" 200 293 250633 ms
[30/Aug/2025:20:19:21 +0300] 0:0:0:0:0:0:0:1 "GET /api/admin/products? HTTP/1.1" 200 1635 71972 ms
[30/Aug/2025:20:19:22 +0300] 0:0:0:0:0:0:0:1 "GET /api/public/categories HTTP/1.1" 200 268 108304 ms
[30/Aug/2025:20:19:39 +0300] 0:0:0:0:0:0:0:1 "PUT /api/admin/products/1 HTTP/1.1" 200 334 67873 ms
[30/Aug/2025:20:19:39 +0300] 0:0:0:0:0:0:0:1 "GET /api/public/categories HTTP/1.1" 200 268 34633 ms
[30/Aug/2025:20:19:39 +0300] 0:0:0:0:0:0:0:1 "GET /api/admin/products? HTTP/1.1" 200 1676 59771 ms
[30/Aug/2025:20:19:47 +0300] 0:0:0:0:0:0:0:1 "GET /api/public/products?pageNumber=0&sortBy=price&sortOrder=asc HTTP/1.1" 200 1676 56485 ms
[30/Aug/2025:20:20:08 +0300] 0:0:0:0:0:0:0:1 "PUT /api/admin/products/1 HTTP/1.1" 200 334 125023 ms
[30/Aug/2025:20:20:09 +0300] 0:0:0:0:0:0:0:1 "GET /api/admin/products? HTTP/1.1" 200 1676 266025 ms
[30/Aug/2025:20:20:09 +0300] 0:0:0:0:0:0:0:1 "GET /api/public/categories HTTP/1.1" 200 268 237737 ms
[30/Aug/2025:20:20:13 +0300] 0:0:0:0:0:0:0:1 "GET /api/public/products?pageNumber=0&sortBy=price&sortOrder=asc HTTP/1.1" 200 1676 106850 ms
[30/Aug/2025:20:20:44 +0300] 0:0:0:0:0:0:0:1 "PUT /api/admin/products/1 HTTP/1.1" 200 293 60349 ms
[30/Aug/2025:20:20:44 +0300] 0:0:0:0:0:0:0:1 "GET /api/admin/products? HTTP/1.1" 200 1635 41761 ms
[30/Aug/2025:20:20:44 +0300] 0:0:0:0:0:0:0:1 "GET /api/public/categories HTTP/1.1" 200 268 28787 ms
[30/Aug/2025:20:20:48 +0300] 0:0:0:0:0:0:0:1 "GET /api/public/products?pageNumber=0&sortBy=price&sortOrder=asc HTTP/1.1" 200 1635 52726 ms
[30/Aug/2025:20:20:59 +0300] 0:0:0:0:0:0:0:1 "DELETE /api/admin/products/1 HTTP/1.1" 401 121 782021 ms
[30/Aug/2025:20:21:07 +0300] 0:0:0:0:0:0:0:1 "GET /api/public/products?pageNumber=0&sortBy=price&sortOrder=asc HTTP/1.1" 200 1635 65325 ms
[30/Aug/2025:20:21:11 +0300] 0:0:0:0:0:0:0:1 "GET /images/null HTTP/1.1" 401 121 8316 ms
[30/Aug/2025:20:21:17 +0300] 0:0:0:0:0:0:0:1 "GET /api/public/products?pageNumber=0&sortBy=price&sortOrder=asc HTTP/1.1" 200 1635 45077 ms
[30/Aug/2025:20:21:24 +0300] 0:0:0:0:0:0:0:1 "GET /images/null HTTP/1.1" 401 121 4296 ms
[30/Aug/2025:20:21:24 +0300] 0:0:0:0:0:0:0:1 "GET /images/default.png HTTP/1.1" 401 121 4283 ms
[30/Aug/2025:20:21:24 +0300] 0:0:0:0:0:0:0:1 "GET /api/public/products?undefined HTTP/1.1" 200 1635 52892 ms
[30/Aug/2025:20:21:24 +0300] 0:0:0:0:0:0:0:1 "GET /api/public/products?undefined HTTP/1.1" 200 1635 43796 ms
[30/Aug/2025:20:21:24 +0300] 0:0:0:0:0:0:0:1 "GET /images/default.png HTTP/1.1" 401 121 5587 ms
[30/Aug/2025:20:21:24 +0300] 0:0:0:0:0:0:0:1 "GET /images/null HTTP/1.1" 401 121 5685 ms
[30/Aug/2025:20:21:30 +0300] 0:0:0:0:0:0:0:1 "GET /images/default.png HTTP/1.1" 401 121 8789 ms
[30/Aug/2025:20:21:30 +0300] 0:0:0:0:0:0:0:1 "GET /images/null HTTP/1.1" 401 121 8689 ms
[30/Aug/2025:20:21:30 +0300] 0:0:0:0:0:0:0:1 "GET /images/null HTTP/1.1" 401 121 14929 ms
[30/Aug/2025:20:21:30 +0300] 0:0:0:0:0:0:0:1 "GET /api/public/categories HTTP/1.1" 200 268 71400 ms
[30/Aug/2025:20:21:30 +0300] 0:0:0:0:0:0:0:1 "GET /api/public/products?pageNumber=0&sortBy=price&sortOrder=asc HTTP/1.1" 200 1635 82226 ms
[30/Aug/2025:20:21:30 +0300] 0:0:0:0:0:0:0:1 "GET /api/public/categories HTTP/1.1" 200 268 41546 ms
[30/Aug/2025:20:21:30 +0300] 0:0:0:0:0:0:0:1 "GET /images/default.png HTTP/1.1" 401 121 8639 ms
[30/Aug/2025:20:21:30 +0300] 0:0:0:0:0:0:0:1 "GET /images/null HTTP/1.1" 401 121 11325 ms
[30/Aug/2025:20:21:30 +0300] 0:0:0:0:0:0:0:1 "GET /api/public/products?pageNumber=0&sortBy=price&sortOrder=asc HTTP/1.1" 200 1635 63247 ms
[30/Aug/2025:20:21:42 +0300] 0:0:0:0:0:0:0:1 "GET /api/admin/app/analytics HTTP/1.1" 200 74 60905 ms
[30/Aug/2025:20:21:45 +0300] 0:0:0:0:0:0:0:1 "GET /api/public/products?pageNumber=0&sortBy=price&sortOrder=asc HTTP/1.1" 200 1635 45526 ms
[30/Aug/2025:20:21:45 +0300] 0:0:0:0:0:0:0:1 "GET /api/public/products?pageNumber=0&sortBy=price&sortOrder=asc HTTP/1.1" 200 1635 33845 ms
[30/Aug/2025:20:22:03 +0300] 0:0:0:0:0:0:0:1 "OPTIONS /api/admin/products/1/image HTTP/1.1" 200 - 6173 ms
[30/Aug/2025:20:22:03 +0300] 0:0:0:0:0:0:0:1 "PUT /api/admin/products/1/image HTTP/1.1" 200 331 120923 ms
[30/Aug/2025:20:22:03 +0300] 0:0:0:0:0:0:0:1 "GET /api/admin/products? HTTP/1.1" 200 1671 41440 ms
[30/Aug/2025:20:22:07 +0300] 0:0:0:0:0:0:0:1 "GET /images/null HTTP/1.1" 401 121 41817 ms
[30/Aug/2025:20:22:16 +0300] 0:0:0:0:0:0:0:1 "GET /images/null HTTP/1.1" 401 121 5896 ms
[30/Aug/2025:20:22:16 +0300] 0:0:0:0:0:0:0:1 "GET /images/default.png HTTP/1.1" 401 121 6250 ms
[30/Aug/2025:20:22:16 +0300] 0:0:0:0:0:0:0:1 "GET /api/public/categories HTTP/1.1" 200 268 21564 ms
[30/Aug/2025:20:22:16 +0300] 0:0:0:0:0:0:0:1 "GET /api/public/products?pageNumber=0&sortBy=price&sortOrder=asc HTTP/1.1" 200 1671 37139 ms
[30/Aug/2025:20:22:16 +0300] 0:0:0:0:0:0:0:1 "GET /api/public/categories HTTP/1.1" 200 268 25185 ms
[30/Aug/2025:20:22:16 +0300] 0:0:0:0:0:0:0:1 "GET /images/null HTTP/1.1" 401 121 4316 ms
[30/Aug/2025:20:22:16 +0300] 0:0:0:0:0:0:0:1 "GET /images/default.png HTTP/1.1" 401 121 5206 ms
[30/Aug/2025:20:22:16 +0300] 0:0:0:0:0:0:0:1 "GET /images/8bf47bf7-ea45-4997-8f01-5d934d531f6c.jpg HTTP/1.1" 200 211529 10197 ms
[30/Aug/2025:20:22:16 +0300] 0:0:0:0:0:0:0:1 "GET /api/public/products?pageNumber=0&sortBy=price&sortOrder=asc HTTP/1.1" 200 1671 41581 ms
[30/Aug/2025:20:22:43 +0300] 0:0:0:0:0:0:0:1 "GET /api/admin/app/analytics HTTP/1.1" 200 74 44671 ms
[30/Aug/2025:20:22:45 +0300] 0:0:0:0:0:0:0:1 "GET /api/public/products?pageNumber=0&sortBy=price&sortOrder=asc HTTP/1.1" 200 1671 41157 ms
[30/Aug/2025:20:22:45 +0300] 0:0:0:0:0:0:0:1 "GET /api/public/products?pageNumber=0&sortBy=price&sortOrder=asc HTTP/1.1" 200 1671 44566 ms
[30/Aug/2025:20:22:53 +0300] 0:0:0:0:0:0:0:1 "OPTIONS /api/admin/products/2 HTTP/1.1" 200 - 3371 ms
[30/Aug/2025:20:22:53 +0300] 0:0:0:0:0:0:0:1 "PUT /api/admin/products/2 HTTP/1.1" 200 332 116341 ms
[30/Aug/2025:20:22:54 +0300] 0:0:0:0:0:0:0:1 "GET /api/admin/products? HTTP/1.1" 200 1637 39194 ms
[30/Aug/2025:20:22:54 +0300] 0:0:0:0:0:0:0:1 "GET /api/public/categories HTTP/1.1" 200 268 23293 ms
[30/Aug/2025:20:22:58 +0300] 0:0:0:0:0:0:0:1 "GET /api/public/products?pageNumber=0&sortBy=price&sortOrder=asc HTTP/1.1" 200 1637 67703 ms
