[27/Aug/2025:08:50:00 +0300] 0:0:0:0:0:0:0:1 "GET /api/public/products?undefined HTTP/1.1" 200 1716 2165098 ms
[27/Aug/2025:08:50:07 +0300] 0:0:0:0:0:0:0:1 "GET /images/59208c14-6454-492c-9ab8-d0e81c109be1.jpg HTTP/1.1" 304 - 180060 ms
[27/Aug/2025:08:50:07 +0300] 0:0:0:0:0:0:0:1 "GET /images/7217fa9e-a5ee-453c-8771-c339405aac81.png HTTP/1.1" 304 - 180523 ms
[27/Aug/2025:08:50:08 +0300] 0:0:0:0:0:0:0:1 "GET /images/default.png HTTP/1.1" 401 121 905561 ms
[27/Aug/2025:08:50:28 +0300] 0:0:0:0:0:0:0:1 "GET /api/public/products?undefined HTTP/1.1" 200 1716 72431 ms
[27/Aug/2025:08:50:29 +0300] 0:0:0:0:0:0:0:1 "GET /images/default.png HTTP/1.1" 401 121 21157 ms
[27/Aug/2025:08:50:39 +0300] 0:0:0:0:0:0:0:1 "OPTIONS /api/auth/signin HTTP/1.1" 200 - 28794 ms
[27/Aug/2025:08:50:40 +0300] 0:0:0:0:0:0:0:1 "POST /api/auth/signin HTTP/1.1" 404 55 391540 ms
[27/Aug/2025:08:50:44 +0300] 0:0:0:0:0:0:0:1 "POST /api/auth/signin HTTP/1.1" 200 340 258808 ms
[27/Aug/2025:08:50:44 +0300] 0:0:0:0:0:0:0:1 "GET /images/default.png HTTP/1.1" 401 121 9216 ms
[27/Aug/2025:08:50:44 +0300] 0:0:0:0:0:0:0:1 "GET /api/public/products?undefined HTTP/1.1" 200 1716 67204 ms
[27/Aug/2025:08:50:44 +0300] 0:0:0:0:0:0:0:1 "GET /api/public/products?undefined HTTP/1.1" 200 1716 39015 ms
[27/Aug/2025:08:50:44 +0300] 0:0:0:0:0:0:0:1 "GET /images/default.png HTTP/1.1" 401 121 9902 ms
[27/Aug/2025:08:50:49 +0300] 0:0:0:0:0:0:0:1 "GET /images/http://localhost:8080/images/59208c14-6454-492c-9ab8-d0e81c109be1.jpg HTTP/1.1" 401 121 8231 ms
[27/Aug/2025:08:50:52 +0300] 0:0:0:0:0:0:0:1 "GET /api/users/addresses HTTP/1.1" 200 3288 67335 ms
[27/Aug/2025:08:50:52 +0300] 0:0:0:0:0:0:0:1 "GET /api/users/addresses HTTP/1.1" 200 3288 33855 ms
[27/Aug/2025:08:50:54 +0300] 0:0:0:0:0:0:0:1 "OPTIONS /api/cart/create HTTP/1.1" 200 - 4631 ms
[27/Aug/2025:08:50:54 +0300] 0:0:0:0:0:0:0:1 "OPTIONS /api/cart/create HTTP/1.1" 200 - 3627 ms
[27/Aug/2025:08:50:55 +0300] 0:0:0:0:0:0:0:1 "POST /api/cart/create HTTP/1.1" 201 25 239899 ms
[27/Aug/2025:08:50:55 +0300] 0:0:0:0:0:0:0:1 "POST /api/cart/create HTTP/1.1" 201 25 268117 ms
[27/Aug/2025:08:50:55 +0300] 0:0:0:0:0:0:0:1 "GET /api/carts/users/cart HTTP/1.1" 200 414 58391 ms
[27/Aug/2025:08:50:55 +0300] 0:0:0:0:0:0:0:1 "GET /api/carts/users/cart HTTP/1.1" 200 414 38474 ms
[27/Aug/2025:08:50:58 +0300] 0:0:0:0:0:0:0:1 "OPTIONS /api/order/stripe-client-secret HTTP/1.1" 200 - 3931 ms
[27/Aug/2025:08:51:01 +0300] 0:0:0:0:0:0:0:1 "POST /api/order/stripe-client-secret HTTP/1.1" 201 60 2546198 ms
[27/Aug/2025:08:51:13 +0300] 0:0:0:0:0:0:0:1 "OPTIONS /api/order/users/payments/Stripe HTTP/1.1" 200 - 3717 ms
[27/Aug/2025:08:51:14 +0300] 0:0:0:0:0:0:0:1 "POST /api/order/users/payments/Stripe HTTP/1.1" 201 783 193889 ms
[27/Aug/2025:08:51:16 +0300] 0:0:0:0:0:0:0:1 "GET /api/public/products?undefined HTTP/1.1" 200 1716 69201 ms
[27/Aug/2025:08:51:16 +0300] 0:0:0:0:0:0:0:1 "GET /api/public/products?undefined HTTP/1.1" 200 1716 67543 ms
[27/Aug/2025:08:51:16 +0300] 0:0:0:0:0:0:0:1 "GET /images/default.png HTTP/1.1" 401 121 37581 ms
[27/Aug/2025:08:51:57 +0300] 0:0:0:0:0:0:0:1 "GET /images/http://localhost:8080/images/default.png HTTP/1.1" 401 121 5545 ms
[27/Aug/2025:08:51:58 +0300] 0:0:0:0:0:0:0:1 "GET /api/users/addresses HTTP/1.1" 200 3288 43806 ms
[27/Aug/2025:08:51:58 +0300] 0:0:0:0:0:0:0:1 "GET /api/users/addresses HTTP/1.1" 200 3288 31950 ms
[27/Aug/2025:08:52:00 +0300] 0:0:0:0:0:0:0:1 "POST /api/cart/create HTTP/1.1" 201 25 69922 ms
[27/Aug/2025:08:52:00 +0300] 0:0:0:0:0:0:0:1 "GET /api/carts/users/cart HTTP/1.1" 200 385 31646 ms
[27/Aug/2025:08:52:01 +0300] 0:0:0:0:0:0:0:1 "POST /api/cart/create HTTP/1.1" 401 121 479905 ms
[27/Aug/2025:08:52:03 +0300] 0:0:0:0:0:0:0:1 "POST /api/order/stripe-client-secret HTTP/1.1" 201 60 924631 ms
[27/Aug/2025:08:52:20 +0300] 0:0:0:0:0:0:0:1 "POST /api/order/users/payments/Stripe HTTP/1.1" 201 754 58577 ms
[27/Aug/2025:08:52:23 +0300] 0:0:0:0:0:0:0:1 "GET /api/public/products?undefined HTTP/1.1" 200 1716 63610 ms
[27/Aug/2025:08:52:23 +0300] 0:0:0:0:0:0:0:1 "GET /api/public/products?undefined HTTP/1.1" 200 1716 49152 ms
[27/Aug/2025:08:52:23 +0300] 0:0:0:0:0:0:0:1 "GET /images/default.png HTTP/1.1" 401 121 5053 ms
[27/Aug/2025:08:52:43 +0300] 0:0:0:0:0:0:0:1 "GET /images/default.png HTTP/1.1" 401 121 6762 ms
[27/Aug/2025:08:52:43 +0300] 0:0:0:0:0:0:0:1 "GET /api/public/products?pageNumber=0&sortBy=price&sortOrder=asc HTTP/1.1" 200 1716 46066 ms
[27/Aug/2025:08:52:43 +0300] 0:0:0:0:0:0:0:1 "GET /api/public/categories HTTP/1.1" 200 269 41046 ms
[27/Aug/2025:08:52:43 +0300] 0:0:0:0:0:0:0:1 "GET /api/public/categories HTTP/1.1" 200 269 23644 ms
[27/Aug/2025:08:52:43 +0300] 0:0:0:0:0:0:0:1 "GET /api/public/products?pageNumber=0&sortBy=price&sortOrder=asc HTTP/1.1" 200 1716 39636 ms
[27/Aug/2025:08:52:43 +0300] 0:0:0:0:0:0:0:1 "GET /images/default.png HTTP/1.1" 401 121 5611 ms
[27/Aug/2025:08:52:49 +0300] 0:0:0:0:0:0:0:1 "GET /images/http://localhost:8080/images/default.png HTTP/1.1" 401 121 3901 ms
[27/Aug/2025:08:52:50 +0300] 0:0:0:0:0:0:0:1 "GET /api/users/addresses HTTP/1.1" 200 3288 27626 ms
[27/Aug/2025:08:52:50 +0300] 0:0:0:0:0:0:0:1 "GET /api/users/addresses HTTP/1.1" 200 3288 27172 ms
[27/Aug/2025:08:52:52 +0300] 0:0:0:0:0:0:0:1 "POST /api/cart/create HTTP/1.1" 401 121 50498 ms
[27/Aug/2025:08:52:52 +0300] 0:0:0:0:0:0:0:1 "POST /api/cart/create HTTP/1.1" 201 25 51403 ms
[27/Aug/2025:08:52:52 +0300] 0:0:0:0:0:0:0:1 "GET /api/carts/users/cart HTTP/1.1" 200 264 35917 ms
[27/Aug/2025:08:52:57 +0300] 0:0:0:0:0:0:0:1 "POST /api/order/stripe-client-secret HTTP/1.1" 201 60 2119709 ms
[27/Aug/2025:08:53:16 +0300] 0:0:0:0:0:0:0:1 "POST /api/order/users/payments/Stripe HTTP/1.1" 201 633 57119 ms
[27/Aug/2025:08:53:22 +0300] 0:0:0:0:0:0:0:1 "GET /api/public/products?undefined HTTP/1.1" 200 1716 56927 ms
[27/Aug/2025:08:53:22 +0300] 0:0:0:0:0:0:0:1 "GET /api/public/products?undefined HTTP/1.1" 200 1716 53339 ms
[27/Aug/2025:08:53:22 +0300] 0:0:0:0:0:0:0:1 "GET /images/default.png HTTP/1.1" 401 121 6911 ms
[27/Aug/2025:08:53:33 +0300] 0:0:0:0:0:0:0:1 "GET /images/http://localhost:8080/images/default.png HTTP/1.1" 401 121 5360 ms
[27/Aug/2025:08:53:34 +0300] 0:0:0:0:0:0:0:1 "GET /api/users/addresses HTTP/1.1" 200 3288 38093 ms
[27/Aug/2025:08:53:34 +0300] 0:0:0:0:0:0:0:1 "GET /api/users/addresses HTTP/1.1" 200 3288 21472 ms
[27/Aug/2025:08:53:36 +0300] 0:0:0:0:0:0:0:1 "POST /api/cart/create HTTP/1.1" 201 25 51743 ms
[27/Aug/2025:08:53:36 +0300] 0:0:0:0:0:0:0:1 "POST /api/cart/create HTTP/1.1" 401 121 50584 ms
[27/Aug/2025:08:53:36 +0300] 0:0:0:0:0:0:0:1 "GET /api/carts/users/cart HTTP/1.1" 200 385 34436 ms
[27/Aug/2025:08:53:42 +0300] 0:0:0:0:0:0:0:1 "POST /api/order/stripe-client-secret HTTP/1.1" 201 60 1912382 ms
[27/Aug/2025:08:53:54 +0300] 0:0:0:0:0:0:0:1 "POST /api/order/users/payments/Stripe HTTP/1.1" 201 754 45348 ms
[27/Aug/2025:08:53:58 +0300] 0:0:0:0:0:0:0:1 "GET /api/public/products?undefined HTTP/1.1" 200 1716 44239 ms
[27/Aug/2025:08:53:58 +0300] 0:0:0:0:0:0:0:1 "GET /images/default.png HTTP/1.1" 401 121 8329 ms
[27/Aug/2025:08:53:58 +0300] 0:0:0:0:0:0:0:1 "GET /api/public/products?undefined HTTP/1.1" 200 1716 48875 ms
[27/Aug/2025:09:38:52 +0300] 0:0:0:0:0:0:0:1 "GET /api/public/products?undefined HTTP/1.1" 200 1716 558213 ms
[27/Aug/2025:09:38:52 +0300] 0:0:0:0:0:0:0:1 "GET /images/default.png HTTP/1.1" 401 121 302541 ms
[27/Aug/2025:09:39:06 +0300] 0:0:0:0:0:0:0:1 "OPTIONS /api/auth/signin HTTP/1.1" 200 - 9305 ms
[27/Aug/2025:09:39:06 +0300] 0:0:0:0:0:0:0:1 "POST /api/auth/signin HTTP/1.1" 200 340 300352 ms
[27/Aug/2025:09:39:06 +0300] 0:0:0:0:0:0:0:1 "GET /images/default.png HTTP/1.1" 401 121 11469 ms
[27/Aug/2025:09:39:06 +0300] 0:0:0:0:0:0:0:1 "GET /api/public/products?undefined HTTP/1.1" 200 1716 64605 ms
[27/Aug/2025:09:39:07 +0300] 0:0:0:0:0:0:0:1 "GET /api/public/products?undefined HTTP/1.1" 200 1716 45942 ms
[27/Aug/2025:09:39:07 +0300] 0:0:0:0:0:0:0:1 "GET /images/default.png HTTP/1.1" 401 121 4011 ms
[27/Aug/2025:09:39:14 +0300] 0:0:0:0:0:0:0:1 "GET /images/http://localhost:8080/images/59208c14-6454-492c-9ab8-d0e81c109be1.jpg HTTP/1.1" 401 121 8773 ms
[27/Aug/2025:09:39:15 +0300] 0:0:0:0:0:0:0:1 "GET /api/users/addresses HTTP/1.1" 200 3288 67643 ms
[27/Aug/2025:09:39:15 +0300] 0:0:0:0:0:0:0:1 "GET /api/users/addresses HTTP/1.1" 200 3288 36066 ms
[27/Aug/2025:09:39:18 +0300] 0:0:0:0:0:0:0:1 "OPTIONS /api/cart/create HTTP/1.1" 200 - 3197 ms
[27/Aug/2025:09:39:18 +0300] 0:0:0:0:0:0:0:1 "OPTIONS /api/cart/create HTTP/1.1" 200 - 4195 ms
[27/Aug/2025:09:39:18 +0300] 0:0:0:0:0:0:0:1 "POST /api/cart/create HTTP/1.1" 201 25 193963 ms
[27/Aug/2025:09:39:18 +0300] 0:0:0:0:0:0:0:1 "GET /api/carts/users/cart HTTP/1.1" 200 414 35671 ms
[27/Aug/2025:09:39:18 +0300] 0:0:0:0:0:0:0:1 "POST /api/cart/create HTTP/1.1" 401 121 250421 ms
[27/Aug/2025:09:39:21 +0300] 0:0:0:0:0:0:0:1 "OPTIONS /api/order/stripe-client-secret HTTP/1.1" 200 - 5824 ms
[27/Aug/2025:09:39:22 +0300] 0:0:0:0:0:0:0:1 "POST /api/order/stripe-client-secret HTTP/1.1" 201 60 1004633 ms
[27/Aug/2025:09:39:37 +0300] 0:0:0:0:0:0:0:1 "OPTIONS /api/order/users/payments/Stripe HTTP/1.1" 200 - 16105 ms
[27/Aug/2025:09:39:37 +0300] 0:0:0:0:0:0:0:1 "POST /api/order/users/payments/Stripe HTTP/1.1" 201 783 116087 ms
[27/Aug/2025:09:39:42 +0300] 0:0:0:0:0:0:0:1 "GET /api/public/products?undefined HTTP/1.1" 200 1716 88769 ms
[27/Aug/2025:09:39:42 +0300] 0:0:0:0:0:0:0:1 "GET /images/default.png HTTP/1.1" 401 121 11033 ms
[27/Aug/2025:09:39:42 +0300] 0:0:0:0:0:0:0:1 "GET /api/public/products?undefined HTTP/1.1" 200 1716 73637 ms
[27/Aug/2025:09:39:47 +0300] 0:0:0:0:0:0:0:1 "GET /images/http://localhost:8080/images/59208c14-6454-492c-9ab8-d0e81c109be1.jpg HTTP/1.1" 401 121 3543 ms
[27/Aug/2025:09:39:48 +0300] 0:0:0:0:0:0:0:1 "GET /api/users/addresses HTTP/1.1" 200 3288 33097 ms
[27/Aug/2025:09:39:48 +0300] 0:0:0:0:0:0:0:1 "GET /api/users/addresses HTTP/1.1" 200 3288 30238 ms
[27/Aug/2025:09:39:50 +0300] 0:0:0:0:0:0:0:1 "POST /api/cart/create HTTP/1.1" 201 25 48600 ms
[27/Aug/2025:09:39:50 +0300] 0:0:0:0:0:0:0:1 "POST /api/cart/create HTTP/1.1" 401 121 50225 ms
[27/Aug/2025:09:39:50 +0300] 0:0:0:0:0:0:0:1 "GET /api/carts/users/cart HTTP/1.1" 200 414 29733 ms
[27/Aug/2025:09:39:53 +0300] 0:0:0:0:0:0:0:1 "POST /api/order/stripe-client-secret HTTP/1.1" 201 60 956269 ms
[27/Aug/2025:09:40:08 +0300] 0:0:0:0:0:0:0:1 "POST /api/order/users/payments/Stripe HTTP/1.1" 201 783 70838 ms
[27/Aug/2025:09:40:11 +0300] 0:0:0:0:0:0:0:1 "GET /api/public/products?undefined HTTP/1.1" 200 1716 118189 ms
[27/Aug/2025:09:40:11 +0300] 0:0:0:0:0:0:0:1 "GET /api/public/products?undefined HTTP/1.1" 200 1716 63713 ms
[27/Aug/2025:09:40:11 +0300] 0:0:0:0:0:0:0:1 "GET /images/default.png HTTP/1.1" 401 121 6242 ms
[27/Aug/2025:09:40:22 +0300] 0:0:0:0:0:0:0:1 "GET /api/public/products?undefined HTTP/1.1" 200 1716 37982 ms
[27/Aug/2025:09:40:23 +0300] 0:0:0:0:0:0:0:1 "GET /images/default.png HTTP/1.1" 401 121 4183 ms
[27/Aug/2025:09:40:31 +0300] 0:0:0:0:0:0:0:1 "POST /api/auth/signin HTTP/1.1" 200 340 144287 ms
[27/Aug/2025:09:40:31 +0300] 0:0:0:0:0:0:0:1 "GET /images/default.png HTTP/1.1" 401 121 5928 ms
[27/Aug/2025:09:40:31 +0300] 0:0:0:0:0:0:0:1 "GET /api/public/products?undefined HTTP/1.1" 200 1716 60949 ms
[27/Aug/2025:09:40:31 +0300] 0:0:0:0:0:0:0:1 "GET /api/public/products?undefined HTTP/1.1" 200 1716 33354 ms
[27/Aug/2025:09:40:32 +0300] 0:0:0:0:0:0:0:1 "GET /images/default.png HTTP/1.1" 401 121 5727 ms
[27/Aug/2025:09:40:35 +0300] 0:0:0:0:0:0:0:1 "GET /images/http://localhost:8080/images/59208c14-6454-492c-9ab8-d0e81c109be1.jpg HTTP/1.1" 401 121 5381 ms
[27/Aug/2025:09:40:36 +0300] 0:0:0:0:0:0:0:1 "GET /api/users/addresses HTTP/1.1" 200 3288 31779 ms
[27/Aug/2025:09:40:36 +0300] 0:0:0:0:0:0:0:1 "GET /api/users/addresses HTTP/1.1" 200 3288 22238 ms
[27/Aug/2025:09:40:39 +0300] 0:0:0:0:0:0:0:1 "POST /api/cart/create HTTP/1.1" 201 25 113506 ms
[27/Aug/2025:09:40:39 +0300] 0:0:0:0:0:0:0:1 "POST /api/cart/create HTTP/1.1" 401 121 125281 ms
[27/Aug/2025:09:40:39 +0300] 0:0:0:0:0:0:0:1 "GET /api/carts/users/cart HTTP/1.1" 200 414 47066 ms
[27/Aug/2025:09:40:42 +0300] 0:0:0:0:0:0:0:1 "POST /api/order/stripe-client-secret HTTP/1.1" 201 60 945407 ms
[27/Aug/2025:09:40:53 +0300] 0:0:0:0:0:0:0:1 "POST /api/order/users/payments/Stripe HTTP/1.1" 201 783 75131 ms
[27/Aug/2025:09:40:55 +0300] 0:0:0:0:0:0:0:1 "GET /api/public/products?undefined HTTP/1.1" 200 1716 37895 ms
[27/Aug/2025:09:40:55 +0300] 0:0:0:0:0:0:0:1 "GET /images/default.png HTTP/1.1" 401 121 11671 ms
[27/Aug/2025:09:40:55 +0300] 0:0:0:0:0:0:0:1 "GET /api/public/products?undefined HTTP/1.1" 200 1716 40323 ms
[27/Aug/2025:09:40:56 +0300] 0:0:0:0:0:0:0:1 "GET /images/default.png HTTP/1.1" 401 121 5544 ms
[27/Aug/2025:09:40:56 +0300] 0:0:0:0:0:0:0:1 "GET /api/public/categories HTTP/1.1" 200 269 20846 ms
[27/Aug/2025:09:40:56 +0300] 0:0:0:0:0:0:0:1 "GET /api/public/products?pageNumber=0&sortBy=price&sortOrder=asc HTTP/1.1" 200 1716 31615 ms
[27/Aug/2025:09:40:56 +0300] 0:0:0:0:0:0:0:1 "GET /api/public/categories HTTP/1.1" 200 269 18690 ms
[27/Aug/2025:09:40:56 +0300] 0:0:0:0:0:0:0:1 "GET /images/default.png HTTP/1.1" 401 121 4905 ms
[27/Aug/2025:09:40:56 +0300] 0:0:0:0:0:0:0:1 "GET /api/public/products?pageNumber=0&sortBy=price&sortOrder=asc HTTP/1.1" 200 1716 34702 ms
[27/Aug/2025:09:40:56 +0300] 0:0:0:0:0:0:0:1 "GET /images/default.png HTTP/1.1" 401 121 4974 ms
[27/Aug/2025:09:40:58 +0300] 0:0:0:0:0:0:0:1 "GET /images/http://localhost:8080/images/default.png HTTP/1.1" 401 121 5680 ms
[27/Aug/2025:09:41:00 +0300] 0:0:0:0:0:0:0:1 "GET /api/users/addresses HTTP/1.1" 200 3288 24972 ms
[27/Aug/2025:09:41:00 +0300] 0:0:0:0:0:0:0:1 "GET /api/users/addresses HTTP/1.1" 200 3288 24295 ms
[27/Aug/2025:09:41:02 +0300] 0:0:0:0:0:0:0:1 "POST /api/cart/create HTTP/1.1" 401 121 45584 ms
[27/Aug/2025:09:41:02 +0300] 0:0:0:0:0:0:0:1 "POST /api/cart/create HTTP/1.1" 201 25 51523 ms
[27/Aug/2025:09:41:02 +0300] 0:0:0:0:0:0:0:1 "GET /api/carts/users/cart HTTP/1.1" 200 264 23901 ms
[27/Aug/2025:09:41:05 +0300] 0:0:0:0:0:0:0:1 "POST /api/order/stripe-client-secret HTTP/1.1" 401 121 1701867 ms
[27/Aug/2025:09:42:13 +0300] 0:0:0:0:0:0:0:1 "GET /api/public/products?undefined HTTP/1.1" 200 1716 36713 ms
[27/Aug/2025:09:42:13 +0300] 0:0:0:0:0:0:0:1 "GET /images/default.png HTTP/1.1" 401 121 6898 ms
[27/Aug/2025:09:42:13 +0300] 0:0:0:0:0:0:0:1 "GET /api/public/products?undefined HTTP/1.1" 200 1716 33820 ms
[27/Aug/2025:09:42:48 +0300] 0:0:0:0:0:0:0:1 "GET /api/public/products?undefined HTTP/1.1" 200 1716 30934 ms
[27/Aug/2025:09:42:49 +0300] 0:0:0:0:0:0:0:1 "GET /images/default.png HTTP/1.1" 401 121 5364 ms
[27/Aug/2025:09:42:59 +0300] 0:0:0:0:0:0:0:1 "POST /api/auth/signin HTTP/1.1" 200 340 185571 ms
[27/Aug/2025:09:42:59 +0300] 0:0:0:0:0:0:0:1 "GET /api/public/products?undefined HTTP/1.1" 200 1716 39806 ms
[27/Aug/2025:09:42:59 +0300] 0:0:0:0:0:0:0:1 "GET /images/default.png HTTP/1.1" 401 121 6104 ms
[27/Aug/2025:09:42:59 +0300] 0:0:0:0:0:0:0:1 "GET /api/public/products?undefined HTTP/1.1" 200 1716 32101 ms
[27/Aug/2025:09:42:59 +0300] 0:0:0:0:0:0:0:1 "GET /images/default.png HTTP/1.1" 401 121 4395 ms
[27/Aug/2025:09:43:06 +0300] 0:0:0:0:0:0:0:1 "POST /api/auth/signout HTTP/1.1" 200 24 26510 ms
[27/Aug/2025:09:43:12 +0300] 0:0:0:0:0:0:0:1 "POST /api/auth/signin HTTP/1.1" 200 340 149656 ms
[27/Aug/2025:09:43:12 +0300] 0:0:0:0:0:0:0:1 "GET /api/public/products?undefined HTTP/1.1" 200 1716 42534 ms
[27/Aug/2025:09:43:12 +0300] 0:0:0:0:0:0:0:1 "GET /images/default.png HTTP/1.1" 401 121 9657 ms
[27/Aug/2025:09:43:12 +0300] 0:0:0:0:0:0:0:1 "GET /api/public/products?undefined HTTP/1.1" 200 1716 37788 ms
[27/Aug/2025:09:43:12 +0300] 0:0:0:0:0:0:0:1 "GET /images/default.png HTTP/1.1" 401 121 5532 ms
[27/Aug/2025:09:43:16 +0300] 0:0:0:0:0:0:0:1 "POST /api/auth/signout HTTP/1.1" 200 24 21954 ms
[27/Aug/2025:09:43:25 +0300] 0:0:0:0:0:0:0:1 "POST /api/auth/signin HTTP/1.1" 200 340 163317 ms
[27/Aug/2025:09:43:25 +0300] 0:0:0:0:0:0:0:1 "GET /images/default.png HTTP/1.1" 401 121 20418 ms
[27/Aug/2025:09:43:25 +0300] 0:0:0:0:0:0:0:1 "GET /api/public/products?undefined HTTP/1.1" 200 1716 59934 ms
[27/Aug/2025:09:43:25 +0300] 0:0:0:0:0:0:0:1 "GET /images/default.png HTTP/1.1" 401 121 8069 ms
[27/Aug/2025:09:43:25 +0300] 0:0:0:0:0:0:0:1 "GET /api/public/products?undefined HTTP/1.1" 200 1716 46620 ms
[27/Aug/2025:09:43:36 +0300] 0:0:0:0:0:0:0:1 "GET /images/default.png HTTP/1.1" 401 121 4005 ms
[27/Aug/2025:09:43:36 +0300] 0:0:0:0:0:0:0:1 "GET /api/public/products?undefined HTTP/1.1" 200 1716 57469 ms
[27/Aug/2025:09:43:36 +0300] 0:0:0:0:0:0:0:1 "GET /api/public/products?undefined HTTP/1.1" 200 1716 23429 ms
[27/Aug/2025:09:43:36 +0300] 0:0:0:0:0:0:0:1 "GET /images/default.png HTTP/1.1" 401 121 5151 ms
[27/Aug/2025:09:43:39 +0300] 0:0:0:0:0:0:0:1 "GET /images/http://localhost:8080/images/7217fa9e-a5ee-453c-8771-c339405aac81.png HTTP/1.1" 401 121 4922 ms
[27/Aug/2025:09:43:40 +0300] 0:0:0:0:0:0:0:1 "GET /api/users/addresses HTTP/1.1" 200 3288 29754 ms
[27/Aug/2025:09:43:40 +0300] 0:0:0:0:0:0:0:1 "GET /api/users/addresses HTTP/1.1" 200 3288 20329 ms
[27/Aug/2025:09:43:42 +0300] 0:0:0:0:0:0:0:1 "POST /api/cart/create HTTP/1.1" 201 25 50584 ms
[27/Aug/2025:09:43:42 +0300] 0:0:0:0:0:0:0:1 "POST /api/cart/create HTTP/1.1" 201 25 66693 ms
[27/Aug/2025:09:43:42 +0300] 0:0:0:0:0:0:0:1 "GET /api/carts/users/cart HTTP/1.1" 200 411 20539 ms
[27/Aug/2025:09:43:42 +0300] 0:0:0:0:0:0:0:1 "GET /api/carts/users/cart HTTP/1.1" 200 411 18190 ms
[27/Aug/2025:09:43:44 +0300] 0:0:0:0:0:0:0:1 "POST /api/order/stripe-client-secret HTTP/1.1" 201 60 893273 ms
[27/Aug/2025:09:43:50 +0300] 0:0:0:0:0:0:0:1 "POST /api/auth/signout HTTP/1.1" 200 24 14979 ms
[27/Aug/2025:09:43:56 +0300] 0:0:0:0:0:0:0:1 "POST /api/auth/signin HTTP/1.1" 200 340 152937 ms
[27/Aug/2025:09:43:57 +0300] 0:0:0:0:0:0:0:1 "GET /images/default.png HTTP/1.1" 401 121 7916 ms
[27/Aug/2025:09:43:57 +0300] 0:0:0:0:0:0:0:1 "GET /api/public/products?undefined HTTP/1.1" 200 1716 62145 ms
[27/Aug/2025:09:43:57 +0300] 0:0:0:0:0:0:0:1 "GET /images/default.png HTTP/1.1" 401 121 6306 ms
[27/Aug/2025:09:43:57 +0300] 0:0:0:0:0:0:0:1 "GET /api/public/products?undefined HTTP/1.1" 200 1716 52362 ms
[27/Aug/2025:09:44:00 +0300] 0:0:0:0:0:0:0:1 "GET /images/default.png HTTP/1.1" 401 121 7147 ms
[27/Aug/2025:09:44:00 +0300] 0:0:0:0:0:0:0:1 "GET /api/public/categories HTTP/1.1" 200 269 20999 ms
[27/Aug/2025:09:44:00 +0300] 0:0:0:0:0:0:0:1 "GET /api/public/products?pageNumber=0&sortBy=price&sortOrder=asc HTTP/1.1" 200 1716 33294 ms
[27/Aug/2025:09:44:00 +0300] 0:0:0:0:0:0:0:1 "GET /api/public/categories HTTP/1.1" 200 269 16839 ms
[27/Aug/2025:09:44:00 +0300] 0:0:0:0:0:0:0:1 "GET /api/public/products?pageNumber=0&sortBy=price&sortOrder=asc HTTP/1.1" 200 1716 23097 ms
[27/Aug/2025:09:44:00 +0300] 0:0:0:0:0:0:0:1 "GET /images/default.png HTTP/1.1" 401 121 3360 ms
[27/Aug/2025:09:44:02 +0300] 0:0:0:0:0:0:0:1 "GET /images/http://localhost:8080/images/default.png HTTP/1.1" 401 121 2396 ms
[27/Aug/2025:09:44:03 +0300] 0:0:0:0:0:0:0:1 "GET /api/users/addresses HTTP/1.1" 200 138 17088 ms
[27/Aug/2025:09:44:03 +0300] 0:0:0:0:0:0:0:1 "GET /api/users/addresses HTTP/1.1" 200 138 23185 ms
[27/Aug/2025:09:44:05 +0300] 0:0:0:0:0:0:0:1 "POST /api/cart/create HTTP/1.1" 201 25 38954 ms
[27/Aug/2025:09:44:05 +0300] 0:0:0:0:0:0:0:1 "POST /api/cart/create HTTP/1.1" 201 25 54897 ms
[27/Aug/2025:09:44:05 +0300] 0:0:0:0:0:0:0:1 "GET /api/carts/users/cart HTTP/1.1" 200 264 18425 ms
[27/Aug/2025:09:44:05 +0300] 0:0:0:0:0:0:0:1 "GET /api/carts/users/cart HTTP/1.1" 200 264 15518 ms
[27/Aug/2025:09:44:07 +0300] 0:0:0:0:0:0:0:1 "POST /api/order/stripe-client-secret HTTP/1.1" 201 60 881750 ms
[27/Aug/2025:09:44:22 +0300] 0:0:0:0:0:0:0:1 "POST /api/order/users/payments/Stripe HTTP/1.1" 201 634 56399 ms
[27/Aug/2025:09:44:26 +0300] 0:0:0:0:0:0:0:1 "GET /api/public/products?undefined HTTP/1.1" 200 1716 40998 ms
[27/Aug/2025:09:44:26 +0300] 0:0:0:0:0:0:0:1 "GET /api/public/products?undefined HTTP/1.1" 200 1716 47214 ms
[27/Aug/2025:09:44:26 +0300] 0:0:0:0:0:0:0:1 "GET /images/default.png HTTP/1.1" 401 121 7070 ms
