[02/Sep/2025:20:28:08 +0300] 0:0:0:0:0:0:0:1 "POST /api/auth/signin HTTP/1.1" 200 367 687571 ms
[02/Sep/2025:20:29:17 +0300] 0:0:0:0:0:0:0:1 "GET /api/auth/sellers HTTP/1.1" 401 121 126158 ms
[02/Sep/2025:20:30:41 +0300] 0:0:0:0:0:0:0:1 "POST /api/auth/signin HTTP/1.1" 200 367 635895 ms
[02/Sep/2025:20:30:57 +0300] 0:0:0:0:0:0:0:1 "GET /api/auth/sellers HTTP/1.1" 200 597 94144 ms
[02/Sep/2025:20:43:09 +0300] 0:0:0:0:0:0:0:1 "GET /api/public/products?undefined HTTP/1.1" 200 102 9378183 ms
[02/Sep/2025:20:43:32 +0300] 0:0:0:0:0:0:0:1 "GET /api/public/products?undefined HTTP/1.1" 200 102 894026 ms
[02/Sep/2025:20:43:43 +0300] 0:0:0:0:0:0:0:1 "OPTIONS /api/auth/signin HTTP/1.1" 200 - 131552 ms
[02/Sep/2025:20:43:43 +0300] 0:0:0:0:0:0:0:1 "POST /api/auth/signin HTTP/1.1" 200 367 265679 ms
[02/Sep/2025:20:43:43 +0300] 0:0:0:0:0:0:0:1 "GET /api/public/products?undefined HTTP/1.1" 200 102 40303 ms
[02/Sep/2025:20:43:43 +0300] 0:0:0:0:0:0:0:1 "GET /api/public/products?undefined HTTP/1.1" 200 102 53104 ms
[02/Sep/2025:20:43:57 +0300] 0:0:0:0:0:0:0:1 "GET /api/admin/app/analytics HTTP/1.1" 200 70 393342 ms
[02/Sep/2025:20:44:00 +0300] 0:0:0:0:0:0:0:1 "GET /api/auth/sellers?pageNumber=0 HTTP/1.1" 200 597 106479 ms
[02/Sep/2025:20:44:00 +0300] 0:0:0:0:0:0:0:1 "GET /api/auth/sellers?pageNumber=0 HTTP/1.1" 200 597 41085 ms
[02/Sep/2025:20:44:37 +0300] 0:0:0:0:0:0:0:1 "OPTIONS /api/auth/signup HTTP/1.1" 200 - 5506 ms
[02/Sep/2025:20:44:37 +0300] 0:0:0:0:0:0:0:1 "POST /api/auth/signup HTTP/1.1" 400 55 341739 ms
[02/Sep/2025:20:45:00 +0300] 0:0:0:0:0:0:0:1 "POST /api/auth/signup HTTP/1.1" 200 29 260206 ms
[02/Sep/2025:20:45:00 +0300] 0:0:0:0:0:0:0:1 "GET /api/auth/sellers?undefined HTTP/1.1" 200 597 48015 ms
[02/Sep/2025:20:45:07 +0300] 0:0:0:0:0:0:0:1 "GET /api/auth/sellers?pageNumber=0 HTTP/1.1" 200 597 52341 ms
[02/Sep/2025:20:45:13 +0300] 0:0:0:0:0:0:0:1 "GET /api/auth/sellers?pageNumber=0 HTTP/1.1" 200 597 237235 ms
[02/Sep/2025:20:45:46 +0300] 0:0:0:0:0:0:0:1 "POST /api/auth/signup HTTP/1.1" 200 29 60423 ms
[02/Sep/2025:20:45:46 +0300] 0:0:0:0:0:0:0:1 "GET /api/auth/sellers?undefined HTTP/1.1" 200 597 35174 ms
[02/Sep/2025:20:45:58 +0300] 0:0:0:0:0:0:0:1 "GET /api/auth/signup HTTP/1.1" 401 121 227606 ms
[02/Sep/2025:20:45:59 +0300] 0:0:0:0:0:0:0:1 "GET /favicon.ico HTTP/1.1" 401 127 5336 ms
[02/Sep/2025:20:48:05 +0300] 0:0:0:0:0:0:0:1 "GET /api/auth/sellers?pageNumber=0 HTTP/1.1" 200 597 74900 ms
[02/Sep/2025:20:48:37 +0300] 0:0:0:0:0:0:0:1 "GET /api/auth/sellers?pageNumber=0 HTTP/1.1" 200 597 57974 ms
[02/Sep/2025:20:49:04 +0300] 0:0:0:0:0:0:0:1 "GET /api/auth/sellers?pageNumber=0 HTTP/1.1" 200 597 52520 ms
[02/Sep/2025:20:50:29 +0300] 0:0:0:0:0:0:0:1 "GET /api/admin/app/analytics HTTP/1.1" 200 70 1879780 ms
[02/Sep/2025:20:50:29 +0300] 0:0:0:0:0:0:0:1 "GET /api/admin/app/analytics HTTP/1.1" 200 70 52461 ms
[02/Sep/2025:20:50:32 +0300] 0:0:0:0:0:0:0:1 "GET /api/auth/sellers?pageNumber=0 HTTP/1.1" 200 597 58043 ms
[02/Sep/2025:20:50:32 +0300] 0:0:0:0:0:0:0:1 "GET /api/auth/sellers?pageNumber=0 HTTP/1.1" 200 597 42809 ms
[02/Sep/2025:20:50:53 +0300] 0:0:0:0:0:0:0:1 "POST /api/auth/signup HTTP/1.1" 200 29 242397 ms
[02/Sep/2025:20:50:53 +0300] 0:0:0:0:0:0:0:1 "GET /api/auth/sellers?undefined HTTP/1.1" 200 597 44679 ms
[02/Sep/2025:20:51:00 +0300] 0:0:0:0:0:0:0:1 "GET /api/auth/sellers?undefined HTTP/1.1" 200 597 63348 ms
[02/Sep/2025:20:51:00 +0300] 0:0:0:0:0:0:0:1 "GET /favicon.ico HTTP/1.1" 401 127 9334 ms
[02/Sep/2025:20:51:43 +0300] 0:0:0:0:0:0:0:1 "GET /api/auth/sellers?pageNumber=0 HTTP/1.1" 200 597 49661 ms
[02/Sep/2025:20:59:58 +0300] 0:0:0:0:0:0:0:1 "GET /api/auth/sellers?pageNumber=0 HTTP/1.1" 200 597 261010 ms
[02/Sep/2025:20:59:58 +0300] 0:0:0:0:0:0:0:1 "GET /api/auth/sellers?pageNumber=0 HTTP/1.1" 200 597 49229 ms
