[14/Sep/2025:20:45:35 +0300] 0:0:0:0:0:0:0:1 "POST /api/auth/signin HTTP/1.1" 200 348 1203047 ms
[14/Sep/2025:20:45:42 +0300] 0:0:0:0:0:0:0:1 "POST /api/auth/signout HTTP/1.1" 200 49 113714 ms
[14/Sep/2025:20:45:54 +0300] 0:0:0:0:0:0:0:1 "POST /api/auth/signin HTTP/1.1" 200 367 129835 ms
[14/Sep/2025:20:46:00 +0300] 0:0:0:0:0:0:0:1 "POST /api/admin/categories HTTP/1.1" 201 50 193507 ms
[14/Sep/2025:20:46:06 +0300] 0:0:0:0:0:0:0:1 "POST /api/admin/categories/1/product HTTP/1.1" 201 209 258875 ms
[14/Sep/2025:20:46:23 +0300] 0:0:0:0:0:0:0:1 "GET /api/public/products?undefined HTTP/1.1" 200 330 2848976 ms
[14/Sep/2025:20:46:24 +0300] 0:0:0:0:0:0:0:1 "GET /images/default.png HTTP/1.1" 401 121 77787 ms
[14/Sep/2025:20:46:50 +0300] 0:0:0:0:0:0:0:1 "GET /api/public/products?undefined HTTP/1.1" 200 330 26401 ms
[14/Sep/2025:20:46:50 +0300] 0:0:0:0:0:0:0:1 "GET /images/default.png HTTP/1.1" 401 121 43415 ms
[14/Sep/2025:20:47:10 +0300] 0:0:0:0:0:0:0:1 "OPTIONS /api/auth/signin HTTP/1.1" 200 - 17025 ms
[14/Sep/2025:20:47:11 +0300] 0:0:0:0:0:0:0:1 "POST /api/auth/signin HTTP/1.1" 200 348 142576 ms
[14/Sep/2025:20:47:11 +0300] 0:0:0:0:0:0:0:1 "GET /api/public/products?undefined HTTP/1.1" 200 330 67503 ms
[14/Sep/2025:20:47:11 +0300] 0:0:0:0:0:0:0:1 "GET /images/default.png HTTP/1.1" 401 121 21137 ms
[14/Sep/2025:20:47:11 +0300] 0:0:0:0:0:0:0:1 "GET /api/public/products?undefined HTTP/1.1" 200 330 89174 ms
[14/Sep/2025:20:49:06 +0300] 0:0:0:0:0:0:0:1 "POST /api/auth/signout HTTP/1.1" 200 49 252767 ms
[14/Sep/2025:20:49:18 +0300] 0:0:0:0:0:0:0:1 "POST /api/auth/signout HTTP/1.1" 200 49 43065 ms
[14/Sep/2025:20:49:23 +0300] 0:0:0:0:0:0:0:1 "POST /api/auth/signin HTTP/1.1" 200 367 210901 ms
[14/Sep/2025:20:49:23 +0300] 0:0:0:0:0:0:0:1 "GET /api/public/products?undefined HTTP/1.1" 200 330 101654 ms
[14/Sep/2025:20:49:23 +0300] 0:0:0:0:0:0:0:1 "GET /api/public/products?undefined HTTP/1.1" 200 330 50914 ms
[14/Sep/2025:20:49:24 +0300] 0:0:0:0:0:0:0:1 "GET /images/default.png HTTP/1.1" 401 121 261388 ms
[14/Sep/2025:20:49:30 +0300] 0:0:0:0:0:0:0:1 "GET /api/admin/app/analytics HTTP/1.1" 200 70 142211 ms
[14/Sep/2025:20:49:30 +0300] 0:0:0:0:0:0:0:1 "GET /api/admin/app/analytics HTTP/1.1" 200 70 50564 ms
[14/Sep/2025:20:49:35 +0300] 0:0:0:0:0:0:0:1 "GET /api/admin/products?pageNumber=0&sortBy=price&sortOrder=asc HTTP/1.1" 200 330 57151 ms
[14/Sep/2025:20:49:35 +0300] 0:0:0:0:0:0:0:1 "GET /api/admin/products?pageNumber=0&sortBy=price&sortOrder=asc HTTP/1.1" 200 330 43599 ms
[14/Sep/2025:20:49:42 +0300] 0:0:0:0:0:0:0:1 "OPTIONS /api/admin/products/1/image HTTP/1.1" 200 - 6023 ms
[14/Sep/2025:20:49:42 +0300] 0:0:0:0:0:0:0:1 "PUT /api/admin/products/1/image HTTP/1.1" 200 238 201428 ms
[14/Sep/2025:20:49:42 +0300] 0:0:0:0:0:0:0:1 "GET /api/seller/products?undefined HTTP/1.1" 200 359 111599 ms
[14/Sep/2025:20:49:46 +0300] 0:0:0:0:0:0:0:1 "GET /api/public/products?undefined HTTP/1.1" 200 359 107950 ms
[14/Sep/2025:20:49:46 +0300] 0:0:0:0:0:0:0:1 "GET /images/cf47bcd2-cdde-4eb1-bddc-c2297bc81c72.png HTTP/1.1" 200 65869 13383 ms
[14/Sep/2025:20:49:46 +0300] 0:0:0:0:0:0:0:1 "GET /api/public/products?undefined HTTP/1.1" 200 359 44751 ms
[14/Sep/2025:20:50:04 +0300] 0:0:0:0:0:0:0:1 "GET /api/users/addresses HTTP/1.1" 200 12 50414 ms
[14/Sep/2025:20:50:04 +0300] 0:0:0:0:0:0:0:1 "GET /api/users/addresses HTTP/1.1" 200 12 33195 ms
[14/Sep/2025:20:50:09 +0300] 0:0:0:0:0:0:0:1 "OPTIONS /api/addresses HTTP/1.1" 200 - 3704 ms
[14/Sep/2025:20:50:09 +0300] 0:0:0:0:0:0:0:1 "POST /api/addresses HTTP/1.1" 201 162 138921 ms
[14/Sep/2025:20:50:09 +0300] 0:0:0:0:0:0:0:1 "GET /api/users/addresses HTTP/1.1" 200 164 39269 ms
[14/Sep/2025:20:50:11 +0300] 0:0:0:0:0:0:0:1 "OPTIONS /api/cart/create HTTP/1.1" 200 - 3244 ms
[14/Sep/2025:20:50:11 +0300] 0:0:0:0:0:0:0:1 "OPTIONS /api/cart/create HTTP/1.1" 200 - 2111 ms
[14/Sep/2025:20:50:11 +0300] 0:0:0:0:0:0:0:1 "POST /api/cart/create HTTP/1.1" 201 25 94998 ms
[14/Sep/2025:20:50:11 +0300] 0:0:0:0:0:0:0:1 "GET /api/carts/users/cart HTTP/1.1" 200 282 52288 ms
[14/Sep/2025:20:50:11 +0300] 0:0:0:0:0:0:0:1 "POST /api/cart/create HTTP/1.1" 401 121 170065 ms
[14/Sep/2025:20:50:18 +0300] 0:0:0:0:0:0:0:1 "GET /api/public/products?undefined HTTP/1.1" 200 359 47479 ms
[14/Sep/2025:20:50:18 +0300] 0:0:0:0:0:0:0:1 "GET /api/public/products?undefined HTTP/1.1" 200 359 42993 ms
[14/Sep/2025:20:50:24 +0300] 0:0:0:0:0:0:0:1 "POST /api/auth/signout HTTP/1.1" 200 49 27357 ms
[14/Sep/2025:20:50:29 +0300] 0:0:0:0:0:0:0:1 "POST /api/auth/signin HTTP/1.1" 200 340 115531 ms
[14/Sep/2025:20:50:29 +0300] 0:0:0:0:0:0:0:1 "GET /api/public/products?undefined HTTP/1.1" 200 359 54758 ms
[14/Sep/2025:20:50:29 +0300] 0:0:0:0:0:0:0:1 "GET /api/public/products?undefined HTTP/1.1" 200 359 42146 ms
[14/Sep/2025:20:50:33 +0300] 0:0:0:0:0:0:0:1 "GET /api/public/products?pageNumber=0&sortBy=price&sortOrder=asc HTTP/1.1" 200 359 39888 ms
[14/Sep/2025:20:50:33 +0300] 0:0:0:0:0:0:0:1 "GET /api/public/categories HTTP/1.1" 200 141 41080 ms
[14/Sep/2025:20:50:33 +0300] 0:0:0:0:0:0:0:1 "GET /api/public/categories HTTP/1.1" 200 141 25535 ms
[14/Sep/2025:20:50:33 +0300] 0:0:0:0:0:0:0:1 "GET /api/public/products?pageNumber=0&sortBy=price&sortOrder=asc HTTP/1.1" 200 359 33286 ms
[14/Sep/2025:20:50:40 +0300] 0:0:0:0:0:0:0:1 "GET /api/users/addresses HTTP/1.1" 200 12 36938 ms
[14/Sep/2025:20:50:40 +0300] 0:0:0:0:0:0:0:1 "GET /api/users/addresses HTTP/1.1" 200 12 33223 ms
[14/Sep/2025:20:50:44 +0300] 0:0:0:0:0:0:0:1 "POST /api/addresses HTTP/1.1" 201 163 70610 ms
[14/Sep/2025:20:50:44 +0300] 0:0:0:0:0:0:0:1 "GET /api/users/addresses HTTP/1.1" 200 165 46669 ms
[14/Sep/2025:20:50:46 +0300] 0:0:0:0:0:0:0:1 "POST /api/cart/create HTTP/1.1" 201 25 59116 ms
[14/Sep/2025:20:50:46 +0300] 0:0:0:0:0:0:0:1 "POST /api/cart/create HTTP/1.1" 401 121 70891 ms
[14/Sep/2025:20:50:46 +0300] 0:0:0:0:0:0:0:1 "GET /api/carts/users/cart HTTP/1.1" 200 282 32504 ms
[14/Sep/2025:20:50:55 +0300] 0:0:0:0:0:0:0:1 "OPTIONS /api/addresses/2 HTTP/1.1" 200 - 3419 ms
[14/Sep/2025:20:50:55 +0300] 0:0:0:0:0:0:0:1 "PUT /api/addresses/2 HTTP/1.1" 200 164 55472 ms
[14/Sep/2025:20:50:55 +0300] 0:0:0:0:0:0:0:1 "GET /api/users/addresses HTTP/1.1" 200 166 26914 ms
[14/Sep/2025:20:50:59 +0300] 0:0:0:0:0:0:0:1 "OPTIONS /api/order/stripe-client-secret HTTP/1.1" 200 - 1366 ms
[14/Sep/2025:20:50:59 +0300] 0:0:0:0:0:0:0:1 "OPTIONS /api/order/stripe-client-secret HTTP/1.1" 200 - 2025 ms
[14/Sep/2025:20:51:01 +0300] 0:0:0:0:0:0:0:1 "POST /api/order/stripe-client-secret HTTP/1.1" 201 60 1932872 ms
[14/Sep/2025:20:51:02 +0300] 0:0:0:0:0:0:0:1 "POST /api/order/stripe-client-secret HTTP/1.1" 201 60 2160952 ms
[14/Sep/2025:20:51:05 +0300] 0:0:0:0:0:0:0:1 "GET /api/public/products?undefined HTTP/1.1" 200 359 59617 ms
[14/Sep/2025:20:51:05 +0300] 0:0:0:0:0:0:0:1 "GET /api/public/products?undefined HTTP/1.1" 200 359 39188 ms
[14/Sep/2025:20:51:23 +0300] 0:0:0:0:0:0:0:1 "GET /api/public/products?undefined HTTP/1.1" 200 359 30902 ms
[14/Sep/2025:20:51:41 +0300] 0:0:0:0:0:0:0:1 "GET /api/public/products?undefined HTTP/1.1" 200 359 47355 ms
[14/Sep/2025:20:51:41 +0300] 0:0:0:0:0:0:0:1 "GET /api/public/products?undefined HTTP/1.1" 200 359 25561 ms
[14/Sep/2025:20:51:51 +0300] 0:0:0:0:0:0:0:1 "GET /api/public/categories HTTP/1.1" 200 141 28125 ms
[14/Sep/2025:20:51:51 +0300] 0:0:0:0:0:0:0:1 "GET /api/public/products?pageNumber=0&sortBy=price&sortOrder=asc HTTP/1.1" 200 359 34610 ms
[14/Sep/2025:20:51:51 +0300] 0:0:0:0:0:0:0:1 "GET /api/public/categories HTTP/1.1" 200 141 26047 ms
[14/Sep/2025:20:51:51 +0300] 0:0:0:0:0:0:0:1 "GET /api/public/products?pageNumber=0&sortBy=price&sortOrder=asc HTTP/1.1" 200 359 26880 ms
