[31/Aug/2025:19:34:08 +0300] 0:0:0:0:0:0:0:1 "GET /api/public/products?undefined HTTP/1.1" 200 1540 4289439 ms
[31/Aug/2025:19:34:08 +0300] 0:0:0:0:0:0:0:1 "GET /images/null HTTP/1.1" 401 121 53485 ms
[31/Aug/2025:19:34:08 +0300] 0:0:0:0:0:0:0:1 "GET /images/default.png HTTP/1.1" 401 121 53322 ms
[31/Aug/2025:19:34:55 +0300] 0:0:0:0:0:0:0:1 "GET /api/public/products?undefined HTTP/1.1" 200 1540 137273 ms
[31/Aug/2025:19:34:55 +0300] 0:0:0:0:0:0:0:1 "GET /images/default.png HTTP/1.1" 401 121 42413 ms
[31/Aug/2025:19:34:55 +0300] 0:0:0:0:0:0:0:1 "GET /images/null HTTP/1.1" 401 121 45063 ms
[31/Aug/2025:19:35:06 +0300] 0:0:0:0:0:0:0:1 "OPTIONS /api/auth/signin HTTP/1.1" 200 - 79144 ms
[31/Aug/2025:19:35:06 +0300] 0:0:0:0:0:0:0:1 "POST /api/auth/signin HTTP/1.1" 200 367 860020 ms
[31/Aug/2025:19:35:07 +0300] 0:0:0:0:0:0:0:1 "GET /images/null HTTP/1.1" 401 121 15661 ms
[31/Aug/2025:19:35:07 +0300] 0:0:0:0:0:0:0:1 "GET /images/default.png HTTP/1.1" 401 121 9687 ms
[31/Aug/2025:19:35:07 +0300] 0:0:0:0:0:0:0:1 "GET /api/public/products?undefined HTTP/1.1" 200 1540 62770 ms
[31/Aug/2025:19:35:07 +0300] 0:0:0:0:0:0:0:1 "GET /api/public/products?undefined HTTP/1.1" 200 1540 54514 ms
[31/Aug/2025:19:35:07 +0300] 0:0:0:0:0:0:0:1 "GET /images/null HTTP/1.1" 401 121 9014 ms
[31/Aug/2025:19:35:07 +0300] 0:0:0:0:0:0:0:1 "GET /images/default.png HTTP/1.1" 401 121 9053 ms
[31/Aug/2025:19:35:23 +0300] 0:0:0:0:0:0:0:1 "GET /api/admin/app/analytics HTTP/1.1" 200 74 204795 ms
[31/Aug/2025:19:35:27 +0300] 0:0:0:0:0:0:0:1 "GET /api/public/products?pageNumber=0&sortBy=price&sortOrder=asc HTTP/1.1" 200 1540 64487 ms
[31/Aug/2025:19:35:27 +0300] 0:0:0:0:0:0:0:1 "GET /api/public/products?pageNumber=0&sortBy=price&sortOrder=asc HTTP/1.1" 200 1540 61746 ms
[31/Aug/2025:19:35:41 +0300] 0:0:0:0:0:0:0:1 "OPTIONS /api/admin/products/103 HTTP/1.1" 200 - 4099 ms
[31/Aug/2025:19:35:41 +0300] 0:0:0:0:0:0:0:1 "DELETE /api/admin/products/103 HTTP/1.1" 401 121 98958 ms
[31/Aug/2025:19:35:53 +0300] 0:0:0:0:0:0:0:1 "GET /api/admin/app/analytics HTTP/1.1" 200 74 58138 ms
[31/Aug/2025:19:38:07 +0300] 0:0:0:0:0:0:0:1 "GET /api/public/products?undefined HTTP/1.1" 200 1540 2217424 ms
[31/Aug/2025:19:38:08 +0300] 0:0:0:0:0:0:0:1 "GET /images/default.png HTTP/1.1" 401 121 35940 ms
[31/Aug/2025:19:38:08 +0300] 0:0:0:0:0:0:0:1 "GET /images/null HTTP/1.1" 401 121 54803 ms
[31/Aug/2025:19:38:33 +0300] 0:0:0:0:0:0:0:1 "GET /api/public/products?undefined HTTP/1.1" 200 1540 78777 ms
[31/Aug/2025:19:38:34 +0300] 0:0:0:0:0:0:0:1 "GET /images/null HTTP/1.1" 401 121 10517 ms
[31/Aug/2025:19:38:34 +0300] 0:0:0:0:0:0:0:1 "GET /images/default.png HTTP/1.1" 401 121 9223 ms
[31/Aug/2025:19:38:44 +0300] 0:0:0:0:0:0:0:1 "POST /api/auth/signin HTTP/1.1" 200 367 283519 ms
[31/Aug/2025:19:38:44 +0300] 0:0:0:0:0:0:0:1 "GET /images/null HTTP/1.1" 401 121 13806 ms
[31/Aug/2025:19:38:44 +0300] 0:0:0:0:0:0:0:1 "GET /images/default.png HTTP/1.1" 401 121 13169 ms
[31/Aug/2025:19:38:44 +0300] 0:0:0:0:0:0:0:1 "GET /api/public/products?undefined HTTP/1.1" 200 1540 86033 ms
[31/Aug/2025:19:38:44 +0300] 0:0:0:0:0:0:0:1 "GET /api/public/products?undefined HTTP/1.1" 200 1540 69204 ms
[31/Aug/2025:19:38:44 +0300] 0:0:0:0:0:0:0:1 "GET /images/default.png HTTP/1.1" 401 121 7541 ms
[31/Aug/2025:19:38:44 +0300] 0:0:0:0:0:0:0:1 "GET /images/null HTTP/1.1" 401 121 9733 ms
[31/Aug/2025:19:39:58 +0300] 0:0:0:0:0:0:0:1 "GET /api/admin/app/analytics HTTP/1.1" 200 74 629324 ms
[31/Aug/2025:19:40:07 +0300] 0:0:0:0:0:0:0:1 "GET /api/public/products?pageNumber=0&sortBy=price&sortOrder=asc HTTP/1.1" 200 1540 81409 ms
[31/Aug/2025:19:40:07 +0300] 0:0:0:0:0:0:0:1 "GET /api/public/products?pageNumber=0&sortBy=price&sortOrder=asc HTTP/1.1" 200 1540 76760 ms
[31/Aug/2025:19:40:16 +0300] 0:0:0:0:0:0:0:1 "DELETE /api/admin/products/103 HTTP/1.1" 401 121 154394 ms
[31/Aug/2025:19:40:53 +0300] 0:0:0:0:0:0:0:1 "GET /api/public/products?pageNumber=0&sortBy=price&sortOrder=asc HTTP/1.1" 200 1540 78334 ms
[31/Aug/2025:19:41:04 +0300] 0:0:0:0:0:0:0:1 "GET /api/public/products?pageNumber=0&sortBy=price&sortOrder=asc HTTP/1.1" 200 1540 74124 ms
[31/Aug/2025:19:43:32 +0300] 0:0:0:0:0:0:0:1 "POST /api/auth/signout HTTP/1.1" 200 24 608921 ms
[31/Aug/2025:19:43:32 +0300] 0:0:0:0:0:0:0:1 "GET /images/null HTTP/1.1" 401 121 37464 ms
[31/Aug/2025:19:43:32 +0300] 0:0:0:0:0:0:0:1 "GET /images/default.png HTTP/1.1" 401 121 100032 ms
[31/Aug/2025:19:43:32 +0300] 0:0:0:0:0:0:0:1 "GET /api/public/products?undefined HTTP/1.1" 200 1540 96534 ms
[31/Aug/2025:19:43:32 +0300] 0:0:0:0:0:0:0:1 "GET /api/public/products?undefined HTTP/1.1" 200 1540 46136 ms
[31/Aug/2025:19:43:32 +0300] 0:0:0:0:0:0:0:1 "GET /images/default.png HTTP/1.1" 401 121 15879 ms
[31/Aug/2025:19:43:32 +0300] 0:0:0:0:0:0:0:1 "GET /images/null HTTP/1.1" 401 121 18063 ms
[31/Aug/2025:19:43:43 +0300] 0:0:0:0:0:0:0:1 "POST /api/auth/signin HTTP/1.1" 200 367 159537 ms
[31/Aug/2025:19:44:03 +0300] 0:0:0:0:0:0:0:1 "GET /api/public/products?sortBy=price&sortOrder=desc&keyword=blender&category=Electronics&pageSize=20 HTTP/1.1" 200 103 187052 ms
[31/Aug/2025:19:44:10 +0300] 0:0:0:0:0:0:0:1 "GET /api/public/products?sortBy=price&sortOrder=desc&keyword=blender&category=Electronics&pageSize=20 HTTP/1.1" 200 103 57847 ms
[31/Aug/2025:19:45:02 +0300] 0:0:0:0:0:0:0:1 "GET /api/public/categories?sortBy=categoryId&sortOrder=asc HTTP/1.1" 200 268 106948 ms
[31/Aug/2025:19:45:33 +0300] 0:0:0:0:0:0:0:1 "POST /api/admin/categories/1/product HTTP/1.1" 201 221 430311 ms
[31/Aug/2025:19:45:37 +0300] 0:0:0:0:0:0:0:1 "GET /api/public/products?sortBy=price&sortOrder=desc&keyword=blender&category=Electronics&pageSize=20 HTTP/1.1" 200 103 29287 ms
[31/Aug/2025:19:45:40 +0300] 0:0:0:0:0:0:0:1 "GET /api/public/products?sortBy=price&sortOrder=desc&keyword=blender&category=Electronics&pageSize=20 HTTP/1.1" 200 103 29319 ms
[31/Aug/2025:19:45:48 +0300] 0:0:0:0:0:0:0:1 "GET /api/public/products?sortBy=price&sortOrder=desc&keyword=blender&category=Electronics&pageSize=20 HTTP/1.1" 200 103 26824 ms
[31/Aug/2025:19:45:59 +0300] 0:0:0:0:0:0:0:1 "POST /api/admin/categories/1/product HTTP/1.1" 201 223 48856 ms
[31/Aug/2025:19:46:05 +0300] 0:0:0:0:0:0:0:1 "GET /api/public/products?sortBy=price&sortOrder=desc&keyword=blender&category=Electronics&pageSize=20 HTTP/1.1" 200 103 25098 ms
[31/Aug/2025:19:48:00 +0300] 0:0:0:0:0:0:0:1 "GET /api/public/products?sortBy=price&sortOrder=desc&keyword=blender&category=Electronics&pageSize=20 HTTP/1.1" 200 103 420585 ms
[31/Aug/2025:19:50:30 +0300] 0:0:0:0:0:0:0:1 "GET /api/admin/products HTTP/1.1" 200 1541 120731 ms
[31/Aug/2025:19:51:28 +0300] 0:0:0:0:0:0:0:1 "GET /api/public/products?sortBy=price&sortOrder=desc HTTP/1.1" 200 1541 73740 ms
[31/Aug/2025:19:51:38 +0300] 0:0:0:0:0:0:0:1 "GET /api/public/products?sortBy=price&sortOrder=desc HTTP/1.1" 200 1541 43550 ms
[31/Aug/2025:19:52:28 +0300] 0:0:0:0:0:0:0:1 "DELETE /api/admin/products/1 HTTP/1.1" 401 121 134127 ms
[31/Aug/2025:20:09:21 +0300] 0:0:0:0:0:0:0:1 "GET /api/public/products?sortBy=price&sortOrder=desc HTTP/1.1" 200 1541 396711 ms
[31/Aug/2025:20:11:10 +0300] 0:0:0:0:0:0:0:1 "GET /api/carts/users/cart HTTP/1.1" 200 54 140957 ms
[31/Aug/2025:20:11:18 +0300] 0:0:0:0:0:0:0:1 "POST /api/carts/products/1/quantity/1 HTTP/1.1" 201 338 246810 ms
[31/Aug/2025:20:14:11 +0300] 0:0:0:0:0:0:0:1 "DELETE /api/admin/products/1 HTTP/1.1" 401 121 640444 ms
[31/Aug/2025:21:58:43 +0300] 0:0:0:0:0:0:0:1 "GET /api/public/products?sortBy=price&sortOrder=desc HTTP/1.1" 200 1541 1932160 ms
[31/Aug/2025:21:58:57 +0300] 0:0:0:0:0:0:0:1 "GET /api/carts/users/cart HTTP/1.1" 401 136 12192 ms
[31/Aug/2025:21:59:13 +0300] 0:0:0:0:0:0:0:1 "POST /api/auth/signin HTTP/1.1" 200 367 336215 ms
[31/Aug/2025:21:59:20 +0300] 0:0:0:0:0:0:0:1 "GET /api/carts/users/cart HTTP/1.1" 200 338 62340 ms
[31/Aug/2025:21:59:39 +0300] 0:0:0:0:0:0:0:1 "DELETE /api/admin/products/1 HTTP/1.1" 401 121 673983 ms
[31/Aug/2025:22:01:39 +0300] 0:0:0:0:0:0:0:1 "GET /api/carts/users/cart HTTP/1.1" 200 338 132070 ms
[31/Aug/2025:22:01:41 +0300] 0:0:0:0:0:0:0:1 "GET /api/carts/users/cart HTTP/1.1" 200 338 42556 ms
[31/Aug/2025:22:22:23 +0300] 0:0:0:0:0:0:0:1 "POST /api/auth/signin HTTP/1.1" 200 367 692568 ms
[31/Aug/2025:22:22:36 +0300] 0:0:0:0:0:0:0:1 "GET /api/public/products?sortBy=price&sortOrder=desc HTTP/1.1" 200 1541 131923 ms
[31/Aug/2025:22:22:45 +0300] 0:0:0:0:0:0:0:1 "GET /api/carts/users/cart HTTP/1.1" 200 338 45417 ms
[31/Aug/2025:22:22:59 +0300] 0:0:0:0:0:0:0:1 "DELETE /api/admin/products/1 HTTP/1.1" 401 121 500036 ms
[31/Aug/2025:22:24:50 +0300] 0:0:0:0:0:0:0:1 "POST /api/auth/signin HTTP/1.1" 200 367 469802 ms
[31/Aug/2025:22:24:59 +0300] 0:0:0:0:0:0:0:1 "GET /api/public/products?sortBy=price&sortOrder=desc HTTP/1.1" 200 102 53638 ms
[31/Aug/2025:22:25:04 +0300] 0:0:0:0:0:0:0:1 "POST /api/admin/categories/1/product HTTP/1.1" 404 78 50990 ms
[31/Aug/2025:22:25:15 +0300] 0:0:0:0:0:0:0:1 "POST /api/public/categories HTTP/1.1" 201 50 63713 ms
[31/Aug/2025:22:25:20 +0300] 0:0:0:0:0:0:0:1 "POST /api/admin/categories/1/product HTTP/1.1" 201 221 79222 ms
[31/Aug/2025:22:25:24 +0300] 0:0:0:0:0:0:0:1 "GET /api/public/products?sortBy=price&sortOrder=desc HTTP/1.1" 200 342 32043 ms
[31/Aug/2025:22:25:31 +0300] 0:0:0:0:0:0:0:1 "GET /api/carts/users/cart HTTP/1.1" 404 - 38907 ms
[31/Aug/2025:22:25:38 +0300] 0:0:0:0:0:0:0:1 "POST /api/carts/products/1/quantity/1 HTTP/1.1" 201 264 80001 ms
[31/Aug/2025:22:25:41 +0300] 0:0:0:0:0:0:0:1 "GET /api/carts/users/cart HTTP/1.1" 200 264 31049 ms
[31/Aug/2025:22:25:50 +0300] 0:0:0:0:0:0:0:1 "DELETE /api/admin/products/1 HTTP/1.1" 200 221 64598 ms
[31/Aug/2025:22:26:00 +0300] 0:0:0:0:0:0:0:1 "GET /api/public/products?sortBy=price&sortOrder=desc HTTP/1.1" 200 102 23576 ms
[31/Aug/2025:22:26:03 +0300] 0:0:0:0:0:0:0:1 "POST /api/admin/categories/1/product HTTP/1.1" 201 221 46801 ms
[31/Aug/2025:22:26:06 +0300] 0:0:0:0:0:0:0:1 "POST /api/admin/categories/1/product HTTP/1.1" 400 79 32235 ms
[31/Aug/2025:22:26:16 +0300] 0:0:0:0:0:0:0:1 "POST /api/admin/categories/1/product HTTP/1.1" 201 221 40139 ms
[31/Aug/2025:22:26:20 +0300] 0:0:0:0:0:0:0:1 "POST /api/admin/categories/1/product HTTP/1.1" 201 221 40278 ms
[31/Aug/2025:22:26:48 +0300] 0:0:0:0:0:0:0:1 "GET /api/public/products?undefined HTTP/1.1" 200 822 167731 ms
[31/Aug/2025:22:26:51 +0300] 0:0:0:0:0:0:0:1 "GET /images/default.png HTTP/1.1" 401 121 1779229 ms
[31/Aug/2025:22:27:04 +0300] 0:0:0:0:0:0:0:1 "OPTIONS /api/auth/signin HTTP/1.1" 200 - 50422 ms
[31/Aug/2025:22:27:05 +0300] 0:0:0:0:0:0:0:1 "POST /api/auth/signin HTTP/1.1" 200 367 387895 ms
[31/Aug/2025:22:27:05 +0300] 0:0:0:0:0:0:0:1 "GET /images/default.png HTTP/1.1" 401 121 37325 ms
[31/Aug/2025:22:27:05 +0300] 0:0:0:0:0:0:0:1 "GET /api/public/products?undefined HTTP/1.1" 200 822 69389 ms
[31/Aug/2025:22:27:05 +0300] 0:0:0:0:0:0:0:1 "GET /api/public/products?undefined HTTP/1.1" 200 822 58145 ms
[31/Aug/2025:22:27:05 +0300] 0:0:0:0:0:0:0:1 "GET /images/default.png HTTP/1.1" 401 121 8520 ms
[31/Aug/2025:22:27:18 +0300] 0:0:0:0:0:0:0:1 "GET /api/admin/app/analytics HTTP/1.1" 200 70 241189 ms
[31/Aug/2025:22:27:21 +0300] 0:0:0:0:0:0:0:1 "GET /api/public/products?pageNumber=0&sortBy=price&sortOrder=asc HTTP/1.1" 200 822 44456 ms
[31/Aug/2025:22:27:21 +0300] 0:0:0:0:0:0:0:1 "GET /api/public/products?pageNumber=0&sortBy=price&sortOrder=asc HTTP/1.1" 200 822 78200 ms
[31/Aug/2025:22:27:31 +0300] 0:0:0:0:0:0:0:1 "OPTIONS /api/admin/products/2 HTTP/1.1" 200 - 10173 ms
[31/Aug/2025:22:27:32 +0300] 0:0:0:0:0:0:0:1 "PUT /api/admin/products/2 HTTP/1.1" 200 212 116696 ms
[31/Aug/2025:22:27:32 +0300] 0:0:0:0:0:0:0:1 "GET /api/admin/products? HTTP/1.1" 200 815 38079 ms
[31/Aug/2025:22:27:32 +0300] 0:0:0:0:0:0:0:1 "GET /api/public/categories HTTP/1.1" 200 141 84100 ms
[31/Aug/2025:22:27:41 +0300] 0:0:0:0:0:0:0:1 "DELETE /api/admin/products/2 HTTP/1.1" 200 212 46004 ms
[31/Aug/2025:22:27:41 +0300] 0:0:0:0:0:0:0:1 "GET /api/admin/products? HTTP/1.1" 200 582 29509 ms
[31/Aug/2025:22:28:01 +0300] 0:0:0:0:0:0:0:1 "OPTIONS /api/admin/products/3/image HTTP/1.1" 200 - 6208 ms
[31/Aug/2025:22:28:02 +0300] 0:0:0:0:0:0:0:1 "PUT /api/admin/products/3/image HTTP/1.1" 200 250 135003 ms
[31/Aug/2025:22:28:02 +0300] 0:0:0:0:0:0:0:1 "GET /api/admin/products? HTTP/1.1" 200 611 39035 ms
[31/Aug/2025:22:28:07 +0300] 0:0:0:0:0:0:0:1 "GET /images/5db0e8f4-8cec-4b3e-aa3e-bd78d2133d35.png HTTP/1.1" 200 64132 14574 ms
[31/Aug/2025:22:28:18 +0300] 0:0:0:0:0:0:0:1 "GET /api/public/categories HTTP/1.1" 200 141 36444 ms
[31/Aug/2025:22:28:18 +0300] 0:0:0:0:0:0:0:1 "GET /api/public/categories HTTP/1.1" 200 141 24608 ms
[31/Aug/2025:22:28:41 +0300] 0:0:0:0:0:0:0:1 "OPTIONS /api/admin/categories/1/product HTTP/1.1" 200 - 4942 ms
[31/Aug/2025:22:28:41 +0300] 0:0:0:0:0:0:0:1 "POST /api/admin/categories/1/product HTTP/1.1" 201 157 47455 ms
[31/Aug/2025:22:28:41 +0300] 0:0:0:0:0:0:0:1 "GET /api/admin/products? HTTP/1.1" 200 518 37454 ms
[31/Aug/2025:22:28:58 +0300] 0:0:0:0:0:0:0:1 "GET /images/default.png HTTP/1.1" 401 121 6827 ms
[31/Aug/2025:22:28:58 +0300] 0:0:0:0:0:0:0:1 "GET /api/public/categories HTTP/1.1" 200 141 28131 ms
[31/Aug/2025:22:28:58 +0300] 0:0:0:0:0:0:0:1 "GET /api/public/products?pageNumber=0&sortBy=price&sortOrder=asc HTTP/1.1" 200 518 32918 ms
[31/Aug/2025:22:28:58 +0300] 0:0:0:0:0:0:0:1 "GET /api/public/categories HTTP/1.1" 200 141 26617 ms
[31/Aug/2025:22:28:58 +0300] 0:0:0:0:0:0:0:1 "GET /images/default.png HTTP/1.1" 401 121 5249 ms
[31/Aug/2025:22:28:58 +0300] 0:0:0:0:0:0:0:1 "GET /api/public/products?pageNumber=0&sortBy=price&sortOrder=asc HTTP/1.1" 200 518 36319 ms
[31/Aug/2025:22:29:01 +0300] 0:0:0:0:0:0:0:1 "GET /api/public/products?pageNumber=0&sortBy=price&sortOrder=asc HTTP/1.1" 200 518 35453 ms
[31/Aug/2025:22:29:01 +0300] 0:0:0:0:0:0:0:1 "GET /images/default.png HTTP/1.1" 401 121 6575 ms
[31/Aug/2025:22:29:05 +0300] 0:0:0:0:0:0:0:1 "GET /images/default.png HTTP/1.1" 401 121 4160 ms
[31/Aug/2025:22:29:05 +0300] 0:0:0:0:0:0:0:1 "GET /api/public/products?undefined HTTP/1.1" 200 518 35754 ms
[31/Aug/2025:22:29:05 +0300] 0:0:0:0:0:0:0:1 "GET /images/default.png HTTP/1.1" 401 121 5531 ms
[31/Aug/2025:22:29:05 +0300] 0:0:0:0:0:0:0:1 "GET /api/public/products?undefined HTTP/1.1" 200 518 31527 ms
[31/Aug/2025:22:29:12 +0300] 0:0:0:0:0:0:0:1 "GET /api/admin/app/analytics HTTP/1.1" 200 70 41244 ms
[31/Aug/2025:22:29:14 +0300] 0:0:0:0:0:0:0:1 "GET /api/public/products?pageNumber=0&sortBy=price&sortOrder=asc HTTP/1.1" 200 518 45695 ms
[31/Aug/2025:22:29:14 +0300] 0:0:0:0:0:0:0:1 "GET /api/public/products?pageNumber=0&sortBy=price&sortOrder=asc HTTP/1.1" 200 518 34581 ms
[31/Aug/2025:22:29:18 +0300] 0:0:0:0:0:0:0:1 "GET /api/public/categories HTTP/1.1" 200 141 21432 ms
[31/Aug/2025:22:29:18 +0300] 0:0:0:0:0:0:0:1 "GET /api/public/categories HTTP/1.1" 200 141 21701 ms
[31/Aug/2025:22:29:47 +0300] 0:0:0:0:0:0:0:1 "POST /api/admin/categories/1/product HTTP/1.1" 201 156 53386 ms
[31/Aug/2025:22:29:47 +0300] 0:0:0:0:0:0:0:1 "GET /api/admin/products? HTTP/1.1" 200 693 32571 ms
[31/Aug/2025:22:29:54 +0300] 0:0:0:0:0:0:0:1 "GET /images/default.png HTTP/1.1" 401 121 6714 ms
[31/Aug/2025:22:29:54 +0300] 0:0:0:0:0:0:0:1 "GET /images/default.png HTTP/1.1" 401 121 9940 ms
[31/Aug/2025:22:29:54 +0300] 0:0:0:0:0:0:0:1 "GET /api/public/products?pageNumber=0&sortBy=price&sortOrder=asc HTTP/1.1" 200 693 35540 ms
[31/Aug/2025:22:29:54 +0300] 0:0:0:0:0:0:0:1 "GET /api/public/categories HTTP/1.1" 200 141 35120 ms
[31/Aug/2025:22:29:54 +0300] 0:0:0:0:0:0:0:1 "GET /api/public/products?pageNumber=0&sortBy=price&sortOrder=asc HTTP/1.1" 200 693 27687 ms
[31/Aug/2025:22:29:54 +0300] 0:0:0:0:0:0:0:1 "GET /api/public/categories HTTP/1.1" 200 141 21566 ms
[31/Aug/2025:22:29:54 +0300] 0:0:0:0:0:0:0:1 "GET /images/default.png HTTP/1.1" 401 121 6087 ms
[31/Aug/2025:22:30:10 +0300] 0:0:0:0:0:0:0:1 "GET /api/admin/app/analytics HTTP/1.1" 200 70 35287 ms
[31/Aug/2025:22:30:13 +0300] 0:0:0:0:0:0:0:1 "GET /api/public/products?pageNumber=0&sortBy=price&sortOrder=asc HTTP/1.1" 200 693 31290 ms
[31/Aug/2025:22:30:13 +0300] 0:0:0:0:0:0:0:1 "GET /api/public/products?pageNumber=0&sortBy=price&sortOrder=asc HTTP/1.1" 200 693 25140 ms
[31/Aug/2025:22:30:21 +0300] 0:0:0:0:0:0:0:1 "OPTIONS /api/admin/products/4/image HTTP/1.1" 200 - 3881 ms
[31/Aug/2025:22:30:21 +0300] 0:0:0:0:0:0:0:1 "PUT /api/admin/products/4/image HTTP/1.1" 200 250 54922 ms
[31/Aug/2025:22:30:21 +0300] 0:0:0:0:0:0:0:1 "GET /api/admin/products? HTTP/1.1" 200 722 32035 ms
[31/Aug/2025:22:30:23 +0300] 0:0:0:0:0:0:0:1 "GET /images/default.png HTTP/1.1" 401 121 6074 ms
[31/Aug/2025:22:30:23 +0300] 0:0:0:0:0:0:0:1 "GET /images/7b1e7f03-e221-461b-9f29-a207fb8c2f60.png HTTP/1.1" 200 346950 8692 ms
[31/Aug/2025:22:30:23 +0300] 0:0:0:0:0:0:0:1 "GET /api/public/categories HTTP/1.1" 200 141 25107 ms
[31/Aug/2025:22:30:23 +0300] 0:0:0:0:0:0:0:1 "GET /api/public/products?pageNumber=0&sortBy=price&sortOrder=asc HTTP/1.1" 200 722 27364 ms
[31/Aug/2025:22:30:23 +0300] 0:0:0:0:0:0:0:1 "GET /api/public/categories HTTP/1.1" 200 141 21805 ms
[31/Aug/2025:22:30:23 +0300] 0:0:0:0:0:0:0:1 "GET /api/public/products?pageNumber=0&sortBy=price&sortOrder=asc HTTP/1.1" 200 722 25030 ms
[31/Aug/2025:22:30:23 +0300] 0:0:0:0:0:0:0:1 "GET /images/default.png HTTP/1.1" 401 121 4022 ms
[31/Aug/2025:22:30:26 +0300] 0:0:0:0:0:0:0:1 "GET /images/default.png HTTP/1.1" 401 121 9109 ms
[31/Aug/2025:22:30:26 +0300] 0:0:0:0:0:0:0:1 "GET /api/public/products?undefined HTTP/1.1" 200 722 46569 ms
[31/Aug/2025:22:30:26 +0300] 0:0:0:0:0:0:0:1 "GET /api/public/products?undefined HTTP/1.1" 200 722 27817 ms
[31/Aug/2025:22:30:26 +0300] 0:0:0:0:0:0:0:1 "GET /images/default.png HTTP/1.1" 401 121 4985 ms
[31/Aug/2025:22:32:06 +0300] 0:0:0:0:0:0:0:1 "GET /api/admin/app/analytics HTTP/1.1" 200 70 326951 ms
[31/Aug/2025:22:32:08 +0300] 0:0:0:0:0:0:0:1 "GET /api/public/products?pageNumber=0&sortBy=price&sortOrder=asc HTTP/1.1" 200 722 58737 ms
[31/Aug/2025:22:32:08 +0300] 0:0:0:0:0:0:0:1 "GET /api/public/products?pageNumber=0&sortBy=price&sortOrder=asc HTTP/1.1" 200 722 45552 ms
[31/Aug/2025:22:32:16 +0300] 0:0:0:0:0:0:0:1 "OPTIONS /api/admin/products/3 HTTP/1.1" 200 - 4391 ms
[31/Aug/2025:22:32:17 +0300] 0:0:0:0:0:0:0:1 "DELETE /api/admin/products/3 HTTP/1.1" 200 157 82641 ms
[31/Aug/2025:22:32:17 +0300] 0:0:0:0:0:0:0:1 "GET /api/admin/products? HTTP/1.1" 200 546 36287 ms
[31/Aug/2025:22:32:21 +0300] 0:0:0:0:0:0:0:1 "GET /images/default.png HTTP/1.1" 401 121 10334 ms
[31/Aug/2025:22:32:21 +0300] 0:0:0:0:0:0:0:1 "GET /api/public/products?pageNumber=0&sortBy=price&sortOrder=asc HTTP/1.1" 200 546 36436 ms
[31/Aug/2025:22:32:21 +0300] 0:0:0:0:0:0:0:1 "GET /api/public/categories HTTP/1.1" 200 141 34102 ms
[31/Aug/2025:22:32:21 +0300] 0:0:0:0:0:0:0:1 "GET /api/public/categories HTTP/1.1" 200 141 21266 ms
[31/Aug/2025:22:32:21 +0300] 0:0:0:0:0:0:0:1 "GET /api/public/products?pageNumber=0&sortBy=price&sortOrder=asc HTTP/1.1" 200 546 24373 ms
[31/Aug/2025:22:32:21 +0300] 0:0:0:0:0:0:0:1 "GET /images/default.png HTTP/1.1" 401 121 3436 ms
[31/Aug/2025:22:32:23 +0300] 0:0:0:0:0:0:0:1 "GET /images/http://localhost:8080/images/default.png HTTP/1.1" 401 121 23656 ms
[31/Aug/2025:22:32:28 +0300] 0:0:0:0:0:0:0:1 "GET /api/users/addresses HTTP/1.1" 200 12 89798 ms
[31/Aug/2025:22:32:28 +0300] 0:0:0:0:0:0:0:1 "GET /api/users/addresses HTTP/1.1" 200 12 49715 ms
[31/Aug/2025:22:32:35 +0300] 0:0:0:0:0:0:0:1 "GET /images/default.png HTTP/1.1" 401 121 3700 ms
[31/Aug/2025:22:32:35 +0300] 0:0:0:0:0:0:0:1 "GET /api/public/products?undefined HTTP/1.1" 200 546 35579 ms
[31/Aug/2025:22:32:35 +0300] 0:0:0:0:0:0:0:1 "GET /images/default.png HTTP/1.1" 401 121 8826 ms
[31/Aug/2025:22:32:35 +0300] 0:0:0:0:0:0:0:1 "GET /api/public/products?undefined HTTP/1.1" 200 546 43551 ms
[31/Aug/2025:22:33:28 +0300] 0:0:0:0:0:0:0:1 "POST /api/auth/signin HTTP/1.1" 200 367 555232 ms
[31/Aug/2025:22:33:33 +0300] 0:0:0:0:0:0:0:1 "POST /api/public/categories HTTP/1.1" 201 50 61155 ms
[31/Aug/2025:22:33:40 +0300] 0:0:0:0:0:0:0:1 "POST /api/admin/categories/1/product HTTP/1.1" 201 221 98489 ms
[31/Aug/2025:22:33:48 +0300] 0:0:0:0:0:0:0:1 "POST /api/carts/products/1/quantity/1 HTTP/1.1" 201 264 93264 ms
[31/Aug/2025:22:33:52 +0300] 0:0:0:0:0:0:0:1 "GET /api/carts/users/cart HTTP/1.1" 200 264 37562 ms
[31/Aug/2025:22:34:02 +0300] 0:0:0:0:0:0:0:1 "DELETE /api/admin/products/1 HTTP/1.1" 200 221 80227 ms
[31/Aug/2025:22:34:07 +0300] 0:0:0:0:0:0:0:1 "GET /api/carts/users/cart HTTP/1.1" 200 54 25834 ms
