[01/Sep/2025:18:09:38 +0300] 0:0:0:0:0:0:0:1 "GET /api/public/products?undefined HTTP/1.1" 200 102 1793512 ms
[01/Sep/2025:18:09:43 +0300] 0:0:0:0:0:0:0:1 "OPTIONS /api/auth/signin HTTP/1.1" 200 - 25260 ms
[01/Sep/2025:18:09:44 +0300] 0:0:0:0:0:0:0:1 "POST /api/auth/signin HTTP/1.1" 200 367 970828 ms
[01/Sep/2025:18:09:44 +0300] 0:0:0:0:0:0:0:1 "GET /api/public/products?undefined HTTP/1.1" 200 102 80903 ms
[01/Sep/2025:18:09:44 +0300] 0:0:0:0:0:0:0:1 "GET /api/public/products?undefined HTTP/1.1" 200 102 64446 ms
[01/Sep/2025:18:11:43 +0300] 0:0:0:0:0:0:0:1 "POST /api/auth/signin HTTP/1.1" 200 367 1267990 ms
[01/Sep/2025:18:12:17 +0300] 0:0:0:0:0:0:0:1 "POST /api/public/categories HTTP/1.1" 201 50 1086505 ms
[01/Sep/2025:18:12:28 +0300] 0:0:0:0:0:0:0:1 "POST /api/public/categories HTTP/1.1" 201 51 92881 ms
[01/Sep/2025:18:12:43 +0300] 0:0:0:0:0:0:0:1 "POST /api/admin/categories/1/product HTTP/1.1" 201 221 750388 ms
[01/Sep/2025:18:12:49 +0300] 0:0:0:0:0:0:0:1 "POST /api/admin/categories/1/product HTTP/1.1" 201 221 136395 ms
[01/Sep/2025:18:12:56 +0300] 0:0:0:0:0:0:0:1 "POST /api/admin/categories/1/product HTTP/1.1" 201 221 112418 ms
[01/Sep/2025:18:12:58 +0300] 0:0:0:0:0:0:0:1 "POST /api/admin/categories/1/product HTTP/1.1" 201 221 118092 ms
[01/Sep/2025:18:13:01 +0300] 0:0:0:0:0:0:0:1 "POST /api/admin/categories/1/product HTTP/1.1" 201 221 109151 ms
[01/Sep/2025:18:13:04 +0300] 0:0:0:0:0:0:0:1 "POST /api/admin/categories/1/product HTTP/1.1" 201 221 110341 ms
[01/Sep/2025:18:13:13 +0300] 0:0:0:0:0:0:0:1 "POST /api/admin/categories/1/product HTTP/1.1" 201 221 142885 ms
[01/Sep/2025:18:13:45 +0300] 0:0:0:0:0:0:0:1 "GET /api/admin/products HTTP/1.1" 200 1303 196805 ms
[01/Sep/2025:18:14:07 +0300] 0:0:0:0:0:0:0:1 "GET /api/public/products?undefined HTTP/1.1" 200 1303 115624 ms
[01/Sep/2025:18:14:08 +0300] 0:0:0:0:0:0:0:1 "GET /images/default.png HTTP/1.1" 401 121 135803 ms
[01/Sep/2025:18:14:12 +0300] 0:0:0:0:0:0:0:1 "GET /images/default.png HTTP/1.1" 401 121 47541 ms
[01/Sep/2025:18:14:12 +0300] 0:0:0:0:0:0:0:1 "GET /api/public/products?pageNumber=0&sortBy=price&sortOrder=asc HTTP/1.1" 200 1303 102076 ms
[01/Sep/2025:18:14:12 +0300] 0:0:0:0:0:0:0:1 "GET /api/public/categories HTTP/1.1" 200 182 132213 ms
[01/Sep/2025:18:14:12 +0300] 0:0:0:0:0:0:0:1 "GET /images/default.png HTTP/1.1" 401 121 19841 ms
[01/Sep/2025:18:14:12 +0300] 0:0:0:0:0:0:0:1 "GET /api/public/categories HTTP/1.1" 200 182 91357 ms
[01/Sep/2025:18:14:12 +0300] 0:0:0:0:0:0:0:1 "GET /api/public/products?pageNumber=0&sortBy=price&sortOrder=asc HTTP/1.1" 200 1303 122994 ms
[01/Sep/2025:18:14:15 +0300] 0:0:0:0:0:0:0:1 "GET /api/public/products?pageNumber=1&sortBy=price&sortOrder=asc HTTP/1.1" 200 582 86264 ms
[01/Sep/2025:18:14:15 +0300] 0:0:0:0:0:0:0:1 "GET /images/default.png HTTP/1.1" 401 121 67869 ms
[01/Sep/2025:18:14:24 +0300] 0:0:0:0:0:0:0:1 "GET /api/admin/app/analytics HTTP/1.1" 200 70 162410 ms
[01/Sep/2025:18:14:27 +0300] 0:0:0:0:0:0:0:1 "GET /api/public/products?pageNumber=0&sortBy=price&sortOrder=asc HTTP/1.1" 200 1303 96553 ms
[01/Sep/2025:18:14:27 +0300] 0:0:0:0:0:0:0:1 "GET /api/public/products?pageNumber=0&sortBy=price&sortOrder=asc HTTP/1.1" 200 1303 95199 ms
[01/Sep/2025:18:14:31 +0300] 0:0:0:0:0:0:0:1 "GET /api/public/products?pageNumber=1&sortBy=price&sortOrder=asc HTTP/1.1" 200 582 75616 ms
[01/Sep/2025:18:14:38 +0300] 0:0:0:0:0:0:0:1 "GET /api/public/categories HTTP/1.1" 200 182 66193 ms
[01/Sep/2025:18:14:38 +0300] 0:0:0:0:0:0:0:1 "GET /api/public/categories HTTP/1.1" 200 182 57473 ms
[01/Sep/2025:18:14:38 +0300] 0:0:0:0:0:0:0:1 "GET /api/public/products?pageNumber=0&sortBy=price&sortOrder=asc HTTP/1.1" 200 1303 110254 ms
[01/Sep/2025:18:14:55 +0300] 0:0:0:0:0:0:0:1 "OPTIONS /api/admin/categories/2/product HTTP/1.1" 200 - 9535 ms
[01/Sep/2025:18:14:55 +0300] 0:0:0:0:0:0:0:1 "POST /api/admin/categories/2/product HTTP/1.1" 201 156 89308 ms
[01/Sep/2025:18:14:55 +0300] 0:0:0:0:0:0:0:1 "GET /api/admin/products? HTTP/1.1" 200 1303 68399 ms
[01/Sep/2025:18:14:59 +0300] 0:0:0:0:0:0:0:1 "GET /api/public/products?pageNumber=1&sortBy=price&sortOrder=asc HTTP/1.1" 200 757 72446 ms
[01/Sep/2025:18:15:10 +0300] 0:0:0:0:0:0:0:1 "GET /images/default.png HTTP/1.1" 401 121 14552 ms
[01/Sep/2025:18:15:10 +0300] 0:0:0:0:0:0:0:1 "GET /api/public/categories HTTP/1.1" 200 182 60148 ms
[01/Sep/2025:18:15:10 +0300] 0:0:0:0:0:0:0:1 "GET /api/public/products?pageNumber=0&sortBy=price&sortOrder=asc HTTP/1.1" 200 1303 83020 ms
[01/Sep/2025:18:15:10 +0300] 0:0:0:0:0:0:0:1 "GET /api/public/categories HTTP/1.1" 200 182 56944 ms
[01/Sep/2025:18:15:10 +0300] 0:0:0:0:0:0:0:1 "GET /images/default.png HTTP/1.1" 401 121 9702 ms
[01/Sep/2025:18:15:10 +0300] 0:0:0:0:0:0:0:1 "GET /api/public/products?pageNumber=0&sortBy=price&sortOrder=asc HTTP/1.1" 200 1303 84433 ms
[01/Sep/2025:18:15:13 +0300] 0:0:0:0:0:0:0:1 "GET /api/public/products?pageNumber=0&sortBy=price&sortOrder=asc&category=Movies HTTP/1.1" 200 277 99374 ms
[01/Sep/2025:18:15:13 +0300] 0:0:0:0:0:0:0:1 "GET /images/default.png HTTP/1.1" 401 121 6870 ms
[01/Sep/2025:18:15:15 +0300] 0:0:0:0:0:0:0:1 "GET /api/public/products?pageNumber=0&sortBy=price&sortOrder=asc&category=Books HTTP/1.1" 200 1303 72774 ms
[01/Sep/2025:18:15:15 +0300] 0:0:0:0:0:0:0:1 "GET /images/default.png HTTP/1.1" 401 121 9103 ms
[01/Sep/2025:18:15:21 +0300] 0:0:0:0:0:0:0:1 "GET /api/public/products?pageNumber=0&sortBy=price&sortOrder=asc&category=Movies HTTP/1.1" 200 277 61712 ms
[01/Sep/2025:18:15:21 +0300] 0:0:0:0:0:0:0:1 "GET /images/default.png HTTP/1.1" 401 121 10039 ms
[01/Sep/2025:18:15:24 +0300] 0:0:0:0:0:0:0:1 "GET /api/public/products?pageNumber=0&sortBy=price&sortOrder=asc HTTP/1.1" 200 1303 70801 ms
[01/Sep/2025:18:15:24 +0300] 0:0:0:0:0:0:0:1 "GET /images/default.png HTTP/1.1" 401 121 10331 ms
[01/Sep/2025:18:15:26 +0300] 0:0:0:0:0:0:0:1 "GET /api/public/products?pageNumber=0&sortBy=price&sortOrder=asc&category=Books HTTP/1.1" 200 1303 72166 ms
[01/Sep/2025:18:15:26 +0300] 0:0:0:0:0:0:0:1 "GET /images/default.png HTTP/1.1" 401 121 9719 ms
[01/Sep/2025:18:15:32 +0300] 0:0:0:0:0:0:0:1 "GET /api/public/products?pageNumber=0&sortBy=price&sortOrder=asc&category=Books&keyword=tet HTTP/1.1" 200 102 73280 ms
[01/Sep/2025:18:15:33 +0300] 0:0:0:0:0:0:0:1 "GET /api/public/products?pageNumber=0&sortBy=price&sortOrder=asc&category=Books&keyword=tes HTTP/1.1" 200 102 53258 ms
[01/Sep/2025:18:15:35 +0300] 0:0:0:0:0:0:0:1 "GET /api/public/products?pageNumber=0&sortBy=price&sortOrder=asc&category=Books&keyword=te HTTP/1.1" 200 1303 63860 ms
[01/Sep/2025:18:15:35 +0300] 0:0:0:0:0:0:0:1 "GET /images/default.png HTTP/1.1" 401 121 12065 ms
[01/Sep/2025:18:15:44 +0300] 0:0:0:0:0:0:0:1 "GET /api/public/products?pageNumber=0&sortBy=price&sortOrder=asc&category=Books&keyword=Book+7 HTTP/1.1" 200 342 62349 ms
[01/Sep/2025:18:15:44 +0300] 0:0:0:0:0:0:0:1 "GET /images/default.png HTTP/1.1" 401 121 10631 ms
[01/Sep/2025:18:15:48 +0300] 0:0:0:0:0:0:0:1 "GET /api/public/products?pageNumber=0&sortBy=price&sortOrder=asc&category=Books&keyword=test HTTP/1.1" 200 102 53055 ms
[01/Sep/2025:18:15:50 +0300] 0:0:0:0:0:0:0:1 "GET /api/public/products?pageNumber=0&sortBy=price&sortOrder=asc&category=Books HTTP/1.1" 200 1303 82233 ms
[01/Sep/2025:18:15:50 +0300] 0:0:0:0:0:0:0:1 "GET /images/default.png HTTP/1.1" 401 121 9353 ms
[01/Sep/2025:18:15:51 +0300] 0:0:0:0:0:0:0:1 "GET /api/public/products?pageNumber=0&sortBy=price&sortOrder=asc&category=Movies HTTP/1.1" 200 277 64208 ms
[01/Sep/2025:18:15:51 +0300] 0:0:0:0:0:0:0:1 "GET /images/default.png HTTP/1.1" 401 121 13932 ms
[01/Sep/2025:18:15:54 +0300] 0:0:0:0:0:0:0:1 "GET /api/public/products?pageNumber=0&sortBy=price&sortOrder=asc&category=Movies&keyword=test HTTP/1.1" 200 277 72385 ms
[01/Sep/2025:18:15:54 +0300] 0:0:0:0:0:0:0:1 "GET /images/default.png HTTP/1.1" 401 121 11251 ms
[01/Sep/2025:18:15:57 +0300] 0:0:0:0:0:0:0:1 "GET /api/public/products?pageNumber=0&sortBy=price&sortOrder=asc&keyword=test HTTP/1.1" 200 277 59415 ms
[01/Sep/2025:18:15:57 +0300] 0:0:0:0:0:0:0:1 "GET /images/default.png HTTP/1.1" 401 121 11386 ms
[01/Sep/2025:18:16:00 +0300] 0:0:0:0:0:0:0:1 "GET /api/public/products?pageNumber=0&sortBy=price&sortOrder=asc&keyword=tes HTTP/1.1" 200 277 64789 ms
[01/Sep/2025:18:16:00 +0300] 0:0:0:0:0:0:0:1 "GET /images/default.png HTTP/1.1" 401 121 15432 ms
[01/Sep/2025:18:16:02 +0300] 0:0:0:0:0:0:0:1 "GET /api/public/products?pageNumber=0&sortBy=price&sortOrder=asc&keyword=te HTTP/1.1" 200 1303 83333 ms
[01/Sep/2025:18:16:02 +0300] 0:0:0:0:0:0:0:1 "GET /images/default.png HTTP/1.1" 401 121 9839 ms
[01/Sep/2025:18:16:04 +0300] 0:0:0:0:0:0:0:1 "GET /api/public/products?pageNumber=0&sortBy=price&sortOrder=asc&keyword=tes HTTP/1.1" 200 277 59395 ms
[01/Sep/2025:18:16:04 +0300] 0:0:0:0:0:0:0:1 "GET /images/default.png HTTP/1.1" 401 121 7756 ms
[01/Sep/2025:18:16:06 +0300] 0:0:0:0:0:0:0:1 "GET /api/public/products?pageNumber=0&sortBy=price&sortOrder=asc HTTP/1.1" 200 1303 63953 ms
[01/Sep/2025:18:16:06 +0300] 0:0:0:0:0:0:0:1 "GET /images/default.png HTTP/1.1" 401 121 9336 ms
[01/Sep/2025:18:16:14 +0300] 0:0:0:0:0:0:0:1 "GET /api/public/products?pageNumber=0&sortBy=price&sortOrder=desc HTTP/1.1" 200 1238 65483 ms
[01/Sep/2025:18:16:14 +0300] 0:0:0:0:0:0:0:1 "GET /images/default.png HTTP/1.1" 401 121 8277 ms
[01/Sep/2025:18:16:16 +0300] 0:0:0:0:0:0:0:1 "GET /api/public/products?pageNumber=0&sortBy=price&sortOrder=asc HTTP/1.1" 200 1303 57670 ms
[01/Sep/2025:18:16:16 +0300] 0:0:0:0:0:0:0:1 "GET /images/default.png HTTP/1.1" 401 121 8306 ms
[01/Sep/2025:18:16:17 +0300] 0:0:0:0:0:0:0:1 "GET /api/public/products?pageNumber=0&sortBy=price&sortOrder=desc HTTP/1.1" 200 1238 76387 ms
[01/Sep/2025:18:16:17 +0300] 0:0:0:0:0:0:0:1 "GET /images/default.png HTTP/1.1" 401 121 10395 ms
[01/Sep/2025:18:16:24 +0300] 0:0:0:0:0:0:0:1 "GET /api/public/products?pageNumber=0&sortBy=price&sortOrder=asc HTTP/1.1" 200 1303 70198 ms
[01/Sep/2025:18:16:24 +0300] 0:0:0:0:0:0:0:1 "GET /images/default.png HTTP/1.1" 401 121 10154 ms
[01/Sep/2025:18:16:25 +0300] 0:0:0:0:0:0:0:1 "GET /api/public/products?pageNumber=0&sortBy=price&sortOrder=desc HTTP/1.1" 200 1238 73612 ms
[01/Sep/2025:18:16:25 +0300] 0:0:0:0:0:0:0:1 "GET /images/default.png HTTP/1.1" 401 121 8863 ms
[01/Sep/2025:18:16:37 +0300] 0:0:0:0:0:0:0:1 "GET /api/public/products?pageNumber=0&sortBy=price&sortOrder=asc HTTP/1.1" 200 1303 65931 ms
[01/Sep/2025:18:16:37 +0300] 0:0:0:0:0:0:0:1 "GET /images/default.png HTTP/1.1" 401 121 8118 ms
[01/Sep/2025:18:16:42 +0300] 0:0:0:0:0:0:0:1 "GET /api/admin/app/analytics HTTP/1.1" 200 70 64195 ms
[01/Sep/2025:18:16:44 +0300] 0:0:0:0:0:0:0:1 "GET /api/public/products?pageNumber=0&sortBy=price&sortOrder=asc HTTP/1.1" 200 1303 71313 ms
[01/Sep/2025:18:16:44 +0300] 0:0:0:0:0:0:0:1 "GET /api/public/products?pageNumber=0&sortBy=price&sortOrder=asc HTTP/1.1" 200 1303 60198 ms
[01/Sep/2025:18:16:48 +0300] 0:0:0:0:0:0:0:1 "GET /images/default.png HTTP/1.1" 401 121 13014 ms
[01/Sep/2025:18:18:41 +0300] 0:0:0:0:0:0:0:1 "GET /api/public/products?pageNumber=0&sortBy=price&sortOrder=asc HTTP/1.1" 200 1303 72913 ms
[01/Sep/2025:18:18:46 +0300] 0:0:0:0:0:0:0:1 "GET /api/public/products?pageNumber=0&sortBy=price&sortOrder=asc HTTP/1.1" 200 1303 78163 ms
[01/Sep/2025:18:18:56 +0300] 0:0:0:0:0:0:0:1 "GET /api/public/products?pageNumber=1&sortBy=price&sortOrder=asc HTTP/1.1" 200 757 74190 ms
[01/Sep/2025:18:19:03 +0300] 0:0:0:0:0:0:0:1 "GET /images/default.png HTTP/1.1" 401 121 11509 ms
[01/Sep/2025:18:28:17 +0300] 0:0:0:0:0:0:0:1 "GET /api/public/products?pageNumber=1&sortBy=price&sortOrder=asc HTTP/1.1" 200 757 568090 ms
[01/Sep/2025:18:36:45 +0300] 0:0:0:0:0:0:0:1 "GET /api/admin/app/analytics HTTP/1.1" 200 70 1762525 ms
[01/Sep/2025:18:36:45 +0300] 0:0:0:0:0:0:0:1 "GET /api/public/products?undefined HTTP/1.1" 200 102 3547916 ms
[01/Sep/2025:18:36:46 +0300] 0:0:0:0:0:0:0:1 "GET /api/public/categories HTTP/1.1" 400 59 48191 ms
[01/Sep/2025:18:36:46 +0300] 0:0:0:0:0:0:0:1 "GET /api/public/categories HTTP/1.1" 400 59 29109 ms
[01/Sep/2025:18:37:26 +0300] 0:0:0:0:0:0:0:1 "POST /api/admin/categories HTTP/1.1" 201 51 194337 ms
[01/Sep/2025:18:37:31 +0300] 0:0:0:0:0:0:0:1 "GET /api/public/categories HTTP/1.1" 200 142 45612 ms
[01/Sep/2025:18:37:54 +0300] 0:0:0:0:0:0:0:1 "OPTIONS /api/admin/categories HTTP/1.1" 200 - 13210 ms
[01/Sep/2025:18:37:54 +0300] 0:0:0:0:0:0:0:1 "POST /api/admin/categories HTTP/1.1" 201 50 41457 ms
[01/Sep/2025:18:37:54 +0300] 0:0:0:0:0:0:0:1 "GET /api/public/categories?undefined HTTP/1.1" 200 182 29920 ms
[01/Sep/2025:18:38:00 +0300] 0:0:0:0:0:0:0:1 "GET /api/public/categories HTTP/1.1" 200 182 44720 ms
[01/Sep/2025:18:38:08 +0300] 0:0:0:0:0:0:0:1 "GET /api/public/products?pageNumber=0&sortBy=price&sortOrder=asc HTTP/1.1" 200 102 40937 ms
[01/Sep/2025:18:38:08 +0300] 0:0:0:0:0:0:0:1 "GET /api/public/products?pageNumber=0&sortBy=price&sortOrder=asc HTTP/1.1" 200 102 31979 ms
[01/Sep/2025:18:38:12 +0300] 0:0:0:0:0:0:0:1 "GET /api/public/categories HTTP/1.1" 200 182 30714 ms
[01/Sep/2025:18:38:12 +0300] 0:0:0:0:0:0:0:1 "GET /api/public/categories HTTP/1.1" 200 182 30340 ms
[01/Sep/2025:18:38:25 +0300] 0:0:0:0:0:0:0:1 "POST /api/admin/categories/2/product HTTP/1.1" 201 148 167143 ms
[01/Sep/2025:18:38:26 +0300] 0:0:0:0:0:0:0:1 "GET /api/admin/products? HTTP/1.1" 200 269 38049 ms
[01/Sep/2025:18:38:33 +0300] 0:0:0:0:0:0:0:1 "GET /images/default.png HTTP/1.1" 401 121 45441 ms
[01/Sep/2025:18:38:49 +0300] 0:0:0:0:0:0:0:1 "GET /api/public/categories HTTP/1.1" 200 182 27523 ms
[01/Sep/2025:18:38:49 +0300] 0:0:0:0:0:0:0:1 "GET /api/public/categories HTTP/1.1" 200 182 26729 ms
[01/Sep/2025:18:39:03 +0300] 0:0:0:0:0:0:0:1 "OPTIONS /api/admin/categories/1/product HTTP/1.1" 200 - 4274 ms
[01/Sep/2025:18:39:03 +0300] 0:0:0:0:0:0:0:1 "POST /api/admin/categories/1/product HTTP/1.1" 201 151 98658 ms
[01/Sep/2025:18:39:03 +0300] 0:0:0:0:0:0:0:1 "GET /api/admin/products? HTTP/1.1" 200 272 35071 ms
[01/Sep/2025:18:39:07 +0300] 0:0:0:0:0:0:0:1 "GET /api/public/products?pageNumber=0&sortBy=price&sortOrder=asc HTTP/1.1" 200 272 42563 ms
[01/Sep/2025:18:39:13 +0300] 0:0:0:0:0:0:0:1 "GET /images/default.png HTTP/1.1" 401 121 11391 ms
[01/Sep/2025:18:39:13 +0300] 0:0:0:0:0:0:0:1 "GET /api/public/categories HTTP/1.1" 200 182 36627 ms
[01/Sep/2025:18:39:13 +0300] 0:0:0:0:0:0:0:1 "GET /api/public/products?pageNumber=0&sortBy=price&sortOrder=asc HTTP/1.1" 200 272 43469 ms
[01/Sep/2025:18:39:13 +0300] 0:0:0:0:0:0:0:1 "GET /api/public/categories HTTP/1.1" 200 182 31648 ms
[01/Sep/2025:18:39:13 +0300] 0:0:0:0:0:0:0:1 "GET /api/public/products?pageNumber=0&sortBy=price&sortOrder=asc HTTP/1.1" 200 272 36033 ms
[01/Sep/2025:18:39:13 +0300] 0:0:0:0:0:0:0:1 "GET /images/default.png HTTP/1.1" 401 121 5891 ms
[01/Sep/2025:18:39:16 +0300] 0:0:0:0:0:0:0:1 "GET /api/public/products?pageNumber=0&sortBy=price&sortOrder=asc&category=Movies HTTP/1.1" 200 272 87979 ms
[01/Sep/2025:18:39:16 +0300] 0:0:0:0:0:0:0:1 "GET /images/default.png HTTP/1.1" 401 121 6145 ms
[01/Sep/2025:18:39:18 +0300] 0:0:0:0:0:0:0:1 "GET /api/public/products?pageNumber=0&sortBy=price&sortOrder=asc&category=books HTTP/1.1" 200 102 37268 ms
[01/Sep/2025:18:39:25 +0300] 0:0:0:0:0:0:0:1 "GET /api/admin/app/analytics HTTP/1.1" 200 70 45627 ms
[01/Sep/2025:18:39:28 +0300] 0:0:0:0:0:0:0:1 "GET /api/public/products?pageNumber=0&sortBy=price&sortOrder=asc HTTP/1.1" 200 272 29824 ms
[01/Sep/2025:18:39:28 +0300] 0:0:0:0:0:0:0:1 "GET /api/public/products?pageNumber=0&sortBy=price&sortOrder=asc HTTP/1.1" 200 272 33199 ms
[01/Sep/2025:18:39:31 +0300] 0:0:0:0:0:0:0:1 "GET /api/public/categories HTTP/1.1" 200 182 22117 ms
[01/Sep/2025:18:39:31 +0300] 0:0:0:0:0:0:0:1 "GET /api/public/categories HTTP/1.1" 200 182 20039 ms
[01/Sep/2025:18:39:47 +0300] 0:0:0:0:0:0:0:1 "POST /api/admin/categories/2/product HTTP/1.1" 201 153 46995 ms
[01/Sep/2025:18:39:47 +0300] 0:0:0:0:0:0:0:1 "GET /api/admin/products? HTTP/1.1" 200 444 24830 ms
[01/Sep/2025:18:39:51 +0300] 0:0:0:0:0:0:0:1 "GET /api/public/products?pageNumber=0&sortBy=price&sortOrder=asc HTTP/1.1" 200 444 34483 ms
[01/Sep/2025:18:39:53 +0300] 0:0:0:0:0:0:0:1 "GET /images/default.png HTTP/1.1" 401 121 3895 ms
[01/Sep/2025:18:39:53 +0300] 0:0:0:0:0:0:0:1 "GET /api/public/categories HTTP/1.1" 200 182 24559 ms
[01/Sep/2025:18:39:53 +0300] 0:0:0:0:0:0:0:1 "GET /api/public/products?pageNumber=0&sortBy=price&sortOrder=asc HTTP/1.1" 200 444 30444 ms
[01/Sep/2025:18:39:53 +0300] 0:0:0:0:0:0:0:1 "GET /api/public/categories HTTP/1.1" 200 182 37211 ms
[01/Sep/2025:18:39:53 +0300] 0:0:0:0:0:0:0:1 "GET /api/public/products?pageNumber=0&sortBy=price&sortOrder=asc HTTP/1.1" 200 444 40193 ms
[01/Sep/2025:18:39:53 +0300] 0:0:0:0:0:0:0:1 "GET /images/default.png HTTP/1.1" 401 121 6138 ms
[01/Sep/2025:18:39:56 +0300] 0:0:0:0:0:0:0:1 "GET /api/public/products?pageNumber=0&sortBy=price&sortOrder=asc&category=books HTTP/1.1" 200 274 396178 ms
[01/Sep/2025:18:39:56 +0300] 0:0:0:0:0:0:0:1 "GET /images/default.png HTTP/1.1" 401 121 46211 ms
[01/Sep/2025:18:39:57 +0300] 0:0:0:0:0:0:0:1 "GET /api/public/products?pageNumber=0&sortBy=price&sortOrder=asc&category=Movies HTTP/1.1" 200 272 32150 ms
[01/Sep/2025:18:39:57 +0300] 0:0:0:0:0:0:0:1 "GET /images/default.png HTTP/1.1" 401 121 4924 ms
[01/Sep/2025:18:39:59 +0300] 0:0:0:0:0:0:0:1 "GET /api/public/products?pageNumber=0&sortBy=price&sortOrder=asc&category=books HTTP/1.1" 200 274 35038 ms
[01/Sep/2025:18:39:59 +0300] 0:0:0:0:0:0:0:1 "GET /images/default.png HTTP/1.1" 401 121 10106 ms
[01/Sep/2025:18:40:05 +0300] 0:0:0:0:0:0:0:1 "GET /api/admin/app/analytics HTTP/1.1" 200 70 25333 ms
[01/Sep/2025:18:40:07 +0300] 0:0:0:0:0:0:0:1 "GET /api/public/products?pageNumber=0&sortBy=price&sortOrder=asc HTTP/1.1" 200 444 36350 ms
[01/Sep/2025:18:40:07 +0300] 0:0:0:0:0:0:0:1 "GET /api/public/products?pageNumber=0&sortBy=price&sortOrder=asc HTTP/1.1" 200 444 27513 ms
[01/Sep/2025:18:40:11 +0300] 0:0:0:0:0:0:0:1 "GET /api/public/categories HTTP/1.1" 200 182 20885 ms
[01/Sep/2025:18:40:11 +0300] 0:0:0:0:0:0:0:1 "GET /api/public/categories HTTP/1.1" 200 182 18756 ms
[01/Sep/2025:18:40:23 +0300] 0:0:0:0:0:0:0:1 "POST /api/admin/categories/1/product HTTP/1.1" 201 153 37684 ms
[01/Sep/2025:18:40:23 +0300] 0:0:0:0:0:0:0:1 "GET /api/admin/products? HTTP/1.1" 200 616 23868 ms
[01/Sep/2025:18:40:25 +0300] 0:0:0:0:0:0:0:1 "GET /images/default.png HTTP/1.1" 401 121 4742 ms
[01/Sep/2025:18:40:25 +0300] 0:0:0:0:0:0:0:1 "GET /api/public/categories HTTP/1.1" 200 182 22802 ms
[01/Sep/2025:18:40:25 +0300] 0:0:0:0:0:0:0:1 "GET /api/public/products?pageNumber=0&sortBy=price&sortOrder=asc HTTP/1.1" 200 616 29758 ms
[01/Sep/2025:18:40:25 +0300] 0:0:0:0:0:0:0:1 "GET /api/public/categories HTTP/1.1" 200 182 20922 ms
[01/Sep/2025:18:40:25 +0300] 0:0:0:0:0:0:0:1 "GET /api/public/products?pageNumber=0&sortBy=price&sortOrder=asc HTTP/1.1" 200 616 22309 ms
[01/Sep/2025:18:40:25 +0300] 0:0:0:0:0:0:0:1 "GET /images/default.png HTTP/1.1" 401 121 3759 ms
[01/Sep/2025:18:40:28 +0300] 0:0:0:0:0:0:0:1 "GET /api/public/products?pageNumber=0&sortBy=price&sortOrder=asc&category=Movies HTTP/1.1" 200 444 30628 ms
[01/Sep/2025:18:40:28 +0300] 0:0:0:0:0:0:0:1 "GET /images/default.png HTTP/1.1" 401 121 6326 ms
[01/Sep/2025:18:40:29 +0300] 0:0:0:0:0:0:0:1 "GET /api/public/products?pageNumber=0&sortBy=price&sortOrder=asc&category=books HTTP/1.1" 200 274 24352 ms
[01/Sep/2025:18:40:29 +0300] 0:0:0:0:0:0:0:1 "GET /images/default.png HTTP/1.1" 401 121 3010 ms
[01/Sep/2025:18:40:32 +0300] 0:0:0:0:0:0:0:1 "GET /api/public/products?pageNumber=0&sortBy=price&sortOrder=asc&category=Movies HTTP/1.1" 200 444 28904 ms
[01/Sep/2025:18:40:32 +0300] 0:0:0:0:0:0:0:1 "GET /images/default.png HTTP/1.1" 401 121 5174 ms
[01/Sep/2025:18:40:41 +0300] 0:0:0:0:0:0:0:1 "GET /images/default.png HTTP/1.1" 401 121 7088 ms
[01/Sep/2025:18:40:41 +0300] 0:0:0:0:0:0:0:1 "GET /api/public/products?undefined HTTP/1.1" 200 616 30335 ms
[01/Sep/2025:18:40:41 +0300] 0:0:0:0:0:0:0:1 "GET /images/default.png HTTP/1.1" 401 121 5848 ms
[01/Sep/2025:18:40:41 +0300] 0:0:0:0:0:0:0:1 "GET /api/public/products?undefined HTTP/1.1" 200 616 30599 ms
[01/Sep/2025:18:40:50 +0300] 0:0:0:0:0:0:0:1 "GET /api/admin/app/analytics HTTP/1.1" 200 70 32313 ms
[01/Sep/2025:18:40:59 +0300] 0:0:0:0:0:0:0:1 "GET /api/public/categories HTTP/1.1" 200 182 21078 ms
[01/Sep/2025:18:40:59 +0300] 0:0:0:0:0:0:0:1 "GET /api/public/categories HTTP/1.1" 200 182 26473 ms
[01/Sep/2025:18:41:05 +0300] 0:0:0:0:0:0:0:1 "OPTIONS /api/admin/categories/2 HTTP/1.1" 200 - 1986 ms
[01/Sep/2025:18:41:05 +0300] 0:0:0:0:0:0:0:1 "DELETE /api/admin/categories/2 HTTP/1.1" 200 50 64272 ms
[01/Sep/2025:18:41:05 +0300] 0:0:0:0:0:0:0:1 "GET /api/public/categories?undefined HTTP/1.1" 200 142 19825 ms
[01/Sep/2025:18:41:09 +0300] 0:0:0:0:0:0:0:1 "GET /api/public/categories HTTP/1.1" 200 142 20882 ms
[01/Sep/2025:18:41:14 +0300] 0:0:0:0:0:0:0:1 "GET /api/public/products?pageNumber=0&sortBy=price&sortOrder=asc HTTP/1.1" 200 444 32306 ms
[01/Sep/2025:18:41:14 +0300] 0:0:0:0:0:0:0:1 "GET /api/public/categories HTTP/1.1" 200 142 33229 ms
[01/Sep/2025:18:41:14 +0300] 0:0:0:0:0:0:0:1 "GET /api/public/products?pageNumber=0&sortBy=price&sortOrder=asc HTTP/1.1" 200 444 26801 ms
[01/Sep/2025:18:41:14 +0300] 0:0:0:0:0:0:0:1 "GET /images/default.png HTTP/1.1" 401 121 3760 ms
[01/Sep/2025:18:41:14 +0300] 0:0:0:0:0:0:0:1 "GET /api/public/categories HTTP/1.1" 200 142 20119 ms
[01/Sep/2025:18:41:16 +0300] 0:0:0:0:0:0:0:1 "GET /api/public/products?pageNumber=0&sortBy=price&sortOrder=asc&category=Movies HTTP/1.1" 200 444 28639 ms
[01/Sep/2025:18:41:16 +0300] 0:0:0:0:0:0:0:1 "GET /images/default.png HTTP/1.1" 401 121 2577 ms
[01/Sep/2025:18:41:17 +0300] 0:0:0:0:0:0:0:1 "GET /api/public/products?pageNumber=0&sortBy=price&sortOrder=asc HTTP/1.1" 200 444 26944 ms
[01/Sep/2025:18:41:18 +0300] 0:0:0:0:0:0:0:1 "GET /images/default.png HTTP/1.1" 401 121 3352 ms
[01/Sep/2025:18:41:20 +0300] 0:0:0:0:0:0:0:1 "GET /images/default.png HTTP/1.1" 401 121 8673 ms
[01/Sep/2025:18:41:20 +0300] 0:0:0:0:0:0:0:1 "GET /api/public/products?undefined HTTP/1.1" 200 444 27029 ms
[01/Sep/2025:18:41:20 +0300] 0:0:0:0:0:0:0:1 "GET /images/default.png HTTP/1.1" 401 121 4432 ms
[01/Sep/2025:18:41:20 +0300] 0:0:0:0:0:0:0:1 "GET /api/public/products?undefined HTTP/1.1" 200 444 30397 ms
[01/Sep/2025:18:41:26 +0300] 0:0:0:0:0:0:0:1 "POST /api/auth/signout HTTP/1.1" 200 24 61029 ms
[01/Sep/2025:18:41:31 +0300] 0:0:0:0:0:0:0:1 "OPTIONS /api/auth/signin HTTP/1.1" 200 - 1362 ms
[01/Sep/2025:18:41:31 +0300] 0:0:0:0:0:0:0:1 "POST /api/auth/signin HTTP/1.1" 200 367 225971 ms
[01/Sep/2025:18:41:31 +0300] 0:0:0:0:0:0:0:1 "GET /images/default.png HTTP/1.1" 401 121 6197 ms
[01/Sep/2025:18:41:31 +0300] 0:0:0:0:0:0:0:1 "GET /api/public/products?undefined HTTP/1.1" 200 444 44727 ms
[01/Sep/2025:18:41:31 +0300] 0:0:0:0:0:0:0:1 "GET /images/default.png HTTP/1.1" 401 121 6738 ms
[01/Sep/2025:18:41:31 +0300] 0:0:0:0:0:0:0:1 "GET /api/public/products?undefined HTTP/1.1" 200 444 54241 ms
[01/Sep/2025:18:41:35 +0300] 0:0:0:0:0:0:0:1 "GET /images/default.png HTTP/1.1" 401 121 4026 ms
[01/Sep/2025:18:41:35 +0300] 0:0:0:0:0:0:0:1 "GET /api/public/products?pageNumber=0&sortBy=price&sortOrder=asc HTTP/1.1" 200 444 28857 ms
[01/Sep/2025:18:41:35 +0300] 0:0:0:0:0:0:0:1 "GET /api/public/categories HTTP/1.1" 200 142 26530 ms
[01/Sep/2025:18:41:35 +0300] 0:0:0:0:0:0:0:1 "GET /api/public/categories HTTP/1.1" 200 142 21137 ms
[01/Sep/2025:18:41:35 +0300] 0:0:0:0:0:0:0:1 "GET /api/public/products?pageNumber=0&sortBy=price&sortOrder=asc HTTP/1.1" 200 444 23642 ms
[01/Sep/2025:18:41:35 +0300] 0:0:0:0:0:0:0:1 "GET /images/default.png HTTP/1.1" 401 121 4232 ms
[01/Sep/2025:18:41:36 +0300] 0:0:0:0:0:0:0:1 "GET /api/public/products?pageNumber=0&sortBy=price&sortOrder=asc&category=Movies HTTP/1.1" 200 444 28426 ms
[01/Sep/2025:18:41:36 +0300] 0:0:0:0:0:0:0:1 "GET /images/default.png HTTP/1.1" 401 121 3399 ms
[01/Sep/2025:18:41:38 +0300] 0:0:0:0:0:0:0:1 "GET /api/public/products?pageNumber=0&sortBy=price&sortOrder=asc HTTP/1.1" 200 444 31138 ms
[01/Sep/2025:18:41:38 +0300] 0:0:0:0:0:0:0:1 "GET /images/default.png HTTP/1.1" 401 121 3030 ms
[01/Sep/2025:18:41:40 +0300] 0:0:0:0:0:0:0:1 "GET /images/default.png HTTP/1.1" 401 121 6353 ms
[01/Sep/2025:18:41:40 +0300] 0:0:0:0:0:0:0:1 "GET /api/public/products?undefined HTTP/1.1" 200 444 35954 ms
[01/Sep/2025:18:41:40 +0300] 0:0:0:0:0:0:0:1 "GET /api/public/products?undefined HTTP/1.1" 200 444 40149 ms
[01/Sep/2025:18:41:40 +0300] 0:0:0:0:0:0:0:1 "GET /images/default.png HTTP/1.1" 401 121 6079 ms
[01/Sep/2025:18:45:21 +0300] 0:0:0:0:0:0:0:1 "GET /api/public/products?pageNumber=1&sortBy=price&sortOrder=asc HTTP/1.1" 200 102 29266 ms
[01/Sep/2025:18:45:35 +0300] 0:0:0:0:0:0:0:1 "GET /api/admin/app/analytics HTTP/1.1" 200 70 65753 ms
[01/Sep/2025:18:45:37 +0300] 0:0:0:0:0:0:0:1 "GET /api/public/categories HTTP/1.1" 200 142 69149 ms
[01/Sep/2025:18:45:37 +0300] 0:0:0:0:0:0:0:1 "GET /api/public/categories HTTP/1.1" 200 142 21543 ms
[01/Sep/2025:18:45:42 +0300] 0:0:0:0:0:0:0:1 "OPTIONS /api/admin/categories/1 HTTP/1.1" 200 - 5251 ms
[01/Sep/2025:18:45:42 +0300] 0:0:0:0:0:0:0:1 "DELETE /api/admin/categories/1 HTTP/1.1" 200 51 115722 ms
[01/Sep/2025:18:45:42 +0300] 0:0:0:0:0:0:0:1 "GET /api/public/categories?undefined HTTP/1.1" 400 59 38769 ms
[01/Sep/2025:19:21:44 +0300] 0:0:0:0:0:0:0:1 "POST /api/auth/signin HTTP/1.1" 200 367 607672 ms
[01/Sep/2025:19:21:49 +0300] 0:0:0:0:0:0:0:1 "POST /api/auth/signout HTTP/1.1" 200 24 47632 ms
[01/Sep/2025:19:22:03 +0300] 0:0:0:0:0:0:0:1 "POST /api/admin/categories HTTP/1.1" 201 51 51870 ms
[01/Sep/2025:19:22:08 +0300] 0:0:0:0:0:0:0:1 "POST /api/auth/signout HTTP/1.1" 200 24 6618 ms
[01/Sep/2025:19:22:15 +0300] 0:0:0:0:0:0:0:1 "POST /api/admin/categories HTTP/1.1" 400 84 15734 ms
[01/Sep/2025:19:22:21 +0300] 0:0:0:0:0:0:0:1 "POST /api/admin/categories HTTP/1.1" 201 52 25573 ms
[01/Sep/2025:19:24:17 +0300] 0:0:0:0:0:0:0:1 "POST /api/auth/signout HTTP/1.1" 200 24 120140 ms
[01/Sep/2025:19:24:22 +0300] 0:0:0:0:0:0:0:1 "POST /api/admin/categories HTTP/1.1" 401 136 21123 ms
[01/Sep/2025:19:24:26 +0300] 0:0:0:0:0:0:0:1 "POST /api/auth/signin HTTP/1.1" 200 367 367321 ms
[01/Sep/2025:19:24:41 +0300] 0:0:0:0:0:0:0:1 "POST /api/admin/categories HTTP/1.1" 201 52 97065 ms
[01/Sep/2025:19:24:45 +0300] 0:0:0:0:0:0:0:1 "POST /api/auth/signout HTTP/1.1" 200 24 23917 ms
[01/Sep/2025:19:24:52 +0300] 0:0:0:0:0:0:0:1 "GET /api/auth/user HTTP/1.1" 401 121 23950 ms
[01/Sep/2025:19:24:56 +0300] 0:0:0:0:0:0:0:1 "GET /api/auth/username HTTP/1.1" 200 4 4273 ms
[01/Sep/2025:19:25:16 +0300] 0:0:0:0:0:0:0:1 "POST /api/auth/signup HTTP/1.1" 200 29 150866 ms
[01/Sep/2025:19:25:48 +0300] 0:0:0:0:0:0:0:1 "POST /api/auth/signin HTTP/1.1" 200 343 136766 ms
[01/Sep/2025:19:26:04 +0300] 0:0:0:0:0:0:0:1 "POST /api/admin/categories HTTP/1.1" 201 53 38030 ms
[01/Sep/2025:19:26:09 +0300] 0:0:0:0:0:0:0:1 "POST /api/auth/signout HTTP/1.1" 200 24 19891 ms
[01/Sep/2025:19:26:18 +0300] 0:0:0:0:0:0:0:1 "POST /api/auth/signin HTTP/1.1" 200 340 96810 ms
[01/Sep/2025:19:26:29 +0300] 0:0:0:0:0:0:0:1 "POST /api/admin/categories HTTP/1.1" 201 54 44866 ms
[01/Sep/2025:19:39:55 +0300] 0:0:0:0:0:0:0:1 "POST /api/auth/signin HTTP/1.1" 200 340 1680488 ms
[01/Sep/2025:19:40:00 +0300] 0:0:0:0:0:0:0:1 "POST /api/admin/categories HTTP/1.1" 400 73 85342 ms
[01/Sep/2025:19:40:15 +0300] 0:0:0:0:0:0:0:1 "POST /api/auth/signin HTTP/1.1" 200 367 383168 ms
[01/Sep/2025:19:40:25 +0300] 0:0:0:0:0:0:0:1 "POST /api/admin/categories HTTP/1.1" 400 73 64802 ms
[01/Sep/2025:19:40:31 +0300] 0:0:0:0:0:0:0:1 "POST /api/admin/categories HTTP/1.1" 400 73 62145 ms
[01/Sep/2025:19:40:37 +0300] 0:0:0:0:0:0:0:1 "POST /api/auth/signout HTTP/1.1" 200 24 64390 ms
[01/Sep/2025:19:40:42 +0300] 0:0:0:0:0:0:0:1 "GET /api/auth/user HTTP/1.1" 401 121 51147 ms
[01/Sep/2025:19:40:49 +0300] 0:0:0:0:0:0:0:1 "POST /api/auth/signin HTTP/1.1" 200 367 342988 ms
[01/Sep/2025:19:40:54 +0300] 0:0:0:0:0:0:0:1 "POST /api/admin/categories HTTP/1.1" 400 73 58856 ms
