[13/Sep/2025:11:49:15 +0300] 0:0:0:0:0:0:0:1 "POST /api/admin/categories/1/product HTTP/1.1" 401 146 365895 ms
[13/Sep/2025:11:49:31 +0300] 0:0:0:0:0:0:0:1 "POST /api/auth/signin HTTP/1.1" 200 340 1452496 ms
[13/Sep/2025:11:49:46 +0300] 0:0:0:0:0:0:0:1 "POST /api/admin/categories HTTP/1.1" 401 121 1465401 ms
[13/Sep/2025:11:49:53 +0300] 0:0:0:0:0:0:0:1 "POST /api/auth/signout HTTP/1.1" 200 49 30510 ms
[13/Sep/2025:11:50:02 +0300] 0:0:0:0:0:0:0:1 "POST /api/auth/signin HTTP/1.1" 200 367 143912 ms
[13/Sep/2025:11:50:10 +0300] 0:0:0:0:0:0:0:1 "POST /api/admin/categories HTTP/1.1" 201 51 236927 ms
[13/Sep/2025:11:50:17 +0300] 0:0:0:0:0:0:0:1 "POST /api/admin/categories HTTP/1.1" 201 50 44859 ms
[13/Sep/2025:11:50:20 +0300] 0:0:0:0:0:0:0:1 "POST /api/admin/categories HTTP/1.1" 201 50 40973 ms
[13/Sep/2025:11:50:36 +0300] 0:0:0:0:0:0:0:1 "POST /api/auth/signout HTTP/1.1" 200 49 29577 ms
[13/Sep/2025:11:50:45 +0300] 0:0:0:0:0:0:0:1 "GET /api/public/products?undefined HTTP/1.1" 200 102 327967 ms
[13/Sep/2025:11:51:23 +0300] 0:0:0:0:0:0:0:1 "GET /api/public/products?undefined HTTP/1.1" 200 102 45198 ms
[13/Sep/2025:11:51:32 +0300] 0:0:0:0:0:0:0:1 "OPTIONS /api/auth/signin HTTP/1.1" 200 - 45343 ms
[13/Sep/2025:11:51:32 +0300] 0:0:0:0:0:0:0:1 "POST /api/auth/signin HTTP/1.1" 200 367 189368 ms
[13/Sep/2025:11:51:33 +0300] 0:0:0:0:0:0:0:1 "GET /api/public/products?undefined HTTP/1.1" 200 102 211803 ms
[13/Sep/2025:11:51:33 +0300] 0:0:0:0:0:0:0:1 "GET /api/public/products?undefined HTTP/1.1" 200 102 46729 ms
[13/Sep/2025:11:52:13 +0300] 0:0:0:0:0:0:0:1 "GET /api/public/products?pageNumber=0&sortBy=price&sortOrder=asc HTTP/1.1" 200 102 57425 ms
[13/Sep/2025:11:52:13 +0300] 0:0:0:0:0:0:0:1 "GET /api/public/products?pageNumber=0&sortBy=price&sortOrder=asc HTTP/1.1" 200 102 58810 ms
[13/Sep/2025:11:52:13 +0300] 0:0:0:0:0:0:0:1 "GET /api/public/categories HTTP/1.1" 200 222 139732 ms
[13/Sep/2025:11:52:13 +0300] 0:0:0:0:0:0:0:1 "GET /api/public/categories HTTP/1.1" 200 222 39958 ms
[13/Sep/2025:11:52:16 +0300] 0:0:0:0:0:0:0:1 "GET /api/admin/app/analytics HTTP/1.1" 200 70 307694 ms
[13/Sep/2025:11:52:17 +0300] 0:0:0:0:0:0:0:1 "GET /api/admin/app/analytics HTTP/1.1" 200 70 61860 ms
[13/Sep/2025:11:52:17 +0300] 0:0:0:0:0:0:0:1 "GET /api/admin/products?pageNumber=0&sortBy=price&sortOrder=asc HTTP/1.1" 200 102 53089 ms
[13/Sep/2025:11:52:18 +0300] 0:0:0:0:0:0:0:1 "GET /api/admin/products?pageNumber=0&sortBy=price&sortOrder=asc HTTP/1.1" 200 102 55677 ms
[13/Sep/2025:11:52:19 +0300] 0:0:0:0:0:0:0:1 "GET /api/public/categories HTTP/1.1" 200 222 67570 ms
[13/Sep/2025:11:52:20 +0300] 0:0:0:0:0:0:0:1 "GET /api/public/categories HTTP/1.1" 200 222 55278 ms
[13/Sep/2025:11:52:33 +0300] 0:0:0:0:0:0:0:1 "OPTIONS /api/admin/categories/1/product HTTP/1.1" 200 - 10737 ms
[13/Sep/2025:11:52:33 +0300] 0:0:0:0:0:0:0:1 "POST /api/admin/categories/1/product HTTP/1.1" 201 168 399116 ms
[13/Sep/2025:11:52:33 +0300] 0:0:0:0:0:0:0:1 "GET /api/admin/products? HTTP/1.1" 200 289 51961 ms
[13/Sep/2025:11:53:11 +0300] 0:0:0:0:0:0:0:1 "GET /api/public/categories HTTP/1.1" 200 222 44483 ms
[13/Sep/2025:11:53:11 +0300] 0:0:0:0:0:0:0:1 "GET /api/public/products?pageNumber=0&sortBy=price&sortOrder=asc HTTP/1.1" 200 289 51617 ms
[13/Sep/2025:11:53:11 +0300] 0:0:0:0:0:0:0:1 "GET /api/public/categories HTTP/1.1" 200 222 44799 ms
[13/Sep/2025:11:53:11 +0300] 0:0:0:0:0:0:0:1 "GET /api/public/products?pageNumber=0&sortBy=price&sortOrder=asc HTTP/1.1" 200 289 57053 ms
[13/Sep/2025:11:53:11 +0300] 0:0:0:0:0:0:0:1 "GET /images/default.png HTTP/1.1" 401 121 71668 ms
[13/Sep/2025:11:53:21 +0300] 0:0:0:0:0:0:0:1 "GET /images/5db0e8f4-8cec-4b3e-aa3e-bd78d2133d35 HTTP/1.1" 401 121 29901 ms
[13/Sep/2025:11:53:29 +0300] 0:0:0:0:0:0:0:1 "GET /api/users/addresses HTTP/1.1" 200 12 78978 ms
[13/Sep/2025:11:53:29 +0300] 0:0:0:0:0:0:0:1 "GET /api/users/addresses HTTP/1.1" 200 12 48914 ms
[13/Sep/2025:11:53:37 +0300] 0:0:0:0:0:0:0:1 "OPTIONS /api/addresses HTTP/1.1" 200 - 6650 ms
[13/Sep/2025:11:53:37 +0300] 0:0:0:0:0:0:0:1 "POST /api/addresses HTTP/1.1" 201 163 178817 ms
[13/Sep/2025:11:53:37 +0300] 0:0:0:0:0:0:0:1 "GET /api/users/addresses HTTP/1.1" 200 165 44717 ms
[13/Sep/2025:11:53:42 +0300] 0:0:0:0:0:0:0:1 "OPTIONS /api/cart/create HTTP/1.1" 200 - 5154 ms
[13/Sep/2025:11:53:42 +0300] 0:0:0:0:0:0:0:1 "OPTIONS /api/cart/create HTTP/1.1" 200 - 6362 ms
[13/Sep/2025:11:53:42 +0300] 0:0:0:0:0:0:0:1 "POST /api/cart/create HTTP/1.1" 201 25 90491 ms
[13/Sep/2025:11:53:42 +0300] 0:0:0:0:0:0:0:1 "GET /api/carts/users/cart HTTP/1.1" 200 212 40985 ms
[13/Sep/2025:11:53:42 +0300] 0:0:0:0:0:0:0:1 "POST /api/cart/create HTTP/1.1" 401 121 150283 ms
[13/Sep/2025:11:53:54 +0300] 0:0:0:0:0:0:0:1 "OPTIONS /api/order/stripe-client-secret HTTP/1.1" 200 - 2983 ms
[13/Sep/2025:11:53:58 +0300] 0:0:0:0:0:0:0:1 "POST /api/order/stripe-client-secret HTTP/1.1" 201 60 4607345 ms
[13/Sep/2025:12:06:11 +0300] 0:0:0:0:0:0:0:1 "GET /api/public/products?undefined HTTP/1.1" 200 289 7965321 ms
[13/Sep/2025:12:06:11 +0300] 0:0:0:0:0:0:0:1 "GET /api/public/products?undefined HTTP/1.1" 200 289 276955 ms
[13/Sep/2025:12:10:39 +0300] 0:0:0:0:0:0:0:1 "POST /api/auth/signin HTTP/1.1" 200 367 1531670 ms
[13/Sep/2025:12:10:51 +0300] 0:0:0:0:0:0:0:1 "POST /api/admin/categories HTTP/1.1" 201 50 501595 ms
[13/Sep/2025:12:10:58 +0300] 0:0:0:0:0:0:0:1 "POST /api/admin/categories HTTP/1.1" 201 50 46268 ms
[13/Sep/2025:12:11:24 +0300] 0:0:0:0:0:0:0:1 "POST /api/admin/categories/1/product HTTP/1.1" 201 221 476471 ms
[13/Sep/2025:12:11:30 +0300] 0:0:0:0:0:0:0:1 "POST /api/auth/signout HTTP/1.1" 200 49 51729 ms
[13/Sep/2025:12:11:44 +0300] 0:0:0:0:0:0:0:1 "GET /api/public/products?undefined HTTP/1.1" 200 342 594239 ms
[13/Sep/2025:12:11:48 +0300] 0:0:0:0:0:0:0:1 "GET /images/default.png HTTP/1.1" 401 121 2544743 ms
[13/Sep/2025:12:12:04 +0300] 0:0:0:0:0:0:0:1 "GET /images/5db0e8f4-8cec-4b3e-aa3e-bd78d2133d35 HTTP/1.1" 401 121 50153 ms
[13/Sep/2025:12:12:14 +0300] 0:0:0:0:0:0:0:1 "POST /api/auth/signin HTTP/1.1" 200 340 336943 ms
[13/Sep/2025:12:12:15 +0300] 0:0:0:0:0:0:0:1 "GET /api/public/products?undefined HTTP/1.1" 200 342 108244 ms
[13/Sep/2025:12:12:15 +0300] 0:0:0:0:0:0:0:1 "GET /api/public/products?undefined HTTP/1.1" 200 342 80880 ms
[13/Sep/2025:12:12:16 +0300] 0:0:0:0:0:0:0:1 "GET /images/default.png HTTP/1.1" 401 121 32509 ms
[13/Sep/2025:12:12:26 +0300] 0:0:0:0:0:0:0:1 "GET /images/5db0e8f4-8cec-4b3e-aa3e-bd78d2133d35 HTTP/1.1" 401 121 18403 ms
[13/Sep/2025:12:12:28 +0300] 0:0:0:0:0:0:0:1 "GET /api/users/addresses HTTP/1.1" 200 12 131967 ms
[13/Sep/2025:12:12:28 +0300] 0:0:0:0:0:0:0:1 "GET /api/users/addresses HTTP/1.1" 200 12 58275 ms
[13/Sep/2025:12:12:35 +0300] 0:0:0:0:0:0:0:1 "POST /api/addresses HTTP/1.1" 201 163 256756 ms
[13/Sep/2025:12:12:35 +0300] 0:0:0:0:0:0:0:1 "GET /api/users/addresses HTTP/1.1" 200 165 77861 ms
[13/Sep/2025:12:12:38 +0300] 0:0:0:0:0:0:0:1 "POST /api/cart/create HTTP/1.1" 201 25 250799 ms
[13/Sep/2025:12:12:39 +0300] 0:0:0:0:0:0:0:1 "GET /api/carts/users/cart HTTP/1.1" 200 264 663525 ms
[13/Sep/2025:12:12:39 +0300] 0:0:0:0:0:0:0:1 "POST /api/cart/create HTTP/1.1" 401 121 1239983 ms
[13/Sep/2025:12:12:45 +0300] 0:0:0:0:0:0:0:1 "POST /api/order/stripe-client-secret HTTP/1.1" 201 60 1908276 ms
[13/Sep/2025:12:17:02 +0300] 0:0:0:0:0:0:0:1 "GET /api/users/addresses HTTP/1.1" 200 165 178564 ms
[13/Sep/2025:12:17:06 +0300] 0:0:0:0:0:0:0:1 "OPTIONS /api/cart/create HTTP/1.1" 200 - 30311 ms
[13/Sep/2025:12:17:06 +0300] 0:0:0:0:0:0:0:1 "OPTIONS /api/cart/create HTTP/1.1" 200 - 38907 ms
[13/Sep/2025:12:17:06 +0300] 0:0:0:0:0:0:0:1 "POST /api/cart/create HTTP/1.1" 201 25 301948 ms
[13/Sep/2025:12:17:07 +0300] 0:0:0:0:0:0:0:1 "POST /api/cart/create HTTP/1.1" 201 25 348092 ms
[13/Sep/2025:12:17:07 +0300] 0:0:0:0:0:0:0:1 "GET /api/carts/users/cart HTTP/1.1" 200 264 119038 ms
[13/Sep/2025:12:17:07 +0300] 0:0:0:0:0:0:0:1 "GET /api/carts/users/cart HTTP/1.1" 200 264 272725 ms
[13/Sep/2025:12:17:55 +0300] 0:0:0:0:0:0:0:1 "OPTIONS /api/order/users/payments/Stripe HTTP/1.1" 200 - 11347 ms
[13/Sep/2025:12:17:55 +0300] 0:0:0:0:0:0:0:1 "POST /api/order/users/payments/Stripe HTTP/1.1" 201 622 585303 ms
[13/Sep/2025:12:36:12 +0300] 0:0:0:0:0:0:0:1 "GET /api/public/products?undefined HTTP/1.1" 200 342 6187965 ms
[13/Sep/2025:12:36:13 +0300] 0:0:0:0:0:0:0:1 "GET /images/default.png HTTP/1.1" 401 121 261500 ms
[13/Sep/2025:12:36:21 +0300] 0:0:0:0:0:0:0:1 "POST /api/auth/signout HTTP/1.1" 200 49 87161 ms
[13/Sep/2025:12:36:25 +0300] 0:0:0:0:0:0:0:1 "OPTIONS /api/auth/signin HTTP/1.1" 200 - 4405 ms
[13/Sep/2025:12:36:26 +0300] 0:0:0:0:0:0:0:1 "POST /api/auth/signin HTTP/1.1" 401 91 144584 ms
[13/Sep/2025:12:36:31 +0300] 0:0:0:0:0:0:0:1 "POST /api/auth/signin HTTP/1.1" 200 340 125228 ms
[13/Sep/2025:12:36:31 +0300] 0:0:0:0:0:0:0:1 "GET /api/public/products?undefined HTTP/1.1" 200 342 60587 ms
[13/Sep/2025:12:36:31 +0300] 0:0:0:0:0:0:0:1 "GET /api/public/products?undefined HTTP/1.1" 200 342 74809 ms
[13/Sep/2025:12:36:31 +0300] 0:0:0:0:0:0:0:1 "GET /images/default.png HTTP/1.1" 401 121 12014 ms
[13/Sep/2025:12:36:36 +0300] 0:0:0:0:0:0:0:1 "GET /images/5db0e8f4-8cec-4b3e-aa3e-bd78d2133d35 HTTP/1.1" 401 121 182583 ms
[13/Sep/2025:12:36:49 +0300] 0:0:0:0:0:0:0:1 "GET /api/users/addresses HTTP/1.1" 200 165 52234 ms
[13/Sep/2025:12:36:49 +0300] 0:0:0:0:0:0:0:1 "GET /api/users/addresses HTTP/1.1" 200 165 26712 ms
[13/Sep/2025:12:36:51 +0300] 0:0:0:0:0:0:0:1 "POST /api/cart/create HTTP/1.1" 201 25 141766 ms
[13/Sep/2025:12:36:51 +0300] 0:0:0:0:0:0:0:1 "GET /api/carts/users/cart HTTP/1.1" 200 264 34636 ms
[13/Sep/2025:12:36:51 +0300] 0:0:0:0:0:0:0:1 "POST /api/cart/create HTTP/1.1" 401 121 258712 ms
[13/Sep/2025:12:36:55 +0300] 0:0:0:0:0:0:0:1 "OPTIONS /api/order/stripe-client-secret HTTP/1.1" 200 - 3656 ms
[13/Sep/2025:12:36:56 +0300] 0:0:0:0:0:0:0:1 "POST /api/order/stripe-client-secret HTTP/1.1" 201 60 965244 ms
[13/Sep/2025:12:37:42 +0300] 0:0:0:0:0:0:0:1 "GET /api/users/addresses HTTP/1.1" 200 165 66500 ms
[13/Sep/2025:12:37:43 +0300] 0:0:0:0:0:0:0:1 "OPTIONS /api/cart/create HTTP/1.1" 200 - 6976 ms
[13/Sep/2025:12:37:43 +0300] 0:0:0:0:0:0:0:1 "OPTIONS /api/cart/create HTTP/1.1" 200 - 7918 ms
[13/Sep/2025:12:37:43 +0300] 0:0:0:0:0:0:0:1 "POST /api/cart/create HTTP/1.1" 201 25 106501 ms
[13/Sep/2025:12:37:43 +0300] 0:0:0:0:0:0:0:1 "POST /api/cart/create HTTP/1.1" 201 25 144110 ms
[13/Sep/2025:12:37:44 +0300] 0:0:0:0:0:0:0:1 "GET /api/carts/users/cart HTTP/1.1" 200 264 84105 ms
[13/Sep/2025:12:37:44 +0300] 0:0:0:0:0:0:0:1 "GET /api/carts/users/cart HTTP/1.1" 200 264 94850 ms
[13/Sep/2025:12:38:21 +0300] 0:0:0:0:0:0:0:1 "OPTIONS /api/order/users/payments/Stripe HTTP/1.1" 200 - 3603 ms
[13/Sep/2025:12:38:21 +0300] 0:0:0:0:0:0:0:1 "POST /api/order/users/payments/Stripe HTTP/1.1" 201 622 183518 ms
[13/Sep/2025:12:38:42 +0300] 0:0:0:0:0:0:0:1 "GET /api/public/products?pageNumber=0&sortBy=price&sortOrder=asc HTTP/1.1" 200 342 41760 ms
[13/Sep/2025:12:38:42 +0300] 0:0:0:0:0:0:0:1 "GET /api/public/products?pageNumber=0&sortBy=price&sortOrder=asc HTTP/1.1" 200 342 32796 ms
[13/Sep/2025:12:38:42 +0300] 0:0:0:0:0:0:0:1 "GET /api/public/categories HTTP/1.1" 200 181 101149 ms
[13/Sep/2025:12:38:42 +0300] 0:0:0:0:0:0:0:1 "GET /images/default.png HTTP/1.1" 401 121 6140 ms
[13/Sep/2025:12:38:42 +0300] 0:0:0:0:0:0:0:1 "GET /api/public/categories HTTP/1.1" 200 181 21322 ms
[13/Sep/2025:12:42:43 +0300] 0:0:0:0:0:0:0:1 "GET /api/public/products?undefined HTTP/1.1" 200 342 7659215 ms
[13/Sep/2025:12:42:43 +0300] 0:0:0:0:0:0:0:1 "GET /api/public/products?undefined HTTP/1.1" 200 342 270908 ms
[13/Sep/2025:12:42:43 +0300] 0:0:0:0:0:0:0:1 "GET /images/default.png HTTP/1.1" 401 121 287811 ms
[13/Sep/2025:12:42:47 +0300] 0:0:0:0:0:0:0:1 "GET /images/5db0e8f4-8cec-4b3e-aa3e-bd78d2133d35 HTTP/1.1" 401 121 11216 ms
[13/Sep/2025:12:42:50 +0300] 0:0:0:0:0:0:0:1 "GET /api/users/addresses HTTP/1.1" 200 165 39692 ms
[13/Sep/2025:12:42:50 +0300] 0:0:0:0:0:0:0:1 "GET /api/users/addresses HTTP/1.1" 200 165 26864 ms
[13/Sep/2025:12:42:53 +0300] 0:0:0:0:0:0:0:1 "POST /api/cart/create HTTP/1.1" 201 25 132893 ms
[13/Sep/2025:12:42:53 +0300] 0:0:0:0:0:0:0:1 "POST /api/cart/create HTTP/1.1" 401 121 168389 ms
[13/Sep/2025:12:42:53 +0300] 0:0:0:0:0:0:0:1 "GET /api/carts/users/cart HTTP/1.1" 200 264 37203 ms
[13/Sep/2025:12:42:54 +0300] 0:0:0:0:0:0:0:1 "OPTIONS /api/order/stripe-client-secret HTTP/1.1" 200 - 1004 ms
[13/Sep/2025:12:42:55 +0300] 0:0:0:0:0:0:0:1 "POST /api/order/stripe-client-secret HTTP/1.1" 201 60 866735 ms
[13/Sep/2025:12:43:24 +0300] 0:0:0:0:0:0:0:1 "GET /api/users/addresses HTTP/1.1" 200 165 40416 ms
[13/Sep/2025:12:43:41 +0300] 0:0:0:0:0:0:0:1 "GET /api/users/addresses HTTP/1.1" 200 165 49370 ms
[13/Sep/2025:12:44:02 +0300] 0:0:0:0:0:0:0:1 "OPTIONS /api/cart/create HTTP/1.1" 200 - 3495 ms
[13/Sep/2025:12:44:02 +0300] 0:0:0:0:0:0:0:1 "OPTIONS /api/cart/create HTTP/1.1" 200 - 7118 ms
[13/Sep/2025:12:44:03 +0300] 0:0:0:0:0:0:0:1 "POST /api/cart/create HTTP/1.1" 201 25 69997 ms
[13/Sep/2025:12:44:03 +0300] 0:0:0:0:0:0:0:1 "POST /api/cart/create HTTP/1.1" 201 25 100791 ms
[13/Sep/2025:12:44:03 +0300] 0:0:0:0:0:0:0:1 "GET /api/carts/users/cart HTTP/1.1" 200 264 49700 ms
[13/Sep/2025:12:44:03 +0300] 0:0:0:0:0:0:0:1 "GET /api/carts/users/cart HTTP/1.1" 200 264 36104 ms
[13/Sep/2025:12:44:18 +0300] 0:0:0:0:0:0:0:1 "OPTIONS /api/order/users/payments/Stripe HTTP/1.1" 200 - 2702 ms
[13/Sep/2025:12:44:18 +0300] 0:0:0:0:0:0:0:1 "POST /api/order/users/payments/Stripe HTTP/1.1" 201 622 94536 ms
[13/Sep/2025:12:55:54 +0300] 0:0:0:0:0:0:0:1 "GET /api/public/products?pageNumber=0&sortBy=price&sortOrder=asc HTTP/1.1" 200 342 286327 ms
[13/Sep/2025:12:55:54 +0300] 0:0:0:0:0:0:0:1 "GET /api/public/categories HTTP/1.1" 200 181 287968 ms
[13/Sep/2025:12:55:54 +0300] 0:0:0:0:0:0:0:1 "GET /api/public/products?pageNumber=0&sortBy=price&sortOrder=asc HTTP/1.1" 200 342 35800 ms
[13/Sep/2025:12:55:54 +0300] 0:0:0:0:0:0:0:1 "GET /api/public/categories HTTP/1.1" 200 181 42986 ms
[13/Sep/2025:12:55:54 +0300] 0:0:0:0:0:0:0:1 "GET /images/default.png HTTP/1.1" 401 121 27818 ms
[13/Sep/2025:12:56:02 +0300] 0:0:0:0:0:0:0:1 "GET /api/public/products?undefined HTTP/1.1" 200 342 36314 ms
[13/Sep/2025:12:56:02 +0300] 0:0:0:0:0:0:0:1 "GET /api/public/products?undefined HTTP/1.1" 200 342 57345 ms
[13/Sep/2025:12:56:02 +0300] 0:0:0:0:0:0:0:1 "GET /images/default.png HTTP/1.1" 401 121 7631 ms
[13/Sep/2025:12:56:10 +0300] 0:0:0:0:0:0:0:1 "POST /api/auth/signout HTTP/1.1" 200 49 40436 ms
[13/Sep/2025:12:56:17 +0300] 0:0:0:0:0:0:0:1 "OPTIONS /api/auth/signin HTTP/1.1" 200 - 5601 ms
[13/Sep/2025:12:56:17 +0300] 0:0:0:0:0:0:0:1 "POST /api/auth/signin HTTP/1.1" 200 367 137187 ms
[13/Sep/2025:12:56:17 +0300] 0:0:0:0:0:0:0:1 "GET /api/public/products?undefined HTTP/1.1" 200 342 41451 ms
[13/Sep/2025:12:56:17 +0300] 0:0:0:0:0:0:0:1 "GET /api/public/products?undefined HTTP/1.1" 200 342 33516 ms
[13/Sep/2025:12:56:17 +0300] 0:0:0:0:0:0:0:1 "GET /images/default.png HTTP/1.1" 401 121 20036 ms
[13/Sep/2025:12:56:26 +0300] 0:0:0:0:0:0:0:1 "GET /api/admin/app/analytics HTTP/1.1" 200 72 444917 ms
[13/Sep/2025:12:56:26 +0300] 0:0:0:0:0:0:0:1 "GET /api/admin/app/analytics HTTP/1.1" 200 72 28807 ms
[13/Sep/2025:13:06:39 +0300] 0:0:0:0:0:0:0:1 "GET /api/admin/app/analytics HTTP/1.1" 200 72 370322 ms
[13/Sep/2025:13:06:44 +0300] 0:0:0:0:0:0:0:1 "GET /api/admin/products?pageNumber=0&sortBy=price&sortOrder=asc HTTP/1.1" 200 342 138351 ms
[13/Sep/2025:13:06:44 +0300] 0:0:0:0:0:0:0:1 "GET /api/admin/products?pageNumber=0&sortBy=price&sortOrder=asc HTTP/1.1" 200 342 22878 ms
[13/Sep/2025:13:06:52 +0300] 0:0:0:0:0:0:0:1 "GET /api/public/categories HTTP/1.1" 200 181 50397 ms
[13/Sep/2025:13:06:52 +0300] 0:0:0:0:0:0:0:1 "GET /api/public/categories HTTP/1.1" 200 181 28931 ms
[13/Sep/2025:13:06:57 +0300] 0:0:0:0:0:0:0:1 "GET /api/auth/sellers?pageNumber=0 HTTP/1.1" 200 597 362547 ms
[13/Sep/2025:13:06:57 +0300] 0:0:0:0:0:0:0:1 "GET /api/auth/sellers?pageNumber=0 HTTP/1.1" 200 597 30611 ms
[13/Sep/2025:13:15:33 +0300] 0:0:0:0:0:0:0:1 "GET /api/auth/sellers?pageNumber=0 HTTP/1.1" 200 597 1236421 ms
[13/Sep/2025:13:19:09 +0300] 0:0:0:0:0:0:0:1 "GET /api/public/products?undefined HTTP/1.1" 200 342 2637478 ms
[13/Sep/2025:13:19:10 +0300] 0:0:0:0:0:0:0:1 "GET /images/default.png HTTP/1.1" 401 121 152581 ms
[13/Sep/2025:13:19:47 +0300] 0:0:0:0:0:0:0:1 "GET /api/admin/app/analytics HTTP/1.1" 200 72 104814 ms
[13/Sep/2025:13:19:54 +0300] 0:0:0:0:0:0:0:1 "GET /api/admin/app/analytics HTTP/1.1" 200 72 187852 ms
[13/Sep/2025:13:20:13 +0300] 0:0:0:0:0:0:0:1 "GET /api/admin/products?pageNumber=0&sortBy=price&sortOrder=asc HTTP/1.1" 200 342 44038 ms
[13/Sep/2025:13:20:13 +0300] 0:0:0:0:0:0:0:1 "GET /api/admin/products?pageNumber=0&sortBy=price&sortOrder=asc HTTP/1.1" 200 342 25344 ms
[13/Sep/2025:13:20:19 +0300] 0:0:0:0:0:0:0:1 "GET /api/admin/app/analytics HTTP/1.1" 200 72 38582 ms
[13/Sep/2025:13:20:19 +0300] 0:0:0:0:0:0:0:1 "GET /api/admin/app/analytics HTTP/1.1" 200 72 36138 ms
[13/Sep/2025:13:20:21 +0300] 0:0:0:0:0:0:0:1 "GET /api/admin/orders?pageNumber=0 HTTP/1.1" 200 1935 220311 ms
[13/Sep/2025:13:20:21 +0300] 0:0:0:0:0:0:0:1 "GET /api/admin/orders?pageNumber=0 HTTP/1.1" 200 1935 40485 ms
[13/Sep/2025:13:20:22 +0300] 0:0:0:0:0:0:0:1 "GET /api/admin/app/analytics HTTP/1.1" 200 72 33361 ms
[13/Sep/2025:13:20:22 +0300] 0:0:0:0:0:0:0:1 "GET /api/admin/app/analytics HTTP/1.1" 200 72 31276 ms
[13/Sep/2025:13:20:50 +0300] 0:0:0:0:0:0:0:1 "GET /api/admin/products?pageNumber=0&sortBy=price&sortOrder=asc HTTP/1.1" 200 342 36281 ms
[13/Sep/2025:13:20:50 +0300] 0:0:0:0:0:0:0:1 "GET /api/admin/products?pageNumber=0&sortBy=price&sortOrder=asc HTTP/1.1" 200 342 32433 ms
[13/Sep/2025:13:20:51 +0300] 0:0:0:0:0:0:0:1 "GET /api/admin/app/analytics HTTP/1.1" 200 72 29091 ms
[13/Sep/2025:13:20:51 +0300] 0:0:0:0:0:0:0:1 "GET /api/admin/app/analytics HTTP/1.1" 200 72 27101 ms
[13/Sep/2025:13:28:38 +0300] 0:0:0:0:0:0:0:1 "GET /api/admin/app/analytics HTTP/1.1" 200 72 633014 ms
[13/Sep/2025:13:34:16 +0300] 0:0:0:0:0:0:0:1 "GET /api/admin/app/analytics HTTP/1.1" 200 72 249889 ms
[13/Sep/2025:13:34:16 +0300] 0:0:0:0:0:0:0:1 "GET /api/admin/app/analytics HTTP/1.1" 200 72 25236 ms
[13/Sep/2025:13:34:24 +0300] 0:0:0:0:0:0:0:1 "GET /api/admin/products?pageNumber=0&sortBy=price&sortOrder=asc HTTP/1.1" 200 342 706274 ms
[13/Sep/2025:13:34:24 +0300] 0:0:0:0:0:0:0:1 "GET /api/admin/products?pageNumber=0&sortBy=price&sortOrder=asc HTTP/1.1" 200 342 190791 ms
[13/Sep/2025:13:34:25 +0300] 0:0:0:0:0:0:0:1 "GET /api/admin/app/analytics HTTP/1.1" 200 72 135336 ms
[13/Sep/2025:13:34:26 +0300] 0:0:0:0:0:0:0:1 "GET /api/admin/app/analytics HTTP/1.1" 200 72 456209 ms
[13/Sep/2025:13:34:58 +0300] 0:0:0:0:0:0:0:1 "GET /api/admin/products?pageNumber=0&sortBy=price&sortOrder=asc HTTP/1.1" 200 342 259480 ms
[13/Sep/2025:13:34:58 +0300] 0:0:0:0:0:0:0:1 "GET /api/admin/products?pageNumber=0&sortBy=price&sortOrder=asc HTTP/1.1" 200 342 244420 ms
[13/Sep/2025:13:35:04 +0300] 0:0:0:0:0:0:0:1 "GET /api/public/categories HTTP/1.1" 200 181 33908 ms
[13/Sep/2025:13:35:04 +0300] 0:0:0:0:0:0:0:1 "GET /api/public/categories HTTP/1.1" 200 181 24836 ms
[13/Sep/2025:13:35:05 +0300] 0:0:0:0:0:0:0:1 "GET /api/admin/products?pageNumber=0&sortBy=price&sortOrder=asc HTTP/1.1" 200 342 29204 ms
[13/Sep/2025:13:35:05 +0300] 0:0:0:0:0:0:0:1 "GET /api/admin/products?pageNumber=0&sortBy=price&sortOrder=asc HTTP/1.1" 200 342 26887 ms
[13/Sep/2025:13:35:06 +0300] 0:0:0:0:0:0:0:1 "GET /api/admin/orders?pageNumber=0 HTTP/1.1" 200 1935 43223 ms
[13/Sep/2025:13:35:07 +0300] 0:0:0:0:0:0:0:1 "GET /api/admin/orders?pageNumber=0 HTTP/1.1" 200 1935 40274 ms
[13/Sep/2025:13:35:10 +0300] 0:0:0:0:0:0:0:1 "GET /api/admin/app/analytics HTTP/1.1" 200 72 24977 ms
[13/Sep/2025:13:35:10 +0300] 0:0:0:0:0:0:0:1 "GET /api/admin/app/analytics HTTP/1.1" 200 72 30133 ms
[13/Sep/2025:13:35:15 +0300] 0:0:0:0:0:0:0:1 "GET /api/admin/products?pageNumber=0&sortBy=price&sortOrder=asc HTTP/1.1" 200 342 26494 ms
[13/Sep/2025:13:35:15 +0300] 0:0:0:0:0:0:0:1 "GET /api/admin/products?pageNumber=0&sortBy=price&sortOrder=asc HTTP/1.1" 200 342 20487 ms
[13/Sep/2025:13:35:16 +0300] 0:0:0:0:0:0:0:1 "GET /api/admin/app/analytics HTTP/1.1" 200 72 20759 ms
[13/Sep/2025:13:35:16 +0300] 0:0:0:0:0:0:0:1 "GET /api/admin/app/analytics HTTP/1.1" 200 72 24389 ms
[13/Sep/2025:13:35:18 +0300] 0:0:0:0:0:0:0:1 "GET /api/admin/products?pageNumber=0&sortBy=price&sortOrder=asc HTTP/1.1" 200 342 29098 ms
[13/Sep/2025:13:35:18 +0300] 0:0:0:0:0:0:0:1 "GET /api/admin/products?pageNumber=0&sortBy=price&sortOrder=asc HTTP/1.1" 200 342 29527 ms
[13/Sep/2025:13:35:18 +0300] 0:0:0:0:0:0:0:1 "GET /api/admin/app/analytics HTTP/1.1" 200 72 28740 ms
[13/Sep/2025:13:35:18 +0300] 0:0:0:0:0:0:0:1 "GET /api/admin/app/analytics HTTP/1.1" 200 72 26172 ms
[13/Sep/2025:13:35:21 +0300] 0:0:0:0:0:0:0:1 "GET /api/admin/products?pageNumber=0&sortBy=price&sortOrder=asc HTTP/1.1" 200 342 26683 ms
[13/Sep/2025:13:35:21 +0300] 0:0:0:0:0:0:0:1 "GET /api/admin/products?pageNumber=0&sortBy=price&sortOrder=asc HTTP/1.1" 200 342 26718 ms
[13/Sep/2025:13:53:13 +0300] 0:0:0:0:0:0:0:1 "GET /api/admin/products?pageNumber=0&sortBy=price&sortOrder=asc HTTP/1.1" 401 134 4412970 ms
[13/Sep/2025:13:53:17 +0300] 0:0:0:0:0:0:0:1 "GET /api/admin/app/analytics HTTP/1.1" 401 139 15270 ms
[13/Sep/2025:13:53:17 +0300] 0:0:0:0:0:0:0:1 "GET /api/admin/app/analytics HTTP/1.1" 401 139 16156 ms
[13/Sep/2025:13:53:18 +0300] 0:0:0:0:0:0:0:1 "GET /api/admin/products?pageNumber=0&sortBy=price&sortOrder=asc HTTP/1.1" 401 134 8548 ms
[13/Sep/2025:13:53:18 +0300] 0:0:0:0:0:0:0:1 "GET /api/admin/products?pageNumber=0&sortBy=price&sortOrder=asc HTTP/1.1" 401 134 11125 ms
[13/Sep/2025:13:53:34 +0300] 0:0:0:0:0:0:0:1 "GET /api/admin/products?pageNumber=0&sortBy=price&sortOrder=asc HTTP/1.1" 401 134 8392 ms
[13/Sep/2025:13:53:40 +0300] 0:0:0:0:0:0:0:1 "GET /api/admin/products?pageNumber=0&sortBy=price&sortOrder=asc HTTP/1.1" 401 134 8652 ms
[13/Sep/2025:13:53:51 +0300] 0:0:0:0:0:0:0:1 "GET /api/public/products?undefined HTTP/1.1" 200 342 3458497 ms
[13/Sep/2025:13:53:51 +0300] 0:0:0:0:0:0:0:1 "GET /api/public/products?undefined HTTP/1.1" 200 342 95493 ms
[13/Sep/2025:13:53:54 +0300] 0:0:0:0:0:0:0:1 "GET /images/default.png HTTP/1.1" 401 121 435640 ms
[13/Sep/2025:13:54:11 +0300] 0:0:0:0:0:0:0:1 "POST /api/auth/signout HTTP/1.1" 200 49 146527 ms
[13/Sep/2025:13:54:16 +0300] 0:0:0:0:0:0:0:1 "OPTIONS /api/auth/signin HTTP/1.1" 200 - 11316 ms
[13/Sep/2025:13:54:16 +0300] 0:0:0:0:0:0:0:1 "POST /api/auth/signin HTTP/1.1" 200 367 213021 ms
[13/Sep/2025:13:54:16 +0300] 0:0:0:0:0:0:0:1 "GET /api/public/products?undefined HTTP/1.1" 200 342 36399 ms
[13/Sep/2025:13:54:16 +0300] 0:0:0:0:0:0:0:1 "GET /api/public/products?undefined HTTP/1.1" 200 342 32900 ms
[13/Sep/2025:13:54:17 +0300] 0:0:0:0:0:0:0:1 "GET /images/default.png HTTP/1.1" 401 121 18463 ms
[13/Sep/2025:13:54:46 +0300] 0:0:0:0:0:0:0:1 "GET /api/admin/app/analytics HTTP/1.1" 200 72 97866 ms
[13/Sep/2025:13:54:46 +0300] 0:0:0:0:0:0:0:1 "GET /api/admin/app/analytics HTTP/1.1" 200 72 26730 ms
[13/Sep/2025:13:54:48 +0300] 0:0:0:0:0:0:0:1 "GET /api/admin/products?pageNumber=0&sortBy=price&sortOrder=asc HTTP/1.1" 200 342 41198 ms
[13/Sep/2025:13:54:48 +0300] 0:0:0:0:0:0:0:1 "GET /api/admin/products?pageNumber=0&sortBy=price&sortOrder=asc HTTP/1.1" 200 342 33934 ms
[13/Sep/2025:13:55:32 +0300] 0:0:0:0:0:0:0:1 "GET /api/admin/products?pageNumber=0&sortBy=price&sortOrder=asc HTTP/1.1" 200 342 40417 ms
[13/Sep/2025:14:00:04 +0300] 0:0:0:0:0:0:0:1 "GET /api/admin/products?pageNumber=0&sortBy=price&sortOrder=asc HTTP/1.1" 200 342 669841 ms
[13/Sep/2025:14:00:07 +0300] 0:0:0:0:0:0:0:1 "GET /api/admin/app/analytics HTTP/1.1" 200 72 163391 ms
[13/Sep/2025:14:00:07 +0300] 0:0:0:0:0:0:0:1 "GET /api/admin/app/analytics HTTP/1.1" 200 72 78918 ms
[13/Sep/2025:14:00:08 +0300] 0:0:0:0:0:0:0:1 "GET /api/admin/products?pageNumber=0&sortBy=price&sortOrder=asc HTTP/1.1" 200 342 57819 ms
[13/Sep/2025:14:00:08 +0300] 0:0:0:0:0:0:0:1 "GET /api/admin/products?pageNumber=0&sortBy=price&sortOrder=asc HTTP/1.1" 200 342 45802 ms
[13/Sep/2025:14:00:14 +0300] 0:0:0:0:0:0:0:1 "GET /api/public/categories HTTP/1.1" 200 181 124984 ms
[13/Sep/2025:14:00:14 +0300] 0:0:0:0:0:0:0:1 "GET /api/public/categories HTTP/1.1" 200 181 42084 ms
[13/Sep/2025:14:00:30 +0300] 0:0:0:0:0:0:0:1 "OPTIONS /api/admin/categories/1/product HTTP/1.1" 200 - 21541 ms
[13/Sep/2025:14:00:30 +0300] 0:0:0:0:0:0:0:1 "POST /api/admin/categories/1/product HTTP/1.1" 201 168 510739 ms
[13/Sep/2025:14:00:30 +0300] 0:0:0:0:0:0:0:1 "GET /api/admin/products? HTTP/1.1" 200 529 33800 ms
[13/Sep/2025:14:00:45 +0300] 0:0:0:0:0:0:0:1 "OPTIONS /api/admin/products/1 HTTP/1.1" 200 - 2995 ms
[13/Sep/2025:14:00:45 +0300] 0:0:0:0:0:0:0:1 "PUT /api/admin/products/1 HTTP/1.1" 200 212 172448 ms
[13/Sep/2025:14:00:45 +0300] 0:0:0:0:0:0:0:1 "GET /api/admin/products? HTTP/1.1" 200 522 28416 ms
[13/Sep/2025:14:00:45 +0300] 0:0:0:0:0:0:0:1 "GET /api/public/categories HTTP/1.1" 200 181 20828 ms
[13/Sep/2025:14:00:53 +0300] 0:0:0:0:0:0:0:1 "OPTIONS /api/admin/products/2/image HTTP/1.1" 200 - 2791 ms
[13/Sep/2025:14:00:54 +0300] 0:0:0:0:0:0:0:1 "PUT /api/admin/products/2/image HTTP/1.1" 200 197 254726 ms
[13/Sep/2025:14:00:54 +0300] 0:0:0:0:0:0:0:1 "GET /api/admin/products? HTTP/1.1" 200 551 27356 ms
[13/Sep/2025:14:00:57 +0300] 0:0:0:0:0:0:0:1 "GET /images/null HTTP/1.1" 401 121 203790 ms
[13/Sep/2025:14:00:59 +0300] 0:0:0:0:0:0:0:1 "GET /images/17d691e3-949f-4d4a-a204-703a5ffdd8d3.png HTTP/1.1" 200 21571 50579 ms
[13/Sep/2025:14:01:14 +0300] 0:0:0:0:0:0:0:1 "GET /api/public/categories HTTP/1.1" 200 181 342148 ms
[13/Sep/2025:14:01:15 +0300] 0:0:0:0:0:0:0:1 "GET /api/public/categories HTTP/1.1" 200 181 43817 ms
[13/Sep/2025:14:01:24 +0300] 0:0:0:0:0:0:0:1 "POST /api/admin/categories/1/product HTTP/1.1" 400 79 1491467 ms
[13/Sep/2025:14:01:29 +0300] 0:0:0:0:0:0:0:1 "POST /api/admin/categories/1/product HTTP/1.1" 201 171 46936 ms
[13/Sep/2025:14:01:29 +0300] 0:0:0:0:0:0:0:1 "GET /api/admin/products? HTTP/1.1" 200 525 32369 ms
[13/Sep/2025:14:01:35 +0300] 0:0:0:0:0:0:0:1 "GET /api/public/categories HTTP/1.1" 200 181 21025 ms
[13/Sep/2025:14:01:35 +0300] 0:0:0:0:0:0:0:1 "GET /api/public/categories HTTP/1.1" 200 181 21992 ms
[13/Sep/2025:14:01:43 +0300] 0:0:0:0:0:0:0:1 "POST /api/admin/categories/1/product HTTP/1.1" 201 152 550101 ms
[13/Sep/2025:14:01:43 +0300] 0:0:0:0:0:0:0:1 "GET /api/admin/products? HTTP/1.1" 200 506 27423 ms
[13/Sep/2025:14:02:02 +0300] 0:0:0:0:0:0:0:1 "GET /api/public/categories HTTP/1.1" 200 181 29700 ms
[13/Sep/2025:14:02:02 +0300] 0:0:0:0:0:0:0:1 "GET /api/public/categories HTTP/1.1" 200 181 23778 ms
[13/Sep/2025:14:02:03 +0300] 0:0:0:0:0:0:0:1 "GET /api/admin/products?pageNumber=0&sortBy=price&sortOrder=asc HTTP/1.1" 200 506 29951 ms
[13/Sep/2025:14:02:03 +0300] 0:0:0:0:0:0:0:1 "GET /api/admin/products?pageNumber=0&sortBy=price&sortOrder=asc HTTP/1.1" 200 506 32099 ms
[13/Sep/2025:14:02:04 +0300] 0:0:0:0:0:0:0:1 "GET /api/admin/app/analytics HTTP/1.1" 200 72 28674 ms
[13/Sep/2025:14:02:04 +0300] 0:0:0:0:0:0:0:1 "GET /api/admin/app/analytics HTTP/1.1" 200 72 26785 ms
[13/Sep/2025:14:02:05 +0300] 0:0:0:0:0:0:0:1 "GET /api/admin/products?pageNumber=0&sortBy=price&sortOrder=asc HTTP/1.1" 200 506 32290 ms
[13/Sep/2025:14:02:05 +0300] 0:0:0:0:0:0:0:1 "GET /api/admin/products?pageNumber=0&sortBy=price&sortOrder=asc HTTP/1.1" 200 506 34102 ms
[13/Sep/2025:14:02:17 +0300] 0:0:0:0:0:0:0:1 "GET /api/admin/app/analytics HTTP/1.1" 200 72 24353 ms
[13/Sep/2025:14:02:17 +0300] 0:0:0:0:0:0:0:1 "GET /api/admin/app/analytics HTTP/1.1" 200 72 29398 ms
[13/Sep/2025:14:02:18 +0300] 0:0:0:0:0:0:0:1 "GET /api/admin/products?pageNumber=0&sortBy=price&sortOrder=asc HTTP/1.1" 200 506 33471 ms
[13/Sep/2025:14:02:18 +0300] 0:0:0:0:0:0:0:1 "GET /api/admin/products?pageNumber=0&sortBy=price&sortOrder=asc HTTP/1.1" 200 506 26674 ms
[13/Sep/2025:15:44:57 +0300] 0:0:0:0:0:0:0:1 "POST /api/auth/signin HTTP/1.1" 200 367 1426291 ms
[13/Sep/2025:15:45:04 +0300] 0:0:0:0:0:0:0:1 "POST /api/admin/categories HTTP/1.1" 201 50 125262 ms
[13/Sep/2025:15:45:10 +0300] 0:0:0:0:0:0:0:1 "POST /api/admin/categories/1/product HTTP/1.1" 201 221 119850 ms
[13/Sep/2025:15:45:18 +0300] 0:0:0:0:0:0:0:1 "POST /api/admin/categories/1/product HTTP/1.1" 201 221 67966 ms
[13/Sep/2025:15:45:20 +0300] 0:0:0:0:0:0:0:1 "POST /api/admin/categories/1/product HTTP/1.1" 201 221 74733 ms
[13/Sep/2025:15:45:22 +0300] 0:0:0:0:0:0:0:1 "POST /api/admin/categories/1/product HTTP/1.1" 201 221 412280 ms
[13/Sep/2025:15:45:31 +0300] 0:0:0:0:0:0:0:1 "GET /api/public/products?sortBy=price&sortOrder=desc&keyword=blender&category=Electronics&pageSize=20 HTTP/1.1" 200 103 89997 ms
[13/Sep/2025:15:45:45 +0300] 0:0:0:0:0:0:0:1 "GET /api/public/products?sortBy=price&sortOrder=desc&keyword=blender&pageSize=20 HTTP/1.1" 200 103 23872 ms
[13/Sep/2025:15:45:57 +0300] 0:0:0:0:0:0:0:1 "GET /api/public/products HTTP/1.1" 200 1062 50951 ms
[13/Sep/2025:15:46:08 +0300] 0:0:0:0:0:0:0:1 "POST /api/admin/categories/1/product HTTP/1.1" 201 221 51292 ms
[13/Sep/2025:15:46:10 +0300] 0:0:0:0:0:0:0:1 "POST /api/admin/categories/1/product HTTP/1.1" 201 221 49482 ms
[13/Sep/2025:15:46:12 +0300] 0:0:0:0:0:0:0:1 "POST /api/admin/categories/1/product HTTP/1.1" 201 221 63040 ms
[13/Sep/2025:15:46:17 +0300] 0:0:0:0:0:0:0:1 "GET /api/public/products HTTP/1.1" 200 1303 54294 ms
[13/Sep/2025:15:46:39 +0300] 0:0:0:0:0:0:0:1 "GET /api/public/products?undefined HTTP/1.1" 200 1303 231110 ms
[13/Sep/2025:15:46:45 +0300] 0:0:0:0:0:0:0:1 "GET /images/default.png HTTP/1.1" 401 121 5972684 ms
[13/Sep/2025:15:46:56 +0300] 0:0:0:0:0:0:0:1 "POST /api/auth/signout HTTP/1.1" 200 49 133238 ms
[13/Sep/2025:15:47:11 +0300] 0:0:0:0:0:0:0:1 "GET /api/public/products?undefined HTTP/1.1" 200 1303 77833 ms
[13/Sep/2025:15:47:14 +0300] 0:0:0:0:0:0:0:1 "GET /images/default.png HTTP/1.1" 401 121 69400 ms
[13/Sep/2025:15:47:17 +0300] 0:0:0:0:0:0:0:1 "GET /api/public/products?pageNumber=0&sortBy=price&sortOrder=asc HTTP/1.1" 200 1303 56412 ms
[13/Sep/2025:15:47:18 +0300] 0:0:0:0:0:0:0:1 "GET /api/public/products?pageNumber=0&sortBy=price&sortOrder=asc HTTP/1.1" 200 1303 57917 ms
[13/Sep/2025:15:47:18 +0300] 0:0:0:0:0:0:0:1 "GET /images/default.png HTTP/1.1" 401 121 12149 ms
[13/Sep/2025:15:47:18 +0300] 0:0:0:0:0:0:0:1 "GET /api/public/categories HTTP/1.1" 200 141 195461 ms
[13/Sep/2025:15:47:18 +0300] 0:0:0:0:0:0:0:1 "GET /api/public/categories HTTP/1.1" 200 141 36504 ms
[13/Sep/2025:15:49:26 +0300] 0:0:0:0:0:0:0:1 "OPTIONS /api/auth/signin HTTP/1.1" 200 - 22886 ms
[13/Sep/2025:15:49:26 +0300] 0:0:0:0:0:0:0:1 "POST /api/auth/signin HTTP/1.1" 200 367 164678 ms
[13/Sep/2025:15:49:26 +0300] 0:0:0:0:0:0:0:1 "GET /api/public/products?undefined HTTP/1.1" 200 1303 120228 ms
[13/Sep/2025:15:49:26 +0300] 0:0:0:0:0:0:0:1 "GET /images/default.png HTTP/1.1" 401 121 25571 ms
[13/Sep/2025:15:49:26 +0300] 0:0:0:0:0:0:0:1 "GET /api/public/products?undefined HTTP/1.1" 200 1303 109258 ms
[13/Sep/2025:15:49:34 +0300] 0:0:0:0:0:0:0:1 "GET /api/admin/app/analytics HTTP/1.1" 200 70 1527713 ms
[13/Sep/2025:15:49:34 +0300] 0:0:0:0:0:0:0:1 "GET /api/admin/app/analytics HTTP/1.1" 200 70 48209 ms
[13/Sep/2025:15:49:39 +0300] 0:0:0:0:0:0:0:1 "GET /api/admin/products?pageNumber=0&sortBy=price&sortOrder=asc HTTP/1.1" 200 1303 79661 ms
[13/Sep/2025:15:49:39 +0300] 0:0:0:0:0:0:0:1 "GET /api/admin/products?pageNumber=0&sortBy=price&sortOrder=asc HTTP/1.1" 200 1303 47044 ms
[13/Sep/2025:15:49:42 +0300] 0:0:0:0:0:0:0:1 "GET /api/admin/products?pageNumber=1&sortBy=price&sortOrder=asc HTTP/1.1" 200 582 52985 ms
[13/Sep/2025:15:49:47 +0300] 0:0:0:0:0:0:0:1 "GET /api/admin/products?pageNumber=0&sortBy=price&sortOrder=asc HTTP/1.1" 200 1303 39773 ms
[13/Sep/2025:15:49:50 +0300] 0:0:0:0:0:0:0:1 "GET /api/admin/products?pageNumber=1&sortBy=price&sortOrder=asc HTTP/1.1" 200 582 134382 ms
[13/Sep/2025:15:49:52 +0300] 0:0:0:0:0:0:0:1 "GET /api/public/categories HTTP/1.1" 200 141 34303 ms
[13/Sep/2025:15:49:52 +0300] 0:0:0:0:0:0:0:1 "GET /api/public/categories HTTP/1.1" 200 141 28527 ms
[13/Sep/2025:15:49:52 +0300] 0:0:0:0:0:0:0:1 "GET /api/admin/products?pageNumber=0&sortBy=price&sortOrder=asc HTTP/1.1" 200 1303 61240 ms
[13/Sep/2025:15:50:01 +0300] 0:0:0:0:0:0:0:1 "OPTIONS /api/admin/categories/1/product HTTP/1.1" 200 - 1854 ms
[13/Sep/2025:15:50:01 +0300] 0:0:0:0:0:0:0:1 "POST /api/admin/categories/1/product HTTP/1.1" 201 153 122544 ms
[13/Sep/2025:15:50:02 +0300] 0:0:0:0:0:0:0:1 "GET /api/admin/products? HTTP/1.1" 200 1303 49141 ms
[13/Sep/2025:15:50:03 +0300] 0:0:0:0:0:0:0:1 "GET /api/admin/products?pageNumber=1&sortBy=price&sortOrder=asc HTTP/1.1" 200 754 40569 ms
[13/Sep/2025:15:50:08 +0300] 0:0:0:0:0:0:0:1 "GET /api/public/categories HTTP/1.1" 200 141 34849 ms
[13/Sep/2025:15:50:08 +0300] 0:0:0:0:0:0:0:1 "GET /api/public/products?pageNumber=0&sortBy=price&sortOrder=asc HTTP/1.1" 200 1303 50918 ms
[13/Sep/2025:15:50:08 +0300] 0:0:0:0:0:0:0:1 "GET /api/public/categories HTTP/1.1" 200 141 28051 ms
[13/Sep/2025:15:50:08 +0300] 0:0:0:0:0:0:0:1 "GET /api/public/products?pageNumber=0&sortBy=price&sortOrder=asc HTTP/1.1" 200 1303 35578 ms
[13/Sep/2025:15:50:08 +0300] 0:0:0:0:0:0:0:1 "GET /images/default.png HTTP/1.1" 401 121 6035 ms
[13/Sep/2025:15:50:11 +0300] 0:0:0:0:0:0:0:1 "GET /api/public/products?pageNumber=1&sortBy=price&sortOrder=asc HTTP/1.1" 200 754 38582 ms
[13/Sep/2025:15:50:11 +0300] 0:0:0:0:0:0:0:1 "GET /images/default.png HTTP/1.1" 401 121 4617 ms
[13/Sep/2025:15:50:13 +0300] 0:0:0:0:0:0:0:1 "GET /api/public/products?pageNumber=0&sortBy=price&sortOrder=asc HTTP/1.1" 200 1303 38342 ms
[13/Sep/2025:15:50:13 +0300] 0:0:0:0:0:0:0:1 "GET /images/default.png HTTP/1.1" 401 121 5437 ms
[13/Sep/2025:15:50:15 +0300] 0:0:0:0:0:0:0:1 "GET /api/public/products?pageNumber=1&sortBy=price&sortOrder=asc HTTP/1.1" 200 754 38395 ms
[13/Sep/2025:15:50:15 +0300] 0:0:0:0:0:0:0:1 "GET /images/default.png HTTP/1.1" 401 121 3870 ms
[13/Sep/2025:15:50:18 +0300] 0:0:0:0:0:0:0:1 "GET /api/public/products?pageNumber=0&sortBy=price&sortOrder=asc HTTP/1.1" 200 1303 44682 ms
[13/Sep/2025:15:50:18 +0300] 0:0:0:0:0:0:0:1 "GET /images/default.png HTTP/1.1" 401 121 7516 ms
[13/Sep/2025:16:03:16 +0300] 0:0:0:0:0:0:0:1 "GET /api/public/categories HTTP/1.1" 200 141 1999367 ms
[13/Sep/2025:16:03:16 +0300] 0:0:0:0:0:0:0:1 "GET /api/public/products?pageNumber=0&sortBy=price&sortOrder=asc HTTP/1.1" 200 1303 2008433 ms
[13/Sep/2025:16:03:18 +0300] 0:0:0:0:0:0:0:1 "GET /images/default.png HTTP/1.1" 401 121 254921 ms
[13/Sep/2025:17:10:20 +0300] 0:0:0:0:0:0:0:1 "GET /api/public/products?undefined HTTP/1.1" 200 102 463764 ms
[13/Sep/2025:17:10:20 +0300] 0:0:0:0:0:0:0:1 "GET /api/public/products?undefined HTTP/1.1" 200 102 36297 ms
[13/Sep/2025:17:10:34 +0300] 0:0:0:0:0:0:0:1 "POST /api/auth/signin HTTP/1.1" 200 367 900308 ms
[13/Sep/2025:17:10:40 +0300] 0:0:0:0:0:0:0:1 "GET /api/public/categories?sortBy=categoryId&sortOrder=asc HTTP/1.1" 400 59 79554 ms
[13/Sep/2025:17:10:45 +0300] 0:0:0:0:0:0:0:1 "POST /api/admin/categories HTTP/1.1" 201 50 137896 ms
[13/Sep/2025:17:10:51 +0300] 0:0:0:0:0:0:0:1 "POST /api/admin/categories/1/product HTTP/1.1" 201 221 205912 ms
[13/Sep/2025:17:10:53 +0300] 0:0:0:0:0:0:0:1 "POST /api/admin/categories/1/product HTTP/1.1" 201 221 98952 ms
[13/Sep/2025:17:10:55 +0300] 0:0:0:0:0:0:0:1 "POST /api/admin/categories/1/product HTTP/1.1" 201 221 75503 ms
[13/Sep/2025:17:10:56 +0300] 0:0:0:0:0:0:0:1 "POST /api/admin/categories/1/product HTTP/1.1" 201 221 69857 ms
[13/Sep/2025:17:11:09 +0300] 0:0:0:0:0:0:0:1 "GET /api/public/products?undefined HTTP/1.1" 200 1062 96656 ms
[13/Sep/2025:17:11:09 +0300] 0:0:0:0:0:0:0:1 "GET /images/default.png HTTP/1.1" 401 121 134624 ms
[13/Sep/2025:17:11:22 +0300] 0:0:0:0:0:0:0:1 "GET /api/public/products?pageNumber=0&sortBy=price&sortOrder=asc HTTP/1.1" 200 1062 201192 ms
[13/Sep/2025:17:11:22 +0300] 0:0:0:0:0:0:0:1 "GET /api/public/categories HTTP/1.1" 200 141 216243 ms
[13/Sep/2025:17:11:22 +0300] 0:0:0:0:0:0:0:1 "GET /images/default.png HTTP/1.1" 401 121 180431 ms
[13/Sep/2025:17:11:44 +0300] 0:0:0:0:0:0:0:1 "POST /api/auth/signin HTTP/1.1" 200 367 207286 ms
[13/Sep/2025:17:11:44 +0300] 0:0:0:0:0:0:0:1 "GET /api/public/products?undefined HTTP/1.1" 200 1062 63059 ms
[13/Sep/2025:17:11:45 +0300] 0:0:0:0:0:0:0:1 "GET /images/default.png HTTP/1.1" 401 121 9600 ms
[13/Sep/2025:17:11:45 +0300] 0:0:0:0:0:0:0:1 "GET /api/public/products?undefined HTTP/1.1" 200 1062 106630 ms
[13/Sep/2025:17:11:49 +0300] 0:0:0:0:0:0:0:1 "GET /api/admin/app/analytics HTTP/1.1" 200 70 647868 ms
[13/Sep/2025:17:11:49 +0300] 0:0:0:0:0:0:0:1 "GET /api/admin/app/analytics HTTP/1.1" 200 70 53101 ms
[13/Sep/2025:17:11:51 +0300] 0:0:0:0:0:0:0:1 "GET /api/admin/products?pageNumber=0&sortBy=price&sortOrder=asc HTTP/1.1" 200 1062 73527 ms
[13/Sep/2025:17:11:51 +0300] 0:0:0:0:0:0:0:1 "GET /api/admin/products?pageNumber=0&sortBy=price&sortOrder=asc HTTP/1.1" 200 1062 68338 ms
[13/Sep/2025:17:11:53 +0300] 0:0:0:0:0:0:0:1 "GET /api/public/categories HTTP/1.1" 200 141 40064 ms
[13/Sep/2025:17:11:54 +0300] 0:0:0:0:0:0:0:1 "GET /api/public/categories HTTP/1.1" 200 141 38835 ms
[13/Sep/2025:17:12:04 +0300] 0:0:0:0:0:0:0:1 "POST /api/admin/categories/1/product HTTP/1.1" 201 156 335404 ms
[13/Sep/2025:17:12:04 +0300] 0:0:0:0:0:0:0:1 "GET /api/admin/products? HTTP/1.1" 200 1237 59817 ms
[13/Sep/2025:17:12:06 +0300] 0:0:0:0:0:0:0:1 "GET /api/public/categories HTTP/1.1" 200 141 27921 ms
[13/Sep/2025:17:12:06 +0300] 0:0:0:0:0:0:0:1 "GET /api/public/categories HTTP/1.1" 200 141 67620 ms
[13/Sep/2025:17:12:15 +0300] 0:0:0:0:0:0:0:1 "POST /api/admin/categories/1/product HTTP/1.1" 201 152 68153 ms
[13/Sep/2025:17:12:16 +0300] 0:0:0:0:0:0:0:1 "GET /api/admin/products? HTTP/1.1" 200 1238 51715 ms
[13/Sep/2025:17:12:18 +0300] 0:0:0:0:0:0:0:1 "GET /api/admin/products?pageNumber=1&sortBy=price&sortOrder=asc HTTP/1.1" 200 273 31320 ms
[13/Sep/2025:17:12:20 +0300] 0:0:0:0:0:0:0:1 "GET /api/admin/products?pageNumber=0&sortBy=price&sortOrder=asc HTTP/1.1" 200 1238 46855 ms
[13/Sep/2025:17:12:28 +0300] 0:0:0:0:0:0:0:1 "GET /api/public/categories HTTP/1.1" 200 141 36122 ms
[13/Sep/2025:17:12:28 +0300] 0:0:0:0:0:0:0:1 "GET /api/public/products?pageNumber=0&sortBy=price&sortOrder=asc HTTP/1.1" 200 1238 51988 ms
[13/Sep/2025:17:12:28 +0300] 0:0:0:0:0:0:0:1 "GET /api/public/categories HTTP/1.1" 200 141 35448 ms
[13/Sep/2025:17:12:28 +0300] 0:0:0:0:0:0:0:1 "GET /api/public/products?pageNumber=0&sortBy=price&sortOrder=asc HTTP/1.1" 200 1238 41586 ms
[13/Sep/2025:17:12:28 +0300] 0:0:0:0:0:0:0:1 "GET /images/default.png HTTP/1.1" 401 121 4824 ms
[13/Sep/2025:17:12:30 +0300] 0:0:0:0:0:0:0:1 "GET /api/public/products?pageNumber=1&sortBy=price&sortOrder=asc HTTP/1.1" 200 273 36009 ms
[13/Sep/2025:17:12:30 +0300] 0:0:0:0:0:0:0:1 "GET /images/default.png HTTP/1.1" 401 121 5918 ms
[13/Sep/2025:17:12:31 +0300] 0:0:0:0:0:0:0:1 "GET /api/public/products?pageNumber=0&sortBy=price&sortOrder=asc HTTP/1.1" 200 1238 47972 ms
[13/Sep/2025:17:12:32 +0300] 0:0:0:0:0:0:0:1 "GET /images/default.png HTTP/1.1" 401 121 4261 ms
[13/Sep/2025:17:12:35 +0300] 0:0:0:0:0:0:0:1 "GET /api/public/products?pageNumber=0&sortBy=price&sortOrder=asc HTTP/1.1" 200 1238 37018 ms
[13/Sep/2025:17:12:35 +0300] 0:0:0:0:0:0:0:1 "GET /images/default.png HTTP/1.1" 401 121 4451 ms
[13/Sep/2025:17:12:38 +0300] 0:0:0:0:0:0:0:1 "GET /api/admin/app/analytics HTTP/1.1" 200 70 39067 ms
[13/Sep/2025:17:12:38 +0300] 0:0:0:0:0:0:0:1 "GET /api/admin/app/analytics HTTP/1.1" 200 70 27687 ms
[13/Sep/2025:17:12:40 +0300] 0:0:0:0:0:0:0:1 "GET /api/admin/products?pageNumber=0&sortBy=price&sortOrder=asc HTTP/1.1" 200 1238 42377 ms
[13/Sep/2025:17:12:40 +0300] 0:0:0:0:0:0:0:1 "GET /api/admin/products?pageNumber=0&sortBy=price&sortOrder=asc HTTP/1.1" 200 1238 34735 ms
[13/Sep/2025:17:12:44 +0300] 0:0:0:0:0:0:0:1 "GET /api/admin/products?pageNumber=1&sortBy=price&sortOrder=asc HTTP/1.1" 200 273 27696 ms
[13/Sep/2025:17:12:45 +0300] 0:0:0:0:0:0:0:1 "GET /api/admin/products?pageNumber=0&sortBy=price&sortOrder=asc HTTP/1.1" 200 1238 31830 ms
[13/Sep/2025:17:12:51 +0300] 0:0:0:0:0:0:0:1 "OPTIONS /api/admin/products/5 HTTP/1.1" 200 - 3531 ms
[13/Sep/2025:17:12:51 +0300] 0:0:0:0:0:0:0:1 "PUT /api/admin/products/5 HTTP/1.1" 200 149 85883 ms
[13/Sep/2025:17:12:51 +0300] 0:0:0:0:0:0:0:1 "GET /api/admin/products? HTTP/1.1" 200 1233 32268 ms
[13/Sep/2025:17:12:51 +0300] 0:0:0:0:0:0:0:1 "GET /api/public/categories HTTP/1.1" 200 141 23912 ms
[13/Sep/2025:17:15:17 +0300] 0:0:0:0:0:0:0:1 "GET /api/admin/products?pageNumber=0&sortBy=price&sortOrder=asc HTTP/1.1" 200 1233 316729 ms
[13/Sep/2025:17:15:22 +0300] 0:0:0:0:0:0:0:1 "GET /api/admin/products?pageNumber=0&sortBy=price&sortOrder=asc HTTP/1.1" 200 1233 125948 ms
[13/Sep/2025:17:15:27 +0300] 0:0:0:0:0:0:0:1 "GET /api/admin/products?pageNumber=0&sortBy=price&sortOrder=asc HTTP/1.1" 200 1233 1557396 ms
[13/Sep/2025:17:15:27 +0300] 0:0:0:0:0:0:0:1 "GET /api/admin/products?pageNumber=0&sortBy=price&sortOrder=asc HTTP/1.1" 200 1233 143238 ms
[13/Sep/2025:17:15:43 +0300] 0:0:0:0:0:0:0:1 "GET /api/admin/products?pageNumber=0&sortBy=price&sortOrder=asc HTTP/1.1" 200 1233 631372 ms
[13/Sep/2025:17:15:55 +0300] 0:0:0:0:0:0:0:1 "GET /api/admin/products?pageNumber=0&sortBy=price&sortOrder=asc HTTP/1.1" 200 1233 78510 ms
[13/Sep/2025:17:16:01 +0300] 0:0:0:0:0:0:0:1 "GET /api/admin/products?pageNumber=0&sortBy=price&sortOrder=asc HTTP/1.1" 200 1233 196245 ms
[13/Sep/2025:17:16:02 +0300] 0:0:0:0:0:0:0:1 "GET /api/admin/products?pageNumber=0&sortBy=price&sortOrder=asc HTTP/1.1" 200 1233 132604 ms
[13/Sep/2025:17:16:05 +0300] 0:0:0:0:0:0:0:1 "GET /api/admin/products?pageNumber=0&sortBy=price&sortOrder=asc HTTP/1.1" 200 1233 109090 ms
[13/Sep/2025:17:17:23 +0300] 0:0:0:0:0:0:0:1 "GET /api/admin/products?pageNumber=0&sortBy=price&sortOrder=asc HTTP/1.1" 200 1233 60992 ms
[13/Sep/2025:17:17:38 +0300] 0:0:0:0:0:0:0:1 "GET /api/admin/products?pageNumber=0&sortBy=price&sortOrder=asc HTTP/1.1" 200 1233 74996 ms
[13/Sep/2025:17:17:48 +0300] 0:0:0:0:0:0:0:1 "GET /api/admin/products?pageNumber=0&sortBy=price&sortOrder=asc HTTP/1.1" 200 1233 149769 ms
[13/Sep/2025:17:17:52 +0300] 0:0:0:0:0:0:0:1 "GET /api/admin/products?pageNumber=0&sortBy=price&sortOrder=asc HTTP/1.1" 200 1233 67416 ms
[13/Sep/2025:17:18:34 +0300] 0:0:0:0:0:0:0:1 "GET /api/admin/products?pageNumber=0&sortBy=price&sortOrder=asc HTTP/1.1" 200 1233 65506 ms
[13/Sep/2025:17:18:47 +0300] 0:0:0:0:0:0:0:1 "GET /api/admin/products?pageNumber=0&sortBy=price&sortOrder=asc HTTP/1.1" 200 1233 42433 ms
[13/Sep/2025:17:19:10 +0300] 0:0:0:0:0:0:0:1 "PUT /api/admin/products/5 HTTP/1.1" 200 149 202428 ms
[13/Sep/2025:17:19:11 +0300] 0:0:0:0:0:0:0:1 "GET /api/public/categories HTTP/1.1" 200 141 32976 ms
[13/Sep/2025:17:19:11 +0300] 0:0:0:0:0:0:0:1 "GET /api/seller/products?undefined HTTP/1.1" 200 1233 399357 ms
[13/Sep/2025:17:19:15 +0300] 0:0:0:0:0:0:0:1 "GET /api/admin/products?pageNumber=1&sortBy=price&sortOrder=asc HTTP/1.1" 200 273 41219 ms
[13/Sep/2025:17:19:17 +0300] 0:0:0:0:0:0:0:1 "GET /api/admin/products?pageNumber=0&sortBy=price&sortOrder=asc HTTP/1.1" 200 1233 286474 ms
[13/Sep/2025:17:19:21 +0300] 0:0:0:0:0:0:0:1 "GET /api/admin/products?pageNumber=1&sortBy=price&sortOrder=asc HTTP/1.1" 200 273 37214 ms
[13/Sep/2025:17:19:22 +0300] 0:0:0:0:0:0:0:1 "GET /api/admin/products?pageNumber=0&sortBy=price&sortOrder=asc HTTP/1.1" 200 1233 37011 ms
[13/Sep/2025:17:19:26 +0300] 0:0:0:0:0:0:0:1 "GET /api/admin/products?pageNumber=1&sortBy=price&sortOrder=asc HTTP/1.1" 200 273 29893 ms
[13/Sep/2025:17:19:28 +0300] 0:0:0:0:0:0:0:1 "GET /api/admin/products?pageNumber=0&sortBy=price&sortOrder=asc HTTP/1.1" 200 1233 37879 ms
[13/Sep/2025:17:19:28 +0300] 0:0:0:0:0:0:0:1 "GET /api/public/categories HTTP/1.1" 200 141 25922 ms
[13/Sep/2025:17:19:28 +0300] 0:0:0:0:0:0:0:1 "GET /api/public/categories HTTP/1.1" 200 141 23708 ms
[13/Sep/2025:17:19:39 +0300] 0:0:0:0:0:0:0:1 "OPTIONS /api/admin/categories/1/product HTTP/1.1" 200 - 3066 ms
[13/Sep/2025:17:19:39 +0300] 0:0:0:0:0:0:0:1 "POST /api/admin/categories/1/product HTTP/1.1" 201 153 104612 ms
[13/Sep/2025:17:19:39 +0300] 0:0:0:0:0:0:0:1 "GET /api/admin/products? HTTP/1.1" 200 1235 43139 ms
[13/Sep/2025:17:19:41 +0300] 0:0:0:0:0:0:0:1 "GET /api/admin/products?pageNumber=1&sortBy=price&sortOrder=asc HTTP/1.1" 200 273 33658 ms
[13/Sep/2025:17:19:44 +0300] 0:0:0:0:0:0:0:1 "GET /api/admin/products?pageNumber=0&sortBy=price&sortOrder=asc HTTP/1.1" 200 1235 842898 ms
[13/Sep/2025:17:19:48 +0300] 0:0:0:0:0:0:0:1 "GET /api/admin/products?pageNumber=1&sortBy=price&sortOrder=asc HTTP/1.1" 200 273 495964 ms
[13/Sep/2025:17:20:19 +0300] 0:0:0:0:0:0:0:1 "GET /api/public/categories HTTP/1.1" 200 141 221194 ms
[13/Sep/2025:17:20:19 +0300] 0:0:0:0:0:0:0:1 "GET /api/public/categories HTTP/1.1" 200 141 257285 ms
[13/Sep/2025:17:20:19 +0300] 0:0:0:0:0:0:0:1 "GET /api/public/categories HTTP/1.1" 200 141 53828 ms
[13/Sep/2025:17:20:27 +0300] 0:0:0:0:0:0:0:1 "OPTIONS /api/admin/categories HTTP/1.1" 200 - 2264 ms
[13/Sep/2025:17:20:27 +0300] 0:0:0:0:0:0:0:1 "POST /api/admin/categories HTTP/1.1" 201 50 115851 ms
[13/Sep/2025:17:20:27 +0300] 0:0:0:0:0:0:0:1 "GET /api/public/categories?undefined HTTP/1.1" 200 181 27886 ms
[13/Sep/2025:17:20:31 +0300] 0:0:0:0:0:0:0:1 "GET /api/admin/products?pageNumber=0&sortBy=price&sortOrder=asc HTTP/1.1" 200 1235 41539 ms
[13/Sep/2025:17:20:32 +0300] 0:0:0:0:0:0:0:1 "GET /api/admin/products?pageNumber=0&sortBy=price&sortOrder=asc HTTP/1.1" 200 1235 32097 ms
[13/Sep/2025:17:20:33 +0300] 0:0:0:0:0:0:0:1 "GET /api/public/categories HTTP/1.1" 200 181 29005 ms
[13/Sep/2025:17:20:33 +0300] 0:0:0:0:0:0:0:1 "GET /api/public/categories HTTP/1.1" 200 181 23994 ms
[13/Sep/2025:17:20:46 +0300] 0:0:0:0:0:0:0:1 "GET /api/admin/products?pageNumber=0&sortBy=price&sortOrder=asc HTTP/1.1" 200 1235 39279 ms
[13/Sep/2025:17:20:46 +0300] 0:0:0:0:0:0:0:1 "GET /api/admin/products?pageNumber=0&sortBy=price&sortOrder=asc HTTP/1.1" 200 1235 32672 ms
[13/Sep/2025:17:26:32 +0300] 0:0:0:0:0:0:0:1 "POST /api/auth/signin HTTP/1.1" 200 367 2610493 ms
[13/Sep/2025:17:26:39 +0300] 0:0:0:0:0:0:0:1 "POST /api/admin/categories HTTP/1.1" 201 50 144295 ms
[13/Sep/2025:17:26:45 +0300] 0:0:0:0:0:0:0:1 "POST /api/admin/categories/1/product HTTP/1.1" 201 221 192305 ms
[13/Sep/2025:17:26:47 +0300] 0:0:0:0:0:0:0:1 "POST /api/admin/categories/1/product HTTP/1.1" 201 221 69910 ms
[13/Sep/2025:17:26:50 +0300] 0:0:0:0:0:0:0:1 "POST /api/admin/categories/1/product HTTP/1.1" 201 221 55338 ms
[13/Sep/2025:17:26:51 +0300] 0:0:0:0:0:0:0:1 "POST /api/admin/categories/1/product HTTP/1.1" 201 221 48251 ms
[13/Sep/2025:17:27:02 +0300] 0:0:0:0:0:0:0:1 "GET /api/public/products?undefined HTTP/1.1" 200 1062 127521 ms
[13/Sep/2025:17:27:02 +0300] 0:0:0:0:0:0:0:1 "GET /images/default.png HTTP/1.1" 401 121 31210 ms
[13/Sep/2025:17:29:02 +0300] 0:0:0:0:0:0:0:1 "GET /api/public/categories HTTP/1.1" 200 141 64511 ms
[13/Sep/2025:17:29:02 +0300] 0:0:0:0:0:0:0:1 "GET /api/public/products?pageNumber=0&sortBy=price&sortOrder=asc HTTP/1.1" 200 1062 70930 ms
[13/Sep/2025:17:29:02 +0300] 0:0:0:0:0:0:0:1 "GET /images/default.png HTTP/1.1" 401 121 15247 ms
[13/Sep/2025:17:29:10 +0300] 0:0:0:0:0:0:0:1 "POST /api/auth/signin HTTP/1.1" 200 367 129437 ms
[13/Sep/2025:17:29:10 +0300] 0:0:0:0:0:0:0:1 "GET /api/public/products?undefined HTTP/1.1" 200 1062 84117 ms
[13/Sep/2025:17:29:10 +0300] 0:0:0:0:0:0:0:1 "GET /api/public/products?undefined HTTP/1.1" 200 1062 64022 ms
[13/Sep/2025:17:29:11 +0300] 0:0:0:0:0:0:0:1 "GET /images/default.png HTTP/1.1" 401 121 11927 ms
[13/Sep/2025:17:29:14 +0300] 0:0:0:0:0:0:0:1 "GET /api/admin/app/analytics HTTP/1.1" 200 70 341649 ms
[13/Sep/2025:17:29:14 +0300] 0:0:0:0:0:0:0:1 "GET /api/admin/app/analytics HTTP/1.1" 200 70 51189 ms
[13/Sep/2025:17:29:16 +0300] 0:0:0:0:0:0:0:1 "GET /api/admin/products?pageNumber=0&sortBy=price&sortOrder=asc HTTP/1.1" 200 1062 88556 ms
[13/Sep/2025:17:29:16 +0300] 0:0:0:0:0:0:0:1 "GET /api/admin/products?pageNumber=0&sortBy=price&sortOrder=asc HTTP/1.1" 200 1062 78465 ms
[13/Sep/2025:17:29:20 +0300] 0:0:0:0:0:0:0:1 "GET /api/public/categories HTTP/1.1" 200 141 44623 ms
[13/Sep/2025:17:29:20 +0300] 0:0:0:0:0:0:0:1 "GET /api/public/categories HTTP/1.1" 200 141 45339 ms
[13/Sep/2025:17:29:29 +0300] 0:0:0:0:0:0:0:1 "POST /api/admin/categories/1/product HTTP/1.1" 201 153 76119 ms
[13/Sep/2025:17:29:29 +0300] 0:0:0:0:0:0:0:1 "GET /api/seller/products?undefined HTTP/1.1" 200 1234 130745 ms
[13/Sep/2025:17:29:32 +0300] 0:0:0:0:0:0:0:1 "GET /api/public/categories HTTP/1.1" 200 141 32256 ms
[13/Sep/2025:17:29:32 +0300] 0:0:0:0:0:0:0:1 "GET /api/public/categories HTTP/1.1" 200 141 30774 ms
[13/Sep/2025:17:29:42 +0300] 0:0:0:0:0:0:0:1 "POST /api/admin/categories/1/product HTTP/1.1" 201 154 63545 ms
[13/Sep/2025:17:29:42 +0300] 0:0:0:0:0:0:0:1 "GET /api/seller/products?undefined HTTP/1.1" 200 1235 58323 ms
[13/Sep/2025:17:29:44 +0300] 0:0:0:0:0:0:0:1 "GET /api/admin/products?pageNumber=1&sortBy=price&sortOrder=asc HTTP/1.1" 200 275 43044 ms
[13/Sep/2025:17:29:45 +0300] 0:0:0:0:0:0:0:1 "GET /api/admin/products?pageNumber=0&sortBy=price&sortOrder=asc HTTP/1.1" 200 1235 37656 ms
[13/Sep/2025:17:29:54 +0300] 0:0:0:0:0:0:0:1 "PUT /api/admin/products/5 HTTP/1.1" 200 144 94227 ms
[13/Sep/2025:17:29:54 +0300] 0:0:0:0:0:0:0:1 "GET /api/public/categories HTTP/1.1" 200 141 29226 ms
[13/Sep/2025:17:29:54 +0300] 0:0:0:0:0:0:0:1 "GET /api/seller/products?undefined HTTP/1.1" 200 1228 68178 ms
[13/Sep/2025:17:29:57 +0300] 0:0:0:0:0:0:0:1 "GET /api/admin/products?pageNumber=1&sortBy=price&sortOrder=asc HTTP/1.1" 200 275 43565 ms
[13/Sep/2025:17:29:58 +0300] 0:0:0:0:0:0:0:1 "GET /api/admin/products?pageNumber=0&sortBy=price&sortOrder=asc HTTP/1.1" 200 1228 42452 ms
[13/Sep/2025:17:30:07 +0300] 0:0:0:0:0:0:0:1 "DELETE /api/admin/products/5 HTTP/1.1" 200 144 60002 ms
[13/Sep/2025:17:30:07 +0300] 0:0:0:0:0:0:0:1 "GET /api/seller/products?undefined HTTP/1.1" 200 1235 36999 ms
[13/Sep/2025:17:30:10 +0300] 0:0:0:0:0:0:0:1 "GET /api/public/categories HTTP/1.1" 200 141 26791 ms
[13/Sep/2025:17:30:10 +0300] 0:0:0:0:0:0:0:1 "GET /api/public/categories HTTP/1.1" 200 141 19500 ms
[13/Sep/2025:17:30:18 +0300] 0:0:0:0:0:0:0:1 "POST /api/admin/categories/1/product HTTP/1.1" 401 121 70265 ms
[13/Sep/2025:17:30:25 +0300] 0:0:0:0:0:0:0:1 "POST /api/admin/categories/1/product HTTP/1.1" 401 121 46048 ms
[13/Sep/2025:17:31:03 +0300] 0:0:0:0:0:0:0:1 "GET /api/public/categories HTTP/1.1" 200 141 34073 ms
[13/Sep/2025:17:31:03 +0300] 0:0:0:0:0:0:0:1 "GET /api/public/categories HTTP/1.1" 200 141 21068 ms
[13/Sep/2025:17:31:10 +0300] 0:0:0:0:0:0:0:1 "POST /api/admin/categories HTTP/1.1" 201 50 44615 ms
[13/Sep/2025:17:31:10 +0300] 0:0:0:0:0:0:0:1 "GET /api/public/categories?undefined HTTP/1.1" 200 181 27005 ms
[13/Sep/2025:17:31:12 +0300] 0:0:0:0:0:0:0:1 "GET /api/public/categories HTTP/1.1" 200 181 27045 ms
[13/Sep/2025:17:31:15 +0300] 0:0:0:0:0:0:0:1 "GET /api/admin/products?pageNumber=0&sortBy=price&sortOrder=asc HTTP/1.1" 200 1235 77795 ms
[13/Sep/2025:17:31:15 +0300] 0:0:0:0:0:0:0:1 "GET /api/admin/products?pageNumber=0&sortBy=price&sortOrder=asc HTTP/1.1" 200 1235 37186 ms
[13/Sep/2025:17:31:25 +0300] 0:0:0:0:0:0:0:1 "GET /api/public/categories HTTP/1.1" 200 181 3058920 ms
[13/Sep/2025:17:31:26 +0300] 0:0:0:0:0:0:0:1 "GET /api/public/categories HTTP/1.1" 200 181 100982 ms
[13/Sep/2025:17:31:39 +0300] 0:0:0:0:0:0:0:1 "POST /api/admin/categories/1/product HTTP/1.1" 201 153 158247 ms
[13/Sep/2025:17:31:39 +0300] 0:0:0:0:0:0:0:1 "GET /api/seller/products?undefined HTTP/1.1" 200 1236 85861 ms
[13/Sep/2025:17:31:42 +0300] 0:0:0:0:0:0:0:1 "GET /api/admin/products?pageNumber=1&sortBy=price&sortOrder=asc HTTP/1.1" 200 275 43543 ms
[13/Sep/2025:17:31:45 +0300] 0:0:0:0:0:0:0:1 "GET /api/admin/products?pageNumber=0&sortBy=price&sortOrder=asc HTTP/1.1" 200 1235 59137 ms
[13/Sep/2025:17:31:51 +0300] 0:0:0:0:0:0:0:1 "OPTIONS /api/admin/products/7 HTTP/1.1" 200 - 744631 ms
[13/Sep/2025:17:31:52 +0300] 0:0:0:0:0:0:0:1 "DELETE /api/admin/products/7 HTTP/1.1" 200 153 751951 ms
[13/Sep/2025:17:31:52 +0300] 0:0:0:0:0:0:0:1 "GET /api/seller/products?undefined HTTP/1.1" 200 1235 37037 ms
[13/Sep/2025:17:31:57 +0300] 0:0:0:0:0:0:0:1 "GET /api/public/categories HTTP/1.1" 200 181 24339 ms
[13/Sep/2025:17:31:57 +0300] 0:0:0:0:0:0:0:1 "GET /api/public/categories HTTP/1.1" 200 181 18263 ms
[13/Sep/2025:17:32:05 +0300] 0:0:0:0:0:0:0:1 "POST /api/admin/categories/1/product HTTP/1.1" 401 121 58136 ms
[13/Sep/2025:17:32:13 +0300] 0:0:0:0:0:0:0:1 "GET /api/admin/products?pageNumber=0&sortBy=price&sortOrder=asc HTTP/1.1" 200 1235 68021 ms
[13/Sep/2025:17:32:16 +0300] 0:0:0:0:0:0:0:1 "GET /api/public/categories HTTP/1.1" 200 181 33736 ms
[13/Sep/2025:17:32:16 +0300] 0:0:0:0:0:0:0:1 "GET /api/public/categories HTTP/1.1" 200 181 32355 ms
[13/Sep/2025:17:32:23 +0300] 0:0:0:0:0:0:0:1 "POST /api/admin/categories/1/product HTTP/1.1" 201 153 60363 ms
[13/Sep/2025:17:32:23 +0300] 0:0:0:0:0:0:0:1 "GET /api/seller/products?undefined HTTP/1.1" 200 1236 41951 ms
[13/Sep/2025:17:32:26 +0300] 0:0:0:0:0:0:0:1 "GET /api/admin/products?pageNumber=1&sortBy=price&sortOrder=asc HTTP/1.1" 200 275 44000 ms
[13/Sep/2025:17:32:28 +0300] 0:0:0:0:0:0:0:1 "GET /api/admin/products?pageNumber=0&sortBy=price&sortOrder=asc HTTP/1.1" 200 1235 78704 ms
[13/Sep/2025:17:32:40 +0300] 0:0:0:0:0:0:0:1 "GET /api/public/categories HTTP/1.1" 200 181 24270 ms
[13/Sep/2025:17:32:40 +0300] 0:0:0:0:0:0:0:1 "GET /api/public/categories HTTP/1.1" 200 181 23837 ms
[13/Sep/2025:17:32:53 +0300] 0:0:0:0:0:0:0:1 "OPTIONS /api/admin/categories/1 HTTP/1.1" 200 - 2081 ms
[13/Sep/2025:17:32:53 +0300] 0:0:0:0:0:0:0:1 "PUT /api/admin/categories/1 HTTP/1.1" 200 51 55690 ms
[13/Sep/2025:17:32:53 +0300] 0:0:0:0:0:0:0:1 "GET /api/public/categories?undefined HTTP/1.1" 200 182 20616 ms
[13/Sep/2025:17:32:59 +0300] 0:0:0:0:0:0:0:1 "GET /api/public/categories HTTP/1.1" 200 182 24807 ms
[13/Sep/2025:17:33:01 +0300] 0:0:0:0:0:0:0:1 "GET /api/public/categories HTTP/1.1" 200 182 27237 ms
[13/Sep/2025:17:33:01 +0300] 0:0:0:0:0:0:0:1 "GET /api/public/products?pageNumber=0&sortBy=price&sortOrder=asc HTTP/1.1" 200 1235 35946 ms
[13/Sep/2025:17:33:01 +0300] 0:0:0:0:0:0:0:1 "GET /api/public/categories HTTP/1.1" 200 182 21120 ms
[13/Sep/2025:17:33:01 +0300] 0:0:0:0:0:0:0:1 "GET /api/public/products?pageNumber=0&sortBy=price&sortOrder=asc HTTP/1.1" 200 1235 33866 ms
[13/Sep/2025:17:33:01 +0300] 0:0:0:0:0:0:0:1 "GET /images/default.png HTTP/1.1" 401 121 9234 ms
[13/Sep/2025:17:33:04 +0300] 0:0:0:0:0:0:0:1 "GET /api/public/products?pageNumber=0&sortBy=price&sortOrder=asc&category=Bookss HTTP/1.1" 200 1235 95698 ms
[13/Sep/2025:17:33:04 +0300] 0:0:0:0:0:0:0:1 "GET /images/default.png HTTP/1.1" 401 121 7320 ms
[13/Sep/2025:17:33:07 +0300] 0:0:0:0:0:0:0:1 "GET /api/public/products?pageNumber=1&sortBy=price&sortOrder=asc&category=Bookss HTTP/1.1" 200 275 31498 ms
[13/Sep/2025:17:33:07 +0300] 0:0:0:0:0:0:0:1 "GET /images/default.png HTTP/1.1" 401 121 6564 ms
[13/Sep/2025:17:33:08 +0300] 0:0:0:0:0:0:0:1 "GET /api/public/products?pageNumber=0&sortBy=price&sortOrder=asc&category=Bookss HTTP/1.1" 200 1235 42017 ms
[13/Sep/2025:17:33:08 +0300] 0:0:0:0:0:0:0:1 "GET /images/default.png HTTP/1.1" 401 121 5054 ms
[13/Sep/2025:17:33:12 +0300] 0:0:0:0:0:0:0:1 "GET /api/public/products?undefined HTTP/1.1" 200 1236 32996 ms
[13/Sep/2025:17:33:12 +0300] 0:0:0:0:0:0:0:1 "GET /api/public/products?undefined HTTP/1.1" 200 1236 32413 ms
[13/Sep/2025:17:33:12 +0300] 0:0:0:0:0:0:0:1 "GET /images/default.png HTTP/1.1" 401 121 5595 ms
[13/Sep/2025:17:52:16 +0300] 0:0:0:0:0:0:0:1 "POST /api/auth/signin HTTP/1.1" 200 367 3489561 ms
[13/Sep/2025:17:52:25 +0300] 0:0:0:0:0:0:0:1 "POST /api/admin/categories HTTP/1.1" 201 50 63033 ms
[13/Sep/2025:17:52:47 +0300] 0:0:0:0:0:0:0:1 "GET /api/public/products?undefined HTTP/1.1" 200 102 124823 ms
[13/Sep/2025:17:53:16 +0300] 0:0:0:0:0:0:0:1 "GET /api/public/products?undefined HTTP/1.1" 200 102 61346 ms
[13/Sep/2025:17:53:31 +0300] 0:0:0:0:0:0:0:1 "OPTIONS /api/auth/signin HTTP/1.1" 200 - 21781 ms
[13/Sep/2025:17:53:31 +0300] 0:0:0:0:0:0:0:1 "POST /api/auth/signin HTTP/1.1" 200 367 158482 ms
[13/Sep/2025:17:53:31 +0300] 0:0:0:0:0:0:0:1 "GET /api/public/products?undefined HTTP/1.1" 200 102 59988 ms
[13/Sep/2025:17:53:31 +0300] 0:0:0:0:0:0:0:1 "GET /api/public/products?undefined HTTP/1.1" 200 102 45842 ms
[13/Sep/2025:17:53:35 +0300] 0:0:0:0:0:0:0:1 "GET /api/admin/app/analytics HTTP/1.1" 200 70 172889 ms
[13/Sep/2025:17:53:35 +0300] 0:0:0:0:0:0:0:1 "GET /api/admin/app/analytics HTTP/1.1" 200 70 56250 ms
[13/Sep/2025:17:53:37 +0300] 0:0:0:0:0:0:0:1 "GET /api/admin/products?pageNumber=0&sortBy=price&sortOrder=asc HTTP/1.1" 200 102 687260 ms
[13/Sep/2025:17:53:37 +0300] 0:0:0:0:0:0:0:1 "GET /api/admin/products?pageNumber=0&sortBy=price&sortOrder=asc HTTP/1.1" 200 102 61991 ms
[13/Sep/2025:17:53:39 +0300] 0:0:0:0:0:0:0:1 "GET /api/public/categories HTTP/1.1" 200 141 110386 ms
[13/Sep/2025:17:53:39 +0300] 0:0:0:0:0:0:0:1 "GET /api/public/categories HTTP/1.1" 200 141 65517 ms
[13/Sep/2025:17:53:52 +0300] 0:0:0:0:0:0:0:1 "OPTIONS /api/admin/categories HTTP/1.1" 200 - 1253 ms
[13/Sep/2025:17:53:52 +0300] 0:0:0:0:0:0:0:1 "GET /api/public/categories HTTP/1.1" 200 141 42623 ms
[13/Sep/2025:17:53:52 +0300] 0:0:0:0:0:0:0:1 "POST /api/admin/categories HTTP/1.1" 201 50 114627 ms
[13/Sep/2025:17:53:52 +0300] 0:0:0:0:0:0:0:1 "GET /api/public/categories?undefined HTTP/1.1" 200 181 33812 ms
[13/Sep/2025:17:53:59 +0300] 0:0:0:0:0:0:0:1 "GET /api/public/categories HTTP/1.1" 200 181 50065 ms
[13/Sep/2025:17:54:07 +0300] 0:0:0:0:0:0:0:1 "GET /api/auth/sellers?pageNumber=0 HTTP/1.1" 200 597 193899 ms
[13/Sep/2025:17:54:07 +0300] 0:0:0:0:0:0:0:1 "GET /api/auth/sellers?pageNumber=0 HTTP/1.1" 200 597 44596 ms
[13/Sep/2025:17:54:13 +0300] 0:0:0:0:0:0:0:1 "GET /api/public/categories HTTP/1.1" 200 181 37353 ms
[13/Sep/2025:17:54:13 +0300] 0:0:0:0:0:0:0:1 "GET /api/public/categories HTTP/1.1" 200 181 29144 ms
[13/Sep/2025:17:54:14 +0300] 0:0:0:0:0:0:0:1 "GET /api/auth/sellers?pageNumber=0 HTTP/1.1" 200 597 53109 ms
[13/Sep/2025:17:54:14 +0300] 0:0:0:0:0:0:0:1 "GET /api/auth/sellers?pageNumber=0 HTTP/1.1" 200 597 36723 ms
[13/Sep/2025:17:54:16 +0300] 0:0:0:0:0:0:0:1 "GET /api/admin/orders?pageNumber=0 HTTP/1.1" 200 102 48015 ms
[13/Sep/2025:17:54:16 +0300] 0:0:0:0:0:0:0:1 "GET /api/admin/orders?pageNumber=0 HTTP/1.1" 200 102 37284 ms
[13/Sep/2025:17:54:17 +0300] 0:0:0:0:0:0:0:1 "GET /api/auth/sellers?pageNumber=0 HTTP/1.1" 200 597 40631 ms
[13/Sep/2025:17:54:17 +0300] 0:0:0:0:0:0:0:1 "GET /api/auth/sellers?pageNumber=0 HTTP/1.1" 200 597 35960 ms
[13/Sep/2025:17:54:18 +0300] 0:0:0:0:0:0:0:1 "GET /api/public/categories HTTP/1.1" 200 181 32063 ms
[13/Sep/2025:17:54:18 +0300] 0:0:0:0:0:0:0:1 "GET /api/public/categories HTTP/1.1" 200 181 31498 ms
[13/Sep/2025:17:54:19 +0300] 0:0:0:0:0:0:0:1 "GET /api/auth/sellers?pageNumber=0 HTTP/1.1" 200 597 37430 ms
[13/Sep/2025:17:54:19 +0300] 0:0:0:0:0:0:0:1 "GET /api/auth/sellers?pageNumber=0 HTTP/1.1" 200 597 31874 ms
[13/Sep/2025:17:54:37 +0300] 0:0:0:0:0:0:0:1 "GET /api/public/categories HTTP/1.1" 200 181 42926 ms
[13/Sep/2025:17:54:37 +0300] 0:0:0:0:0:0:0:1 "GET /api/public/categories HTTP/1.1" 200 181 25909 ms
[13/Sep/2025:17:54:43 +0300] 0:0:0:0:0:0:0:1 "POST /api/admin/categories HTTP/1.1" 201 51 72119 ms
[13/Sep/2025:17:54:43 +0300] 0:0:0:0:0:0:0:1 "GET /api/public/categories HTTP/1.1" 200 222 37490 ms
[13/Sep/2025:17:54:43 +0300] 0:0:0:0:0:0:0:1 "GET /api/public/categories?undefined HTTP/1.1" 200 222 161662 ms
[13/Sep/2025:17:54:53 +0300] 0:0:0:0:0:0:0:1 "POST /api/admin/categories HTTP/1.1" 201 50 44522 ms
[13/Sep/2025:17:54:53 +0300] 0:0:0:0:0:0:0:1 "GET /api/public/categories HTTP/1.1" 200 262 27494 ms
[13/Sep/2025:17:54:53 +0300] 0:0:0:0:0:0:0:1 "GET /api/public/categories?undefined HTTP/1.1" 200 262 28916 ms
[13/Sep/2025:17:55:05 +0300] 0:0:0:0:0:0:0:1 "POST /api/admin/categories HTTP/1.1" 201 50 40567 ms
[13/Sep/2025:17:55:05 +0300] 0:0:0:0:0:0:0:1 "GET /api/public/categories?undefined HTTP/1.1" 200 303 54205 ms
[13/Sep/2025:17:55:05 +0300] 0:0:0:0:0:0:0:1 "GET /api/public/categories HTTP/1.1" 200 303 70669 ms
[13/Sep/2025:17:55:10 +0300] 0:0:0:0:0:0:0:1 "POST /api/admin/categories HTTP/1.1" 201 50 42481 ms
[13/Sep/2025:17:55:10 +0300] 0:0:0:0:0:0:0:1 "GET /api/public/categories HTTP/1.1" 200 304 29105 ms
[13/Sep/2025:17:55:10 +0300] 0:0:0:0:0:0:0:1 "GET /api/public/categories?undefined HTTP/1.1" 200 304 30052 ms
[13/Sep/2025:17:55:12 +0300] 0:0:0:0:0:0:0:1 "GET /api/public/categories HTTP/1.1" 200 304 29009 ms
[13/Sep/2025:17:55:14 +0300] 0:0:0:0:0:0:0:1 "GET /api/public/categories HTTP/1.1" 200 304 24089 ms
[13/Sep/2025:17:55:14 +0300] 0:0:0:0:0:0:0:1 "GET /api/public/categories HTTP/1.1" 200 304 29350 ms
[13/Sep/2025:17:55:16 +0300] 0:0:0:0:0:0:0:1 "GET /api/public/categories HTTP/1.1" 200 304 28742 ms
[13/Sep/2025:17:55:17 +0300] 0:0:0:0:0:0:0:1 "GET /api/public/categories HTTP/1.1" 200 304 31025 ms
[13/Sep/2025:17:55:18 +0300] 0:0:0:0:0:0:0:1 "GET /api/public/categories HTTP/1.1" 200 304 24762 ms
[13/Sep/2025:17:55:29 +0300] 0:0:0:0:0:0:0:1 "GET /api/auth/sellers?pageNumber=0 HTTP/1.1" 200 597 36417 ms
[13/Sep/2025:17:55:29 +0300] 0:0:0:0:0:0:0:1 "GET /api/auth/sellers?pageNumber=0 HTTP/1.1" 200 597 31741 ms
[13/Sep/2025:17:55:45 +0300] 0:0:0:0:0:0:0:1 "GET /api/public/categories HTTP/1.1" 200 304 46544 ms
[13/Sep/2025:17:55:45 +0300] 0:0:0:0:0:0:0:1 "GET /api/public/categories HTTP/1.1" 200 304 33529 ms
[13/Sep/2025:17:55:49 +0300] 0:0:0:0:0:0:0:1 "GET /api/public/categories HTTP/1.1" 200 304 28653 ms
[13/Sep/2025:17:55:50 +0300] 0:0:0:0:0:0:0:1 "GET /api/public/categories HTTP/1.1" 200 304 28341 ms
[13/Sep/2025:17:55:56 +0300] 0:0:0:0:0:0:0:1 "GET /api/public/categories HTTP/1.1" 200 304 153022 ms
[13/Sep/2025:17:55:58 +0300] 0:0:0:0:0:0:0:1 "GET /api/public/categories HTTP/1.1" 200 304 43253 ms
[13/Sep/2025:17:55:59 +0300] 0:0:0:0:0:0:0:1 "GET /api/public/categories HTTP/1.1" 200 304 32997 ms
[13/Sep/2025:17:56:12 +0300] 0:0:0:0:0:0:0:1 "GET /api/auth/sellers?pageNumber=0 HTTP/1.1" 200 597 36071 ms
[13/Sep/2025:17:56:12 +0300] 0:0:0:0:0:0:0:1 "GET /api/auth/sellers?pageNumber=0 HTTP/1.1" 200 597 30498 ms
[13/Sep/2025:18:01:43 +0300] 0:0:0:0:0:0:0:1 "GET /api/auth/sellers?pageNumber=0 HTTP/1.1" 200 597 485564 ms
[13/Sep/2025:18:02:19 +0300] 0:0:0:0:0:0:0:1 "OPTIONS /api/auth/signup HTTP/1.1" 200 - 11853 ms
[13/Sep/2025:18:02:20 +0300] 0:0:0:0:0:0:0:1 "GET /api/auth/sellers?pageNumber=0 HTTP/1.1" 200 597 53867 ms
[13/Sep/2025:18:02:20 +0300] 0:0:0:0:0:0:0:1 "POST /api/auth/signup HTTP/1.1" 200 54 632437 ms
[13/Sep/2025:18:02:20 +0300] 0:0:0:0:0:0:0:1 "GET /api/auth/sellers?undefined HTTP/1.1" 200 807 35162 ms
[13/Sep/2025:18:02:54 +0300] 0:0:0:0:0:0:0:1 "GET /api/auth/sellers?pageNumber=0 HTTP/1.1" 200 807 36108 ms
[13/Sep/2025:18:03:03 +0300] 0:0:0:0:0:0:0:1 "GET /api/auth/sellers?pageNumber=0 HTTP/1.1" 200 807 36203 ms
[13/Sep/2025:18:03:22 +0300] 0:0:0:0:0:0:0:1 "GET /api/admin/orders?pageNumber=0 HTTP/1.1" 200 102 68746 ms
[13/Sep/2025:18:03:22 +0300] 0:0:0:0:0:0:0:1 "GET /api/admin/orders?pageNumber=0 HTTP/1.1" 200 102 22741 ms
[13/Sep/2025:18:03:44 +0300] 0:0:0:0:0:0:0:1 "GET /api/public/products?pageNumber=0&sortBy=price&sortOrder=asc HTTP/1.1" 200 102 58277 ms
[13/Sep/2025:18:03:44 +0300] 0:0:0:0:0:0:0:1 "GET /api/public/categories HTTP/1.1" 200 304 73477 ms
[13/Sep/2025:18:03:44 +0300] 0:0:0:0:0:0:0:1 "GET /api/public/products?pageNumber=0&sortBy=price&sortOrder=asc HTTP/1.1" 200 102 25936 ms
[13/Sep/2025:18:03:44 +0300] 0:0:0:0:0:0:0:1 "GET /api/public/categories HTTP/1.1" 200 304 32680 ms
[13/Sep/2025:18:03:46 +0300] 0:0:0:0:0:0:0:1 "GET /api/public/products?pageNumber=1&sortBy=price&sortOrder=asc HTTP/1.1" 200 102 31666 ms
[13/Sep/2025:18:03:47 +0300] 0:0:0:0:0:0:0:1 "GET /api/public/products?pageNumber=0&sortBy=price&sortOrder=asc HTTP/1.1" 200 102 52187 ms
[13/Sep/2025:18:03:49 +0300] 0:0:0:0:0:0:0:1 "GET /api/admin/app/analytics HTTP/1.1" 200 70 48642 ms
[13/Sep/2025:18:03:49 +0300] 0:0:0:0:0:0:0:1 "GET /api/admin/app/analytics HTTP/1.1" 200 70 29772 ms
[13/Sep/2025:18:03:51 +0300] 0:0:0:0:0:0:0:1 "GET /api/admin/products?pageNumber=0&sortBy=price&sortOrder=asc HTTP/1.1" 200 102 35381 ms
[13/Sep/2025:18:03:51 +0300] 0:0:0:0:0:0:0:1 "GET /api/admin/products?pageNumber=0&sortBy=price&sortOrder=asc HTTP/1.1" 200 102 32127 ms
[13/Sep/2025:18:03:53 +0300] 0:0:0:0:0:0:0:1 "GET /api/public/categories HTTP/1.1" 200 304 31698 ms
[13/Sep/2025:18:03:53 +0300] 0:0:0:0:0:0:0:1 "GET /api/public/categories HTTP/1.1" 200 304 33822 ms
[13/Sep/2025:18:04:06 +0300] 0:0:0:0:0:0:0:1 "OPTIONS /api/admin/categories/1/product HTTP/1.1" 200 - 8859 ms
[13/Sep/2025:18:04:06 +0300] 0:0:0:0:0:0:0:1 "POST /api/admin/categories/1/product HTTP/1.1" 201 158 219171 ms
[13/Sep/2025:18:04:06 +0300] 0:0:0:0:0:0:0:1 "GET /api/seller/products?undefined HTTP/1.1" 200 279 196312 ms
[13/Sep/2025:18:04:08 +0300] 0:0:0:0:0:0:0:1 "GET /api/public/categories HTTP/1.1" 200 304 30793 ms
[13/Sep/2025:18:04:08 +0300] 0:0:0:0:0:0:0:1 "GET /api/public/products?pageNumber=0&sortBy=price&sortOrder=asc HTTP/1.1" 200 279 31518 ms
[13/Sep/2025:18:04:08 +0300] 0:0:0:0:0:0:0:1 "GET /api/public/categories HTTP/1.1" 200 304 30636 ms
[13/Sep/2025:18:04:08 +0300] 0:0:0:0:0:0:0:1 "GET /api/public/products?pageNumber=0&sortBy=price&sortOrder=asc HTTP/1.1" 200 279 31525 ms
[13/Sep/2025:18:04:08 +0300] 0:0:0:0:0:0:0:1 "GET /images/default.png HTTP/1.1" 401 121 101665 ms
[13/Sep/2025:18:04:13 +0300] 0:0:0:0:0:0:0:1 "GET /images/5db0e8f4-8cec-4b3e-aa3e-bd78d2133d35 HTTP/1.1" 401 121 18932 ms
[13/Sep/2025:18:04:14 +0300] 0:0:0:0:0:0:0:1 "GET /api/users/addresses HTTP/1.1" 200 12 43855 ms
[13/Sep/2025:18:04:14 +0300] 0:0:0:0:0:0:0:1 "GET /api/users/addresses HTTP/1.1" 200 12 23992 ms
[13/Sep/2025:18:04:21 +0300] 0:0:0:0:0:0:0:1 "OPTIONS /api/addresses HTTP/1.1" 200 - 2086 ms
[13/Sep/2025:18:04:21 +0300] 0:0:0:0:0:0:0:1 "POST /api/addresses HTTP/1.1" 201 166 70153 ms
[13/Sep/2025:18:04:21 +0300] 0:0:0:0:0:0:0:1 "GET /api/users/addresses HTTP/1.1" 200 168 27109 ms
[13/Sep/2025:18:04:26 +0300] 0:0:0:0:0:0:0:1 "OPTIONS /api/cart/create HTTP/1.1" 200 - 1691 ms
[13/Sep/2025:18:04:26 +0300] 0:0:0:0:0:0:0:1 "OPTIONS /api/cart/create HTTP/1.1" 200 - 2890 ms
[13/Sep/2025:18:04:26 +0300] 0:0:0:0:0:0:0:1 "POST /api/cart/create HTTP/1.1" 201 25 101484 ms
[13/Sep/2025:18:04:26 +0300] 0:0:0:0:0:0:0:1 "GET /api/carts/users/cart HTTP/1.1" 200 203 60483 ms
[13/Sep/2025:18:04:26 +0300] 0:0:0:0:0:0:0:1 "POST /api/cart/create HTTP/1.1" 401 121 216069 ms
[13/Sep/2025:18:04:29 +0300] 0:0:0:0:0:0:0:1 "OPTIONS /api/order/stripe-client-secret HTTP/1.1" 200 - 1353 ms
[13/Sep/2025:18:04:30 +0300] 0:0:0:0:0:0:0:1 "POST /api/order/stripe-client-secret HTTP/1.1" 201 60 1672600 ms
[13/Sep/2025:18:05:06 +0300] 0:0:0:0:0:0:0:1 "GET /api/users/addresses HTTP/1.1" 200 168 79551 ms
[13/Sep/2025:18:05:09 +0300] 0:0:0:0:0:0:0:1 "OPTIONS /api/cart/create HTTP/1.1" 200 - 5124 ms
[13/Sep/2025:18:05:09 +0300] 0:0:0:0:0:0:0:1 "OPTIONS /api/cart/create HTTP/1.1" 200 - 12954 ms
[13/Sep/2025:18:05:09 +0300] 0:0:0:0:0:0:0:1 "POST /api/cart/create HTTP/1.1" 201 25 154941 ms
[13/Sep/2025:18:05:09 +0300] 0:0:0:0:0:0:0:1 "POST /api/cart/create HTTP/1.1" 201 25 193171 ms
[13/Sep/2025:18:05:09 +0300] 0:0:0:0:0:0:0:1 "GET /api/carts/users/cart HTTP/1.1" 200 203 87282 ms
[13/Sep/2025:18:05:09 +0300] 0:0:0:0:0:0:0:1 "GET /api/carts/users/cart HTTP/1.1" 200 203 64466 ms
[13/Sep/2025:18:05:38 +0300] 0:0:0:0:0:0:0:1 "GET /api/users/addresses HTTP/1.1" 200 168 41247 ms
[13/Sep/2025:18:05:40 +0300] 0:0:0:0:0:0:0:1 "OPTIONS /api/cart/create HTTP/1.1" 200 - 3977 ms
[13/Sep/2025:18:05:40 +0300] 0:0:0:0:0:0:0:1 "OPTIONS /api/cart/create HTTP/1.1" 200 - 4062 ms
[13/Sep/2025:18:05:40 +0300] 0:0:0:0:0:0:0:1 "POST /api/cart/create HTTP/1.1" 201 25 68542 ms
[13/Sep/2025:18:05:40 +0300] 0:0:0:0:0:0:0:1 "POST /api/cart/create HTTP/1.1" 201 25 105230 ms
[13/Sep/2025:18:05:40 +0300] 0:0:0:0:0:0:0:1 "GET /api/carts/users/cart HTTP/1.1" 200 203 45705 ms
[13/Sep/2025:18:05:40 +0300] 0:0:0:0:0:0:0:1 "GET /api/carts/users/cart HTTP/1.1" 200 203 41741 ms
[13/Sep/2025:18:06:21 +0300] 0:0:0:0:0:0:0:1 "GET /api/users/addresses HTTP/1.1" 200 168 36019 ms
[13/Sep/2025:18:06:22 +0300] 0:0:0:0:0:0:0:1 "OPTIONS /api/cart/create HTTP/1.1" 200 - 5429 ms
[13/Sep/2025:18:06:22 +0300] 0:0:0:0:0:0:0:1 "OPTIONS /api/cart/create HTTP/1.1" 200 - 3961 ms
[13/Sep/2025:18:06:22 +0300] 0:0:0:0:0:0:0:1 "POST /api/cart/create HTTP/1.1" 201 25 119271 ms
[13/Sep/2025:18:06:22 +0300] 0:0:0:0:0:0:0:1 "POST /api/cart/create HTTP/1.1" 201 25 140813 ms
[13/Sep/2025:18:06:22 +0300] 0:0:0:0:0:0:0:1 "GET /api/carts/users/cart HTTP/1.1" 200 203 46338 ms
[13/Sep/2025:18:06:22 +0300] 0:0:0:0:0:0:0:1 "GET /api/carts/users/cart HTTP/1.1" 200 203 48557 ms
[13/Sep/2025:18:06:39 +0300] 0:0:0:0:0:0:0:1 "GET /api/users/addresses HTTP/1.1" 200 168 29229 ms
[13/Sep/2025:18:06:41 +0300] 0:0:0:0:0:0:0:1 "POST /api/cart/create HTTP/1.1" 201 25 37777 ms
[13/Sep/2025:18:06:41 +0300] 0:0:0:0:0:0:0:1 "GET /api/carts/users/cart HTTP/1.1" 200 203 25476 ms
[13/Sep/2025:18:06:41 +0300] 0:0:0:0:0:0:0:1 "POST /api/cart/create HTTP/1.1" 201 25 64833 ms
[13/Sep/2025:18:06:41 +0300] 0:0:0:0:0:0:0:1 "GET /api/carts/users/cart HTTP/1.1" 200 203 20186 ms
[13/Sep/2025:18:19:00 +0300] 0:0:0:0:0:0:0:1 "GET /api/public/products?undefined HTTP/1.1" 200 279 2033832 ms
[13/Sep/2025:18:19:00 +0300] 0:0:0:0:0:0:0:1 "GET /api/public/products?undefined HTTP/1.1" 200 279 74039 ms
[13/Sep/2025:18:19:01 +0300] 0:0:0:0:0:0:0:1 "GET /images/default.png HTTP/1.1" 401 121 126361 ms
[13/Sep/2025:18:40:22 +0300] 0:0:0:0:0:0:0:1 "GET /api/public/products?undefined HTTP/1.1" 200 102 10904474 ms
[13/Sep/2025:18:40:34 +0300] 0:0:0:0:0:0:0:1 "POST /api/auth/signin HTTP/1.1" 200 367 874497 ms
[13/Sep/2025:18:40:45 +0300] 0:0:0:0:0:0:0:1 "POST /api/admin/categories HTTP/1.1" 201 50 288782 ms
[13/Sep/2025:18:40:51 +0300] 0:0:0:0:0:0:0:1 "POST /api/admin/categories/1/product HTTP/1.1" 201 221 409616 ms
[13/Sep/2025:18:41:03 +0300] 0:0:0:0:0:0:0:1 "OPTIONS /api/auth/signin HTTP/1.1" 200 - 21384 ms
[13/Sep/2025:18:41:03 +0300] 0:0:0:0:0:0:0:1 "POST /api/auth/signin HTTP/1.1" 200 367 218974 ms
[13/Sep/2025:18:41:03 +0300] 0:0:0:0:0:0:0:1 "GET /api/public/products?undefined HTTP/1.1" 200 342 109753 ms
[13/Sep/2025:18:41:03 +0300] 0:0:0:0:0:0:0:1 "GET /api/public/products?undefined HTTP/1.1" 200 342 71369 ms
[13/Sep/2025:18:41:04 +0300] 0:0:0:0:0:0:0:1 "GET /images/default.png HTTP/1.1" 401 121 80679 ms
[13/Sep/2025:18:41:09 +0300] 0:0:0:0:0:0:0:1 "GET /images/5db0e8f4-8cec-4b3e-aa3e-bd78d2133d35 HTTP/1.1" 401 121 34858 ms
[13/Sep/2025:18:41:11 +0300] 0:0:0:0:0:0:0:1 "GET /api/users/addresses HTTP/1.1" 200 12 66696 ms
[13/Sep/2025:18:41:11 +0300] 0:0:0:0:0:0:0:1 "GET /api/users/addresses HTTP/1.1" 200 12 43521 ms
[13/Sep/2025:18:41:16 +0300] 0:0:0:0:0:0:0:1 "OPTIONS /api/addresses HTTP/1.1" 200 - 2262 ms
[13/Sep/2025:18:41:16 +0300] 0:0:0:0:0:0:0:1 "POST /api/addresses HTTP/1.1" 201 164 117723 ms
[13/Sep/2025:18:41:16 +0300] 0:0:0:0:0:0:0:1 "GET /api/users/addresses HTTP/1.1" 200 166 37197 ms
[13/Sep/2025:18:41:18 +0300] 0:0:0:0:0:0:0:1 "OPTIONS /api/cart/create HTTP/1.1" 200 - 2232 ms
[13/Sep/2025:18:41:18 +0300] 0:0:0:0:0:0:0:1 "OPTIONS /api/cart/create HTTP/1.1" 200 - 3508 ms
[13/Sep/2025:18:41:19 +0300] 0:0:0:0:0:0:0:1 "POST /api/cart/create HTTP/1.1" 201 25 145288 ms
[13/Sep/2025:18:41:19 +0300] 0:0:0:0:0:0:0:1 "GET /api/carts/users/cart HTTP/1.1" 200 264 73436 ms
[13/Sep/2025:18:41:19 +0300] 0:0:0:0:0:0:0:1 "POST /api/cart/create HTTP/1.1" 401 121 241056 ms
[13/Sep/2025:18:41:21 +0300] 0:0:0:0:0:0:0:1 "OPTIONS /api/order/stripe-client-secret HTTP/1.1" 200 - 1758 ms
[13/Sep/2025:18:41:23 +0300] 0:0:0:0:0:0:0:1 "POST /api/order/stripe-client-secret HTTP/1.1" 201 60 1765245 ms
[13/Sep/2025:18:42:01 +0300] 0:0:0:0:0:0:0:1 "GET /api/users/addresses HTTP/1.1" 200 166 27296 ms
[13/Sep/2025:18:42:01 +0300] 0:0:0:0:0:0:0:1 "GET /api/users/addresses HTTP/1.1" 200 166 25713 ms
[13/Sep/2025:18:42:05 +0300] 0:0:0:0:0:0:0:1 "POST /api/cart/create HTTP/1.1" 201 25 84568 ms
[13/Sep/2025:18:42:05 +0300] 0:0:0:0:0:0:0:1 "GET /api/carts/users/cart HTTP/1.1" 200 264 34727 ms
[13/Sep/2025:18:42:05 +0300] 0:0:0:0:0:0:0:1 "POST /api/cart/create HTTP/1.1" 201 25 127256 ms
[13/Sep/2025:18:42:05 +0300] 0:0:0:0:0:0:0:1 "GET /api/carts/users/cart HTTP/1.1" 200 264 35219 ms
[13/Sep/2025:18:47:11 +0300] 0:0:0:0:0:0:0:1 "GET /api/public/products?undefined HTTP/1.1" 200 342 7628261 ms
[13/Sep/2025:18:47:11 +0300] 0:0:0:0:0:0:0:1 "GET /api/public/products?undefined HTTP/1.1" 200 342 95107 ms
[13/Sep/2025:18:47:12 +0300] 0:0:0:0:0:0:0:1 "GET /images/default.png HTTP/1.1" 401 121 149008 ms
[13/Sep/2025:18:47:40 +0300] 0:0:0:0:0:0:0:1 "GET /api/public/products?undefined HTTP/1.1" 200 342 119418 ms
[13/Sep/2025:18:47:41 +0300] 0:0:0:0:0:0:0:1 "GET /images/default.png HTTP/1.1" 401 121 58447 ms
[13/Sep/2025:18:47:49 +0300] 0:0:0:0:0:0:0:1 "POST /api/auth/signin HTTP/1.1" 200 367 280464 ms
[13/Sep/2025:18:47:49 +0300] 0:0:0:0:0:0:0:1 "GET /api/public/products?undefined HTTP/1.1" 200 342 100750 ms
[13/Sep/2025:18:47:49 +0300] 0:0:0:0:0:0:0:1 "GET /images/default.png HTTP/1.1" 401 121 10011 ms
[13/Sep/2025:18:47:49 +0300] 0:0:0:0:0:0:0:1 "GET /api/public/products?undefined HTTP/1.1" 200 342 75201 ms
[13/Sep/2025:18:47:55 +0300] 0:0:0:0:0:0:0:1 "GET /images/5db0e8f4-8cec-4b3e-aa3e-bd78d2133d35 HTTP/1.1" 401 121 14749 ms
[13/Sep/2025:18:47:56 +0300] 0:0:0:0:0:0:0:1 "GET /api/users/addresses HTTP/1.1" 200 166 43076 ms
[13/Sep/2025:18:47:56 +0300] 0:0:0:0:0:0:0:1 "GET /api/users/addresses HTTP/1.1" 200 166 39048 ms
[13/Sep/2025:18:48:01 +0300] 0:0:0:0:0:0:0:1 "POST /api/cart/create HTTP/1.1" 201 25 104471 ms
[13/Sep/2025:18:48:01 +0300] 0:0:0:0:0:0:0:1 "POST /api/cart/create HTTP/1.1" 201 25 133711 ms
[13/Sep/2025:18:48:01 +0300] 0:0:0:0:0:0:0:1 "GET /api/carts/users/cart HTTP/1.1" 200 264 46740 ms
[13/Sep/2025:18:48:01 +0300] 0:0:0:0:0:0:0:1 "GET /api/carts/users/cart HTTP/1.1" 200 264 32887 ms
[13/Sep/2025:18:48:04 +0300] 0:0:0:0:0:0:0:1 "POST /api/order/stripe-client-secret HTTP/1.1" 201 60 911168 ms
[13/Sep/2025:18:54:41 +0300] 0:0:0:0:0:0:0:1 "POST /api/auth/signin HTTP/1.1" 200 367 947823 ms
[13/Sep/2025:18:54:47 +0300] 0:0:0:0:0:0:0:1 "POST /api/admin/categories HTTP/1.1" 201 50 74656 ms
[13/Sep/2025:18:55:04 +0300] 0:0:0:0:0:0:0:1 "POST /api/auth/signout HTTP/1.1" 200 49 36619 ms
[13/Sep/2025:18:55:16 +0300] 0:0:0:0:0:0:0:1 "GET /api/public/products?undefined HTTP/1.1" 200 102 105090 ms
[13/Sep/2025:18:55:16 +0300] 0:0:0:0:0:0:0:1 "GET /api/public/products?undefined HTTP/1.1" 200 102 33833 ms
[13/Sep/2025:18:55:40 +0300] 0:0:0:0:0:0:0:1 "GET /api/public/products?undefined HTTP/1.1" 200 102 35623 ms
[13/Sep/2025:18:55:54 +0300] 0:0:0:0:0:0:0:1 "POST /api/auth/signin HTTP/1.1" 200 367 147689 ms
[13/Sep/2025:18:55:54 +0300] 0:0:0:0:0:0:0:1 "GET /api/public/products?undefined HTTP/1.1" 200 102 70665 ms
[13/Sep/2025:18:55:54 +0300] 0:0:0:0:0:0:0:1 "GET /api/public/products?undefined HTTP/1.1" 200 102 51648 ms
[13/Sep/2025:18:56:04 +0300] 0:0:0:0:0:0:0:1 "GET /api/admin/app/analytics HTTP/1.1" 200 70 173751 ms
[13/Sep/2025:18:56:04 +0300] 0:0:0:0:0:0:0:1 "GET /api/admin/app/analytics HTTP/1.1" 200 70 37362 ms
[13/Sep/2025:18:56:05 +0300] 0:0:0:0:0:0:0:1 "GET /api/admin/products?pageNumber=0&sortBy=price&sortOrder=asc HTTP/1.1" 200 102 48244 ms
[13/Sep/2025:18:56:05 +0300] 0:0:0:0:0:0:0:1 "GET /api/admin/products?pageNumber=0&sortBy=price&sortOrder=asc HTTP/1.1" 200 102 26617 ms
[13/Sep/2025:18:56:06 +0300] 0:0:0:0:0:0:0:1 "GET /api/public/categories HTTP/1.1" 200 141 45643 ms
[13/Sep/2025:18:56:06 +0300] 0:0:0:0:0:0:0:1 "GET /api/public/categories HTTP/1.1" 200 141 32118 ms
[13/Sep/2025:18:56:14 +0300] 0:0:0:0:0:0:0:1 "OPTIONS /api/admin/categories/1/product HTTP/1.1" 200 - 16830 ms
[13/Sep/2025:18:56:14 +0300] 0:0:0:0:0:0:0:1 "POST /api/admin/categories/1/product HTTP/1.1" 201 153 322796 ms
[13/Sep/2025:18:56:14 +0300] 0:0:0:0:0:0:0:1 "GET /api/seller/products?undefined HTTP/1.1" 200 274 136971 ms
[13/Sep/2025:18:56:16 +0300] 0:0:0:0:0:0:0:1 "GET /api/public/categories HTTP/1.1" 200 141 45019 ms
[13/Sep/2025:18:56:16 +0300] 0:0:0:0:0:0:0:1 "GET /api/public/products?pageNumber=0&sortBy=price&sortOrder=asc HTTP/1.1" 200 274 52969 ms
[13/Sep/2025:18:56:16 +0300] 0:0:0:0:0:0:0:1 "GET /api/public/categories HTTP/1.1" 200 141 42983 ms
[13/Sep/2025:18:56:16 +0300] 0:0:0:0:0:0:0:1 "GET /api/public/products?pageNumber=0&sortBy=price&sortOrder=asc HTTP/1.1" 200 274 40487 ms
[13/Sep/2025:18:56:17 +0300] 0:0:0:0:0:0:0:1 "GET /images/default.png HTTP/1.1" 401 121 61895 ms
[13/Sep/2025:18:56:19 +0300] 0:0:0:0:0:0:0:1 "GET /images/5db0e8f4-8cec-4b3e-aa3e-bd78d2133d35 HTTP/1.1" 401 121 17903 ms
[13/Sep/2025:18:56:20 +0300] 0:0:0:0:0:0:0:1 "GET /api/users/addresses HTTP/1.1" 200 12 49543 ms
[13/Sep/2025:18:56:20 +0300] 0:0:0:0:0:0:0:1 "GET /api/users/addresses HTTP/1.1" 200 12 33686 ms
[13/Sep/2025:18:56:26 +0300] 0:0:0:0:0:0:0:1 "POST /api/addresses HTTP/1.1" 201 163 93879 ms
[13/Sep/2025:18:56:26 +0300] 0:0:0:0:0:0:0:1 "GET /api/users/addresses HTTP/1.1" 200 165 45987 ms
[13/Sep/2025:18:56:28 +0300] 0:0:0:0:0:0:0:1 "POST /api/cart/create HTTP/1.1" 201 25 104814 ms
[13/Sep/2025:18:56:28 +0300] 0:0:0:0:0:0:0:1 "GET /api/carts/users/cart HTTP/1.1" 200 197 51259 ms
[13/Sep/2025:18:56:28 +0300] 0:0:0:0:0:0:0:1 "POST /api/cart/create HTTP/1.1" 401 121 182173 ms
[13/Sep/2025:18:56:32 +0300] 0:0:0:0:0:0:0:1 "POST /api/order/stripe-client-secret HTTP/1.1" 201 60 1640704 ms
[13/Sep/2025:19:08:07 +0300] 0:0:0:0:0:0:0:1 "GET /api/public/products?undefined HTTP/1.1" 200 274 3495174 ms
[13/Sep/2025:19:08:08 +0300] 0:0:0:0:0:0:0:1 "GET /api/public/products?undefined HTTP/1.1" 200 274 215427 ms
[13/Sep/2025:19:08:08 +0300] 0:0:0:0:0:0:0:1 "GET /images/default.png HTTP/1.1" 401 121 68026 ms
[13/Sep/2025:19:08:16 +0300] 0:0:0:0:0:0:0:1 "GET /api/public/products?undefined HTTP/1.1" 200 274 33478 ms
[13/Sep/2025:19:08:17 +0300] 0:0:0:0:0:0:0:1 "GET /images/default.png HTTP/1.1" 401 121 11555 ms
[13/Sep/2025:19:08:24 +0300] 0:0:0:0:0:0:0:1 "POST /api/auth/signin HTTP/1.1" 200 367 161950 ms
[13/Sep/2025:19:08:24 +0300] 0:0:0:0:0:0:0:1 "GET /api/public/products?undefined HTTP/1.1" 200 274 57353 ms
[13/Sep/2025:19:08:24 +0300] 0:0:0:0:0:0:0:1 "GET /api/public/products?undefined HTTP/1.1" 200 274 51773 ms
[13/Sep/2025:19:08:25 +0300] 0:0:0:0:0:0:0:1 "GET /images/default.png HTTP/1.1" 401 121 16494 ms
[13/Sep/2025:19:08:29 +0300] 0:0:0:0:0:0:0:1 "GET /images/5db0e8f4-8cec-4b3e-aa3e-bd78d2133d35 HTTP/1.1" 401 121 12355 ms
[13/Sep/2025:19:08:30 +0300] 0:0:0:0:0:0:0:1 "GET /api/users/addresses HTTP/1.1" 200 165 40959 ms
[13/Sep/2025:19:08:30 +0300] 0:0:0:0:0:0:0:1 "GET /api/users/addresses HTTP/1.1" 200 165 36679 ms
[13/Sep/2025:19:08:32 +0300] 0:0:0:0:0:0:0:1 "POST /api/cart/create HTTP/1.1" 201 25 141471 ms
[13/Sep/2025:19:08:32 +0300] 0:0:0:0:0:0:0:1 "POST /api/cart/create HTTP/1.1" 201 25 166723 ms
[13/Sep/2025:19:08:32 +0300] 0:0:0:0:0:0:0:1 "GET /api/carts/users/cart HTTP/1.1" 200 197 44151 ms
[13/Sep/2025:19:08:32 +0300] 0:0:0:0:0:0:0:1 "GET /api/carts/users/cart HTTP/1.1" 200 197 42195 ms
[13/Sep/2025:19:08:35 +0300] 0:0:0:0:0:0:0:1 "POST /api/order/stripe-client-secret HTTP/1.1" 201 60 968774 ms
[13/Sep/2025:19:08:55 +0300] 0:0:0:0:0:0:0:1 "OPTIONS /api/order/users/payments/Stripe HTTP/1.1" 200 - 2546 ms
[13/Sep/2025:19:08:55 +0300] 0:0:0:0:0:0:0:1 "POST /api/order/users/payments/Stripe HTTP/1.1" 201 566 306822 ms
[13/Sep/2025:19:10:28 +0300] 0:0:0:0:0:0:0:1 "POST /api/auth/signin HTTP/1.1" 200 367 597747 ms
[13/Sep/2025:19:10:33 +0300] 0:0:0:0:0:0:0:1 "POST /api/admin/categories HTTP/1.1" 201 50 104260 ms
[13/Sep/2025:19:10:38 +0300] 0:0:0:0:0:0:0:1 "POST /api/admin/categories/1/product HTTP/1.1" 201 221 119305 ms
[13/Sep/2025:19:11:04 +0300] 0:0:0:0:0:0:0:1 "GET /api/public/products?undefined HTTP/1.1" 200 342 104550 ms
[13/Sep/2025:19:11:04 +0300] 0:0:0:0:0:0:0:1 "GET /api/public/products?undefined HTTP/1.1" 200 342 38406 ms
[13/Sep/2025:19:11:04 +0300] 0:0:0:0:0:0:0:1 "GET /images/default.png HTTP/1.1" 401 121 23361 ms
[13/Sep/2025:19:11:15 +0300] 0:0:0:0:0:0:0:1 "GET /api/public/products?undefined HTTP/1.1" 200 342 48243 ms
[13/Sep/2025:19:11:16 +0300] 0:0:0:0:0:0:0:1 "GET /images/default.png HTTP/1.1" 401 121 41653 ms
[13/Sep/2025:19:11:27 +0300] 0:0:0:0:0:0:0:1 "OPTIONS /api/auth/signin HTTP/1.1" 200 - 20113 ms
[13/Sep/2025:19:11:28 +0300] 0:0:0:0:0:0:0:1 "POST /api/auth/signin HTTP/1.1" 200 367 120276 ms
[13/Sep/2025:19:11:28 +0300] 0:0:0:0:0:0:0:1 "GET /api/public/products?undefined HTTP/1.1" 200 342 52043 ms
[13/Sep/2025:19:11:28 +0300] 0:0:0:0:0:0:0:1 "GET /images/default.png HTTP/1.1" 401 121 11587 ms
[13/Sep/2025:19:11:28 +0300] 0:0:0:0:0:0:0:1 "GET /api/public/products?undefined HTTP/1.1" 200 342 48822 ms
[13/Sep/2025:19:11:34 +0300] 0:0:0:0:0:0:0:1 "GET /images/5db0e8f4-8cec-4b3e-aa3e-bd78d2133d35 HTTP/1.1" 401 121 7442 ms
[13/Sep/2025:19:11:35 +0300] 0:0:0:0:0:0:0:1 "GET /api/users/addresses HTTP/1.1" 200 12 53354 ms
[13/Sep/2025:19:11:35 +0300] 0:0:0:0:0:0:0:1 "GET /api/users/addresses HTTP/1.1" 200 12 30529 ms
[13/Sep/2025:19:11:42 +0300] 0:0:0:0:0:0:0:1 "OPTIONS /api/addresses HTTP/1.1" 200 - 3666 ms
[13/Sep/2025:19:11:42 +0300] 0:0:0:0:0:0:0:1 "POST /api/addresses HTTP/1.1" 201 162 161820 ms
[13/Sep/2025:19:11:42 +0300] 0:0:0:0:0:0:0:1 "GET /api/users/addresses HTTP/1.1" 200 164 36179 ms
[13/Sep/2025:19:11:44 +0300] 0:0:0:0:0:0:0:1 "OPTIONS /api/cart/create HTTP/1.1" 200 - 16755 ms
[13/Sep/2025:19:11:44 +0300] 0:0:0:0:0:0:0:1 "OPTIONS /api/cart/create HTTP/1.1" 200 - 4895 ms
[13/Sep/2025:19:11:45 +0300] 0:0:0:0:0:0:0:1 "POST /api/cart/create HTTP/1.1" 201 25 586613 ms
[13/Sep/2025:19:11:45 +0300] 0:0:0:0:0:0:0:1 "GET /api/carts/users/cart HTTP/1.1" 200 264 130824 ms
[13/Sep/2025:19:11:45 +0300] 0:0:0:0:0:0:0:1 "POST /api/cart/create HTTP/1.1" 401 121 806880 ms
[13/Sep/2025:19:11:49 +0300] 0:0:0:0:0:0:0:1 "OPTIONS /api/order/stripe-client-secret HTTP/1.1" 200 - 1683 ms
[13/Sep/2025:19:11:50 +0300] 0:0:0:0:0:0:0:1 "POST /api/order/stripe-client-secret HTTP/1.1" 201 60 1848083 ms
[13/Sep/2025:19:12:07 +0300] 0:0:0:0:0:0:0:1 "POST /api/order/users/payments/Stripe HTTP/1.1" 201 632 224634 ms
